Reading in data from ../common/honeycomb.input
Number of particles: 192
Number of vertices: 3
xmin -10.455 xmax 9.225
ymin -13.58 ymax 9.7
Found 192 particles with maximum number of 3 vertices
Created simulation cell 19.68 by 23.28


Starting ACO with 32 ants 8 threads  alpha=1.0 beta=2.0 evap=0.9
Step 1/200 best energy 7796.152999999997 ant 16 missing vert 0.0
Step 2/200 best energy 3642.1159999999995 ant 12 missing vert 0.0
Step 3/200 best energy 2486.435200000002 ant 5 missing vert 0.0
Step 4/200 best energy 2093.5006000000044 ant 24 missing vert 0.0
Step 5/200 best energy 1690.6332000000025 ant 29 missing vert 0.0
Step 6/200 best energy 1548.254000000003 ant 5 missing vert 0.0
Step 7/200 best energy 1203.7684000000036 ant 10 missing vert 0.0
Step 8/200 best energy 1190.4530000000036 ant 11 missing vert 0.0
Step 9/200 best energy 1309.9324000000038 ant 24 missing vert 0.0
Step 10/200 best energy 1298.1204000000046 ant 14 missing vert 0.0
Step 11/200 best energy 1190.0392000000033 ant 23 missing vert 0.0
Step 12/200 best energy 1197.1910000000041 ant 18 missing vert 0.0
Step 13/200 best energy 1014.8154000000046 ant 28 missing vert 0.0
Step 14/200 best energy 1046.9616000000026 ant 6 missing vert 0.0
Step 15/200 best energy 1037.7338000000034 ant 7 missing vert 0.0
Step 16/200 best energy 1005.6086000000038 ant 22 missing vert 0.0
Step 17/200 best energy 961.7424000000036 ant 13 missing vert 0.0
Step 18/200 best energy 923.2010000000022 ant 17 missing vert 0.0
Step 19/200 best energy 924.2116000000022 ant 6 missing vert 0.0
Step 20/200 best energy 920.6192000000026 ant 21 missing vert 0.0
Step 21/200 best energy 888.9764000000022 ant 31 missing vert 0.0
Step 22/200 best energy 810.3652000000017 ant 30 missing vert 0.0
Step 23/200 best energy 824.9462000000026 ant 23 missing vert 0.0
Step 24/200 best energy 857.2964000000024 ant 15 missing vert 0.0
Step 25/200 best energy 964.6274000000033 ant 11 missing vert 0.0
Step 26/200 best energy 884.3330000000029 ant 29 missing vert 0.0
Step 27/200 best energy 809.2078000000017 ant 6 missing vert 0.0
Step 28/200 best energy 907.2804000000028 ant 13 missing vert 0.0
Step 29/200 best energy 827.8998000000026 ant 4 missing vert 0.0
Step 30/200 best energy 852.7402000000038 ant 14 missing vert 0.0
Step 31/200 best energy 759.9360000000006 ant 5 missing vert 0.0
Step 32/200 best energy 782.9754000000025 ant 18 missing vert 0.0
Step 33/200 best energy 758.0616000000016 ant 30 missing vert 0.0
Step 34/200 best energy 830.6002000000024 ant 22 missing vert 0.0
Step 35/200 best energy 718.5734000000008 ant 31 missing vert 0.0
Step 36/200 best energy 813.3850000000019 ant 10 missing vert 0.0
Step 37/200 best energy 750.829200000002 ant 19 missing vert 0.0
Step 38/200 best energy 801.911000000002 ant 19 missing vert 0.0
Step 39/200 best energy 628.9334000000001 ant 3 missing vert 0.0
Step 40/200 best energy 769.549400000002 ant 5 missing vert 0.0
Step 41/200 best energy 769.1542000000013 ant 24 missing vert 0.0
Step 42/200 best energy 752.7884000000025 ant 5 missing vert 0.0
Step 43/200 best energy 759.0198000000017 ant 11 missing vert 0.0
Step 44/200 best energy 780.2726000000017 ant 2 missing vert 0.0
Step 45/200 best energy 720.3510000000022 ant 11 missing vert 0.0
Step 46/200 best energy 669.9904 ant 24 missing vert 0.0
Step 47/200 best energy 707.0170000000013 ant 20 missing vert 0.0
Step 48/200 best energy 744.4930000000015 ant 6 missing vert 0.0
Step 49/200 best energy 786.5492000000027 ant 14 missing vert 0.0
Step 50/200 best energy 835.4048000000025 ant 23 missing vert 0.0
Step 51/200 best energy 777.6126000000023 ant 18 missing vert 0.0
Step 52/200 best energy 771.8804000000011 ant 22 missing vert 0.0
Step 53/200 best energy 682.5646000000011 ant 9 missing vert 0.0
Step 54/200 best energy 675.1830000000011 ant 0 missing vert 0.0
Step 55/200 best energy 718.0862000000017 ant 30 missing vert 0.0
Step 56/200 best energy 744.8720000000014 ant 10 missing vert 0.0
Step 57/200 best energy 645.9308000000002 ant 17 missing vert 0.0
Step 58/200 best energy 673.7110000000014 ant 20 missing vert 0.0
Step 59/200 best energy 761.9404000000023 ant 22 missing vert 0.0
Step 60/200 best energy 647.6302000000003 ant 30 missing vert 0.0
Step 61/200 best energy 691.6384000000014 ant 9 missing vert 0.0
Step 62/200 best energy 697.6118000000009 ant 2 missing vert 0.0
Step 63/200 best energy 702.343000000001 ant 0 missing vert 0.0
Step 64/200 best energy 645.3178000000007 ant 28 missing vert 0.0
Step 65/200 best energy 672.1560000000009 ant 28 missing vert 0.0
Step 66/200 best energy 677.1236000000015 ant 29 missing vert 0.0
Step 67/200 best energy 772.4748000000026 ant 29 missing vert 0.0
Step 68/200 best energy 675.1072000000011 ant 29 missing vert 0.0
Step 69/200 best energy 667.5812000000005 ant 12 missing vert 0.0
Step 70/200 best energy 607.6072 ant 22 missing vert 0.0
Step 71/200 best energy 614.1960000000003 ant 21 missing vert 0.0
Step 72/200 best energy 683.866400000001 ant 13 missing vert 0.0
Step 73/200 best energy 602.6347999999998 ant 19 missing vert 0.0
Step 74/200 best energy 675.4242000000011 ant 29 missing vert 0.0
Step 75/200 best energy 677.6704000000011 ant 31 missing vert 0.0
Step 76/200 best energy 707.6018000000015 ant 26 missing vert 0.0
Step 77/200 best energy 671.0744000000013 ant 7 missing vert 0.0
Step 78/200 best energy 616.8301999999995 ant 15 missing vert 0.0
Step 79/200 best energy 572.5235999999995 ant 4 missing vert 0.0
Step 80/200 best energy 606.6700000000001 ant 4 missing vert 0.0
Step 81/200 best energy 600.6136 ant 25 missing vert 0.0
Step 82/200 best energy 677.5922000000012 ant 6 missing vert 0.0
Step 83/200 best energy 673.4812000000016 ant 19 missing vert 0.0
Step 84/200 best energy 555.0575999999992 ant 20 missing vert 0.0
Step 85/200 best energy 640.0284000000008 ant 18 missing vert 0.0
Step 86/200 best energy 610.7762 ant 27 missing vert 0.0
Step 87/200 best energy 615.6727999999995 ant 5 missing vert 0.0
Step 88/200 best energy 544.5045999999992 ant 10 missing vert 0.0
Step 89/200 best energy 542.954399999999 ant 7 missing vert 0.0
Step 90/200 best energy 680.6192000000008 ant 6 missing vert 0.0
Step 91/200 best energy 601.7000000000002 ant 20 missing vert 0.0
Step 92/200 best energy 570.5071999999994 ant 7 missing vert 0.0
Step 93/200 best energy 598.8221999999998 ant 22 missing vert 0.0
Step 94/200 best energy 631.4918000000004 ant 1 missing vert 0.0
Step 95/200 best energy 598.7488000000001 ant 6 missing vert 0.0
Step 96/200 best energy 598.7487999999998 ant 17 missing vert 0.0
Step 97/200 best energy 697.7610000000016 ant 21 missing vert 0.0
Step 98/200 best energy 643.5192000000008 ant 25 missing vert 0.0
Step 99/200 best energy 683.4002000000017 ant 27 missing vert 0.0
Step 100/200 best energy 546.9895999999992 ant 0 missing vert 0.0
Step 101/200 best energy 583.6944 ant 16 missing vert 0.0
Step 102/200 best energy 710.6474000000007 ant 1 missing vert 0.0
Step 103/200 best energy 565.0709999999993 ant 24 missing vert 0.0
Step 104/200 best energy 572.0573999999993 ant 29 missing vert 0.0
Step 105/200 best energy 607.2854000000003 ant 7 missing vert 0.0
Step 106/200 best energy 560.0275999999993 ant 0 missing vert 0.0
Step 107/200 best energy 547.9977999999992 ant 20 missing vert 0.0
Step 108/200 best energy 633.4324000000006 ant 13 missing vert 0.0
Step 109/200 best energy 557.4691999999991 ant 4 missing vert 0.0
Step 110/200 best energy 645.4670000000007 ant 8 missing vert 0.0
Step 111/200 best energy 557.4691999999992 ant 29 missing vert 0.0
Step 112/200 best energy 535.967999999999 ant 0 missing vert 0.0
Step 113/200 best energy 550.0165999999992 ant 14 missing vert 0.0
Step 114/200 best energy 544.5045999999992 ant 18 missing vert 0.0
Step 115/200 best energy 542.954399999999 ant 19 missing vert 0.0
Step 116/200 best energy 562.0439999999993 ant 17 missing vert 0.0
Step 117/200 best energy 567.4801999999996 ant 28 missing vert 0.0
Step 118/200 best energy 585.7107999999997 ant 9 missing vert 0.0
Step 119/200 best energy 535.967999999999 ant 3 missing vert 0.0
Step 120/200 best energy 551.0247999999992 ant 1 missing vert 0.0
Step 121/200 best energy 549.4745999999991 ant 11 missing vert 0.0
Step 122/200 best energy 565.6129999999996 ant 8 missing vert 0.0
Step 123/200 best energy 556.5343999999992 ant 8 missing vert 0.0
Step 124/200 best energy 592.0769999999998 ant 25 missing vert 0.0
Step 125/200 best energy 718.8670000000016 ant 1 missing vert 0.0
Step 126/200 best energy 671.6850000000013 ant 1 missing vert 0.0
Step 127/200 best energy 577.1741999999998 ant 0 missing vert 0.0
Step 128/200 best energy 603.2550000000001 ant 23 missing vert 0.0
Step 129/200 best energy 573.6809999999995 ant 1 missing vert 0.0
Step 130/200 best energy 555.9923999999992 ant 28 missing vert 0.0
Step 131/200 best energy 544.5045999999992 ant 11 missing vert 0.0
Step 132/200 best energy 561.1091999999993 ant 4 missing vert 0.0
Step 133/200 best energy 592.1551999999997 ant 1 missing vert 0.0
Step 134/200 best energy 601.6976000000002 ant 29 missing vert 0.0
Step 135/200 best energy 550.4827999999991 ant 9 missing vert 0.0
Step 136/200 best energy 639.0936000000006 ant 1 missing vert 0.0
Step 137/200 best energy 543.4963999999991 ant 24 missing vert 0.0
Step 138/200 best energy 535.967999999999 ant 14 missing vert 0.0
Step 139/200 best energy 562.6593999999992 ant 9 missing vert 0.0
Step 140/200 best energy 587.6513999999997 ant 14 missing vert 0.0
Step 141/200 best energy 549.4745999999992 ant 26 missing vert 0.0
Step 142/200 best energy 535.967999999999 ant 31 missing vert 0.0
Step 143/200 best energy 535.967999999999 ant 16 missing vert 0.0
Step 144/200 best energy 565.5395999999993 ant 9 missing vert 0.0
Step 145/200 best energy 535.967999999999 ant 7 missing vert 0.0
Step 146/200 best energy 535.967999999999 ant 16 missing vert 0.0
Step 147/200 best energy 542.9543999999992 ant 12 missing vert 0.0
Step 148/200 best energy 552.5725999999992 ant 0 missing vert 0.0
Step 149/200 best energy 568.0979999999995 ant 28 missing vert 0.0
Step 150/200 best energy 546.9895999999991 ant 16 missing vert 0.0
Step 151/200 best energy 535.967999999999 ant 21 missing vert 0.0
Step 152/200 best energy 535.967999999999 ant 25 missing vert 0.0
Step 153/200 best energy 561.1091999999992 ant 11 missing vert 0.0
Step 154/200 best energy 555.0575999999993 ant 15 missing vert 0.0
Step 155/200 best energy 560.5695999999991 ant 19 missing vert 0.0
Step 156/200 best energy 535.967999999999 ant 19 missing vert 0.0
Step 157/200 best energy 535.967999999999 ant 14 missing vert 0.0
Step 158/200 best energy 550.4827999999991 ant 16 missing vert 0.0
Step 159/200 best energy 555.5261999999991 ant 10 missing vert 0.0
Step 160/200 best energy 542.4881999999992 ant 19 missing vert 0.0
Step 161/200 best energy 535.967999999999 ant 28 missing vert 0.0
Step 162/200 best energy 586.6455999999998 ant 21 missing vert 0.0
Step 163/200 best energy 642.5844000000008 ant 4 missing vert 0.0
Step 164/200 best energy 535.967999999999 ant 1 missing vert 0.0
Step 165/200 best energy 542.9543999999992 ant 8 missing vert 0.0
Step 166/200 best energy 549.4745999999992 ant 16 missing vert 0.0
Step 167/200 best energy 567.0873999999992 ant 25 missing vert 0.0
Step 168/200 best energy 566.0791999999992 ant 6 missing vert 0.0
Step 169/200 best energy 542.4881999999991 ant 13 missing vert 0.0
Step 170/200 best energy 543.4963999999991 ant 31 missing vert 0.0
Step 171/200 best energy 535.967999999999 ant 17 missing vert 0.0
Step 172/200 best energy 543.4963999999991 ant 5 missing vert 0.0
Step 173/200 best energy 535.967999999999 ant 2 missing vert 0.0
Step 174/200 best energy 535.967999999999 ant 5 missing vert 0.0
Step 175/200 best energy 535.967999999999 ant 20 missing vert 0.0
Step 176/200 best energy 542.4881999999991 ant 7 missing vert 0.0
Step 177/200 best energy 543.4963999999991 ant 7 missing vert 0.0
Step 178/200 best energy 535.967999999999 ant 10 missing vert 0.0
Step 179/200 best energy 542.954399999999 ant 30 missing vert 0.0
Step 180/200 best energy 535.967999999999 ant 2 missing vert 0.0
Step 181/200 best energy 535.967999999999 ant 0 missing vert 0.0
Step 182/200 best energy 542.9543999999992 ant 14 missing vert 0.0
Step 183/200 best energy 542.4881999999991 ant 7 missing vert 0.0
Step 184/200 best energy 550.0165999999991 ant 27 missing vert 0.0
Step 185/200 best energy 535.967999999999 ant 5 missing vert 0.0
Step 186/200 best energy 535.967999999999 ant 22 missing vert 0.0
Step 187/200 best energy 535.967999999999 ant 20 missing vert 0.0
Step 188/200 best energy 535.967999999999 ant 13 missing vert 0.0
Step 189/200 best energy 558.0111999999992 ant 18 missing vert 0.0
Step 190/200 best energy 542.954399999999 ant 14 missing vert 0.0
Step 191/200 best energy 543.4963999999992 ant 10 missing vert 0.0
Step 192/200 best energy 607.5056000000001 ant 9 missing vert 0.0
Step 193/200 best energy 535.967999999999 ant 6 missing vert 0.0
Step 194/200 best energy 535.967999999999 ant 21 missing vert 0.0
Step 195/200 best energy 535.967999999999 ant 17 missing vert 0.0
Step 196/200 best energy 535.967999999999 ant 11 missing vert 0.0
Step 197/200 best energy 535.967999999999 ant 31 missing vert 0.0
Step 198/200 best energy 535.967999999999 ant 18 missing vert 0.0
Step 199/200 best energy 535.967999999999 ant 10 missing vert 0.0
Step 200/200 best energy 535.967999999999 ant 7 missing vert 0.0
Writing output...
ACO Done ... overall best energy 535.967999999999
