906.1102729261555
879.5609429768799
852.5825821801014
909.04754000757
934.0677851354452
914.5850072649565
948.5340638304797
803.4729391606954
846.9246107008233
858.8671493489284
903.6319078749145
902.2501081928897
712.8857619663837
840.8147611094124
842.4705824647019
841.0860731951415
797.262354931171
701.3323943217803
788.0112813639504
733.280506502768
690.4923104376934
749.406992581584
770.2045264522427
763.0155954138794
740.8325763040896
702.6689040532599
744.0540521458465
753.0430792848296
731.0097927365372
708.310343171431
671.5075623122779
689.0488062843947
708.9283652919484
694.6145904747009
692.7198950142204
674.8120115464909
692.8358291744911
646.5440680395461
704.488244725783
629.964657924652
662.8015843855776
695.1476110969661
652.9018396645515
616.1645424204573
664.4059884842611
681.8253995939332
667.9606227663252
656.8002798542317
680.0209981616335
607.8593202051537
638.925735550889
646.4813898677368
641.1549163427052
653.1016931377213
658.4877279560737
673.4745068280226
682.0883066293158
614.2073791742779
652.6109677423826
637.6737444915899
586.6186224634054
664.070815069791
691.268698651022
624.0639600071701
681.4667061189992
577.9992219561384
683.1531417141088
608.6568774628316
625.0926299058852
656.9509234651725
641.5167693253885
591.946870828831
643.5701245926491
593.9421173014746
633.4397381356081
627.5518953259893
632.3500031472182
644.3936820016544
625.6564704155553
618.4965180811892
621.9805375872104
645.7704366147606
615.6002105171333
662.508523122598
585.3831616253251
652.2485219098364
591.2297253163624
644.015616492045
598.1930158469713
678.6561564298974
643.0005584701009
637.9534245408194
622.9611973707262
623.6688888529989
651.2191792142687
666.801579026493
638.8869002500566
614.5271259032306
641.8940077147727
624.062566379039
631.7011176429932
583.3686997453858
615.403046117251
682.8552773564777
675.8026162782534
645.409926199316
590.0612549499288
634.880644485787
620.2131721169324
687.2549599001771
656.8470375152081
633.4783454790677
692.2410912504331
686.8964910251243
628.5032575429284
619.8316009780626
586.8399598603951
616.5122064395205
610.2320048611656
623.4221274914725
624.1773918992744
616.6755474877815
634.6679910452317
652.3510024313838
654.3234200982881
630.8907451036689
620.5785983222787
662.8296213323869
635.165200995096
600.7663349059363
639.1831406454116
631.9310423486086
678.9651210465081
580.7895997539524
613.2671790576962
669.5899506073714
670.4181899972414
633.5146442657722
589.2223997483638
702.0514843051625
683.0431450453847
612.4998356465644
625.0193507669039
577.5483311144759
692.5932190578202
632.2883802974912
687.8302645565449
607.0200821356634
643.0541177056134
650.3490517821463
666.1819364772723
648.1043977767736
659.5701371426258
646.5919099548196
665.8305760977653
662.7535121025406
657.3421507512919
659.0079601262147
627.1491392067055
620.6336177415046
650.3809167593115
613.7453451404542
616.3155872053555
616.1499946073436
655.737468465641
630.851668535288
673.7211335430859
656.1120441795255
627.5240342751858
641.6503263687529
632.7735609851209
597.9589415730065
674.5012348374959
641.1852313196026
652.7200282108329
673.5108587490639
635.905103210797
660.6689878229148
646.1042077619544
611.9261541346713
660.8513906401093
704.0685829844391
668.6675331949957
654.6164028128413
647.699752259635
651.7564996350919
632.4705557459898
628.0213886871003
677.0615542651658
684.7964486528214
661.0093369712052
616.3242024610158
654.119758300262
636.5559282854626
627.8832788531817
625.3201483454309
610.5378554440496
577.2432772917267
638.7376913626639
616.2745098117612
620.8883264678842
635.704909215805
641.4203414376911
612.0359006174307
592.8478886576556
664.3521656641325
648.0057683073456
642.6320256525792
603.8055505089222
636.868015661795
601.3933625323241
680.7366774875396
661.8197504712209
636.6513258801374
627.534934112685
653.0109455409242
661.2484716695602
657.1544074689208
674.392988981621
658.6616670457211
626.0025939425717
671.1818383160062
696.5444095269243
671.179122869469
702.6840124168193
671.0842974244051
631.6119849166487
645.0123332173449
690.002940824234
676.7799565592809
642.9122294148293
605.6780029099959
664.814713635053
648.8026101004713
631.6825639782987
653.6886758483322
640.798355608194
680.4359151939788
610.7145981090837
615.11009447614
579.1715471808192
602.138196257496
682.4560313753809
645.5662452105216
656.4471854399623
602.0967414818665
619.8424578492721
650.8731007573621
634.0902866243308
637.7817380566595
629.3473952193932
645.783491036003
633.1003778642955
610.0261111319633
639.4716158252423
659.1028363154488
609.5129903872055
606.2646617965192
676.683160343048
621.3196276443847
661.3599866585333
653.9279837358989
664.7397150955808
625.0397643533819
637.2663261820052
658.5892522629114
651.815929037876
612.7495430807278
667.5065075465847
636.8242015163614
654.2237342118833
612.0558520446842
652.1135105006782
636.3521759096176
637.1651989247937
667.4883404236158
633.1099631025331
640.5102073144031
641.8524175772548
673.1699759459096
650.1027045074907
647.0610180156987
672.669286838915
659.1004643328619
654.254063118846
629.6861811725748
644.9756737247546
642.6439115925891
641.3155406423679
639.9423607449528
645.5823845755041
669.7278802314014
695.8806419880339
628.3956859356949
643.8484300829656
658.3127750144513
681.5235261931131
618.7386913024301
650.3658854923799
616.612300300037
669.9206517558918
674.24290682558
628.47417586078
634.5623144139196
687.3549157341939
615.0079465514156
691.6748369027188
684.1380455362769
623.257189642262
642.809853172705
642.4831872726737
639.6195149905952
667.654810950478
644.3391734029683
683.6445753853664
651.6819270296218
653.7557486632525
674.4741930937819
675.4100105658008
630.9218178349361
674.5688331985499
638.8670145365484
659.5777649226806
627.0849406156477
643.4212264436017
633.1155461239127
649.4859184484782
653.7915148805034
631.7257362833847
653.4034444580418
650.6464943255029
659.2567118585677
629.9049214918338
608.1586824773548
643.8595896238413
629.9546798182616
680.2225127702035
707.3013350413883
660.9056699080038
636.7569811205775
672.9855886358164
628.7564483624586
658.945029279437
667.4841358097764
652.2232422787636
632.4295925828687
625.4236050355473
618.6718984814005
642.7370862018428
611.2261378388233
599.162366848365
654.8411111010537
631.6269798711162
636.9830933997406
635.1438071822648
630.1349042398903
621.1651311081145
603.4591865268944
638.0278671129321
662.4827659445044
642.7170863846197
662.0358812858509
623.8995910062075
636.6990591355056
667.8773018124643
641.1493699371503
626.4158392945683
631.8998863910496
675.1951835031911
631.1623428208355
593.0258125929992
660.2953933631011
616.0305705577481
652.8440754234587
604.419820017857
626.5110414857936
646.1029026767574
638.2717068536558
625.2539400048303
620.1780410915884
671.5531138653636
666.7680250647189
641.8870527530374
642.146452092197
634.6606221537228
662.6200527323841
658.46331184328
594.650010995864
648.0530464854854
647.2470393835978
650.2167113632756
648.7815784877223
670.8323753828179
629.5243520236824
640.2009948684891
632.3177965012867
666.2585195619946
643.589913996831
669.0582758762635
625.8510756905141
624.5289331379452
639.411213837151
596.756644399741
639.8436671962014
658.3060213001822
607.0830431461447
642.0905716082384
621.6062354978448
580.5891700762328
618.5590226860752
622.3746369638833
641.330477939531
583.2510818885839
661.2771351087184
606.7475333543308
665.3855931218296
637.8528813294164
640.2909036557971
634.9279457617007
640.6279543699088
603.9710159516793
644.4789570666379
640.8622674442582
596.526915081631
607.6882424466661
649.2335959226754
634.0028559851635
610.3242653567409
664.0228087176793
692.8171158508437
632.5212510092275
616.6889069644576
640.0819110102409
622.5492475504848
639.3222979586917
639.1718966665705
636.3400072186561
643.3512209613065
611.2847960901936
627.496152936254
665.0618909150141
633.5391548038535
634.1323811006444
680.1981248088114
611.6229827684837
601.9729907655258
657.8184213758431
632.2132481961617
602.5473816832017
653.066506666969
686.3676065944729
687.588022166913
653.8142153788144
685.159412697977
648.7749547487084
584.0344471068728
628.9887663490731
680.3357811359093
615.0009525420926
603.4126482347025
670.5294340424609
650.5177298814941
697.4069994596299
622.0330962031543
657.12654664239
651.0475568087492
632.3887187977926
648.3360765379762
664.8184209125308
624.1342733331738
613.2184481068455
663.3386761773165
669.8478144840352
697.9090473724074
656.7897020339237
661.3604568212198
635.2379639634293
674.2226889639516
607.1494550311003
590.2967717885374
649.0597703130346
684.6677235891349
698.523778463697
664.5305057410513
655.9095651617926
613.800414339848
640.3508463015046
679.7536968708101
637.227065634836
627.6696301381552
616.7505060144739
655.5888299928226
642.0676595319851
622.7302049980801
616.4600271775321
622.2017806197517
669.6090033985058
658.6724103157295
688.4487418153295
646.335186169963
642.317369066039
656.48476440889
636.4883299706117
665.4303533180913
593.0490856008395
595.0657019364567
655.2719047124524
628.1104656510001
612.3934164285895
646.7235568717512
643.0389278121213
662.7553671909893
634.803186054535
625.8284103083358
640.2623342213354
619.7562345885499
595.4869763537135
653.2859028295073
627.9111568011768
676.4019563403862
698.5148180795646
625.8071428954128
612.0674787198725
647.4710483957192
635.984415622331
686.4858393582037
675.9578387097678
681.2440520044205
652.1711420251869
621.0896179854423
647.6225168777428
635.9661024628828
634.7765266632262
607.9653240814539
602.4837952933383
681.403353015973
678.1073705277846
671.1830996453084
619.1284282087014
629.5023893238097
639.4688987333074
676.8086070268355
637.229672045613
667.6482175596169
601.3044184482907
599.580154507724
632.4145216695623
668.1181527352186
644.6143675652033
655.2809423373718
683.4983844084902
624.3303846112959
606.5368099126871
634.9330271535885
588.8405752513293
621.2565168330437
642.7156198372294
610.7281683129411
622.4820163578289
674.3315239590983
641.3407631984065
612.349416377581
606.17638121321
657.2147409905614
582.2379979489154
645.0489955102985
677.8974655445578
600.8639033401378
635.1549379530474
646.5054041074135
634.7315949358742
652.2385903277471
640.5496866050626
605.926698173706
666.9674369397416
559.7567772405328
633.1005934117846
628.0999967048798
607.4370131950303
595.1112336621142
667.215413251748
621.1336973083814
669.0724464238981
641.536082410354
603.7127342733359
605.145037185693
639.8910200600725
602.1764148036946
677.1499346007032
666.2928727598055
662.4326482676041
596.5084015409499
605.9444239135452
696.2873304738283
653.9596546674665
655.6669622646077
648.477789005322
688.7304734416325
621.1996220540798
679.4946929063534
661.8695957300156
644.9444145901135
642.2247764100864
668.6352404503821
642.2031612632463
649.8311660464433
700.1227018744956
660.3089439693458
652.8533007120558
647.578674092448
631.1165890526912
608.4100981530111
675.5518579809764
652.6935675322695
618.8054593073958
667.4650594643181
667.2582231628272
633.5444347957574
613.2430291876939
622.4772360115136
646.4334147618607
638.1072994696617
580.1396120355868
643.9694292255922
669.0832527808749
645.5734748925711
637.7248575441536
629.1630607254003
685.7334208480576
622.2925402493922
621.3729058626955
650.4498594462399
639.6269212415133
672.6994020838096
622.4417094815122
596.9733641691852
617.6826747371751
670.6046898081102
639.2960517756222
619.1592852276507
616.6672469761019
609.0569644998177
625.3926591771436
661.7116851570394
650.119269165429
616.812809697321
640.675339788628
665.9349633350105
620.9325067082725
655.3716813659788
603.3339364069986
636.9140493027971
655.1623433708834
680.3224622404714
616.8642989525536
634.9482498249675
618.0090483784734
670.4655203041104
614.6140662953103
639.4224881234511
651.1869471761195
676.1362105087644
634.8754695361025
590.5993558905018
645.0019440809423
651.118849202336
552.3232032508371
661.7791265891168
609.905572649573
617.6006549019179
630.4341463252586
669.3057090533433
635.051912010018
642.5559079571398
603.2662191576889
631.6407533229831
620.2881051242516
643.8391930702884
658.2379661789168
651.2720483488947
652.5551157460832
612.6567692284357
615.3022959883045
677.2018071798512
628.6396786702103
678.6788270379943
622.2233060436387
645.0264098111443
635.3214388654588
619.1037812442121
655.4008585970793
637.5787708105908
594.5011983363172
662.2362517524931
617.9908578117263
633.7542868639157
595.010693839113
639.7685294538086
649.1232504124152
568.6352224087873
635.6949830739345
646.9086049052228
661.7463706644913
611.6800608844388
647.1948472884987
636.6802166132491
641.1219458878203
594.8125029925995
629.8033249405158
612.9471552275737
643.9158830739988
603.5405859792005
635.7398209923113
604.9296845463319
643.5663262181765
622.345473918957
645.9362995558091
653.1034006808874
642.4370685787959
648.6735200555571
638.0921986141915
641.876290428784
708.8735495478136
608.6377413540018
555.8858036120341
606.6070352415281
624.3225664377925
655.6089317257592
686.5111344229067
624.4111342016794
652.4754265874838
624.9570920122834
590.3844251521696
667.6330668487349
648.8359738679109
662.757855037919
627.7948996634092
648.6032597669935
673.0429141100642
621.954892272006
634.5684937301816
594.033248895376
650.1405462772723
621.0672878877364
628.6012995818623
619.8297427249165
607.5902208945773
609.1094938023156
628.3155749917267
620.0410696344571
617.4370073202853
626.5865173112991
530.1894981705778
661.0787608274562
643.0432163784288
632.2000544073207
646.6833628702519
649.6653952826734
616.0763476410727
648.0181004416165
597.8648297396585
668.4662847152083
631.7935622190473
617.1879825503892
661.1584893350827
598.4494059873911
580.2161898180419
610.8484118963964
596.2010547922341
590.9448166827995
619.0848316581825
612.8391020211168
639.4023932627682
637.3378181298473
581.4136701366622
635.4174117418222
649.1691496555266
656.6534574184599
633.2283364470651
652.1545212344417
651.3900888432659
631.762295458679
593.0189345313404
658.6951476685933
627.2020894879114
593.982848814708
626.2255988511528
588.8352202956014
671.7393526855097
639.3659313822673
644.3999695649701
643.7356529658307
605.127862299003
603.6730058632239
642.980638596471
656.9782316327718
621.9971032473942
575.6284882357315
627.3025248509815
596.8601348647252
595.2672876551043
614.2016199657588
619.1345436835385
630.3857539986852
653.223393407533
603.5371797431633
621.6422256044435
621.272929551347
606.8921784618028
613.6094798815666
622.7467009547332
634.7491707448387
651.3916680453121
595.591505300197
624.7737388889938
647.106756832417
647.6991103723942
582.1687035690496
622.4193284491754
645.5035330317311
557.1639485368233
590.0522803742864
631.8201872071421
566.5413543876252
629.5665025001593
563.5178101505292
617.8802288899145
619.5744962982226
609.1796878604617
662.8464099307059
670.7820547108004
637.3965644999931
678.8438709769509
602.6749655518955
629.2403203965432
643.0007272072994
647.9062166208275
626.6352021727772
644.6592030652423
571.578028730834
647.6323657071357
568.378354969245
620.2124657599915
641.3537138872418
622.9455787791915
628.4091801908841
593.6698390051977
598.6009839355078
639.9439224772411
605.3337571843313
647.1270613344194
616.0999887300406
614.7437749918139
637.8542084900633
634.2439495520638
672.3038160998087
595.8817493214904
593.5185556739873
649.0469305318614
640.886223272002
602.9602468659483
647.3349875612598
647.6486796718417
621.8469283517001
687.8752876303435
650.337776307846
646.3586930954249
645.5172301866795
623.2941100438692
580.8341428870353
579.8604899560318
612.7180931756911
624.6467314316843
660.1402641550085
576.9955806940347
615.5880352480146
631.940452409546
676.0602740326736
579.3330912060583
617.3639294655876
605.4105236730237
619.0855326484319
644.1552470831332
609.1974073521066
649.0666911462203
661.8121079285897
580.4797651136065
625.1799100526279
640.4188133402548
620.0866947969996
611.7509294261421
646.7067189293817
660.9307210604472
642.6764251085222
616.476894916391
600.8359098674478
608.8212088754802
549.4926897926648
633.4086591435182
576.7211633196357
595.5641330222485
616.2084662292216
597.9994586413891
641.4233907551408
633.2310003134241
590.9626908064374
606.2898282135022
631.6106226358092
619.6073122501804
654.527426164831
581.7057793924694
650.2873045016273
647.1873278936711
648.4438480606839
644.2021381314672
650.9413962727565
644.7937160636826
662.7301631122449
582.5908178350213
631.4273506223869
650.7051134527717
617.3131034614336
685.0561854470476
634.8790680046862
629.1525867053127
617.9892120987956
638.4950984025023
675.680712785712
623.7683086671137
672.463145250592
597.6819675731044
597.1451346128246
611.9875747653057
634.2819525266248
631.7210702271626
617.7233861113373
605.208157641197
618.4388315766704
656.0134253606229
639.7867099055209
646.5161304663036
630.5214183766325
640.5197901421396
620.8924755682765
677.2277401785856
605.1413199549864
616.1595997639292
666.3862349573577
595.204011682471
638.6738390236338
623.2915481995872
610.347888395939
591.2203233896319
658.8341334138712
614.8092393882355
638.5532729925728
661.4997950620224
627.9140032325428
633.6220480282955
670.2956796416845
639.3140934104011
676.1482210573404
613.9996771265303
679.5230794161104
604.6704327692992
635.1451990837569
620.4767808856577
586.2403064164168
643.0884525752534
621.8038498711023
641.5152634668516
629.8801016483852
616.6066106375084
636.0593758425476
604.2266640768498
601.6869053719829
621.9285049078452
663.2080662338807
631.0975481160266
635.1911241511211
627.0796982662879
601.8621040727262
613.6368757767647
608.8997408210419
611.6491518348242
619.0526141101905
646.574790724146
584.9283945774677
619.8348105580246
607.9003448246661
597.1981014031263
596.2820475723477
614.0690727111148
666.8122622180467
691.7846830565162
579.3129788039934
597.5972022119932
570.239387815294
591.4683748352609
635.7968511985241
596.1327537760293
638.0395154093671
606.2000866188916
641.2478439498404
612.4339068501102
576.6074729744822
670.3517117223621
601.1890888960456
614.3675386591768
586.514347744257
586.0915479974815
593.111810564507
610.7479515449722
612.122896599681
607.9941694959664
586.4476039190038
575.2467224230692
602.6507274177525
567.8497637243465
634.1210686375396
595.294214205706
609.4899741322768
600.3411982762474
625.2700877993452
605.5691539889328
613.8473195704825
644.5698938332802
615.0671861806989
583.6936073513025
609.7251863186513
649.3621869943213
597.2722793457817
605.7448680952256
611.6775105256339
645.0023504778704
576.4559432084908
618.885089313421
593.2111470727693
620.1471252153966
523.5544498871978
622.004297739126
630.8563293541258
630.8067299940976
618.298424290235
610.0916317446083
638.6455112865965
608.3292492752778
653.788060455537
611.1672169036725
590.314449125347
587.180301878039
633.7296235824144
588.1401227939617
615.4024659885881
624.8947461286576
639.6490630048563
636.7994471098089
596.3635645583316
565.6861682004032
586.0377601092998
605.8970908793809
589.5019308154093
579.4420284962498
598.3149888652483
574.9814469124938
620.6673520532322
608.5419099973357
553.3031006481657
622.0054245520561
602.1319187530611
636.9198934315395
579.1646585851769
565.7094936600345
587.0757634878178
634.1004598909965
617.0799450705116
632.5393034000958
618.8960525863856
647.4788957286305
607.1428951701552
589.2673782207692
677.2447466385246
553.7105106786282
554.7263507589835
614.0537121359882
627.5183217413937
636.6295633904134
599.5780735645116
604.1944148398369
570.078930483994
605.9127331930828
612.1575820125504
577.6137520414545
563.8783764785192
579.4617911276047
579.7123186982951
639.8165628948664
584.2005267103589
642.931161161316
589.393158785651
623.2826795872709
573.8046517237035
572.14822733663
542.9499488133524
587.5927617217144
573.0051828189423
596.3531460231768
606.9356224767055
631.8370594533143
632.0195269780573
608.9911365889842
618.8324641771155
624.3116760334021
617.9490760225947
671.2782871584305
595.4317692944154
585.9414047825076
582.9412881977553
627.5501305046912
629.2876746044392
617.3608113302816
588.2331720210046
600.0513471012282
610.7609609102266
600.6380529024681
574.2467650933817
570.9806685348556
599.4496484464631
627.6646013412819
662.8831168436421
598.7790923902347
628.5371088514358
530.3502784330909
610.4925305398648
590.8960552521717
623.8566047096068
553.4402864004942
561.3833184123426
632.6558946825521
625.691387200641
623.0550208598056
576.5244375598616
595.5212121616695
611.6314481832704
576.2260214409284
612.9080906057576
609.8339444246058
592.4588958130637
601.1202536359075
613.8844637731672
599.9369227794623
611.2161549704603
628.7546035856763
605.7659863048572
589.1440793263507
632.9546281639701
615.6258659340054
578.1102799650567
615.5211116320231
609.5069639265723
585.5002536333033
609.7240486466653
610.0362139886936
621.0013766831196
607.2357569017133
629.7418145699772
536.7640850345207
634.8979467949202
615.6195079268703
571.6058178975915
614.6169051340497
613.361644175563
573.0980803002478
648.3628471663028
606.5380001272421
592.8959981629757
580.1528792124096
609.9177456885421
596.8471262047784
612.1350174998402
579.6563965034787
625.4560706602317
619.2717917175645
590.6082574731695
611.3194664821254
579.890011039202
610.1295639534837
583.1590593183066
620.5927092954347
562.668658501385
637.567160029132
611.9729809367615
616.8375898630359
552.5649087155496
586.9567537388242
630.0013384315736
631.6927492845442
615.2463012387815
585.8585334400971
606.2888956922436
598.0778698610127
582.2816932515982
594.8855332505643
588.0940229916251
590.2580354855876
609.2157920129305
568.0407229611308
617.7277697291119
583.1025846612015
526.3003579380087
608.4634592474163
553.1673073698734
561.4659033733298
556.8124610577163
612.8002547064243
570.252939437385
557.3557968438483
591.2762485059499
599.5336732234674
543.1693395808402
608.8880168583806
614.5063663594091
615.1027717656021
613.2786131002199
588.5498231485889
618.6417336007287
561.4513122982555
575.8773254481833
560.4617002491206
592.1262343254513
551.3538397913809
568.311609962507
649.7999314023292
596.5254270177352
655.9299034254151
617.2411217724098
646.1437632879769
600.9433658834141
586.428389064179
608.1722641320451
659.4999751912853
574.5528161427901
585.5978424192804
641.2554723114807
589.0165013304655
619.8609900837979
582.4316008250928
595.6076656815886
654.6841091049516
588.5503155271233
571.4215947352748
617.2221159139756
593.5213743400762
588.2804250483753
590.1106766234915
627.763281741997
577.9665362041413
601.1572501673121
617.2521852319802
577.0261646221235
579.479151322576
627.1289645453909
571.3568260646749
656.0708446289582
649.6646455034634
623.6581356785525
600.322051158481
625.6223836061487
586.0074685374314
591.2657218676011
656.4375184643432
591.854976813827
609.115840319195
603.551323041512
633.3427663307027
611.8703217005016
601.3563292569578
560.9646130005565
620.4206769328455
628.666766346485
635.1080514243125
639.8540193286236
575.4442240244025
654.805250526841
621.4883219132898
624.8771859251234
637.6102543770807
600.9819379508
578.3719942936922
606.4331630977717
627.0321203516448
624.573828181274
612.5471984493646
626.447272171984
569.9610573590184
593.4760798231669
554.8171354364155
606.9518460073248
554.8385711510223
582.8290745193917
602.4828149715222
591.8050883648009
603.6724204734938
593.4102776896418
609.694188017694
602.6230349799171
554.8112037327672
585.7280835872932
632.4214206311062
619.9270425832698
590.4475345936963
592.3420015915773
590.5343521533042
590.9473026569244
609.3721151359374
574.7181177673036
572.9237579527282
547.2750410532418
617.1781896223839
589.2171194216354
574.0604062351393
585.4878657120855
597.3174502259247
595.496020766493
630.1906552473431
581.6089008076016
591.6707392679272
600.5610214533345
609.7729443280214
597.3111183764133
557.0526717653227
555.4012506246249
579.8883320468699
567.3775598727036
622.4186835788917
581.0070728088335
543.6579799861828
626.5605358958038
617.0819886206186
617.6399065509709
616.1778903381902
597.0068498703971
579.8139322981328
629.3331165593091
542.304054176426
625.8263518387538
586.9402071702086
547.7803883821842
589.142179666162
598.9077869849962
619.7782314206895
559.5926450072454
561.5829114442063
556.5524362935812
570.2303483385998
625.6000348877425
590.9040155188491
591.9137851803123
568.6119937284122
536.8534184338325
541.2637601045402
589.8427046964345
587.545405036957
595.351569542629
632.3023763413543
606.3896335336485
558.961153527239
561.8056188414438
581.0132634947324
579.6849189182789
570.9221217028576
571.9706608049646
593.2344701305459
568.7561465585117
552.3697833830159
596.403700238201
596.7794126180861
572.7736899242898
565.885519969837
570.7640974938694
572.7384915060024
570.0242757850775
609.6217164848865
571.7672592885901
520.8879465672233
592.0927134112218
536.8366563978711
575.8092488054248
574.5035121679188
542.51518900969
571.4252359409363
595.4673447288413
611.820178627668
587.4848548571307
588.6268165102936
536.1907618845368
571.0240764841597
594.9905330270489
617.8682489538769
567.3587521023799
597.3006706456143
526.4445562823047
573.1083956495187
568.9182227035456
548.1276943852098
577.672660052105
558.3720780090352
543.6508152158023
576.6972676545505
565.2571319538208
598.1870981822688
568.6227154816623
592.0590534503012
592.2254358248701
559.9562862053998
566.0443325041178
555.2033401034071
636.3647341581302
600.09602994475
583.8521119320495
561.0982619503343
610.0814817980125
572.2811966701114
624.5552685821863
603.5361531731184
551.8477237414168
567.275405251834
603.6619019769264
554.1973457328429
576.6936575916448
600.0222271197824
575.9238337095691
610.3981156846792
596.1647432603622
534.0653265131376
581.135347584651
558.8003277955556
562.99605826232
612.0050571892582
566.7165651141638
552.0376883047079
582.3472200666815
530.2018448408598
591.3854082755572
574.8349795784446
575.3946524859779
548.8578011057957
603.0854895171841
575.8289882561418
602.5606316157214
566.6873629640287
557.2504348043432
545.8696802273128
582.7916279089271
587.0651778377136
554.0677202466263
559.0325934875673
537.1010432638437
608.3791751067641
577.0242016687152
577.2433047143594
585.4615556346877
565.1661363998167
601.9633795831099
575.7656306120575
617.4178049325748
601.9423541171102
577.8155451249341
584.659127174186
580.151971418843
563.215043295332
587.7286639906299
608.1244570632958
602.8143288347127
589.857586304767
574.6231289440574
553.7456261199586
569.8295000293606
604.0375043491064
581.6041661925103
578.8209963326236
553.2553078065911
572.4352882844447
566.7103192570961
558.9849347294555
565.8554789015758
596.8727549862782
524.3125346032181
590.9395096111667
572.9462809017602
599.6447135762784
599.1267380925879
644.3992867840778
600.1731774034657
566.6231802192724
547.2070548769174
582.4270970275528
539.2928549267301
562.2851469185659
538.5996824755539
571.7209829621823
565.500829280345
607.2206180157161
610.43133222791
569.3007053215108
562.3833943003423
568.832268370806
565.3542365592135
520.5508682301147
573.0466114728818
567.8832580289059
582.3356179369682
541.5456146913499
546.3986480412318
594.4776684773499
609.9693522923271
599.189915367573
585.6169475674961
546.1783300705765
565.100931047068
573.1003105311866
533.1554021544116
539.7081626072797
576.59709166285
572.5132884155087
579.5300340536513
587.2927001918947
586.001314207388
581.5048071804324
597.1498107537543
585.3381355158872
606.3286977941251
574.7747078984867
578.666008507786
565.1502976404932
594.6830404773767
576.6832406564445
614.5294811747485
500.6498905228975
572.0410019354654
578.7918843215523
530.4027226655033
602.875964383351
561.7520067124748
603.3252863440061
589.5061286267903
593.9690249428601
553.080439192522
581.9821779830776
588.7086096608629
588.8218087702281
540.533957289803
583.8794379858605
629.5868181263655
616.2586663150873
571.1650040201488
604.9411628937985
607.6977152580099
585.4603699898692
608.2021344027966
592.0641006292816
570.3171844493246
588.1385022077005
567.0459720248282
574.8098285970505
612.4517553279575
573.1559981613507
544.9237251306484
578.2347675199985
554.5685627601938
525.119881515371
592.0206028026
550.8517091279602
582.773358019228
587.756731706226
573.2432738353453
583.5972544346465
573.67976415237
590.5073205698884
603.7002960816832
556.8968870605854
628.2153965341707
560.1235595956795
595.6096132940629
580.3192767855015
587.8520147070404
552.2757726929194
567.8031795034174
605.6246376704346
583.8408825752431
559.9647513506569
565.9503955378204
573.4683760567281
557.9977768228091
558.6751297797108
547.9074797408174
557.9220116721757
582.8875494156114
591.8221415314507
558.8583775705741
605.9928479383043
573.1534361037243
559.8337863260849
530.4762930862644
553.8269056687276
613.8673191295078
554.2250681960278
597.4370455347063
580.3381739620784
578.2465498550251
593.2639502206598
585.022903335246
618.6753226222776
584.6136267397851
581.9501973858659
557.1444570658558
593.3279640274518
562.2835899278156
635.7744571312311
558.7887099872116
585.3787462234861
584.9744785420235
590.9072106175812
635.2430767738454
581.8886275704789
554.2925702395995
563.1802656414361
564.149334499745
559.3083551153845
532.2914301591695
581.7355164067292
524.3980694654558
573.440562581829
564.2853278271738
572.3677566991847
593.8386496638218
581.291328967872
584.9953344460536
552.0842260610895
568.8262625051946
605.712882284425
572.1668299600402
581.110817664501
604.7884459707669
573.7520290396587
518.0316696586071
550.6915966361486
589.0704413919218
588.0719132122667
598.5160924677173
608.2233780114813
547.9179176205479
613.3379250606497
579.3703018100609
587.9976912013889
604.3709106461839
560.5098394070947
558.4156738788222
609.728788397596
575.1558143638202
577.2463360714346
534.2442112828012
567.3211311036414
559.0789932145708
550.7611550217125
565.7177906187571
569.0202844647171
550.7627265427997
559.7156472800017
560.6749316364344
570.1705721020719
598.6505886717746
518.8528163791714
564.1471295319636
544.0112387808422
553.0600877570918
553.0048971811682
610.48346255952
596.789523870664
601.9395172426217
614.5637268837371
589.400625220937
575.1892107751357
539.6119922915367
597.6717402840604
562.2218639595974
547.5805102072904
574.2512052102596
562.5586390159317
611.1915712933452
608.1195485614927
578.255303746725
600.6379820605555
588.5980661480224
578.2168530280017
604.4675925560502
589.7521501983947
578.4640126552313
579.762543958607
593.7554001202634
573.97442728416
598.7192968483129
590.1918198068796
541.7394230655757
557.6482193460399
575.5027505457183
551.689455214574
560.2679147944201
624.8410448720648
613.3551789991426
574.8478993712943
568.2749174700643
544.8602504803625
585.7475535137836
603.7840457221104
565.7771630572327
562.2858628910076
532.2314709412001
579.3470070299425
565.9356021795982
616.6887103239814
528.637979244693
581.7294080002081
544.9935674180163
569.5862184600858
605.793175150421
580.8343001577813
576.3527360455561
568.1026103309947
545.8411445087482
576.2298068859266
584.4405109105297
585.7325366197643
561.9310940072987
602.5793612432154
577.3877399336817
582.52806796096
581.4890474196606
511.55055026003345
562.8748767608835
594.280555242058
510.72779189627977
586.5299616809365
569.8333368257959
585.7079014827905
555.6552476657279
528.6664618363016
590.7301552593235
553.3115059207238
601.7337151292295
548.7929733807873
571.051086254871
565.4126949582284
594.0548253992501
583.1109183911026
570.1564442003856
578.7315553646489
602.0620537683701
549.1194908000848
589.6586092699376
557.6133060581607
564.2955673045727
546.409924232211
545.9787216350289
532.4033901520385
540.6506025842034
557.4939406655741
559.7097851307217
552.5932540027852
577.4946175588848
566.8506248886243
559.0925655106369
581.873476946292
568.1682003106482
526.7621044148415
578.7055617664876
563.2909392207142
601.3616441794525
629.5262746055362
536.9044722893428
553.3463336065184
564.1831549395871
572.3135377640175
580.3595582457064
567.0928745162543
572.4313658477324
584.1178843122558
562.4407954982387
558.0619499071356
591.6521555976474
583.7742967565716
568.578118819895
559.2103320776728
551.1685541799241
560.9260646664221
590.9114236999436
573.8324340223878
579.8021969784174
602.862744675963
562.4129899957776
581.1243657741178
559.2490122909568
597.5887865743485
562.971032925921
553.2632911882698
525.0091190757015
598.1138307348274
544.3299565195636
500.9945244806799
567.1989138861877
595.3538664483899
593.9639619768
582.8322180035394
586.4330641634745
539.4678504338283
553.2242921982237
555.0335316442098
528.3851129027303
565.1160347474543
557.2414176115662
534.1204874107038
576.331698980197
562.6365946692159
556.0250902531299
574.3302282470196
574.691844762787
550.6613005798156
552.0833904284065
566.8911096475222
562.9187258009226
591.0441694229273
550.4169979789218
580.9317850933226
572.607950790182
566.3803565267532
575.1107042462623
544.9945889457955
543.7278359271409
544.740609805696
594.969006646052
534.8837334818915
585.4192421213486
596.8617813322185
578.8065077959138
577.2323983479336
578.7536261459634
602.761954522406
562.7509643793597
587.5951139754475
571.2833940761585
582.4481137194409
550.0337020041825
566.9294144268689
608.4490451098419
598.3030125725089
610.680070478702
578.1938366741583
577.8676797047857
561.6681271186825
587.1241890575106
550.7016763816415
558.4336520468806
568.0962206024625
534.0024060733908
548.0119672003841
584.6875242836721
546.1025884308976
573.3278135502223
625.5264691444282
606.592575258781
592.0695001730566
569.8449302044638
561.711633961112
578.8707944515908
566.4891423653949
566.0418543716149
588.4502331196443
570.1906284327927
571.731238738069
544.3271301279642
600.2539610159962
554.5060947929124
564.7150296971462
549.9705064962359
559.7804068123615
574.259002978116
573.4039385297556
553.8672355223534
544.0971014706278
579.4767976379055
581.9835244301576
564.28686731893
547.8598656901075
551.9762976137599
565.9571819425008
529.1336647376957
568.8534594222601
579.754482842501
599.7944255293121
578.8166380137532
542.0330530996242
557.3792763763253
582.5608773806052
599.285671494371
536.6459046136627
597.5461310829393
580.8761215243834
536.5246822745751
586.4176774082696
592.4435903694659
575.8882467730438
599.6083322518247
530.3980799954833
581.0948678084693
602.8823001982632
627.227153624247
538.8169010240705
573.3420358489766
579.1614921578674
578.680462071081
579.106576669942
557.8523263263372
588.879467282299
569.0373054972196
588.0148033124276
590.7659329992624
582.7015128155646
578.5809551719582
588.2525891571976
597.8343310318088
627.2465379603201
589.6747452163712
558.2892304188641
579.1798731210207
639.4642747792135
609.2607104069787
584.4534014239504
572.5214688821167
591.6029694286422
565.3287635622287
569.1928051818714
556.3232589689695
586.5480069548294
573.4443487658838
620.4644827405481
571.0268912729357
582.8489810508469
591.643240132411
567.2192525128697
571.9297211678504
575.093115907859
513.2852902090208
568.7548912054546
597.3017052192588
571.9378083893554
610.0026042160526
571.6941743958704
635.8133706755495
608.5526105926671
587.3806068869881
601.0418033512897
572.7227175033073
571.4427036416545
545.9034947947048
538.7980387644511
593.1274652604811
604.3629979545422
632.2941527016466
589.0615492014773
558.6500891736212
574.4937943551859
569.2193391495415
540.2918916660319
614.6219524550861
580.1168431093101
591.1349125910127
588.4448259881231
598.4976357552149
606.1763372688328
590.0079492724814
576.9431192744111
576.8369869346246
572.8970445014534
606.5896339427044
577.2188031905451
598.7667462223679
593.2392456073486
584.6286890517031
579.7809082405247
548.7429448659195
605.6607315922115
617.846773024261
564.7073809952974
590.089797260681
574.0370556014991
556.0525685058741
595.8753313621459
550.6884195950015
604.1465023310512
595.3662166768198
595.6503290178262
633.3570549132605
568.9822896871696
623.1962437536265
523.9488475830261
604.6065789376
540.1715081342263
571.7506305236946
538.4307217399765
562.8928606666765
537.8294002147192
547.3960947873609
596.34940881941
573.3846560427793
577.150914504626
561.5011355919386
524.7466439541921
586.5140587633576
615.294244238047
555.3260745075739
562.5651806857907
564.7556722639717
605.9107480623505
589.7263062013426
627.6333805998157
597.8217062771872
547.379102541597
596.7308565113426
584.5013194249228
557.2597947665106
544.1341306085606
581.6861253080583
575.8833034882953
616.2669466202378
579.3757453216233
578.0687813648378
544.8169588062041
543.9186763854639
551.5402725036807
562.0355622134832
557.6814736823646
576.8251532144258
586.7158534313658
548.4028524728915
551.352927046903
536.3804062200716
554.2397685093434
611.7390292065364
583.159587986056
572.8769952763162
575.7619189476873
564.6457561523039
567.5779809948157
593.282390747607
597.5707083391883
557.9502488827943
606.3176551961615
535.7174299627251
566.9755671035109
548.5748011536984
586.5153907734372
551.2517831911504
617.6645529972517
568.3017227266336
541.5971362550631
540.4861360736251
576.6681641109247
598.0642231101714
572.087868806653
565.1487375129371
640.5751725773009
644.4730053522652
567.6694766838679
595.0827277155306
575.3683480149338
568.7880056298783
622.0872779818055
572.2927110937602
625.5361061483595
587.0588951885433
566.6885257005972
629.0882936956352
618.1764261304803
619.6458475096424
606.7934177336128
594.1885324359708
619.7469527637661
636.635765715977
572.7586719092872
602.9616833413639
616.7604238026339
600.0322162868667
560.7091028408283
585.5669968631748
572.6565585797097
566.9990886968129
569.0469718622633
592.870854898986
566.7863678115533
542.3920833210029
611.3404159592724
547.7567163901423
552.0008267326069
549.0720951136893
556.2904847360008
618.074633923654
577.7547755495729
548.2763169282665
557.1677745201896
560.820406588812
602.9086855947372
577.0436875548597
578.5141022991354
592.4943631553006
574.9188854459163
562.174931111951
564.7238607363507
599.7586434274291
585.2152293608597
535.2674991193213
556.2918861703856
553.0148382856952
590.5137175993221
542.9637134166438
568.9846506560954
583.8736487706263
575.0984949533058
585.1839489503441
608.5856234662973
572.0434654511436
577.1413516654662
545.4438374292444
557.3797026297854
563.4067331622866
600.2412848142836
566.0632646331691
592.6037788300085
615.6258838084933
611.493939756514
567.855823455732
565.3464329291428
568.9155364387926
571.0514220123222
577.0173889546996
582.5868026803623
601.4345979138651
543.1855462209381
619.7139989941119
597.8028215823575
581.9303338955519
579.578453317315
586.6458222158851
587.852741291516
613.4360597016461
559.0847692616946
547.1525151796493
567.3788506780166
525.7820789111762
598.505735454921
571.9166031651282
553.1254349560935
562.649972071545
559.7554880971269
576.4023204424835
543.6404842583931
548.3250239904968
593.5794778395309
584.8787398232383
567.7969496401054
577.2761086989215
563.6531966088284
590.3799242647916
616.8907374436174
567.3217056305766
603.5425374342674
579.9077966474814
569.4564657319844
569.7960665081272
548.1397487582386
580.0285792648345
548.1187774366898
554.822368099802
588.3815277147114
582.7496167741548
556.50635335086
525.9142183716339
557.198512173287
582.2383698527005
577.1337814662323
543.4669757653868
591.1233616115748
594.4457665984401
591.803401446215
555.9234007502391
592.7639764309495
573.3309020761403
555.3967114336461
514.302233644814
571.6685089954599
576.6604562130951
545.6200521604569
588.8708086583016
587.7674183696228
556.1010749200207
572.0929348744887
579.4780566746737
562.6482059858965
559.9455200899826
557.9038928821484
552.42074238999
542.9228955386969
557.6560962584394
543.762065336612
535.2172017541578
535.1529192582378
561.2309824948724
490.84891365504006
535.7312959959007
547.6815714123204
571.8511973565192
544.4797040990145
542.7912279956826
546.9193909835142
548.3374339781637
525.9181103317394
527.8987530594421
548.0477270583923
533.6656664938987
540.0486852883438
570.851531207141
534.4826369153407
561.2041614307037
507.59540568593354
559.8379249070499
552.0219140930562
505.91167073309214
533.6472308362759
554.6670508270739
575.0703920684774
535.7146065202487
579.5332177943577
557.2423289167807
554.1609782420865
528.676174361486
555.3564358497912
546.2394088305878
539.9664129109225
573.262894829584
594.5143696438665
517.3501090912238
618.2981117146317
583.6639270837219
593.5289901093216
583.824666205244
551.6616657587382
562.043010561646
541.4554010599253
548.4099657205434
592.4214331113841
552.2666015034808
549.8690632097936
525.5385948588416
535.4695798533766
547.22985067521
555.9849807717444
544.3864124792099
568.1886614339779
562.8081054674457
534.336648961675
564.5297578833183
599.7097248320389
549.5081774924942
615.7924415336067
573.0296257977861
561.6928164459531
532.6111715429588
535.8563339581618
548.3919734262986
589.9864212713076
569.2839716520298
600.7081551098763
586.9747799693318
551.6785111636711
575.0249948502608
597.5116010584624
565.4931639293637
570.1951745185614
543.0358693096573
519.9430851789341
515.0319513665657
532.703895486037
553.6029935369409
552.9512485400652
546.4700709977711
529.7055444060937
524.613177030041
548.5437290041648
554.3882432722315
534.8282545212801
605.7981901345148
562.3313563160011
554.8446270235505
563.188712559938
567.6789366856178
550.2718057746475
560.9808623139812
548.3232092587918
574.3335723754846
598.8657658460473
553.0926640696501
560.5715220254604
572.5668846716902
570.6008618312061
552.9139602305172
586.9737706389956
553.1573854193022
555.1860976559283
564.7789188528226
595.2611679008083
581.559989837579
507.850434674702
553.7643249460201
553.5128874360952
581.2941779821184
595.569305951056
547.5695497439596
537.4994849819384
554.7227549517123
574.9810551943659
570.3361879164295
544.523614840519
576.4664680585539
580.4604100384671
528.7540544436849
531.4347339307807
547.5343073301592
567.1552827926793
562.4912115761138
556.2121947366999
578.0630928241358
556.9323563863528
514.4255656116931
552.0155988211378
594.1745993862465
547.8725308810176
564.6778652916898
557.3226077801272
562.644318708751
574.9262879511055
551.9790901068636
526.3306752927351
540.1840026934727
555.9489562274733
524.669988417638
566.0004911803431
555.3625743367463
555.5408566225717
588.3223212510709
547.2023479295442
559.0243418441315
553.3106106796265
596.2466896435508
572.8469735423389
520.2006902131554
515.2765975352522
532.9456602036697
538.4328674729697
522.8958871517513
545.6891915594091
566.3124563809013
602.1138969163633
556.5426896016298
571.029210975858
571.9923543836217
563.9057456474515
572.5327848065591
566.0808649411592
555.0660521161436
534.8416704856791
539.8639755644462
537.4564666374675
543.1275068036202
576.4550708443243
517.8594534076796
514.8641564759181
560.5483435953521
558.6352860552443
584.652739219256
543.5332455204505
546.1593523679887
559.4286161299323
528.4048708829861
564.1625021750193
561.7470221022024
526.0173556316115
557.5358447309261
570.8823167811383
547.3339847288644
570.1774680867773
572.0840884518306
568.2415225649531
545.5212244310353
549.9069145356564
587.9807033017527
555.8943413121636
583.5228166646176
585.7242053070237
589.5154407040467
554.5085474764388
573.2527731146407
581.4694702466267
556.1251796990331
536.5533621980802
517.0828455055643
560.6642002507692
569.2485107108693
556.2505361649738
558.484719194988
560.196365606201
513.8516188642025
547.8401776205391
553.0929723727173
557.0477905138129
553.6763868883271
578.4454787136016
539.580716663876
549.9078009414177
544.4748803186274
520.1323627540222
563.7093676676034
546.7249287212219
548.6508250444732
557.2855774545466
533.1560283967837
560.4137451906045
554.4735025590977
577.9515656357426
541.4055635135642
575.6186730113693
512.5692643112981
573.7650607809697
538.8152747390519
566.6058180750867
517.0538985967064
536.7165237788469
536.9796343780965
549.1860446886874
574.7422136324835
540.041338593883
526.3160787905895
538.4008759689607
519.6273603801872
543.0901489327969
523.3423254222474
507.53987636612044
554.2870395859669
534.939366511459
538.0768267067341
594.5026328502116
542.7246960075327
551.7661580470233
560.9254757502715
557.8348498020493
541.3996855161043
548.9574595971977
575.243355701191
538.5625500903428
550.3302642951202
560.7351645022007
547.605643470855
570.2697995693144
564.0452545198041
580.3197127761864
528.1117212713729
547.4097252217081
573.7112161317215
558.4131575292732
560.2840056388897
518.3064633667007
513.4937284480093
528.95518420291
601.4770139375288
543.3556605491581
570.8727894025436
543.3453755952779
535.7734525597106
550.1525772963261
565.7851531575128
565.713895758174
564.2562151506365
549.6345682035196
568.4820872224441
571.8764898533365
532.9289902046993
551.459036642292
557.9028938128644
573.8594253438563
561.0117383770554
545.0712134456991
582.6990728371717
561.2543297180636
538.9494010103053
547.3946834467788
570.9888841456038
587.6369602309353
557.3845979570087
534.6076767826726
535.7624048935173
545.4349338037149
587.888715645071
558.4959247032936
558.450953060257
545.8434747538425
568.4351764529325
558.1332419046499
554.9482105538242
567.8819129890364
517.5597508735809
570.416017049593
552.346313818139
563.7354859374233
545.4708635233562
576.9955451686297
555.8039711324423
558.5994427273757
530.0140416993916
561.5254041891221
541.7916131335202
510.26041672439953
560.3764785214627
538.6418642245118
521.5941048964156
563.1224734682183
593.7434509532703
564.373281881658
535.744514914015
560.7718938367559
533.8948379411586
585.787557150574
592.553685033431
563.58819485908
495.02505772672146
585.8803512548003
591.1006312813815
576.9556480821279
589.2978843823907
585.9926061783359
585.4983272893074
581.1677045086582
539.0937539506629
536.1141051352539
572.7812257139748
557.2450652336496
551.2749973501037
532.199115645993
529.2395344674472
583.7422498709882
585.0450976760693
568.0948010478339
566.2491464049574
524.1458477430358
547.9662087649101
566.4149891403775
559.556842998474
574.8881942893171
550.0295873809423
516.4438242192695
533.0362306400547
542.0927375124695
578.2117493330758
564.7252151576598
566.33550665579
528.6980276572239
575.89986372097
556.2323592437012
554.1427413901855
565.9752899467334
576.3717712154797
546.0742445444779
559.7673414871946
516.2301535540922
525.1514965931392
553.0817518554824
600.9572811127628
539.8968685236322
578.7814252705782
553.3454000502968
569.1322095008624
566.3911012020208
579.085701294489
553.3786506779386
558.3865071456296
573.748684774895
543.117915040881
585.9509352474853
576.7980376476481
530.2594488693844
536.3374113703853
559.0992424022689
560.9922746979362
551.460767591288
560.0760929745112
559.0992140980948
544.741228853866
537.7506305008764
554.1584508117436
551.3293698732791
520.9824571739891
581.8963557812114
575.8946387333591
525.5749000534873
544.9521256521344
528.8764197020676
515.8330913061318
543.426333435339
568.4645182100862
562.8143515763754
554.4872664833314
534.215222947717
552.2493713271757
541.3389077403489
562.3945655367686
554.6954387734364
545.9462170061913
539.6672047144268
566.659984147302
548.7714299177547
563.775094190636
583.0370449195506
521.3033150822445
541.9495559743322
580.3380329876966
569.9102795406975
548.5794971020212
515.4629195185098
556.2564260390252
562.0080899436698
538.6540897035491
558.4313098302141
561.6049266352952
538.1905039745392
543.7621273692855
553.1381464373329
579.9655918886996
552.9928820341823
559.226689005835
541.945911647778
540.1226893726507
529.9948409860989
503.65305211623394
593.8411849797911
534.1230140874884
541.4625187063237
548.1086104436347
572.4926378855796
554.0358654010694
548.8254381914269
593.6544359427395
538.280912671779
558.758014417187
580.171940769359
580.4636852024239
592.9465586711401
597.403032754054
508.15231160575627
571.7038416536504
515.9009790439152
552.5264601012609
574.346930869095
555.6341447578292
577.5130886123143
570.0862323413216
578.0316900491445
523.7957972639613
544.061901273932
549.251903651796
560.2708392828079
553.347452987859
532.1420480727845
559.3087474157095
540.7325715760156
550.7464438569751
522.0620402032083
559.5843935839323
557.3459725407153
567.7961121244759
531.3296012240487
549.176572753075
533.6234608545928
531.2484742474256
580.0285619927295
560.0595152320085
558.6227536141299
534.4979055421014
572.5783117026352
512.7911759163567
568.8797524793866
509.20927177171683
571.5073691142534
538.7599443885756
575.9484955621322
526.9991857129071
567.3025033857775
555.8403109062964
553.236805645904
552.5822935991883
560.7678727604455
576.7054253473991
562.930947186228
547.9786954327575
527.6419625595014
540.4471366983996
541.419311461157
551.3511622235045
549.5628591448111
594.7816288392581
570.9532969489709
518.8869055030764
545.5646988883632
564.6001299462857
567.4209090133128
560.665410869079
549.3080460659163
562.0586187878528
566.109130341669
553.9134912013161
561.9670286055471
583.0592661194192
545.449931616333
566.0915823316666
565.0286482995475
577.7911119050144
520.6122778311282
568.7294467174479
538.6728486870638
579.335871082152
534.491983156687
587.7022874529398
538.5170526196584
510.4694824502852
525.6268284245125
564.8437976969306
561.9031978434227
559.0600256591779
528.6169291807701
541.2063604848478
510.75476813984943
548.5330724148912
530.0931304684511
541.5678709654109
577.9965226576359
546.3130570744186
560.41217115693
548.7969164862283
537.1018258868104
542.6361488181923
558.5611955582389
557.3127304915026
519.7099487993505
559.077458109973
545.1601704498332
559.6356248390382
523.9679957168034
550.0187230770338
513.1866208514754
547.8930634231203
523.4538318536471
580.6192008278683
568.4047021795454
576.235705353485
560.2721210153138
541.7965242561614
550.8946628038642
534.8380268851403
560.6612025041271
501.5424733825256
551.0152314131362
579.8546320718015
558.1957622589699
551.8034247325734
548.9215472391119
534.5976536498977
524.5263055133698
549.1307665918024
502.38455969473347
538.6969713243359
562.158921775058
540.2560968206075
539.3298134427847
575.9491292788886
553.3233972753202
538.0109597016306
512.3898359020432
544.4423243514697
561.6847042572804
555.6021881588107
524.2090184387539
584.4133492237795
563.8614844200038
527.4991835047636
571.375864246219
556.3011449044029
537.2958210551918
544.788733792413
559.5420042802344
533.0347362164488
549.8391406294232
557.4339748256433
547.4484197863958
585.5748426587091
565.1913062611283
582.2622591378872
531.4403457557709
540.9140074609933
538.7887215949384
547.1252275598846
549.3050465056723
570.8689169101557
545.5961901920277
550.1195971234888
545.5129800512211
550.7546443122942
535.3241543523164
564.6486369389959
540.360040255715
529.7702548059442
557.4958466717127
509.5063484057488
547.5660388462805
571.8442307322681
539.4992007835101
532.5523997859381
558.0086282659008
584.8605046147998
553.9538834064766
534.3516277068605
551.9652466733974
534.4235007560022
527.3538962460082
558.7794895380559
563.0720277930479
544.9055360098347
567.5655695358463
566.0860773423824
538.5565726776897
529.8686929370455
539.4592576637732
532.9801450262233
527.7343392491025
559.2216074460047
562.2011236493687
551.6125019615208
515.4693195765866
535.2127550162575
578.3148581516234
564.4797991832686
546.7532552612914
551.109644093628
534.1632423188763
513.4015306643338
528.5890417146128
531.9710504533871
553.6923156889801
583.3090340759184
563.8134661490789
539.4785785804656
545.6498220411008
519.4561839543843
562.2790441447345
529.5549545573864
543.9555685981679
526.7058419500969
589.5440042985967
551.3119947878457
551.415779054187
534.2071606541945
528.3279965118408
550.8381066131559
554.5913125149104
566.2872720775641
535.883005384593
519.3572579174386
535.8488880770069
564.0596795336161
551.670828352576
547.4360626189706
562.6224173474178
527.7661942339136
551.9810590883545
544.2150639666199
518.9722390859314
535.3718433875251
536.4390733087839
533.5228424852687
517.3063326021069
518.2934197683977
495.2912507513105
549.7922740158959
539.9524978418891
529.5755088445782
537.7491389421803
537.3364867077264
514.522190416928
546.0726240983452
520.6952140935947
528.6076393411397
529.7329798530138
518.7251667421863
531.4682116998092
537.7172235675781
543.0644748475652
527.8274657642972
571.2612662799739
507.8620130896931
557.4993781997439
544.6659484951098
534.2532756208012
494.02895091642654
524.7763095915919
530.2782905247492
526.687915725964
516.8922975518872
537.4831507475311
534.2824906610296
550.6780795686818
544.7667442064188
555.0239158550181
516.5148536401102
522.2345956416959
559.7974561276087
544.5747252152621
549.2882051284665
532.6395098751773
521.6194708896982
561.5765501464912
517.7129169506618
521.0071576482293
567.5889502514311
567.8991040505407
582.6937308496103
532.7521472810646
571.0864184433034
517.3614289527657
496.8282028449499
511.81990030040856
535.5155215787626
543.0923471622965
558.3075267688617
585.1102706723422
528.9265993260608
572.9865909103165
526.7070165623261
538.1246882778055
531.5771005084978
548.65966519243
557.8589708207562
549.9312987507737
558.0688727422489
519.1100939765257
550.1079805674349
569.1731549003288
548.1269518078171
559.325539926306
539.7407119277406
564.4118907370389
521.0194294462801
553.3234632683233
564.8122805925465
521.1498332287723
515.324758119956
526.8797599916686
533.991796994811
536.666750843186
538.6730765856995
548.8209794079671
538.315836219542
506.8381343052061
500.90393080513877
512.0233918812789
523.4027557028371
550.7599772923872
532.9145425970466
545.1363643710051
556.6813360264495
521.8376290867462
562.6266425867715
523.8516448871277
535.2483326626726
544.253778593007
539.1842371860106
528.3750334522342
544.2167223945985
550.97714542681
570.8675315119617
539.0512206706453
588.7393950447328
540.4020087689598
558.7575321129586
525.1764554579221
520.9467142306592
559.7027716031477
516.4782265291326
562.1594982921524
517.7853921298362
577.6043934028567
518.8521325107638
516.9071331286424
541.7958903034815
523.3930081393584
499.7660883077666
534.5951356318766
542.2665309806649
508.42473739475554
526.9055650935944
549.3862236815987
511.2799704441213
526.9477796356356
518.9938591866932
546.35332946137
522.9037290840631
530.415438655198
524.2707562535103
548.4185996906093
559.6281023357917
542.713181103195
555.9126673249744
506.7360729404526
539.90737052073
574.3743677837368
518.6615876131842
543.4206686775849
513.2729300915555
543.6340373659411
559.449707450344
535.553585907766
541.0791156052746
531.7778010005543
577.4351739656677
524.9723316845151
524.574316670385
521.3543329271392
537.6928609936131
511.38163465499747
517.2273589972688
528.7239420202892
545.5635959350745
567.170860939028
540.2965431815048
554.3501162470858
547.0458468970805
541.5860293375337
570.7332952827086
554.7284175946747
530.4439146992438
533.3230003819352
536.806423426974
527.2336962105458
538.5645160953027
491.96533077747364
517.439570304948
547.279334552784
518.0560292160072
533.3836383270939
520.4409311324795
528.8306701761757
529.509404602619
535.91063450655
535.131474997106
523.958064890207
560.9830113345051
549.3636350803075
517.3277674667391
523.2313168439356
534.5626928796149
535.3808671745364
510.60416257236983
523.836281954838
544.9500301851298
555.4816855981346
511.6776858441083
519.9218593566798
525.6575715989622
536.9840972747646
564.7370656924047
515.3999456718067
525.8783070133478
521.3737691879005
518.5160681787438
508.48795599255425
557.2812413049734
529.693255623019
548.2917452114943
556.3912108637904
547.3700722451059
511.32104480553846
516.3565102531221
533.6138350506656
509.96904615033907
495.00388035969644
547.6134954883404
529.4589457521886
527.1851083327227
537.6942661848276
547.4683647915795
503.7903324593764
533.963301143006
540.3465668981066
544.2097570213388
528.7185982921417
538.7279223403291
501.22195193429854
521.2840527749453
533.1365123410036
544.6343663655058
508.04141456139513
514.8304834364217
519.597132038973
520.9968318359795
533.6921717124782
520.3266331666606
524.0151391344752
555.4816770957477
551.5360909418505
559.2708763108659
531.6468311740475
504.41884388139766
529.5246825601688
502.85154749456626
538.1202495875406
554.8704412023081
548.7196131461973
564.2994064891055
510.78413024359764
521.2801728550265
493.3328402735932
521.2785284634476
557.405145083979
510.11475914004683
554.2869898765665
511.422102539722
530.4375486942295
526.0752125388859
536.8428907756597
521.232717144608
531.0824925752925
561.7511459471975
529.3964100699216
525.72913772263
526.7374418610735
522.6323036680861
529.5799739147982
520.4701855115909
509.3895071897827
534.2681290427201
506.18936019340595
547.6648446873139
509.3278878798943
513.9421260015858
512.6977058943173
492.6245386221751
530.9729464568424
508.17499263398184
528.502161600565
542.85226152192
493.8139049090436
530.2895749600647
532.885152577024
519.1552426680125
515.9951900079275
513.854291643423
534.8473482561637
535.7905287812206
528.6543366942158
523.7719936419821
510.56408999264454
549.887568883059
528.8217657699794
526.6330848246378
518.9498725351752
490.93873986145917
516.6518778564944
484.77467587420153
520.9109437394371
535.0339244408516
513.4615876095326
529.0668192042405
527.7167271587068
506.76362234333817
531.516034550509
564.9632729017919
528.3692945050605
532.7464783785878
526.5447354395972
516.4387190242415
543.4603791312616
506.5004518523449
544.7516343380729
550.2199702500941
493.7080805451665
538.0793003972772
535.9570828240701
517.6508422837101
511.4527738441014
542.0124406060505
538.9160622656999
521.8421229194837
550.3630340871503
540.5365074875206
529.505836995918
532.7490218841717
528.9459849415398
551.9819461106825
529.2979397606316
517.4983831733349
502.6168304316481
509.784579513449
528.5534766055372
551.6529175991485
534.7863111610757
529.5590072118357
515.6160301634974
500.3704878849588
511.893354890725
536.8056721964371
508.46920536561646
511.85671306960074
553.9001349964658
543.7595678208414
530.4752281228044
555.4292747821684
541.9428044919442
537.5819962023511
552.6317328462885
545.4932201149626
564.8530219188048
551.7299476630496
528.0066677399603
528.958156071567
506.7143234058979
524.4341663896256
524.0841782951086
516.241345424866
530.111477999519
541.9081843684936
577.3264923686659
501.7313377134481
552.1456695660319
504.37500185298575
542.5029773495525
556.6782013270525
535.2912754080779
560.0655580216503
510.3838325401756
546.1741825688886
548.9887625993609
513.1418676626257
552.3212814971695
546.3573914807308
553.5528116158914
503.1160910730381
523.9977039803234
542.226616006225
522.5647396505937
536.4861314979354
572.3341436527234
523.802811118006
522.3264725623953
517.0460131693438
533.7976745396853
552.2730734736838
528.9847348553925
538.147181225721
561.5749448767107
539.9639977478948
539.594930092414
537.3409525988994
563.9561464342298
514.645322910868
552.9916037433597
527.3056111823547
521.1023910317437
505.973345024704
552.390212419964
509.69169046615747
498.67844696524514
516.1465469601268
579.3087473961837
534.9686703902319
528.3503872825305
536.9473037623873
547.4247931194909
537.4748441851102
550.8710558665471
560.7661995270224
540.8684767730434
540.8232004956806
517.987933424055
536.9363606810903
532.1706833728698
554.3554627596627
533.1767095210118
546.0626701746268
515.056614987568
499.82556324774714
515.2703473124905
551.097802933392
541.1401461473209
540.5609969871036
514.9749729317037
542.6645972817622
560.1974227739996
512.7935028864654
547.4792076672258
543.4839150222658
522.025117009547
549.918243071384
522.7039240678032
543.4625243351051
551.2108519008598
544.1540616945953
517.0139729956903
515.5339403506883
531.6579494605015
535.0257881319608
522.7961994438723
515.1892684228893
555.5979229235639
529.2347244904182
536.850930433314
540.5859471354989
551.647673968703
547.2875315566461
545.8120412459446
536.8230344078617
540.0309197472383
525.7831209355284
510.0275498208307
517.2144677551788
544.1106046364591
564.902173058336
542.4168076377836
537.9784781655594
500.3976101431772
526.381219764771
539.8362724455783
519.2597658800393
528.8258061445829
522.2198362841638
514.5110614978145
553.4419126696803
554.0819544306219
529.4233529620321
551.8011511718298
554.470873605407
540.255344832913
510.5410753692177
497.1168203963728
553.6047963103325
526.3172165099484
536.008089024877
485.5714017341163
536.1252794426396
533.5381511073889
529.5351992889911
554.8547586026094
523.950735662701
541.8162936641293
529.2928342048463
520.9195316038464
534.4835467735742
540.4327334071372
493.6058125959846
495.4541549371022
555.9819379857321
535.1580109726083
515.7636770467036
558.8742280936061
540.0642153251881
516.3956563831517
479.29669677266924
524.9498634365422
517.3114715333008
517.5866520032305
546.3393407833371
532.0994360485377
539.860198101641
485.8675192254898
552.3332505256153
534.7348059624543
538.7626712290817
557.2680024561648
526.9470620350686
525.4930086296183
515.1564582391741
513.916081772531
540.4581256339744
489.9449062677621
520.601700256059
565.129087087739
560.615284804727
498.1319944009118
507.3024016014589
529.8884184957897
524.7741549902967
524.3160840529885
510.63083686550493
542.8199550275327
537.6299375859886
549.0861708881797
518.8273390224483
543.8544501130472
532.7622328137037
507.5722253049814
528.3006202146111
484.97018957088864
543.0246930117928
506.72008287196803
498.62776729960285
549.6274617537445
510.60076229132136
496.1693402297534
527.3605281723317
505.77001810426964
520.3396079082065
552.4888503177608
501.1034037985063
553.817547869985
505.6049597052343
501.9588446021447
519.9347096346039
546.9143407929904
516.8641249094971
554.6642855562596
539.0041585615983
532.7138956284715
551.1443424492886
517.0933495953254
530.7672770469171
528.2888172021607
557.3097833548647
518.8910803363317
513.0969428413554
534.6627701908602
544.3118349806292
526.0948513545468
512.9061321198003
526.6026202661942
526.8180238077537
512.2279723927015
552.0714948944801
526.1872419713599
525.1704515725206
497.65062113880293
514.4527562090221
524.6211628851236
542.898276150935
526.7549641818033
523.5554220395662
539.6297772214302
546.1504343835464
525.2221499051099
522.6370743211538
573.2920583150571
497.28271826864284
525.2751112050341
527.8083669932828
520.751258889657
519.5443208585282
523.1835261473502
509.34993894706315
516.6354896131763
548.7159943816897
535.7551714719485
543.3438200977561
507.10398878044384
562.9737529365299
551.0780988142202
518.5474012370039
510.95226368518746
508.04099938832815
545.1941098218034
525.6342846819522
514.4578799245651
524.6378183666892
538.1268104666037
518.6752070993239
575.339171150783
508.85300896420534
509.56136293277814
504.98714026237553
546.846897498062
551.4945208857705
548.3525239062621
532.3121869994508
535.8170315269448
529.8525792287093
530.8608617214659
535.9023793653263
578.5653201177339
560.2370313381191
560.7452598542237
528.8976478226815
546.2245585074048
552.8416197314431
541.974702491993
546.2909898980936
526.6896113579373
552.3984683603754
545.0773302306733
526.9943353588116
537.6436233561844
521.7312821160999
552.2575277369028
559.3849392066165
517.6835501923283
537.4442155507185
484.6764326120589
539.4206723084231
534.1047245500113
497.5515069446272
518.9639532418092
566.5597588616347
545.6838099741334
528.1822235361813
564.8086924476509
557.3818151031292
528.0184269043148
496.40263722221454
544.4728137978016
523.8086126822078
529.8664344898631
539.8582354765416
567.4062892551567
543.4404219672641
547.5523276721764
499.74783043611683
527.9932559069658
554.5018003812548
541.7903813757483
495.9297676094424
537.6651383900072
498.49982317596243
530.630597387188
526.2293901581647
558.8029421219512
512.0429242747056
541.2758455730157
516.6958177929196
547.0191017484899
505.37668525568796
506.42140406868594
552.9154791312174
540.8843655367605
545.9110014899043
522.8932460535673
530.4490441201941
539.7629240215622
547.2754679965194
552.6285997576416
517.6997642307181
529.1670575702325
528.7820136806499
530.4056364658409
533.9136002863472
527.8997815347659
507.5923255230719
540.55648683989
545.2593440577498
546.7537831674954
491.85117592664716
531.6192468706745
519.1821153740672
542.57965364497
542.0562010839916
539.3497648438719
562.0225425428298
536.0867490472951
554.3863969090353
554.0987153862472
546.4719656835033
525.8548395197442
547.7162914198511
513.660821163864
557.8969299798665
561.0881310893175
526.0774044969784
527.9062753204137
502.1047788967886
524.2310844155595
521.8432264485397
578.9053329770477
555.6017693781776
498.25032179385596
524.9724908602225
513.8118502686796
503.0280618784207
528.2727949151673
500.5382105286584
527.9232619154371
550.3143492098159
516.7171486584463
535.7831728435383
520.5618465169772
534.1696323151299
534.7369660067714
552.8113410724676
506.0966984738781
565.9509547604817
510.87053821701255
529.99215106204
552.2928352191906
528.1722149442986
523.2820038791463
538.817312528939
509.520843058831
556.846017970535
519.5719867138121
508.39232769209246
534.4895374447153
522.5299102931427
525.0475703594691
515.9508543059923
502.01363063504294
554.3247958470539
560.6075153991366
486.87691205169745
543.6056373350275
525.4886513589103
515.3749974782988
508.5130605798461
517.0420675603414
520.152886516796
508.1761507354136
502.61098917761933
529.411370671903
528.6075562164363
531.1525607543375
524.9553962348655
521.172307014734
511.836890030624
542.295599393065
518.6479037410741
479.933730457068
515.9591861713857
522.8265893286224
510.66343176559127
521.8010371106736
506.5825689582478
541.0715068915546
506.36691925919075
536.0745768388291
568.175772062543
499.5422291953164
551.8151222216632
494.2823864375173
526.9479203426228
551.7314057624794
545.2633890027637
501.3301963514796
540.4863286841481
513.0836399486944
537.7551724992429
500.67413058535584
569.6472000959516
531.9959022102855
565.8779278180978
556.4842269005046
550.2650864515068
546.2761500233194
556.6983006999477
534.9743917204182
537.1857335273189
519.1162666080554
555.695225701737
525.1135115328852
535.0567591716614
525.643802863202
487.15967058780654
528.4038005601649
519.7219765445557
546.4318632925551
531.1200422157782
519.078570094783
513.1218684116935
516.1951842133149
538.4761389722597
545.1118256338791
516.7902822590917
525.3235889207007
545.8349863000853
557.7170969020242
530.9325758505495
550.5805951974569
551.080132858019
520.0590344215414
489.4448069724509
521.9401128416893
547.5488029724225
541.8770295901855
530.5770920296247
538.3271247237058
551.9452351652944
518.3148558365548
520.7360313585489
538.7583182452828
504.422870457609
546.0183508023146
516.8818149477678
516.0571090591228
533.0597754149713
511.37570069838097
539.6166913824809
513.0419085012643
536.9497989012037
525.7315479678671
519.208248773984
519.1256955556515
520.5888438376909
509.6070569959394
528.0202704291843
519.039865913449
550.47101199882
530.8240172761369
539.6614430855107
539.080735923557
533.7995542944769
544.5164303452751
506.8271533746422
542.8320091369545
536.7519545649351
571.277219432815
521.3833070438612
545.6723530434648
533.3831598817839
503.9232968645879
522.1668762169974
550.1826903527514
513.7937656222385
545.1966510837686
519.8289317867454
527.8206288904038
510.95423369847015
506.29895089324293
496.4505055446109
543.9380791596471
533.5333698735035
520.0646416537263
523.3052658441459
519.83627221797
533.5464303312162
560.4369904030132
515.6436082575918
511.6167572914514
513.3791958521883
512.6132415885121
510.7185184375283
537.0326378672622
527.9480836532637
536.1724882282676
561.8150743448042
541.4628952417858
498.49170154575245
558.5835010968633
535.6920770588234
532.4389299173746
506.3588853946378
521.755172975681
550.7159594288069
544.4660431004818
510.71497271320044
506.8482984740322
503.61210829112304
542.4636694555231
496.74692278659484
524.2153114746891
525.7573121184348
531.0869199325078
534.2760798147035
525.729716152707
518.3003698810858
511.29916392314493
521.2306822998685
534.649093862178
532.4520391567372
520.7728849816247
493.2308187802024
520.4169702677062
535.2234141251184
533.5292267508341
508.3213420835109
523.2400619586939
503.8284591261488
527.5965267437831
509.98656324419363
532.7371739918781
536.1223823316277
509.04733856346957
550.5412798846204
501.21668027460373
521.8437112671382
498.92733395262985
501.66163288458534
538.1934988711846
501.0549817806065
541.0437976854411
509.2436175097742
532.5134785949826
537.1078562152245
536.2157748529763
503.26043661807125
533.6568728106663
539.3374824251658
540.4275902581654
541.9147162318726
517.512459086206
512.0865259923356
529.8227447804077
532.3951893548823
504.7084415671605
513.1021673725254
520.4325262618223
518.8569315570522
532.3907426056833
536.0520417614842
485.4985188238521
535.4613947683084
510.91848596267545
529.4316332691922
562.7558371815873
511.5519153803777
517.1134671505104
533.6977401809072
545.2808120517273
510.0640613162602
517.8946680491019
521.1542773438292
514.4963943098362
529.4132280861652
539.1919858567816
504.42392947587706
525.9932027760354
540.4291502871225
541.2381905363397
520.31513557866
523.3940252907665
500.0147271361517
558.0883798198454
528.3545197499307
494.115435325269
539.2748495561839
532.7479182397822
549.0610754690509
512.8554525720655
502.2072365848855
539.9751088991535
517.736634682018
540.6397852442393
548.1262276714003
535.8017025206166
556.2337407623164
568.5564494435845
508.90870605908026
523.8548697130701
520.055363301597
520.1641909915273
522.8239088843608
501.6264288850266
528.3934125565828
519.6332667891398
523.4933013250612
504.6631168304857
513.2375179939991
507.5425278013043
500.6792356871682
506.41707819408566
516.8561726755271
527.0184567278666
512.7847283511394
489.8906767637713
520.9438766476862
539.5402761827058
524.6966828810353
524.0006822442441
526.0412373264252
541.7865402682057
530.1478542280032
541.354471022325
534.0479627250356
507.1836167377694
525.002157468498
537.8485004541976
538.9887799195285
528.4009930983988
520.8201638985454
511.87879407052156
536.7666842877275
521.7931660878105
508.4965857261163
545.6607098169467
528.674409253401
535.0510856773922
533.5941668122877
525.8240029789873
534.3361630761286
563.3554013875113
518.1539141233003
539.4830503917467
503.12061430697025
521.2173183503368
513.7578979205624
508.4611872930886
539.6917891587177
514.818146322874
509.3069765429893
540.8555107383985
512.3698120068241
541.9449692966058
514.9037505316236
535.5615360529173
525.6746720177792
554.9902335299572
536.6807758901625
538.592653578716
567.882597178901
532.4638168737911
498.84971832603634
497.09046747741047
520.7423327817119
504.2332214792409
561.9720858531091
549.9746279987831
537.9318051766677
534.7842195611225
517.4469502498871
547.6316962026816
535.3729206827962
544.6820674773907
545.2806401426475
578.5857570950909
523.2018025413489
516.5936358806679
516.2137360267463
538.5666338451256
528.9771447262549
558.3748102097227
533.7422073848147
551.0255547028298
518.7843301102248
512.7613937383715
508.61154004474986
528.3073443774498
513.5948225037729
514.2190798593444
548.5390139911478
512.1830409790787
525.8184291472921
555.9626492636174
535.8430127991695
543.8334263195374
544.8275292678518
526.2427978844383
520.6683024025016
513.8907345788234
539.5299176312813
529.0300427439536
512.8195907978667
557.154434123083
533.9919362676798
516.7546453287355
515.6893223532519
519.4896489772984
522.2803584459665
509.3197194930735
539.8491740053024
540.6968313553106
534.1818699327848
535.4936667028808
543.7195253535814
518.8281230250803
554.6084481464089
566.8236650707901
533.9635410560895
567.6619301886809
525.3674764248225
529.2750679641208
549.7464123302072
525.2528671994547
544.755495300168
524.6398939526009
509.7063912779024
514.5456956054088
550.4155253629406
508.6518003756496
549.6376936961971
541.2062199368169
524.292618334492
545.1008152733036
564.875018478367
480.0665488085993
530.6930750375952
533.2921468412894
543.4091102893661
536.2501640209761
554.1322481817941
522.1518907239063
535.7337657819189
551.2331068091993
528.2409530566031
532.8664790166339
535.3861260485215
510.12953147689274
531.4506098281742
517.6934410659491
537.148502973045
501.7421865331915
523.9952964641175
525.6996802330597
544.627621712342
508.8249826289255
519.8217567659973
546.3309729648985
493.15680720048954
527.6818718060671
517.3262034890339
514.595786842846
524.8537260581713
530.1625906947835
525.5427325460055
533.9248844047634
520.6545748114257
524.5715333591619
527.6744763541424
542.5168863654176
520.5913149155987
521.5569225136678
533.2863536242046
524.1212159715731
536.2687923775712
525.146872466263
530.1194591618462
497.967769411036
528.1469665606357
525.6370176667488
551.2367215493825
508.0009949589633
526.7241671360123
508.912016583327
508.0948466960976
514.035108964003
523.9726311996914
525.3272918539643
485.1884002412167
535.1126831251538
531.4201898801333
561.0653589732626
516.5032056464595
551.302298898645
523.263486968435
530.7125386396661
527.7945832571617
531.1293414451447
494.36319984992565
509.42735971043044
537.1725451386448
525.1601887650683
499.4377259217022
519.5433412854198
538.554841130187
520.0235545239307
507.98055188790056
519.7798098562916
484.0197123694403
514.8990803370795
506.3079390928592
516.5811350516785
497.2818842942108
538.4236046727135
514.5276497827567
506.37066985988605
522.1775513656194
519.5376085602871
530.2485394485703
527.8623849626441
533.8225416644984
556.5325126397672
527.4377959729983
509.72702031023806
534.1120554796968
524.673139577153
534.8368530046993
530.237887471027
508.3731156178032
504.95204954296474
544.7423452261294
519.5230795207292
527.2153913121442
545.1440969702244
482.282438297613
508.6743573057514
528.4758422117873
524.9859648884814
527.1006970264131
534.7441491774775
516.041676509384
530.3007873967656
552.435258194028
517.5270783111675
520.7909528972475
551.9390888241068
522.0032540724852
540.8255893896511
525.3868488132729
552.2167006403757
505.42541121872654
539.1634827978842
527.1770673413972
536.5941964513241
508.0959363850402
497.56394266471267
530.5272806212531
535.4767653670866
531.2610783011452
530.3529536324016
552.1306145842923
501.1417816926128
524.4034038021651
515.149323239916
542.5599707782487
551.6897353174687
515.0308012698631
548.205846604429
522.705686882214
512.4967308142157
521.3228697781975
551.5066797647683
520.7314876656832
520.4859930309769
520.5543251291645
520.2114660879582
524.2654709490995
510.69039727786316
529.4983965268827
549.8550722912272
510.225352109782
507.0377608219867
534.004682933936
516.0508377252637
502.038462927964
544.4042770202651
533.6637860686666
508.71188895065023
476.33651572441755
530.317417201432
527.46724394729
542.4905799338648
494.17345976734947
496.10878993272013
508.9119452470002
513.0482112935101
531.625603700694
507.3973359618735
544.2072283179663
536.4447393826383
521.3596183733426
514.9354288720394
527.7934566492984
543.5055409896995
525.6170072458042
511.7620080074138
502.77123664161024
503.3438206816036
546.1044482934271
505.0207165590663
538.0779533744524
526.2367852430634
505.07661291799906
491.6431594647029
535.0597538583527
489.794297577846
490.4610912615655
520.6633283272784
498.2286385058699
509.9339875836707
519.2022983600414
532.2413455315104
525.3900047836704
523.3399488024507
510.22299992107
508.64897808007174
517.2783914741831
511.8760647470923
546.4744986948863
494.17532902210934
488.4151345716994
516.286333416425
521.7894749919062
556.8560628725093
529.3095865562613
536.0844955431523
522.1094967922214
518.4058553633183
527.1195141457362
503.089331265923
469.8713370436774
519.4831771382358
557.4711381464638
525.8660278849603
510.82496033917937
542.8506427251609
508.1316446454529
527.2240663634096
494.90451931938117
501.5693154250501
497.0865004796378
487.42985540778363
529.8212610514348
541.2751986296023
500.72802071156013
544.3799700106588
484.23888406528056
515.2529183510974
517.2114105275135
507.8843963998784
505.69857405325325
519.4038936670333
510.20202629431964
517.3094804306395
519.7186766910871
515.1613829335653
514.5228800080104
509.48539488910984
523.079311813063
532.2806468718932
521.392353773848
518.9285618310004
508.38178321871374
544.886745049139
504.5040422650608
533.1402232534232
497.3186365108518
537.6012429305898
544.1905962637959
499.2116084675894
520.6545526946084
533.8816133470576
532.7737656619666
544.9903819489508
562.5623056833716
534.1029701544944
535.6926477706828
533.5335093042437
513.6464283567157
527.243107527468
530.6534719549162
532.6407763351084
514.968573112261
515.5993313676081
494.85387545538657
573.1731459708672
557.8961304739142
532.6218638682946
513.883189847675
516.9663266141495
521.0268165222263
544.4183084322276
515.0819446096004
554.6209439833365
535.2516706865382
504.24369381099825
549.225128955808
545.6694508328893
518.1929594828772
530.6979928719202
522.020952991554
542.2109700147781
533.6344333417595
577.9448637534018
496.78931227954007
540.167971476895
511.720252092399
549.4459118448558
528.1572981901884
501.9902200179759
549.9161925183474
520.1456957684352
511.90065266693546
542.1892084953648
519.6012751269593
509.7323481737488
525.896408006319
538.3906329221865
573.1457337265686
530.0035048120474
544.5611143062343
543.718119361287
528.4624847720889
577.7670940138553
508.3593389456541
514.948257912469
525.6331805392955
527.9817163982113
512.4393169523973
581.0848968857304
519.83195714738
554.4153732072273
553.1084644853543
523.899424908365
510.2920000662275
556.8603668810092
538.8876459995322
514.2258818837521
523.961540843299
527.6619303765325
553.1028364924532
519.347490224441
528.5734128133754
536.802881965021
524.1537031048628
543.7603691632645
545.0454900671119
525.7177707199953
550.350300289106
530.7071553419562
538.6991846300946
561.7340902791012
502.13595134730326
530.0541889733812
519.8257599804001
505.7663753144005
556.3470065650282
522.9375902846989
515.3197860030649
518.4766145709398
537.8585360440422
547.8984515447023
536.2814954882721
549.0632002426792
558.716859611942
509.1380408890073
519.3052262392214
508.27456975860605
500.44970056104796
524.1350418684507
522.9322213207771
538.1286348596143
542.5389049055068
515.3816633353669
523.7037872746254
509.7472296704458
532.8340155624225
545.1802678764012
490.2722492679121
532.1639195927917
545.1360263212376
545.398969664355
539.4450509347797
537.0191945093261
532.6766177870558
553.1257913392038
541.6944151689186
542.4225073857302
513.1482932766658
519.1169047518576
506.488721344242
521.6153209424856
530.1867741389613
509.9752606731915
491.40743521580947
508.6006253572979
512.914238143869
518.7857514149597
525.8628355210362
496.58792702285916
530.0169403101507
529.4383298190737
522.9624071781991
524.6303959426047
532.9565811210678
554.2815286066191
535.8878300335531
505.8495344281844
531.7132018255452
547.7366677476499
573.2484559434812
532.071705904924
523.0198336216249
534.4074890207041
516.2985775103409
542.5174061485664
535.7189455012548
516.0576651933981
521.0413352354966
522.4761946505586
547.5652881378435
565.3712697644103
517.7480074449226
532.4456297109463
557.718375110848
493.46017111333344
508.38069835104477
534.25041158761
529.804998777663
535.2639438654227
515.6436593481211
546.8388202447068
498.9714851755266
548.7926880603322
521.5871424702816
563.117855982639
536.3858026030849
544.4008340971018
549.2009273791259
507.86772186494375
551.4212195403733
540.7525071483044
550.4053843824189
530.544926601028
547.4433684593424
545.3497727391876
516.3375155811319
523.0878536374005
533.7369386447622
511.6914063446515
537.985128079797
527.9302485236079
540.180204197759
520.5977182541872
569.2712154657055
522.8096731646776
520.995742030167
520.6633437248253
550.1663046838793
500.1668276401832
507.3867422877425
549.8155530013507
529.8217469889212
532.0182954684532
523.8536747579711
524.5568920206157
537.5789818349459
501.62700786321017
519.1882712952926
512.562763703626
504.64213461779156
547.0602148951473
543.2197793984809
501.3790177617568
526.0456181436705
510.68639785092034
538.972027987991
565.9601915097827
533.200980827004
519.6460541633267
535.9891718947479
528.7268555494728
567.4800806046447
543.6653811156226
544.3195257815662
514.3426961329295
525.3846631638824
493.51490526321754
535.5321845124954
519.9212247566041
514.592002775226
543.6147893281885
487.9093090177517
573.0121168184179
522.2082084686273
545.3755515210895
493.86945570394516
523.8018404712357
540.4830568302336
515.2179689668881
499.81113280546083
548.2360710466457
512.886296782676
516.2445380169156
519.3063661776819
544.2071101987227
497.697603770675
540.2635153215447
520.2047845452661
508.11226108645894
537.7551425601672
512.7028192682012
522.8460615851895
509.908369873195
538.7780983813816
522.0553096167127
515.09681701504
515.16758878709
510.11613250169046
507.08711036279567
537.4713469620891
531.8924948288583
513.0254742294646
546.7633946437062
530.7821445330287
538.0153588287781
503.7715275321291
518.2653035931484
531.4783820262494
526.1104185361625
481.8430323700403
510.2454454341771
531.6878935734267
493.65664887865057
488.7843035877351
499.634160913944
488.49730150137725
536.5560987651729
517.5185354510742
537.9385577616555
510.45787708903265
502.83793748056763
511.5847758412912
504.7338011292168
524.0841385230126
559.3465603817618
543.8528999120109
521.7383141780745
499.6843840402193
544.1230742992414
515.5806432104387
500.39854417795055
517.9216376840066
532.2473765629915
548.9210807356999
519.889117523859
545.0407970046818
516.6392352859316
545.0919127290188
552.117687977138
512.394932927998
529.938379340154
537.663570864115
528.3788660623363
511.2018233194472
527.7065245277131
515.1302757611428
538.222960954597
528.3369363861384
534.562417903646
534.9545023912291
548.3903202742039
554.426580213156
530.3479199968775
548.5360333575355
488.3265939775753
503.75236642233676
515.1053823788776
525.9187085487328
501.7216060372819
533.9670487362773
532.0956271845181
510.4107786993562
539.3976606184664
524.6319311085113
540.7329302531663
542.0904337581243
557.5234404868922
527.4993527295511
512.7283524401089
559.2740466298923
525.0774430042945
520.618796380886
550.5246732408232
494.53672224289664
473.50116044282584
530.9299517172685
496.6211326532329
551.2390388464327
482.1894633105848
512.1657809473924
528.496668068526
517.9377083215173
530.4711681199568
515.7749229956337
530.2636534327148
501.21859406632495
498.0829237251549
526.394072721494
502.93548530462726
547.408093891224
527.6439130477492
532.2456396047701
529.9702833416369
520.7135029758465
509.0469549406078
541.167541434004
558.19949775251
520.5780469911764
520.9426448461521
520.0422773600176
548.1077726009088
500.0560721345042
492.1958813795896
485.8834699488489
535.5875841619858
514.7476811844862
513.7506106378027
510.48482804954205
529.2239371948184
517.7646061841557
543.0730962254455
514.9610400461063
531.4955465321243
527.0669875504273
539.3532590199051
490.88122925436653
510.20770383806706
515.8145146063612
552.1741810053958
524.470880975892
516.553132250766
497.27063359303503
524.3206447351045
519.7634864385992
512.4113245582107
499.50380158320934
521.8042294071627
500.0572119819741
543.7262902693673
523.5356222056942
543.7261027045465
523.5994339436319
527.129068898863
527.7961382437719
519.2214098313555
519.8459316297015
514.6208746217447
533.2706421388261
518.9159675155977
517.8199762544383
512.9200348189547
507.7631777440414
515.8044837777811
535.0578740211618
529.900138262537
526.7879046014912
500.3996914509139
514.1728979659737
553.5181153425491
539.8914703499694
517.9076636413708
515.9959711985656
529.9322574561897
536.8584614672343
530.8939673134907
522.1511688748917
532.9409613223542
533.4519842299275
513.4620050165696
534.3527645904798
539.951222520966
543.7102532886414
490.5780639525208
538.1353385850055
536.1899760911745
557.385727269414
542.3731649138523
510.0270044465739
531.2142658352168
548.8826257102477
522.673553949082
555.137812060392
536.3834600628825
567.1536726053413
509.2126795057677
505.88072445508
506.19974498565114
529.0763907227918
533.8919196042397
525.3962889939181
526.108538648864
545.7406984685736
518.9399862493678
532.5092556015874
529.6375335681895
500.2909585384155
480.55177762534595
556.3359099747727
550.2056819432592
508.2426270688249
525.4742336049637
519.1518510793188
522.1732048419959
488.51743505897156
540.0015961349854
518.9399810948099
512.2205825353718
476.19743157595974
538.3324725516771
528.7431230442953
524.5749710809422
539.7565177389727
555.8610366272477
523.841774978078
505.0049240276417
528.9755184089878
525.1571315370809
541.7804987967464
518.8291947295611
542.9877272387337
531.0431848601438
505.08427309753864
500.958889751024
502.90817911266095
504.7576557654875
479.1163449843804
517.5849264318325
513.0829197138343
540.8309589473014
530.5996441884669
495.42593248738797
544.9351545266545
531.0366855923206
531.6140990509807
545.893902337459
526.0599090426887
544.434773889512
532.7631286177442
512.5028183006079
522.8549208969381
490.49103604824916
521.3547399863827
529.6612571604595
512.6455866785799
527.1548779451035
521.2147945022101
536.5931703734664
504.3165459214959
513.7400257281695
532.652216861201
543.7745741576767
519.6018919925763
529.2498346461495
508.6226980969176
532.9360834611622
512.9296773864962
530.9878321986145
546.3394554435064
521.02211313647
525.3561887174033
535.1578428604222
513.1272644031236
521.0059548432698
514.2635189646404
514.1189648880691
521.2224656036998
512.1778661364743
539.1805008299833
530.6837861604157
530.7761347909963
549.7827991320647
547.1666204862399
513.0472524271488
513.2047814257177
525.5309116026536
528.217900342173
558.3468783873143
505.56214839067377
492.3890302124981
542.5919913013827
534.3386614683833
502.27953570500404
528.7856623451897
524.7933201285429
542.1607446550662
542.0761922269462
528.2083987031114
510.44951779960155
543.7900968724617
530.5501443290598
530.5200332179193
522.8370077985228
521.0410140621472
496.3917604272019
518.3589928612552
537.7060288289601
524.4224013458555
530.6333061548079
508.3109648814065
503.6547060497116
505.2738598572458
502.60600851241713
545.2420902951123
533.423336809621
535.0517346224117
507.17362459868184
548.4768277130678
518.2400755550714
548.7067561219378
508.8995273567747
537.4737732726632
538.9177380477367
520.7421859393447
531.0621566092967
529.3045417795776
515.791797496939
543.5132908028586
473.263903546222
541.877607745835
498.579678342013
534.8562769616146
503.92607240920154
547.5793667407454
532.8515274385114
534.2911246514491
553.3208616867742
516.816515820223
531.3633026449342
495.5878053513326
528.3802611768011
532.2170975523889
510.3350426926617
511.58666451061345
518.2279111139104
508.70605093740716
534.7002905079762
542.2551323535696
495.9413928138477
512.7715205638148
519.7713936439545
539.423762987582
510.1867995570749
525.1052061296339
545.7203858185478
530.7806543891662
532.5940775627735
505.01209672146007
544.0224585017297
519.098446737691
517.9178148953813
516.7952959833791
493.77961276097335
551.2057214584896
523.2294179322853
544.995723857098
578.278329250777
546.1075528860841
528.2214920072201
514.9992344776241
540.3450402862145
544.3369518872366
536.115480736078
545.7536474507297
512.1093967474328
525.6038256700418
536.7038871694278
539.6315926032363
529.688803917118
538.213247635097
502.85205595661245
534.8482067957831
515.1500527420745
532.5790561187615
516.7871980236152
522.1228223206364
496.0578212459136
517.5577538286474
535.2909535597432
504.16062068346537
496.3738888348875
514.2485948923783
521.1792276000155
517.9225285351928
540.0667056852254
525.1813993791914
504.0851418311856
487.93697736079486
545.9655833796294
498.79914802780974
512.1299956174953
511.40497900096926
488.7999444904214
513.1133485811029
490.5621696327777
509.15249362074
525.6324122631762
523.1387548298496
536.3228262052022
526.1961721364179
506.0157193120338
496.6731302564032
523.7082683557328
533.4859505331162
499.64104350934906
536.7848028683835
511.64905694525055
537.8640436461084
511.53159329669364
517.8655534854446
549.2943811580675
519.1013021161211
536.8821891671117
528.295210903428
492.047892459342
519.4215565325737
512.6084536019454
531.2828031812517
508.958932399261
543.3510501413888
524.5243731370683
513.5056644099459
526.735284443163
529.373267808754
555.2086565984279
519.1142791282717
512.0916742150201
499.23918000164144
505.2340004067025
509.3462558384456
512.2436703237468
516.9079165906427
532.5745878613717
527.700445756934
527.412450067788
509.01807804703196
506.62266322977274
507.8880484384165
544.2600332740542
496.2197825613107
537.5566490120766
512.7875009328981
508.0434275177622
515.1864357000438
538.5674420131077
491.4111804950385
520.1096215950689
534.5209625558708
508.39391153168725
503.3669171467894
539.0433930215287
529.2013671184059
507.9678233687792
547.6453235907516
494.3631712397977
542.849620022635
497.03409403911445
522.4081590065618
504.49404369537433
531.0230007926891
520.7025605181899
526.8330094476236
528.9605679356715
502.95584143270196
522.2509874642002
529.963634036601
495.7783704196737
513.3185777570216
503.7244633258375
490.0377586751854
526.6738532765031
499.8431064606092
486.47010678404877
514.1821869646259
530.9925632318884
535.0727149895497
488.9757465491996
512.4432813247397
500.43897256161864
519.5197294162252
479.3643886740615
508.12320740178825
520.7918864207724
503.62139789251506
507.7151931254876
506.98585495764405
525.9969277236588
529.5369610252583
545.4434787614308
508.14370036165974
530.4296014274302
517.641991854287
500.61423662548697
504.5191097921169
529.8426430105328
495.7766238112412
509.15113440200633
523.999528797041
528.8519231416693
526.2492216356592
499.285632875506
504.4724197100294
504.12180980658616
532.0075972565093
504.4730118740445
501.9441337240955
528.9702016617412
524.1916353202081
538.3275805357732
479.5436772735397
500.60857872330564
508.1089491335751
548.3898415284535
510.2075439841485
516.1774177904944
494.1678922170846
526.3721331790042
526.1321921261073
523.499321578735
503.9855097476193
481.2759985575718
478.56218625697585
493.46392436490027
516.6093078315816
481.5245571897737
497.9351415291455
506.9508651340982
535.3309771620184
518.5930674241566
511.00775634086943
533.791362492486
478.78722076962816
504.8237871785737
539.6488925055646
506.54778287816913
521.2089725769147
518.8957492676533
510.3677956987202
523.6001861952776
498.3687159596346
506.0650120845954
490.95905107156227
496.86496860731563
524.3259771327108
515.7822479084647
491.85454526396956
519.8432316927508
508.7024983312261
492.0730655519827
479.2878332690383
503.38490817781076
490.6338299156368
501.57158551845083
501.0872348032357
517.8682924124191
481.2923806763164
503.32786697118536
484.3449120754966
482.5382884432609
480.3957253223621
490.06372279716237
467.79534398457105
473.3463812278692
508.0996123078551
503.29787898163954
473.51354231232455
490.2998430699037
486.4653278397058
505.3949650610962
516.9748435176745
499.07595999679125
520.8071947524201
486.63119220155
500.70143077266425
495.65830647748805
484.16957393721435
513.3770024324231
484.4012045815996
514.9506779684392
502.25395836746304
502.8610103071434
493.8230278760727
480.80394597575867
481.62545180911553
502.8775074183565
499.07929552465083
489.8864916658838
468.072313486145
489.05711946369104
521.8781584760059
520.5448204195985
504.33188512013953
484.9761799477301
482.5626612285725
502.167918236492
508.78106907782325
491.67266260498536
487.0992012584369
513.0276499738357
496.44756001846076
487.69941468134755
482.7308957985883
491.3660373802084
485.7998573896898
502.77504319759913
486.45709881134843
496.9807590665754
484.61430247092255
484.35262402363367
482.60422621643005
510.5315900920215
502.6759373498901
486.56841433572623
491.2200899818236
514.4563229365623
498.91991700375274
489.8873038030152
496.87460265359437
477.92055088740017
507.2275848668464
492.74389325996907
488.47624767418984
515.9242618911732
477.0650813060298
490.52881508720367
495.89406432944355
493.044971896082
508.395886279391
500.81997296944184
498.38773740996396
511.43750761017407
480.85716306706723
495.8552060444889
490.56850385209384
484.35852115733474
501.21722927331956
497.40055073446564
495.6276852200287
491.3821781702555
495.095490756998
489.0364145646729
514.4239403935502
518.3803257519719
487.3910363359665
481.8855846565842
501.85379900147
499.5635210560617
501.4741958006096
500.72265417667893
489.5853229607818
502.68181310503087
494.3343449265425
479.3720390855378
496.894740475765
502.1820985316541
493.48237146367364
497.2608023264955
518.6827562722442
494.0741876514673
494.7087150341094
486.59993245746585
495.0685686850234
492.32222095491613
492.01149332019145
526.0902432053882
500.18684234783944
520.0564925955498
515.8019025747
522.5516228209207
475.8187556929182
484.09839786784414
485.6376466651119
527.8205728052661
505.83937096175873
511.6534189654606
484.7575431574517
486.6985103750337
492.0440414693767
509.9531002690973
494.0099758515272
483.58835849601525
485.2526495985486
478.53860954038487
511.95205537718283
509.47049003867284
501.5398224901085
492.0264821103747
489.858848596899
491.6736626766989
519.1143218107956
499.8138959316467
509.3807752964653
478.24672128320293
489.92750953836406
491.7999509334671
501.93325698825254
487.42378574070455
499.8583599762325
502.9088443694658
497.9168743144291
506.3080353224637
479.9475593159592
509.4852195785849
490.09578959902274
502.54745520741807
487.5940358994349
508.6723119043348
489.5491152405323
505.35987664119773
513.1703481391764
494.6737197726476
481.599688179169
481.19433033366425
482.5665724047581
469.49310736236714
491.36632012074347
500.856748665631
480.8328216430576
489.51778543872365
496.29017193299177
493.89588024187736
518.8335921606529
478.3769549511983
502.8596342505029
480.3748282416398
509.74686342002934
494.2330838871127
476.90768678394056
492.14345280955905
479.9963106619265
493.113855870356
479.85507158429107
505.973789226701
488.6665535073276
504.55976983661805
494.8394218973023
509.7432173152812
497.5854280291445
522.326375062227
482.77706873411967
491.676760787949
528.1693750711614
492.933102317032
482.5756273413527
507.3521171636229
485.7660097902046
476.26275352193846
501.7579185530171
484.2480055983175
516.7753142056536
491.77200455032386
481.93238638349635
480.6920073864327
483.8616491780134
491.45040162526567
480.2597670733744
491.1312645879336
483.55247220362065
486.70036192673325
494.66024228617215
473.8702601807222
515.7368470485014
484.1454107502553
490.148454044211
475.1778317459103
479.7227073414924
485.42284553106475
469.9002819820623
482.92030127270885
484.99265467907003
492.37955618019896
485.1523180520164
477.9322796257333
473.69137663645904
476.6393189640621
476.7218375922404
494.9143601557804
477.91001183644005
475.2349721452737
479.4084343445724
468.8612364675035
485.3370837300301
478.3155504536308
478.6713869316728
480.7271434971941
476.1654418375133
488.52216598462843
469.7794579149161
469.20626977137255
475.54717444887314
486.18416546370077
481.7231978728355
469.197209782534
485.65512651587034
473.1378563727387
465.0805314883818
476.7972352174336
473.4676196792159
484.3662552191864
493.46596635888204
472.06838887836733
474.6895881752435
477.07825306636533
475.2106239341544
467.52860237513187
477.91267141482314
472.46447322774844
469.9627161525686
471.8279305336297
471.9480160356795
469.0580200886719
476.74222198924036
468.50690673105964
465.84452910572645
477.5385517188934
470.61481225932613
473.28169617728975
474.7154111849466
469.58164055456126
471.09458570505495
469.6250487981474
473.53341696999024
469.0225461270806
472.7840075175359
473.875615907593
471.2975107138991
465.8689533209522
470.4632559129696
470.75203172409465
469.5392797812178
468.8090522874826
466.72888418405176
470.44335917799395
471.0759311372044
466.4652405775885
473.47643651022
466.5570666078945
469.07246560705255
465.42067900157946
465.4153901964687
465.30083699021634
469.4285767823019
469.3056378447124
465.2872319808393
465.2872319808393
468.91659047447104
466.2324476039965
466.21788576346864
464.3708286204597
464.3708286204597
464.3708286204597
467.17569088294
464.6460618043746
464.3708286204597
465.30083699021634
464.3708286204597
464.3708286204597
464.3708286204597
463.934520740728
464.3708286204597
464.3708286204597
464.3708286204597
464.3708286204597
464.3708286204597
464.3708286204597
464.3708286204597
464.3708286204597
463.934520740728
463.934520740728
463.934520740728
463.934520740728
463.934520740728
463.934520740728
463.934520740728
463.934520740728
463.934520740728
463.934520740728
463.934520740728
463.934520740728
463.934520740728
463.934520740728
463.934520740728
463.934520740728
463.934520740728
463.934520740728
463.934520740728
463.934520740728
463.934520740728
463.934520740728
463.934520740728
463.934520740728
463.934520740728
463.934520740728
463.934520740728
463.934520740728
463.934520740728
463.934520740728
463.934520740728
463.934520740728
463.934520740728
463.934520740728
463.934520740728
463.934520740728
463.934520740728
463.934520740728
463.934520740728
463.934520740728
463.934520740728
463.934520740728
463.934520740728
463.934520740728
463.934520740728
463.934520740728
463.934520740728
463.934520740728
463.934520740728
463.934520740728
463.934520740728
463.934520740728
463.934520740728
463.934520740728
463.934520740728
463.934520740728
463.934520740728
463.934520740728
463.934520740728
463.934520740728
463.934520740728
463.934520740728
463.934520740728
463.934520740728
463.934520740728
463.934520740728
463.934520740728
463.934520740728
463.934520740728
463.934520740728
463.934520740728
463.934520740728
463.934520740728
463.934520740728
463.934520740728
463.934520740728
463.934520740728
463.934520740728
463.934520740728
463.934520740728
463.934520740728
463.934520740728
463.934520740728
463.934520740728
463.934520740728
463.934520740728
463.934520740728
463.934520740728
463.934520740728
463.934520740728
463.934520740728
463.934520740728
463.934520740728
463.934520740728
463.934520740728
463.934520740728
463.934520740728
463.934520740728
463.934520740728
463.934520740728
463.934520740728
