7796.152999999997
3642.1159999999995
2486.435200000002
2093.5006000000044
1690.6332000000025
1548.254000000003
1203.7684000000036
1190.4530000000036
1309.9324000000038
1298.1204000000046
1190.0392000000033
1197.1910000000041
1014.8154000000046
1046.9616000000026
1037.7338000000034
1005.6086000000038
961.7424000000036
923.2010000000022
924.2116000000022
920.6192000000026
888.9764000000022
810.3652000000017
824.9462000000026
857.2964000000024
964.6274000000033
884.3330000000029
809.2078000000017
907.2804000000028
827.8998000000026
852.7402000000038
759.9360000000006
782.9754000000025
758.0616000000016
830.6002000000024
718.5734000000008
813.3850000000019
750.829200000002
801.911000000002
628.9334000000001
769.549400000002
769.1542000000013
752.7884000000025
759.0198000000017
780.2726000000017
720.3510000000022
669.9904
707.0170000000013
744.4930000000015
786.5492000000027
835.4048000000025
777.6126000000023
771.8804000000011
682.5646000000011
675.1830000000011
718.0862000000017
744.8720000000014
645.9308000000002
673.7110000000014
761.9404000000023
647.6302000000003
691.6384000000014
697.6118000000009
702.343000000001
645.3178000000007
672.1560000000009
677.1236000000015
772.4748000000026
675.1072000000011
667.5812000000005
607.6072
614.1960000000003
683.866400000001
602.6347999999998
675.4242000000011
677.6704000000011
707.6018000000015
671.0744000000013
616.8301999999995
572.5235999999995
606.6700000000001
600.6136
677.5922000000012
673.4812000000016
555.0575999999992
640.0284000000008
610.7762
615.6727999999995
544.5045999999992
542.954399999999
680.6192000000008
601.7000000000002
570.5071999999994
598.8221999999998
631.4918000000004
598.7488000000001
598.7487999999998
697.7610000000016
643.5192000000008
683.4002000000017
546.9895999999992
583.6944
710.6474000000007
565.0709999999993
572.0573999999993
607.2854000000003
560.0275999999993
547.9977999999992
633.4324000000006
557.4691999999991
645.4670000000007
557.4691999999992
535.967999999999
550.0165999999992
544.5045999999992
542.954399999999
562.0439999999993
567.4801999999996
585.7107999999997
535.967999999999
551.0247999999992
549.4745999999991
565.6129999999996
556.5343999999992
592.0769999999998
718.8670000000016
671.6850000000013
577.1741999999998
603.2550000000001
573.6809999999995
555.9923999999992
544.5045999999992
561.1091999999993
592.1551999999997
601.6976000000002
550.4827999999991
639.0936000000006
543.4963999999991
535.967999999999
562.6593999999992
587.6513999999997
549.4745999999992
535.967999999999
535.967999999999
565.5395999999993
535.967999999999
535.967999999999
542.9543999999992
552.5725999999992
568.0979999999995
546.9895999999991
535.967999999999
535.967999999999
561.1091999999992
555.0575999999993
560.5695999999991
535.967999999999
535.967999999999
550.4827999999991
555.5261999999991
542.4881999999992
535.967999999999
586.6455999999998
642.5844000000008
535.967999999999
542.9543999999992
549.4745999999992
567.0873999999992
566.0791999999992
542.4881999999991
543.4963999999991
535.967999999999
543.4963999999991
535.967999999999
535.967999999999
535.967999999999
542.4881999999991
543.4963999999991
535.967999999999
542.954399999999
535.967999999999
535.967999999999
542.9543999999992
542.4881999999991
550.0165999999991
535.967999999999
535.967999999999
535.967999999999
535.967999999999
558.0111999999992
542.954399999999
543.4963999999992
607.5056000000001
535.967999999999
535.967999999999
535.967999999999
535.967999999999
535.967999999999
535.967999999999
535.967999999999
535.967999999999
