2334.4654000000023
2372.830000000003
2420.3128000000024
2162.834000000001
2159.381800000003
1752.5550000000019
2277.249000000002
2153.1390000000024
2099.7386000000024
1780.4982000000034
1622.6346000000037
1748.2738000000024
1859.3682000000028
2000.9232000000031
1716.300200000003
1597.4524000000026
1640.9138000000023
1654.004200000004
1375.6830000000032
1326.7234000000026
1326.445000000003
1503.400600000004
1515.4118000000033
1538.4012000000025
1356.501400000003
1357.8218000000036
1439.5220000000033
1425.0782000000042
1115.006000000004
1275.9376000000032
1083.2002000000045
1116.8990000000038
1235.266200000003
1040.5834000000043
1194.1664000000044
1128.533600000002
1071.7076000000036
1172.1022000000025
1019.8936000000032
972.125200000004
1054.634400000003
1010.6496000000037
1053.8650000000014
979.1584000000032
1082.9656000000036
888.6498000000032
1072.3182000000043
913.7272000000034
870.4312000000034
946.150800000003
731.3654000000017
938.6934000000028
740.540800000001
729.2708000000025
677.6632000000004
865.6766000000025
870.3506000000021
580.4447999999993
756.5066000000014
739.679400000002
656.8742000000008
558.4773999999991
665.8770000000013
780.8856000000012
859.5306000000035
730.8186000000023
666.028600000001
568.5617999999994
738.1792000000016
655.2320000000009
535.967999999999
549.9407999999993
549.4745999999991
550.0165999999991
553.9759999999992
542.954399999999
549.9407999999991
550.0165999999992
550.0165999999991
535.967999999999
542.954399999999
535.967999999999
535.967999999999
535.967999999999
535.967999999999
535.967999999999
535.967999999999
535.967999999999
535.967999999999
535.967999999999
535.967999999999
535.967999999999
535.967999999999
535.967999999999
535.967999999999
535.967999999999
535.967999999999
535.967999999999
535.967999999999
535.967999999999
