2256.798600000002
2485.178400000001
2355.767400000001
2199.9362000000006
2110.4648000000016
2265.289200000002
2025.4152000000015
2017.1004000000014
2094.6166000000026
1909.5662000000027
1927.7462000000023
1900.387600000002
1836.0464000000024
1975.4878000000022
1787.1050000000023
1828.5918000000036
1793.0622000000026
1517.0884000000024
1527.786200000002
1306.2656000000038
1425.0612000000021
1592.0998000000036
1468.2960000000028
1611.0962000000027
1500.777000000003
1373.4302000000032
1291.5180000000032
1375.581200000003
1331.7568000000028
1069.5792000000026
1280.4960000000024
1192.1208000000024
1261.905400000004
1146.3774000000028
1174.009400000003
1032.9816000000033
1086.7678000000035
1109.4280000000033
1010.7096000000029
1173.761000000003
1104.4140000000025
1137.771800000003
1043.2138000000039
999.7512000000028
1022.9926000000028
955.7658000000026
1139.3030000000026
928.0894000000025
798.9252000000017
874.2894000000022
935.7998000000031
983.3586000000028
946.6782000000038
823.518600000002
895.6408000000031
1019.7906000000023
945.369200000003
974.2762000000029
955.2672000000031
965.0056000000036
961.8126000000032
985.7730000000026
946.2386000000034
878.708200000003
896.965000000003
756.8372000000022
853.1280000000021
831.0946000000021
808.3390000000027
879.8092000000019
847.5262000000032
874.3662000000019
887.0530000000022
974.1294000000047
840.5292000000022
822.2780000000023
772.5456000000023
693.9716000000012
841.0470000000031
849.8650000000031
821.2424000000033
846.570600000003
901.7670000000026
864.7320000000032
829.006400000003
768.9278000000025
765.7258000000024
846.4912000000031
897.1850000000027
825.3044000000018
762.1728000000026
803.7618000000019
797.1744000000022
849.4328000000022
741.4934000000017
882.1816000000022
688.0674000000015
793.7472000000018
890.6386000000022
711.5904000000014
858.0476000000024
823.0704000000028
671.5212000000013
811.3294000000026
764.9714000000029
705.9038000000011
814.0920000000026
851.9068000000024
841.1754000000027
862.3090000000028
874.9794000000021
770.3792000000026
756.4294000000024
756.3062000000025
697.9034000000015
836.4032000000022
750.6178000000023
691.0120000000015
803.3256000000032
626.9426000000001
681.8414000000007
795.4406000000026
604.7148
705.2760000000014
736.0600000000015
781.3052000000032
715.7516000000011
700.7120000000009
667.3068000000004
661.8488000000009
705.6980000000019
683.0702000000015
766.0416000000021
817.701800000003
687.8334000000013
789.9058000000025
716.7506000000019
720.750000000002
689.9840000000015
724.1598000000013
810.3264000000029
783.0174000000025
677.287600000001
862.1742000000027
773.6494000000024
755.3298000000023
683.1884000000016
729.4264000000021
770.1334000000022
752.149400000001
708.7030000000016
736.3840000000024
668.6752000000009
621.7916000000004
637.9264
608.9984000000003
699.6550000000002
722.3408000000012
768.8190000000022
655.0706000000007
662.311400000001
726.0892000000024
628.4146000000002
640.9840000000004
605.8222000000001
630.1043999999999
688.4572000000012
642.8464000000004
655.7082000000005
652.2002000000008
629.0168000000002
646.4852000000004
597.3625999999996
660.7308000000002
740.1184000000018
608.8083999999999
679.7678000000013
595.3703999999993
762.6488000000014
575.2483999999997
580.1913999999997
573.6969999999998
584.2511999999997
599.8248000000001
609.0706000000002
598.2962
579.0703999999997
623.5143999999997
563.9047999999993
571.4615999999995
558.6425999999992
557.4863999999992
561.2009999999993
573.0335999999995
577.2623999999997
561.2009999999993
571.8089999999993
557.4863999999992
564.4727999999993
560.0447999999993
579.6751999999992
564.4727999999993
554.9279999999992
557.4863999999992
556.0841999999993
558.6425999999993
556.0841999999992
554.9279999999992
554.9279999999992
554.9279999999992
554.9279999999992
554.9279999999992
554.9279999999992
554.9279999999992
554.9279999999992
554.9279999999992
554.9279999999992
554.9279999999992
