Reading in data from ../common/square.input
Number of particles: 225
Number of vertices: 4
xmin -7.5 xmax 7.5
ymin -7.5 ymax 7.5
Found 225 particles with maximum number of 4 vertices
Created simulation cell 15.0 by 15.0


Starting ACO with 32 ants 8 threads  alpha=1.0 beta=2.0 evap=0.9
Step 1/1000 best energy 5922.0 ant 24 missing vert 0.0
Step 2/1000 best energy 5382.0 ant 28 missing vert 0.0
Step 3/1000 best energy 5118.0 ant 22 missing vert 0.0
Step 4/1000 best energy 4993.0 ant 13 missing vert 0.0
Step 5/1000 best energy 4019.0 ant 24 missing vert 0.0
Step 6/1000 best energy 4346.0 ant 25 missing vert 0.0
Step 7/1000 best energy 3737.0 ant 24 missing vert 0.0
Step 8/1000 best energy 3633.0 ant 21 missing vert 0.0
Step 9/1000 best energy 3399.0 ant 14 missing vert 0.0
Step 10/1000 best energy 3002.0 ant 27 missing vert 0.0
Step 11/1000 best energy 2772.0 ant 17 missing vert 0.0
Step 12/1000 best energy 2686.0 ant 8 missing vert 0.0
Step 13/1000 best energy 2691.0 ant 29 missing vert 0.0
Step 14/1000 best energy 2396.0 ant 6 missing vert 0.0
Step 15/1000 best energy 2307.0 ant 21 missing vert 0.0
Step 16/1000 best energy 2008.0 ant 3 missing vert 0.0
Step 17/1000 best energy 2061.0 ant 20 missing vert 0.0
Step 18/1000 best energy 1847.0 ant 22 missing vert 0.0
Step 19/1000 best energy 1695.0 ant 18 missing vert 0.0
Step 20/1000 best energy 1645.0 ant 18 missing vert 0.0
Step 21/1000 best energy 1615.0 ant 27 missing vert 0.0
Step 22/1000 best energy 1477.0 ant 7 missing vert 0.0
Step 23/1000 best energy 1564.0 ant 16 missing vert 0.0
Step 24/1000 best energy 1418.0 ant 21 missing vert 0.0
Step 25/1000 best energy 1308.0 ant 21 missing vert 0.0
Step 26/1000 best energy 1386.0 ant 7 missing vert 0.0
Step 27/1000 best energy 1270.0 ant 7 missing vert 0.0
Step 28/1000 best energy 1137.0 ant 5 missing vert 0.0
Step 29/1000 best energy 1267.0 ant 21 missing vert 0.0
Step 30/1000 best energy 1109.0 ant 8 missing vert 0.0
Step 31/1000 best energy 1178.0 ant 5 missing vert 0.0
Step 32/1000 best energy 1146.0 ant 11 missing vert 0.0
Step 33/1000 best energy 1091.0 ant 29 missing vert 0.0
Step 34/1000 best energy 973.0 ant 6 missing vert 0.0
Step 35/1000 best energy 1021.0 ant 8 missing vert 0.0
Step 36/1000 best energy 1020.0 ant 13 missing vert 0.0
Step 37/1000 best energy 1018.0 ant 4 missing vert 0.0
Step 38/1000 best energy 1010.0 ant 17 missing vert 0.0
Step 39/1000 best energy 1006.0 ant 9 missing vert 0.0
Step 40/1000 best energy 917.0 ant 13 missing vert 0.0
Step 41/1000 best energy 859.0 ant 4 missing vert 0.0
Step 42/1000 best energy 871.0 ant 21 missing vert 0.0
Step 43/1000 best energy 915.0 ant 6 missing vert 0.0
Step 44/1000 best energy 824.0 ant 15 missing vert 0.0
Step 45/1000 best energy 822.0 ant 31 missing vert 0.0
Step 46/1000 best energy 866.0 ant 10 missing vert 0.0
Step 47/1000 best energy 903.0 ant 26 missing vert 0.0
Step 48/1000 best energy 918.0 ant 0 missing vert 0.0
Step 49/1000 best energy 829.0 ant 11 missing vert 0.0
Step 50/1000 best energy 845.0 ant 15 missing vert 0.0
Step 51/1000 best energy 877.0 ant 10 missing vert 0.0
Step 52/1000 best energy 890.0 ant 27 missing vert 0.0
Step 53/1000 best energy 825.0 ant 11 missing vert 0.0
Step 54/1000 best energy 805.0 ant 12 missing vert 0.0
Step 55/1000 best energy 842.0 ant 12 missing vert 0.0
Step 56/1000 best energy 755.0 ant 29 missing vert 0.0
Step 57/1000 best energy 802.0 ant 0 missing vert 0.0
Step 58/1000 best energy 844.0 ant 11 missing vert 0.0
Step 59/1000 best energy 743.0 ant 13 missing vert 0.0
Step 60/1000 best energy 799.0 ant 3 missing vert 0.0
Step 61/1000 best energy 756.0 ant 29 missing vert 0.0
Step 62/1000 best energy 753.0 ant 24 missing vert 0.0
Step 63/1000 best energy 895.0 ant 31 missing vert 0.0
Step 64/1000 best energy 863.0 ant 3 missing vert 0.0
Step 65/1000 best energy 864.0 ant 11 missing vert 0.0
Step 66/1000 best energy 803.0 ant 3 missing vert 0.0
Step 67/1000 best energy 818.0 ant 21 missing vert 0.0
Step 68/1000 best energy 740.0 ant 2 missing vert 0.0
Step 69/1000 best energy 780.0 ant 17 missing vert 0.0
Step 70/1000 best energy 837.0 ant 8 missing vert 0.0
Step 71/1000 best energy 744.0 ant 18 missing vert 0.0
Step 72/1000 best energy 818.0 ant 14 missing vert 0.0
Step 73/1000 best energy 834.0 ant 31 missing vert 0.0
Step 74/1000 best energy 746.0 ant 30 missing vert 0.0
Step 75/1000 best energy 785.0 ant 22 missing vert 0.0
Step 76/1000 best energy 791.0 ant 16 missing vert 0.0
Step 77/1000 best energy 798.0 ant 26 missing vert 0.0
Step 78/1000 best energy 677.0 ant 24 missing vert 0.0
Step 79/1000 best energy 791.0 ant 8 missing vert 0.0
Step 80/1000 best energy 750.0 ant 28 missing vert 0.0
Step 81/1000 best energy 775.0 ant 9 missing vert 0.0
Step 82/1000 best energy 809.0 ant 8 missing vert 0.0
Step 83/1000 best energy 754.0 ant 2 missing vert 0.0
Step 84/1000 best energy 781.0 ant 0 missing vert 0.0
Step 85/1000 best energy 784.0 ant 28 missing vert 0.0
Step 86/1000 best energy 815.0 ant 23 missing vert 0.0
Step 87/1000 best energy 681.0 ant 22 missing vert 0.0
Step 88/1000 best energy 754.0 ant 14 missing vert 0.0
Step 89/1000 best energy 743.0 ant 6 missing vert 0.0
Step 90/1000 best energy 763.0 ant 29 missing vert 0.0
Step 91/1000 best energy 811.0 ant 23 missing vert 0.0
Step 92/1000 best energy 751.0 ant 0 missing vert 0.0
Step 93/1000 best energy 812.0 ant 15 missing vert 0.0
Step 94/1000 best energy 722.0 ant 26 missing vert 0.0
Step 95/1000 best energy 748.0 ant 3 missing vert 0.0
Step 96/1000 best energy 795.0 ant 25 missing vert 0.0
Step 97/1000 best energy 643.0 ant 2 missing vert 0.0
Step 98/1000 best energy 753.0 ant 14 missing vert 0.0
Step 99/1000 best energy 737.0 ant 4 missing vert 0.0
Step 100/1000 best energy 824.0 ant 11 missing vert 0.0
Step 101/1000 best energy 723.0 ant 5 missing vert 0.0
Step 102/1000 best energy 724.0 ant 11 missing vert 0.0
Step 103/1000 best energy 781.0 ant 31 missing vert 0.0
Step 104/1000 best energy 773.0 ant 14 missing vert 0.0
Step 105/1000 best energy 740.0 ant 0 missing vert 0.0
Step 106/1000 best energy 676.0 ant 12 missing vert 0.0
Step 107/1000 best energy 699.0 ant 19 missing vert 0.0
Step 108/1000 best energy 704.0 ant 27 missing vert 0.0
Step 109/1000 best energy 704.0 ant 25 missing vert 0.0
Step 110/1000 best energy 680.0 ant 20 missing vert 0.0
Step 111/1000 best energy 746.0 ant 16 missing vert 0.0
Step 112/1000 best energy 751.0 ant 19 missing vert 0.0
Step 113/1000 best energy 753.0 ant 27 missing vert 0.0
Step 114/1000 best energy 728.0 ant 27 missing vert 0.0
Step 115/1000 best energy 673.0 ant 12 missing vert 0.0
Step 116/1000 best energy 701.0 ant 0 missing vert 0.0
Step 117/1000 best energy 721.0 ant 2 missing vert 0.0
Step 118/1000 best energy 775.0 ant 8 missing vert 0.0
Step 119/1000 best energy 647.0 ant 5 missing vert 0.0
Step 120/1000 best energy 739.0 ant 26 missing vert 0.0
Step 121/1000 best energy 724.0 ant 30 missing vert 0.0
Step 122/1000 best energy 746.0 ant 12 missing vert 0.0
Step 123/1000 best energy 702.0 ant 27 missing vert 0.0
Step 124/1000 best energy 754.0 ant 27 missing vert 0.0
Step 125/1000 best energy 709.0 ant 19 missing vert 0.0
Step 126/1000 best energy 732.0 ant 0 missing vert 0.0
Step 127/1000 best energy 726.0 ant 26 missing vert 0.0
Step 128/1000 best energy 723.0 ant 26 missing vert 0.0
Step 129/1000 best energy 699.0 ant 19 missing vert 0.0
Step 130/1000 best energy 766.0 ant 9 missing vert 0.0
Step 131/1000 best energy 725.0 ant 3 missing vert 0.0
Step 132/1000 best energy 746.0 ant 2 missing vert 0.0
Step 133/1000 best energy 749.0 ant 2 missing vert 0.0
Step 134/1000 best energy 696.0 ant 9 missing vert 0.0
Step 135/1000 best energy 699.0 ant 7 missing vert 0.0
Step 136/1000 best energy 720.0 ant 12 missing vert 0.0
Step 137/1000 best energy 735.0 ant 6 missing vert 0.0
Step 138/1000 best energy 700.0 ant 8 missing vert 0.0
Step 139/1000 best energy 715.0 ant 4 missing vert 0.0
Step 140/1000 best energy 679.0 ant 13 missing vert 0.0
Step 141/1000 best energy 692.0 ant 29 missing vert 0.0
Step 142/1000 best energy 635.0 ant 29 missing vert 0.0
Step 143/1000 best energy 769.0 ant 8 missing vert 0.0
Step 144/1000 best energy 773.0 ant 19 missing vert 0.0
Step 145/1000 best energy 698.0 ant 19 missing vert 0.0
Step 146/1000 best energy 700.0 ant 28 missing vert 0.0
Step 147/1000 best energy 634.0 ant 3 missing vert 0.0
Step 148/1000 best energy 727.0 ant 13 missing vert 0.0
Step 149/1000 best energy 656.0 ant 3 missing vert 0.0
Step 150/1000 best energy 760.0 ant 23 missing vert 0.0
Step 151/1000 best energy 685.0 ant 8 missing vert 0.0
Step 152/1000 best energy 657.0 ant 7 missing vert 0.0
Step 153/1000 best energy 722.0 ant 22 missing vert 0.0
Step 154/1000 best energy 702.0 ant 30 missing vert 0.0
Step 155/1000 best energy 654.0 ant 24 missing vert 0.0
Step 156/1000 best energy 653.0 ant 30 missing vert 0.0
Step 157/1000 best energy 668.0 ant 18 missing vert 0.0
Step 158/1000 best energy 662.0 ant 16 missing vert 0.0
Step 159/1000 best energy 673.0 ant 4 missing vert 0.0
Step 160/1000 best energy 736.0 ant 15 missing vert 0.0
Step 161/1000 best energy 687.0 ant 22 missing vert 0.0
Step 162/1000 best energy 728.0 ant 5 missing vert 0.0
Step 163/1000 best energy 726.0 ant 11 missing vert 0.0
Step 164/1000 best energy 717.0 ant 9 missing vert 0.0
Step 165/1000 best energy 645.0 ant 8 missing vert 0.0
Step 166/1000 best energy 754.0 ant 17 missing vert 0.0
Step 167/1000 best energy 712.0 ant 20 missing vert 0.0
Step 168/1000 best energy 727.0 ant 18 missing vert 0.0
Step 169/1000 best energy 742.0 ant 26 missing vert 0.0
Step 170/1000 best energy 718.0 ant 11 missing vert 0.0
Step 171/1000 best energy 748.0 ant 1 missing vert 0.0
Step 172/1000 best energy 735.0 ant 1 missing vert 0.0
Step 173/1000 best energy 710.0 ant 25 missing vert 0.0
Step 174/1000 best energy 699.0 ant 27 missing vert 0.0
Step 175/1000 best energy 679.0 ant 28 missing vert 0.0
Step 176/1000 best energy 702.0 ant 13 missing vert 0.0
Step 177/1000 best energy 720.0 ant 2 missing vert 0.0
Step 178/1000 best energy 689.0 ant 5 missing vert 0.0
Step 179/1000 best energy 716.0 ant 9 missing vert 0.0
Step 180/1000 best energy 703.0 ant 1 missing vert 0.0
Step 181/1000 best energy 716.0 ant 10 missing vert 0.0
Step 182/1000 best energy 755.0 ant 12 missing vert 0.0
Step 183/1000 best energy 698.0 ant 8 missing vert 0.0
Step 184/1000 best energy 686.0 ant 27 missing vert 0.0
Step 185/1000 best energy 725.0 ant 0 missing vert 0.0
Step 186/1000 best energy 715.0 ant 18 missing vert 0.0
Step 187/1000 best energy 640.0 ant 28 missing vert 0.0
Step 188/1000 best energy 718.0 ant 16 missing vert 0.0
Step 189/1000 best energy 743.0 ant 11 missing vert 0.0
Step 190/1000 best energy 691.0 ant 19 missing vert 0.0
Step 191/1000 best energy 730.0 ant 16 missing vert 0.0
Step 192/1000 best energy 754.0 ant 9 missing vert 0.0
Step 193/1000 best energy 681.0 ant 15 missing vert 0.0
Step 194/1000 best energy 667.0 ant 3 missing vert 0.0
Step 195/1000 best energy 688.0 ant 24 missing vert 0.0
Step 196/1000 best energy 668.0 ant 0 missing vert 0.0
Step 197/1000 best energy 716.0 ant 19 missing vert 0.0
Step 198/1000 best energy 732.0 ant 7 missing vert 0.0
Step 199/1000 best energy 646.0 ant 26 missing vert 0.0
Step 200/1000 best energy 631.0 ant 12 missing vert 0.0
Step 201/1000 best energy 718.0 ant 30 missing vert 0.0
Step 202/1000 best energy 736.0 ant 0 missing vert 0.0
Step 203/1000 best energy 670.0 ant 31 missing vert 0.0
Step 204/1000 best energy 669.0 ant 14 missing vert 0.0
Step 205/1000 best energy 669.0 ant 28 missing vert 0.0
Step 206/1000 best energy 674.0 ant 1 missing vert 0.0
Step 207/1000 best energy 712.0 ant 17 missing vert 0.0
Step 208/1000 best energy 738.0 ant 31 missing vert 0.0
Step 209/1000 best energy 718.0 ant 14 missing vert 0.0
Step 210/1000 best energy 689.0 ant 1 missing vert 0.0
Step 211/1000 best energy 679.0 ant 4 missing vert 0.0
Step 212/1000 best energy 681.0 ant 3 missing vert 0.0
Step 213/1000 best energy 707.0 ant 29 missing vert 0.0
Step 214/1000 best energy 740.0 ant 18 missing vert 0.0
Step 215/1000 best energy 758.0 ant 11 missing vert 0.0
Step 216/1000 best energy 723.0 ant 16 missing vert 0.0
Step 217/1000 best energy 704.0 ant 31 missing vert 0.0
Step 218/1000 best energy 761.0 ant 20 missing vert 0.0
Step 219/1000 best energy 739.0 ant 24 missing vert 0.0
Step 220/1000 best energy 728.0 ant 28 missing vert 0.0
Step 221/1000 best energy 715.0 ant 0 missing vert 0.0
Step 222/1000 best energy 707.0 ant 11 missing vert 0.0
Step 223/1000 best energy 701.0 ant 15 missing vert 0.0
Step 224/1000 best energy 758.0 ant 5 missing vert 0.0
Step 225/1000 best energy 756.0 ant 4 missing vert 0.0
Step 226/1000 best energy 677.0 ant 12 missing vert 0.0
Step 227/1000 best energy 705.0 ant 14 missing vert 0.0
Step 228/1000 best energy 694.0 ant 20 missing vert 0.0
Step 229/1000 best energy 720.0 ant 16 missing vert 0.0
Step 230/1000 best energy 703.0 ant 22 missing vert 0.0
Step 231/1000 best energy 806.0 ant 31 missing vert 0.0
Step 232/1000 best energy 713.0 ant 25 missing vert 0.0
Step 233/1000 best energy 716.0 ant 16 missing vert 0.0
Step 234/1000 best energy 762.0 ant 24 missing vert 0.0
Step 235/1000 best energy 748.0 ant 12 missing vert 0.0
Step 236/1000 best energy 699.0 ant 18 missing vert 0.0
Step 237/1000 best energy 762.0 ant 16 missing vert 0.0
Step 238/1000 best energy 633.0 ant 21 missing vert 0.0
Step 239/1000 best energy 679.0 ant 22 missing vert 0.0
Step 240/1000 best energy 712.0 ant 22 missing vert 0.0
Step 241/1000 best energy 691.0 ant 21 missing vert 0.0
Step 242/1000 best energy 748.0 ant 27 missing vert 0.0
Step 243/1000 best energy 679.0 ant 27 missing vert 0.0
Step 244/1000 best energy 674.0 ant 27 missing vert 0.0
Step 245/1000 best energy 775.0 ant 30 missing vert 0.0
Step 246/1000 best energy 669.0 ant 21 missing vert 0.0
Step 247/1000 best energy 721.0 ant 14 missing vert 0.0
Step 248/1000 best energy 715.0 ant 20 missing vert 0.0
Step 249/1000 best energy 697.0 ant 4 missing vert 0.0
Step 250/1000 best energy 716.0 ant 13 missing vert 0.0
Step 251/1000 best energy 652.0 ant 28 missing vert 0.0
Step 252/1000 best energy 767.0 ant 26 missing vert 0.0
Step 253/1000 best energy 710.0 ant 17 missing vert 0.0
Step 254/1000 best energy 698.0 ant 7 missing vert 0.0
Step 255/1000 best energy 714.0 ant 4 missing vert 0.0
Step 256/1000 best energy 683.0 ant 2 missing vert 0.0
Step 257/1000 best energy 704.0 ant 17 missing vert 0.0
Step 258/1000 best energy 709.0 ant 13 missing vert 0.0
Step 259/1000 best energy 661.0 ant 24 missing vert 0.0
Step 260/1000 best energy 730.0 ant 24 missing vert 0.0
Step 261/1000 best energy 727.0 ant 28 missing vert 0.0
Step 262/1000 best energy 713.0 ant 26 missing vert 0.0
Step 263/1000 best energy 670.0 ant 0 missing vert 0.0
Step 264/1000 best energy 693.0 ant 10 missing vert 0.0
Step 265/1000 best energy 640.0 ant 13 missing vert 0.0
Step 266/1000 best energy 660.0 ant 18 missing vert 0.0
Step 267/1000 best energy 678.0 ant 22 missing vert 0.0
Step 268/1000 best energy 685.0 ant 17 missing vert 0.0
Step 269/1000 best energy 639.0 ant 30 missing vert 0.0
Step 270/1000 best energy 686.0 ant 2 missing vert 0.0
Step 271/1000 best energy 672.0 ant 14 missing vert 0.0
Step 272/1000 best energy 626.0 ant 10 missing vert 0.0
Step 273/1000 best energy 683.0 ant 7 missing vert 0.0
Step 274/1000 best energy 687.0 ant 29 missing vert 0.0
Step 275/1000 best energy 715.0 ant 24 missing vert 0.0
Step 276/1000 best energy 715.0 ant 27 missing vert 0.0
Step 277/1000 best energy 673.0 ant 4 missing vert 0.0
Step 278/1000 best energy 679.0 ant 26 missing vert 0.0
Step 279/1000 best energy 703.0 ant 30 missing vert 0.0
Step 280/1000 best energy 666.0 ant 24 missing vert 0.0
Step 281/1000 best energy 631.0 ant 15 missing vert 0.0
Step 282/1000 best energy 740.0 ant 16 missing vert 0.0
Step 283/1000 best energy 758.0 ant 12 missing vert 0.0
Step 284/1000 best energy 711.0 ant 4 missing vert 0.0
Step 285/1000 best energy 698.0 ant 21 missing vert 0.0
Step 286/1000 best energy 672.0 ant 1 missing vert 0.0
Step 287/1000 best energy 641.0 ant 26 missing vert 0.0
Step 288/1000 best energy 579.0 ant 31 missing vert 0.0
Step 289/1000 best energy 673.0 ant 18 missing vert 0.0
Step 290/1000 best energy 702.0 ant 13 missing vert 0.0
Step 291/1000 best energy 660.0 ant 27 missing vert 0.0
Step 292/1000 best energy 689.0 ant 3 missing vert 0.0
Step 293/1000 best energy 700.0 ant 0 missing vert 0.0
Step 294/1000 best energy 646.0 ant 29 missing vert 0.0
Step 295/1000 best energy 658.0 ant 2 missing vert 0.0
Step 296/1000 best energy 651.0 ant 28 missing vert 0.0
Step 297/1000 best energy 604.0 ant 7 missing vert 0.0
Step 298/1000 best energy 668.0 ant 17 missing vert 0.0
Step 299/1000 best energy 687.0 ant 9 missing vert 0.0
Step 300/1000 best energy 695.0 ant 15 missing vert 0.0
Step 301/1000 best energy 673.0 ant 6 missing vert 0.0
Step 302/1000 best energy 719.0 ant 6 missing vert 0.0
Step 303/1000 best energy 638.0 ant 19 missing vert 0.0
Step 304/1000 best energy 715.0 ant 19 missing vert 0.0
Step 305/1000 best energy 700.0 ant 26 missing vert 0.0
Step 306/1000 best energy 703.0 ant 24 missing vert 0.0
Step 307/1000 best energy 630.0 ant 13 missing vert 0.0
Step 308/1000 best energy 708.0 ant 26 missing vert 0.0
Step 309/1000 best energy 713.0 ant 31 missing vert 0.0
Step 310/1000 best energy 689.0 ant 7 missing vert 0.0
Step 311/1000 best energy 677.0 ant 25 missing vert 0.0
Step 312/1000 best energy 689.0 ant 3 missing vert 0.0
Step 313/1000 best energy 712.0 ant 10 missing vert 0.0
Step 314/1000 best energy 663.0 ant 11 missing vert 0.0
Step 315/1000 best energy 741.0 ant 16 missing vert 0.0
Step 316/1000 best energy 665.0 ant 0 missing vert 0.0
Step 317/1000 best energy 712.0 ant 31 missing vert 0.0
Step 318/1000 best energy 688.0 ant 4 missing vert 0.0
Step 319/1000 best energy 598.0 ant 7 missing vert 0.0
Step 320/1000 best energy 661.0 ant 7 missing vert 0.0
Step 321/1000 best energy 721.0 ant 7 missing vert 0.0
Step 322/1000 best energy 739.0 ant 28 missing vert 0.0
Step 323/1000 best energy 656.0 ant 10 missing vert 0.0
Step 324/1000 best energy 663.0 ant 5 missing vert 0.0
Step 325/1000 best energy 701.0 ant 20 missing vert 0.0
Step 326/1000 best energy 723.0 ant 12 missing vert 0.0
Step 327/1000 best energy 658.0 ant 7 missing vert 0.0
Step 328/1000 best energy 647.0 ant 3 missing vert 0.0
Step 329/1000 best energy 712.0 ant 2 missing vert 0.0
Step 330/1000 best energy 691.0 ant 4 missing vert 0.0
Step 331/1000 best energy 645.0 ant 8 missing vert 0.0
Step 332/1000 best energy 637.0 ant 0 missing vert 0.0
Step 333/1000 best energy 686.0 ant 30 missing vert 0.0
Step 334/1000 best energy 696.0 ant 29 missing vert 0.0
Step 335/1000 best energy 634.0 ant 25 missing vert 0.0
Step 336/1000 best energy 617.0 ant 7 missing vert 0.0
Step 337/1000 best energy 640.0 ant 22 missing vert 0.0
Step 338/1000 best energy 710.0 ant 25 missing vert 0.0
Step 339/1000 best energy 646.0 ant 6 missing vert 0.0
Step 340/1000 best energy 703.0 ant 20 missing vert 0.0
Step 341/1000 best energy 682.0 ant 12 missing vert 0.0
Step 342/1000 best energy 714.0 ant 20 missing vert 0.0
Step 343/1000 best energy 659.0 ant 9 missing vert 0.0
Step 344/1000 best energy 643.0 ant 31 missing vert 0.0
Step 345/1000 best energy 644.0 ant 14 missing vert 0.0
Step 346/1000 best energy 673.0 ant 16 missing vert 0.0
Step 347/1000 best energy 704.0 ant 6 missing vert 0.0
Step 348/1000 best energy 677.0 ant 27 missing vert 0.0
Step 349/1000 best energy 703.0 ant 21 missing vert 0.0
Step 350/1000 best energy 631.0 ant 28 missing vert 0.0
Step 351/1000 best energy 651.0 ant 12 missing vert 0.0
Step 352/1000 best energy 719.0 ant 6 missing vert 0.0
Step 353/1000 best energy 671.0 ant 23 missing vert 0.0
Step 354/1000 best energy 651.0 ant 24 missing vert 0.0
Step 355/1000 best energy 661.0 ant 14 missing vert 0.0
Step 356/1000 best energy 690.0 ant 8 missing vert 0.0
Step 357/1000 best energy 672.0 ant 11 missing vert 0.0
Step 358/1000 best energy 691.0 ant 16 missing vert 0.0
Step 359/1000 best energy 711.0 ant 4 missing vert 0.0
Step 360/1000 best energy 644.0 ant 20 missing vert 0.0
Step 361/1000 best energy 655.0 ant 8 missing vert 0.0
Step 362/1000 best energy 590.0 ant 16 missing vert 0.0
Step 363/1000 best energy 713.0 ant 30 missing vert 0.0
Step 364/1000 best energy 649.0 ant 22 missing vert 0.0
Step 365/1000 best energy 709.0 ant 29 missing vert 0.0
Step 366/1000 best energy 611.0 ant 1 missing vert 0.0
Step 367/1000 best energy 687.0 ant 18 missing vert 0.0
Step 368/1000 best energy 663.0 ant 14 missing vert 0.0
Step 369/1000 best energy 679.0 ant 25 missing vert 0.0
Step 370/1000 best energy 658.0 ant 14 missing vert 0.0
Step 371/1000 best energy 706.0 ant 24 missing vert 0.0
Step 372/1000 best energy 684.0 ant 16 missing vert 0.0
Step 373/1000 best energy 673.0 ant 17 missing vert 0.0
Step 374/1000 best energy 710.0 ant 13 missing vert 0.0
Step 375/1000 best energy 665.0 ant 4 missing vert 0.0
Step 376/1000 best energy 688.0 ant 29 missing vert 0.0
Step 377/1000 best energy 672.0 ant 4 missing vert 0.0
Step 378/1000 best energy 622.0 ant 25 missing vert 0.0
Step 379/1000 best energy 697.0 ant 10 missing vert 0.0
Step 380/1000 best energy 678.0 ant 29 missing vert 0.0
Step 381/1000 best energy 673.0 ant 18 missing vert 0.0
Step 382/1000 best energy 657.0 ant 19 missing vert 0.0
Step 383/1000 best energy 661.0 ant 4 missing vert 0.0
Step 384/1000 best energy 608.0 ant 16 missing vert 0.0
Step 385/1000 best energy 671.0 ant 25 missing vert 0.0
Step 386/1000 best energy 725.0 ant 21 missing vert 0.0
Step 387/1000 best energy 682.0 ant 31 missing vert 0.0
Step 388/1000 best energy 674.0 ant 22 missing vert 0.0
Step 389/1000 best energy 724.0 ant 7 missing vert 0.0
Step 390/1000 best energy 649.0 ant 18 missing vert 0.0
Step 391/1000 best energy 645.0 ant 16 missing vert 0.0
Step 392/1000 best energy 670.0 ant 3 missing vert 0.0
Step 393/1000 best energy 686.0 ant 25 missing vert 0.0
Step 394/1000 best energy 581.0 ant 16 missing vert 0.0
Step 395/1000 best energy 651.0 ant 4 missing vert 0.0
Step 396/1000 best energy 713.0 ant 17 missing vert 0.0
Step 397/1000 best energy 637.0 ant 25 missing vert 0.0
Step 398/1000 best energy 634.0 ant 19 missing vert 0.0
Step 399/1000 best energy 678.0 ant 23 missing vert 0.0
Step 400/1000 best energy 663.0 ant 21 missing vert 0.0
Step 401/1000 best energy 601.0 ant 4 missing vert 0.0
Step 402/1000 best energy 736.0 ant 2 missing vert 0.0
Step 403/1000 best energy 633.0 ant 0 missing vert 0.0
Step 404/1000 best energy 686.0 ant 3 missing vert 0.0
Step 405/1000 best energy 704.0 ant 24 missing vert 0.0
Step 406/1000 best energy 609.0 ant 16 missing vert 0.0
Step 407/1000 best energy 593.0 ant 26 missing vert 0.0
Step 408/1000 best energy 675.0 ant 17 missing vert 0.0
Step 409/1000 best energy 609.0 ant 13 missing vert 0.0
Step 410/1000 best energy 617.0 ant 24 missing vert 0.0
Step 411/1000 best energy 619.0 ant 18 missing vert 0.0
Step 412/1000 best energy 664.0 ant 9 missing vert 0.0
Step 413/1000 best energy 665.0 ant 2 missing vert 0.0
Step 414/1000 best energy 654.0 ant 19 missing vert 0.0
Step 415/1000 best energy 610.0 ant 16 missing vert 0.0
Step 416/1000 best energy 635.0 ant 18 missing vert 0.0
Step 417/1000 best energy 664.0 ant 7 missing vert 0.0
Step 418/1000 best energy 672.0 ant 7 missing vert 0.0
Step 419/1000 best energy 647.0 ant 19 missing vert 0.0
Step 420/1000 best energy 647.0 ant 13 missing vert 0.0
Step 421/1000 best energy 626.0 ant 0 missing vert 0.0
Step 422/1000 best energy 616.0 ant 10 missing vert 0.0
Step 423/1000 best energy 625.0 ant 10 missing vert 0.0
Step 424/1000 best energy 615.0 ant 1 missing vert 0.0
Step 425/1000 best energy 621.0 ant 4 missing vert 0.0
Step 426/1000 best energy 684.0 ant 31 missing vert 0.0
Step 427/1000 best energy 588.0 ant 22 missing vert 0.0
Step 428/1000 best energy 672.0 ant 7 missing vert 0.0
Step 429/1000 best energy 623.0 ant 11 missing vert 0.0
Step 430/1000 best energy 624.0 ant 18 missing vert 0.0
Step 431/1000 best energy 696.0 ant 19 missing vert 0.0
Step 432/1000 best energy 584.0 ant 2 missing vert 0.0
Step 433/1000 best energy 601.0 ant 16 missing vert 0.0
Step 434/1000 best energy 657.0 ant 23 missing vert 0.0
Step 435/1000 best energy 634.0 ant 10 missing vert 0.0
Step 436/1000 best energy 630.0 ant 10 missing vert 0.0
Step 437/1000 best energy 643.0 ant 23 missing vert 0.0
Step 438/1000 best energy 636.0 ant 31 missing vert 0.0
Step 439/1000 best energy 615.0 ant 5 missing vert 0.0
Step 440/1000 best energy 608.0 ant 17 missing vert 0.0
Step 441/1000 best energy 622.0 ant 30 missing vert 0.0
Step 442/1000 best energy 585.0 ant 5 missing vert 0.0
Step 443/1000 best energy 622.0 ant 9 missing vert 0.0
Step 444/1000 best energy 635.0 ant 4 missing vert 0.0
Step 445/1000 best energy 662.0 ant 6 missing vert 0.0
Step 446/1000 best energy 609.0 ant 2 missing vert 0.0
Step 447/1000 best energy 572.0 ant 1 missing vert 0.0
Step 448/1000 best energy 590.0 ant 28 missing vert 0.0
Step 449/1000 best energy 649.0 ant 5 missing vert 0.0
Step 450/1000 best energy 608.0 ant 7 missing vert 0.0
Step 451/1000 best energy 621.0 ant 20 missing vert 0.0
Step 452/1000 best energy 636.0 ant 20 missing vert 0.0
Step 453/1000 best energy 619.0 ant 0 missing vert 0.0
Step 454/1000 best energy 608.0 ant 14 missing vert 0.0
Step 455/1000 best energy 640.0 ant 0 missing vert 0.0
Step 456/1000 best energy 629.0 ant 6 missing vert 0.0
Step 457/1000 best energy 617.0 ant 19 missing vert 0.0
Step 458/1000 best energy 633.0 ant 25 missing vert 0.0
Step 459/1000 best energy 577.0 ant 23 missing vert 0.0
Step 460/1000 best energy 613.0 ant 2 missing vert 0.0
Step 461/1000 best energy 635.0 ant 18 missing vert 0.0
Step 462/1000 best energy 573.0 ant 21 missing vert 0.0
Step 463/1000 best energy 608.0 ant 7 missing vert 0.0
Step 464/1000 best energy 579.0 ant 24 missing vert 0.0
Step 465/1000 best energy 569.0 ant 1 missing vert 0.0
Step 466/1000 best energy 595.0 ant 27 missing vert 0.0
Step 467/1000 best energy 624.0 ant 6 missing vert 0.0
Step 468/1000 best energy 593.0 ant 14 missing vert 0.0
Step 469/1000 best energy 611.0 ant 3 missing vert 0.0
Step 470/1000 best energy 666.0 ant 19 missing vert 0.0
Step 471/1000 best energy 581.0 ant 19 missing vert 0.0
Step 472/1000 best energy 652.0 ant 28 missing vert 0.0
Step 473/1000 best energy 593.0 ant 6 missing vert 0.0
Step 474/1000 best energy 615.0 ant 23 missing vert 0.0
Step 475/1000 best energy 575.0 ant 6 missing vert 0.0
Step 476/1000 best energy 593.0 ant 19 missing vert 0.0
Step 477/1000 best energy 597.0 ant 29 missing vert 0.0
Step 478/1000 best energy 563.0 ant 19 missing vert 0.0
Step 479/1000 best energy 611.0 ant 19 missing vert 0.0
Step 480/1000 best energy 543.0 ant 30 missing vert 0.0
Step 481/1000 best energy 590.0 ant 1 missing vert 0.0
Step 482/1000 best energy 601.0 ant 4 missing vert 0.0
Step 483/1000 best energy 609.0 ant 7 missing vert 0.0
Step 484/1000 best energy 551.0 ant 21 missing vert 0.0
Step 485/1000 best energy 641.0 ant 16 missing vert 0.0
Step 486/1000 best energy 652.0 ant 19 missing vert 0.0
Step 487/1000 best energy 570.0 ant 16 missing vert 0.0
Step 488/1000 best energy 632.0 ant 0 missing vert 0.0
Step 489/1000 best energy 564.0 ant 12 missing vert 0.0
Step 490/1000 best energy 605.0 ant 6 missing vert 0.0
Step 491/1000 best energy 600.0 ant 8 missing vert 0.0
Step 492/1000 best energy 590.0 ant 31 missing vert 0.0
Step 493/1000 best energy 625.0 ant 14 missing vert 0.0
Step 494/1000 best energy 591.0 ant 4 missing vert 0.0
Step 495/1000 best energy 608.0 ant 4 missing vert 0.0
Step 496/1000 best energy 618.0 ant 0 missing vert 0.0
Step 497/1000 best energy 514.0 ant 17 missing vert 0.0
Step 498/1000 best energy 575.0 ant 8 missing vert 0.0
Step 499/1000 best energy 552.0 ant 18 missing vert 0.0
Step 500/1000 best energy 578.0 ant 28 missing vert 0.0
Step 501/1000 best energy 544.0 ant 24 missing vert 0.0
Step 502/1000 best energy 544.0 ant 30 missing vert 0.0
Step 503/1000 best energy 579.0 ant 17 missing vert 0.0
Step 504/1000 best energy 494.0 ant 21 missing vert 0.0
Step 505/1000 best energy 544.0 ant 29 missing vert 0.0
Step 506/1000 best energy 540.0 ant 24 missing vert 0.0
Step 507/1000 best energy 526.0 ant 3 missing vert 0.0
Step 508/1000 best energy 458.0 ant 22 missing vert 0.0
Step 509/1000 best energy 550.0 ant 20 missing vert 0.0
Step 510/1000 best energy 521.0 ant 20 missing vert 0.0
Step 511/1000 best energy 506.0 ant 4 missing vert 0.0
Step 512/1000 best energy 522.0 ant 2 missing vert 0.0
Step 513/1000 best energy 514.0 ant 8 missing vert 0.0
Step 514/1000 best energy 562.0 ant 16 missing vert 0.0
Step 515/1000 best energy 570.0 ant 7 missing vert 0.0
Step 516/1000 best energy 516.0 ant 23 missing vert 0.0
Step 517/1000 best energy 542.0 ant 28 missing vert 0.0
Step 518/1000 best energy 500.0 ant 18 missing vert 0.0
Step 519/1000 best energy 486.0 ant 22 missing vert 0.0
Step 520/1000 best energy 514.0 ant 11 missing vert 0.0
Step 521/1000 best energy 553.0 ant 31 missing vert 0.0
Step 522/1000 best energy 548.0 ant 27 missing vert 0.0
Step 523/1000 best energy 520.0 ant 4 missing vert 0.0
Step 524/1000 best energy 534.0 ant 20 missing vert 0.0
Step 525/1000 best energy 538.0 ant 23 missing vert 0.0
Step 526/1000 best energy 532.0 ant 10 missing vert 0.0
Step 527/1000 best energy 472.0 ant 7 missing vert 0.0
Step 528/1000 best energy 488.0 ant 12 missing vert 0.0
Step 529/1000 best energy 530.0 ant 25 missing vert 0.0
Step 530/1000 best energy 484.0 ant 26 missing vert 0.0
Step 531/1000 best energy 480.0 ant 8 missing vert 0.0
Step 532/1000 best energy 486.0 ant 13 missing vert 0.0
Step 533/1000 best energy 516.0 ant 26 missing vert 0.0
Step 534/1000 best energy 462.0 ant 22 missing vert 0.0
Step 535/1000 best energy 484.0 ant 21 missing vert 0.0
Step 536/1000 best energy 500.0 ant 2 missing vert 0.0
Step 537/1000 best energy 484.0 ant 11 missing vert 0.0
Step 538/1000 best energy 476.0 ant 29 missing vert 0.0
Step 539/1000 best energy 482.0 ant 2 missing vert 0.0
Step 540/1000 best energy 470.0 ant 22 missing vert 0.0
Step 541/1000 best energy 472.0 ant 19 missing vert 0.0
Step 542/1000 best energy 476.0 ant 11 missing vert 0.0
Step 543/1000 best energy 468.0 ant 14 missing vert 0.0
Step 544/1000 best energy 500.0 ant 28 missing vert 0.0
Step 545/1000 best energy 474.0 ant 4 missing vert 0.0
Step 546/1000 best energy 480.0 ant 4 missing vert 0.0
Step 547/1000 best energy 470.0 ant 20 missing vert 0.0
Step 548/1000 best energy 468.0 ant 15 missing vert 0.0
Step 549/1000 best energy 506.0 ant 10 missing vert 0.0
Step 550/1000 best energy 464.0 ant 12 missing vert 0.0
Step 551/1000 best energy 478.0 ant 3 missing vert 0.0
Step 552/1000 best energy 490.0 ant 4 missing vert 0.0
Step 553/1000 best energy 482.0 ant 28 missing vert 0.0
Step 554/1000 best energy 498.0 ant 7 missing vert 0.0
Step 555/1000 best energy 470.0 ant 31 missing vert 0.0
Step 556/1000 best energy 488.0 ant 19 missing vert 0.0
Step 557/1000 best energy 458.0 ant 26 missing vert 0.0
Step 558/1000 best energy 462.0 ant 13 missing vert 0.0
Step 559/1000 best energy 464.0 ant 21 missing vert 0.0
Step 560/1000 best energy 466.0 ant 21 missing vert 0.0
Step 561/1000 best energy 482.0 ant 31 missing vert 0.0
Step 562/1000 best energy 466.0 ant 22 missing vert 0.0
Step 563/1000 best energy 462.0 ant 25 missing vert 0.0
Step 564/1000 best energy 468.0 ant 14 missing vert 0.0
Step 565/1000 best energy 464.0 ant 24 missing vert 0.0
Step 566/1000 best energy 460.0 ant 20 missing vert 0.0
Step 567/1000 best energy 466.0 ant 18 missing vert 0.0
Step 568/1000 best energy 470.0 ant 27 missing vert 0.0
Step 569/1000 best energy 462.0 ant 0 missing vert 0.0
Step 570/1000 best energy 460.0 ant 15 missing vert 0.0
Step 571/1000 best energy 460.0 ant 29 missing vert 0.0
Step 572/1000 best energy 456.0 ant 11 missing vert 0.0
Step 573/1000 best energy 468.0 ant 15 missing vert 0.0
Step 574/1000 best energy 466.0 ant 12 missing vert 0.0
Step 575/1000 best energy 466.0 ant 15 missing vert 0.0
Step 576/1000 best energy 482.0 ant 6 missing vert 0.0
Step 577/1000 best energy 458.0 ant 28 missing vert 0.0
Step 578/1000 best energy 460.0 ant 29 missing vert 0.0
Step 579/1000 best energy 460.0 ant 30 missing vert 0.0
Step 580/1000 best energy 458.0 ant 19 missing vert 0.0
Step 581/1000 best energy 460.0 ant 12 missing vert 0.0
Step 582/1000 best energy 464.0 ant 25 missing vert 0.0
Step 583/1000 best energy 460.0 ant 4 missing vert 0.0
Step 584/1000 best energy 460.0 ant 5 missing vert 0.0
Step 585/1000 best energy 464.0 ant 9 missing vert 0.0
Step 586/1000 best energy 466.0 ant 23 missing vert 0.0
Step 587/1000 best energy 460.0 ant 18 missing vert 0.0
Step 588/1000 best energy 466.0 ant 27 missing vert 0.0
Step 589/1000 best energy 460.0 ant 0 missing vert 0.0
Step 590/1000 best energy 458.0 ant 17 missing vert 0.0
Step 591/1000 best energy 464.0 ant 8 missing vert 0.0
Step 592/1000 best energy 456.0 ant 6 missing vert 0.0
Step 593/1000 best energy 460.0 ant 2 missing vert 0.0
Step 594/1000 best energy 458.0 ant 23 missing vert 0.0
Step 595/1000 best energy 456.0 ant 26 missing vert 0.0
Step 596/1000 best energy 456.0 ant 24 missing vert 0.0
Step 597/1000 best energy 460.0 ant 4 missing vert 0.0
Step 598/1000 best energy 454.0 ant 7 missing vert 0.0
Step 599/1000 best energy 456.0 ant 6 missing vert 0.0
Step 600/1000 best energy 456.0 ant 10 missing vert 0.0
Step 601/1000 best energy 460.0 ant 26 missing vert 0.0
Step 602/1000 best energy 456.0 ant 12 missing vert 0.0
Step 603/1000 best energy 454.0 ant 28 missing vert 0.0
Step 604/1000 best energy 456.0 ant 25 missing vert 0.0
Step 605/1000 best energy 456.0 ant 1 missing vert 0.0
Step 606/1000 best energy 456.0 ant 5 missing vert 0.0
Step 607/1000 best energy 460.0 ant 7 missing vert 0.0
Step 608/1000 best energy 458.0 ant 18 missing vert 0.0
Step 609/1000 best energy 456.0 ant 22 missing vert 0.0
Step 610/1000 best energy 460.0 ant 12 missing vert 0.0
Step 611/1000 best energy 456.0 ant 12 missing vert 0.0
Step 612/1000 best energy 458.0 ant 0 missing vert 0.0
Step 613/1000 best energy 456.0 ant 4 missing vert 0.0
Step 614/1000 best energy 454.0 ant 1 missing vert 0.0
Step 615/1000 best energy 454.0 ant 3 missing vert 0.0
Step 616/1000 best energy 452.0 ant 22 missing vert 0.0
Step 617/1000 best energy 456.0 ant 17 missing vert 0.0
Step 618/1000 best energy 454.0 ant 14 missing vert 0.0
Step 619/1000 best energy 452.0 ant 7 missing vert 0.0
Step 620/1000 best energy 452.0 ant 26 missing vert 0.0
Step 621/1000 best energy 452.0 ant 7 missing vert 0.0
Step 622/1000 best energy 454.0 ant 0 missing vert 0.0
Step 623/1000 best energy 452.0 ant 21 missing vert 0.0
Step 624/1000 best energy 452.0 ant 7 missing vert 0.0
Step 625/1000 best energy 452.0 ant 1 missing vert 0.0
Step 626/1000 best energy 452.0 ant 0 missing vert 0.0
Step 627/1000 best energy 452.0 ant 7 missing vert 0.0
Step 628/1000 best energy 452.0 ant 4 missing vert 0.0
Step 629/1000 best energy 452.0 ant 9 missing vert 0.0
Step 630/1000 best energy 452.0 ant 5 missing vert 0.0
Step 631/1000 best energy 452.0 ant 2 missing vert 0.0
Step 632/1000 best energy 452.0 ant 0 missing vert 0.0
Step 633/1000 best energy 452.0 ant 0 missing vert 0.0
Step 634/1000 best energy 452.0 ant 2 missing vert 0.0
Step 635/1000 best energy 452.0 ant 0 missing vert 0.0
Step 636/1000 best energy 452.0 ant 1 missing vert 0.0
Step 637/1000 best energy 452.0 ant 0 missing vert 0.0
Step 638/1000 best energy 452.0 ant 1 missing vert 0.0
Step 639/1000 best energy 452.0 ant 0 missing vert 0.0
Step 640/1000 best energy 452.0 ant 0 missing vert 0.0
Step 641/1000 best energy 452.0 ant 1 missing vert 0.0
Step 642/1000 best energy 452.0 ant 0 missing vert 0.0
Step 643/1000 best energy 452.0 ant 0 missing vert 0.0
Step 644/1000 best energy 452.0 ant 0 missing vert 0.0
Step 645/1000 best energy 452.0 ant 1 missing vert 0.0
Step 646/1000 best energy 452.0 ant 0 missing vert 0.0
Step 647/1000 best energy 452.0 ant 0 missing vert 0.0
Step 648/1000 best energy 452.0 ant 0 missing vert 0.0
Step 649/1000 best energy 452.0 ant 0 missing vert 0.0
Step 650/1000 best energy 452.0 ant 0 missing vert 0.0
Step 651/1000 best energy 452.0 ant 0 missing vert 0.0
Step 652/1000 best energy 452.0 ant 0 missing vert 0.0
Step 653/1000 best energy 452.0 ant 0 missing vert 0.0
Step 654/1000 best energy 452.0 ant 0 missing vert 0.0
Step 655/1000 best energy 452.0 ant 0 missing vert 0.0
Step 656/1000 best energy 452.0 ant 0 missing vert 0.0
Step 657/1000 best energy 452.0 ant 0 missing vert 0.0
Step 658/1000 best energy 452.0 ant 0 missing vert 0.0
Step 659/1000 best energy 452.0 ant 0 missing vert 0.0
Step 660/1000 best energy 452.0 ant 0 missing vert 0.0
Step 661/1000 best energy 452.0 ant 0 missing vert 0.0
Step 662/1000 best energy 452.0 ant 0 missing vert 0.0
Step 663/1000 best energy 452.0 ant 0 missing vert 0.0
Step 664/1000 best energy 452.0 ant 0 missing vert 0.0
Step 665/1000 best energy 452.0 ant 0 missing vert 0.0
Step 666/1000 best energy 452.0 ant 0 missing vert 0.0
Step 667/1000 best energy 452.0 ant 0 missing vert 0.0
Step 668/1000 best energy 452.0 ant 0 missing vert 0.0
Step 669/1000 best energy 452.0 ant 0 missing vert 0.0
Step 670/1000 best energy 452.0 ant 0 missing vert 0.0
Step 671/1000 best energy 452.0 ant 0 missing vert 0.0
Step 672/1000 best energy 452.0 ant 0 missing vert 0.0
Step 673/1000 best energy 452.0 ant 0 missing vert 0.0
Step 674/1000 best energy 452.0 ant 0 missing vert 0.0
Step 675/1000 best energy 452.0 ant 0 missing vert 0.0
Step 676/1000 best energy 452.0 ant 0 missing vert 0.0
Step 677/1000 best energy 452.0 ant 0 missing vert 0.0
Step 678/1000 best energy 452.0 ant 0 missing vert 0.0
Step 679/1000 best energy 452.0 ant 0 missing vert 0.0
Step 680/1000 best energy 452.0 ant 0 missing vert 0.0
Step 681/1000 best energy 452.0 ant 0 missing vert 0.0
Step 682/1000 best energy 452.0 ant 0 missing vert 0.0
Step 683/1000 best energy 452.0 ant 0 missing vert 0.0
Step 684/1000 best energy 452.0 ant 0 missing vert 0.0
Step 685/1000 best energy 452.0 ant 0 missing vert 0.0
Step 686/1000 best energy 452.0 ant 0 missing vert 0.0
Step 687/1000 best energy 452.0 ant 0 missing vert 0.0
Step 688/1000 best energy 452.0 ant 0 missing vert 0.0
Step 689/1000 best energy 452.0 ant 0 missing vert 0.0
Step 690/1000 best energy 452.0 ant 0 missing vert 0.0
Step 691/1000 best energy 452.0 ant 0 missing vert 0.0
Step 692/1000 best energy 452.0 ant 0 missing vert 0.0
Step 693/1000 best energy 452.0 ant 0 missing vert 0.0
Step 694/1000 best energy 452.0 ant 0 missing vert 0.0
Step 695/1000 best energy 452.0 ant 0 missing vert 0.0
Step 696/1000 best energy 452.0 ant 0 missing vert 0.0
Step 697/1000 best energy 452.0 ant 0 missing vert 0.0
Step 698/1000 best energy 452.0 ant 0 missing vert 0.0
Step 699/1000 best energy 452.0 ant 0 missing vert 0.0
Step 700/1000 best energy 452.0 ant 0 missing vert 0.0
Step 701/1000 best energy 452.0 ant 0 missing vert 0.0
Step 702/1000 best energy 452.0 ant 0 missing vert 0.0
Step 703/1000 best energy 452.0 ant 0 missing vert 0.0
Step 704/1000 best energy 452.0 ant 0 missing vert 0.0
Step 705/1000 best energy 452.0 ant 0 missing vert 0.0
Step 706/1000 best energy 452.0 ant 0 missing vert 0.0
Step 707/1000 best energy 452.0 ant 0 missing vert 0.0
Step 708/1000 best energy 452.0 ant 0 missing vert 0.0
Step 709/1000 best energy 452.0 ant 0 missing vert 0.0
Step 710/1000 best energy 452.0 ant 0 missing vert 0.0
Step 711/1000 best energy 452.0 ant 0 missing vert 0.0
Step 712/1000 best energy 452.0 ant 0 missing vert 0.0
Step 713/1000 best energy 452.0 ant 0 missing vert 0.0
Step 714/1000 best energy 452.0 ant 0 missing vert 0.0
Step 715/1000 best energy 452.0 ant 0 missing vert 0.0
Step 716/1000 best energy 452.0 ant 0 missing vert 0.0
Step 717/1000 best energy 452.0 ant 0 missing vert 0.0
Step 718/1000 best energy 452.0 ant 0 missing vert 0.0
Step 719/1000 best energy 452.0 ant 0 missing vert 0.0
Step 720/1000 best energy 452.0 ant 0 missing vert 0.0
Step 721/1000 best energy 452.0 ant 0 missing vert 0.0
Step 722/1000 best energy 452.0 ant 0 missing vert 0.0
Step 723/1000 best energy 452.0 ant 0 missing vert 0.0
Step 724/1000 best energy 452.0 ant 0 missing vert 0.0
Step 725/1000 best energy 452.0 ant 0 missing vert 0.0
Step 726/1000 best energy 452.0 ant 0 missing vert 0.0
Step 727/1000 best energy 452.0 ant 0 missing vert 0.0
Step 728/1000 best energy 452.0 ant 0 missing vert 0.0
Step 729/1000 best energy 452.0 ant 0 missing vert 0.0
Step 730/1000 best energy 452.0 ant 0 missing vert 0.0
Step 731/1000 best energy 452.0 ant 0 missing vert 0.0
Step 732/1000 best energy 452.0 ant 0 missing vert 0.0
Step 733/1000 best energy 452.0 ant 0 missing vert 0.0
Step 734/1000 best energy 452.0 ant 0 missing vert 0.0
Step 735/1000 best energy 452.0 ant 0 missing vert 0.0
Step 736/1000 best energy 452.0 ant 0 missing vert 0.0
Step 737/1000 best energy 452.0 ant 0 missing vert 0.0
Step 738/1000 best energy 452.0 ant 0 missing vert 0.0
Step 739/1000 best energy 452.0 ant 0 missing vert 0.0
Step 740/1000 best energy 452.0 ant 0 missing vert 0.0
Step 741/1000 best energy 452.0 ant 0 missing vert 0.0
Step 742/1000 best energy 452.0 ant 0 missing vert 0.0
Step 743/1000 best energy 452.0 ant 0 missing vert 0.0
Step 744/1000 best energy 452.0 ant 0 missing vert 0.0
Step 745/1000 best energy 452.0 ant 0 missing vert 0.0
Step 746/1000 best energy 452.0 ant 0 missing vert 0.0
Step 747/1000 best energy 452.0 ant 0 missing vert 0.0
Step 748/1000 best energy 452.0 ant 0 missing vert 0.0
Step 749/1000 best energy 452.0 ant 0 missing vert 0.0
Step 750/1000 best energy 452.0 ant 0 missing vert 0.0
Step 751/1000 best energy 452.0 ant 0 missing vert 0.0
Step 752/1000 best energy 452.0 ant 0 missing vert 0.0
Step 753/1000 best energy 452.0 ant 0 missing vert 0.0
Step 754/1000 best energy 452.0 ant 0 missing vert 0.0
Step 755/1000 best energy 452.0 ant 0 missing vert 0.0
Step 756/1000 best energy 452.0 ant 0 missing vert 0.0
Step 757/1000 best energy 452.0 ant 0 missing vert 0.0
Step 758/1000 best energy 452.0 ant 0 missing vert 0.0
Step 759/1000 best energy 452.0 ant 0 missing vert 0.0
Step 760/1000 best energy 452.0 ant 0 missing vert 0.0
Step 761/1000 best energy 452.0 ant 0 missing vert 0.0
Step 762/1000 best energy 452.0 ant 0 missing vert 0.0
Step 763/1000 best energy 452.0 ant 0 missing vert 0.0
Step 764/1000 best energy 452.0 ant 0 missing vert 0.0
Step 765/1000 best energy 452.0 ant 0 missing vert 0.0
Step 766/1000 best energy 452.0 ant 0 missing vert 0.0
Step 767/1000 best energy 452.0 ant 0 missing vert 0.0
Step 768/1000 best energy 452.0 ant 0 missing vert 0.0
Step 769/1000 best energy 452.0 ant 0 missing vert 0.0
Step 770/1000 best energy 452.0 ant 0 missing vert 0.0
Step 771/1000 best energy 452.0 ant 0 missing vert 0.0
Step 772/1000 best energy 452.0 ant 0 missing vert 0.0
Step 773/1000 best energy 452.0 ant 0 missing vert 0.0
Step 774/1000 best energy 452.0 ant 0 missing vert 0.0
Step 775/1000 best energy 452.0 ant 0 missing vert 0.0
Step 776/1000 best energy 452.0 ant 0 missing vert 0.0
Step 777/1000 best energy 452.0 ant 0 missing vert 0.0
Step 778/1000 best energy 452.0 ant 0 missing vert 0.0
Step 779/1000 best energy 452.0 ant 0 missing vert 0.0
Step 780/1000 best energy 452.0 ant 0 missing vert 0.0
Step 781/1000 best energy 452.0 ant 0 missing vert 0.0
Step 782/1000 best energy 452.0 ant 0 missing vert 0.0
Step 783/1000 best energy 452.0 ant 0 missing vert 0.0
Step 784/1000 best energy 452.0 ant 0 missing vert 0.0
Step 785/1000 best energy 452.0 ant 0 missing vert 0.0
Step 786/1000 best energy 452.0 ant 0 missing vert 0.0
Step 787/1000 best energy 452.0 ant 0 missing vert 0.0
Step 788/1000 best energy 452.0 ant 0 missing vert 0.0
Step 789/1000 best energy 452.0 ant 0 missing vert 0.0
Step 790/1000 best energy 452.0 ant 0 missing vert 0.0
Step 791/1000 best energy 452.0 ant 0 missing vert 0.0
Step 792/1000 best energy 452.0 ant 0 missing vert 0.0
Step 793/1000 best energy 452.0 ant 0 missing vert 0.0
Step 794/1000 best energy 452.0 ant 0 missing vert 0.0
Step 795/1000 best energy 452.0 ant 0 missing vert 0.0
Step 796/1000 best energy 452.0 ant 0 missing vert 0.0
Step 797/1000 best energy 452.0 ant 0 missing vert 0.0
Step 798/1000 best energy 452.0 ant 0 missing vert 0.0
Step 799/1000 best energy 452.0 ant 0 missing vert 0.0
Step 800/1000 best energy 452.0 ant 0 missing vert 0.0
Step 801/1000 best energy 452.0 ant 0 missing vert 0.0
Step 802/1000 best energy 452.0 ant 0 missing vert 0.0
Step 803/1000 best energy 452.0 ant 0 missing vert 0.0
Step 804/1000 best energy 452.0 ant 0 missing vert 0.0
Step 805/1000 best energy 452.0 ant 0 missing vert 0.0
Step 806/1000 best energy 452.0 ant 0 missing vert 0.0
Step 807/1000 best energy 452.0 ant 0 missing vert 0.0
Step 808/1000 best energy 452.0 ant 0 missing vert 0.0
Step 809/1000 best energy 452.0 ant 0 missing vert 0.0
Step 810/1000 best energy 452.0 ant 0 missing vert 0.0
Step 811/1000 best energy 452.0 ant 0 missing vert 0.0
Step 812/1000 best energy 452.0 ant 0 missing vert 0.0
Step 813/1000 best energy 452.0 ant 0 missing vert 0.0
Step 814/1000 best energy 452.0 ant 0 missing vert 0.0
Step 815/1000 best energy 452.0 ant 0 missing vert 0.0
Step 816/1000 best energy 452.0 ant 0 missing vert 0.0
Step 817/1000 best energy 452.0 ant 0 missing vert 0.0
Step 818/1000 best energy 452.0 ant 0 missing vert 0.0
Step 819/1000 best energy 452.0 ant 0 missing vert 0.0
Step 820/1000 best energy 452.0 ant 0 missing vert 0.0
Step 821/1000 best energy 452.0 ant 0 missing vert 0.0
Step 822/1000 best energy 452.0 ant 0 missing vert 0.0
Step 823/1000 best energy 452.0 ant 0 missing vert 0.0
Step 824/1000 best energy 452.0 ant 0 missing vert 0.0
Step 825/1000 best energy 452.0 ant 0 missing vert 0.0
Step 826/1000 best energy 452.0 ant 0 missing vert 0.0
Step 827/1000 best energy 452.0 ant 0 missing vert 0.0
Step 828/1000 best energy 452.0 ant 0 missing vert 0.0
Step 829/1000 best energy 452.0 ant 0 missing vert 0.0
Step 830/1000 best energy 452.0 ant 0 missing vert 0.0
Step 831/1000 best energy 452.0 ant 0 missing vert 0.0
Step 832/1000 best energy 452.0 ant 0 missing vert 0.0
Step 833/1000 best energy 452.0 ant 0 missing vert 0.0
Step 834/1000 best energy 452.0 ant 0 missing vert 0.0
Step 835/1000 best energy 452.0 ant 0 missing vert 0.0
Step 836/1000 best energy 452.0 ant 0 missing vert 0.0
Step 837/1000 best energy 452.0 ant 0 missing vert 0.0
Step 838/1000 best energy 452.0 ant 0 missing vert 0.0
Step 839/1000 best energy 452.0 ant 0 missing vert 0.0
Step 840/1000 best energy 452.0 ant 0 missing vert 0.0
Step 841/1000 best energy 452.0 ant 0 missing vert 0.0
Step 842/1000 best energy 452.0 ant 0 missing vert 0.0
Step 843/1000 best energy 452.0 ant 0 missing vert 0.0
Step 844/1000 best energy 452.0 ant 0 missing vert 0.0
Step 845/1000 best energy 452.0 ant 0 missing vert 0.0
Step 846/1000 best energy 452.0 ant 0 missing vert 0.0
Step 847/1000 best energy 452.0 ant 0 missing vert 0.0
Step 848/1000 best energy 452.0 ant 0 missing vert 0.0
Step 849/1000 best energy 452.0 ant 0 missing vert 0.0
Step 850/1000 best energy 452.0 ant 0 missing vert 0.0
Step 851/1000 best energy 452.0 ant 0 missing vert 0.0
Step 852/1000 best energy 452.0 ant 0 missing vert 0.0
Step 853/1000 best energy 452.0 ant 0 missing vert 0.0
Step 854/1000 best energy 452.0 ant 0 missing vert 0.0
Step 855/1000 best energy 452.0 ant 0 missing vert 0.0
Step 856/1000 best energy 452.0 ant 0 missing vert 0.0
Step 857/1000 best energy 452.0 ant 0 missing vert 0.0
Step 858/1000 best energy 452.0 ant 0 missing vert 0.0
Step 859/1000 best energy 452.0 ant 0 missing vert 0.0
Step 860/1000 best energy 452.0 ant 0 missing vert 0.0
Step 861/1000 best energy 452.0 ant 0 missing vert 0.0
Step 862/1000 best energy 452.0 ant 0 missing vert 0.0
Step 863/1000 best energy 452.0 ant 0 missing vert 0.0
Step 864/1000 best energy 452.0 ant 0 missing vert 0.0
Step 865/1000 best energy 452.0 ant 0 missing vert 0.0
Step 866/1000 best energy 452.0 ant 0 missing vert 0.0
Step 867/1000 best energy 452.0 ant 0 missing vert 0.0
Step 868/1000 best energy 452.0 ant 0 missing vert 0.0
Step 869/1000 best energy 452.0 ant 0 missing vert 0.0
Step 870/1000 best energy 452.0 ant 0 missing vert 0.0
Step 871/1000 best energy 452.0 ant 0 missing vert 0.0
Step 872/1000 best energy 452.0 ant 0 missing vert 0.0
Step 873/1000 best energy 452.0 ant 0 missing vert 0.0
Step 874/1000 best energy 452.0 ant 0 missing vert 0.0
Step 875/1000 best energy 452.0 ant 0 missing vert 0.0
Step 876/1000 best energy 452.0 ant 0 missing vert 0.0
Step 877/1000 best energy 452.0 ant 0 missing vert 0.0
Step 878/1000 best energy 452.0 ant 0 missing vert 0.0
Step 879/1000 best energy 452.0 ant 0 missing vert 0.0
Step 880/1000 best energy 452.0 ant 0 missing vert 0.0
Step 881/1000 best energy 452.0 ant 0 missing vert 0.0
Step 882/1000 best energy 452.0 ant 0 missing vert 0.0
Step 883/1000 best energy 452.0 ant 0 missing vert 0.0
Step 884/1000 best energy 452.0 ant 0 missing vert 0.0
Step 885/1000 best energy 452.0 ant 0 missing vert 0.0
Step 886/1000 best energy 452.0 ant 0 missing vert 0.0
Step 887/1000 best energy 452.0 ant 0 missing vert 0.0
Step 888/1000 best energy 452.0 ant 0 missing vert 0.0
Step 889/1000 best energy 452.0 ant 0 missing vert 0.0
Step 890/1000 best energy 452.0 ant 0 missing vert 0.0
Step 891/1000 best energy 452.0 ant 0 missing vert 0.0
Step 892/1000 best energy 452.0 ant 0 missing vert 0.0
Step 893/1000 best energy 452.0 ant 0 missing vert 0.0
Step 894/1000 best energy 452.0 ant 0 missing vert 0.0
Step 895/1000 best energy 452.0 ant 0 missing vert 0.0
Step 896/1000 best energy 452.0 ant 0 missing vert 0.0
Step 897/1000 best energy 452.0 ant 0 missing vert 0.0
Step 898/1000 best energy 452.0 ant 0 missing vert 0.0
Step 899/1000 best energy 452.0 ant 0 missing vert 0.0
Step 900/1000 best energy 452.0 ant 0 missing vert 0.0
Step 901/1000 best energy 452.0 ant 0 missing vert 0.0
Step 902/1000 best energy 452.0 ant 0 missing vert 0.0
Step 903/1000 best energy 452.0 ant 0 missing vert 0.0
Step 904/1000 best energy 452.0 ant 0 missing vert 0.0
Step 905/1000 best energy 452.0 ant 0 missing vert 0.0
Step 906/1000 best energy 452.0 ant 0 missing vert 0.0
Step 907/1000 best energy 452.0 ant 0 missing vert 0.0
Step 908/1000 best energy 452.0 ant 0 missing vert 0.0
Step 909/1000 best energy 452.0 ant 0 missing vert 0.0
Step 910/1000 best energy 452.0 ant 0 missing vert 0.0
Step 911/1000 best energy 452.0 ant 0 missing vert 0.0
Step 912/1000 best energy 452.0 ant 0 missing vert 0.0
Step 913/1000 best energy 452.0 ant 0 missing vert 0.0
Step 914/1000 best energy 452.0 ant 0 missing vert 0.0
Step 915/1000 best energy 452.0 ant 0 missing vert 0.0
Step 916/1000 best energy 452.0 ant 0 missing vert 0.0
Step 917/1000 best energy 452.0 ant 0 missing vert 0.0
Step 918/1000 best energy 452.0 ant 0 missing vert 0.0
Step 919/1000 best energy 452.0 ant 0 missing vert 0.0
Step 920/1000 best energy 452.0 ant 0 missing vert 0.0
Step 921/1000 best energy 452.0 ant 0 missing vert 0.0
Step 922/1000 best energy 452.0 ant 0 missing vert 0.0
Step 923/1000 best energy 452.0 ant 0 missing vert 0.0
Step 924/1000 best energy 452.0 ant 0 missing vert 0.0
Step 925/1000 best energy 452.0 ant 0 missing vert 0.0
Step 926/1000 best energy 452.0 ant 0 missing vert 0.0
Step 927/1000 best energy 452.0 ant 0 missing vert 0.0
Step 928/1000 best energy 452.0 ant 0 missing vert 0.0
Step 929/1000 best energy 452.0 ant 0 missing vert 0.0
Step 930/1000 best energy 452.0 ant 0 missing vert 0.0
Step 931/1000 best energy 452.0 ant 0 missing vert 0.0
Step 932/1000 best energy 452.0 ant 0 missing vert 0.0
Step 933/1000 best energy 452.0 ant 0 missing vert 0.0
Step 934/1000 best energy 452.0 ant 0 missing vert 0.0
Step 935/1000 best energy 452.0 ant 0 missing vert 0.0
Step 936/1000 best energy 452.0 ant 0 missing vert 0.0
Step 937/1000 best energy 452.0 ant 0 missing vert 0.0
Step 938/1000 best energy 452.0 ant 0 missing vert 0.0
Step 939/1000 best energy 452.0 ant 0 missing vert 0.0
Step 940/1000 best energy 452.0 ant 0 missing vert 0.0
Step 941/1000 best energy 452.0 ant 0 missing vert 0.0
Step 942/1000 best energy 452.0 ant 0 missing vert 0.0
Step 943/1000 best energy 452.0 ant 0 missing vert 0.0
Step 944/1000 best energy 452.0 ant 0 missing vert 0.0
Step 945/1000 best energy 452.0 ant 0 missing vert 0.0
Step 946/1000 best energy 452.0 ant 0 missing vert 0.0
Step 947/1000 best energy 452.0 ant 0 missing vert 0.0
Step 948/1000 best energy 452.0 ant 0 missing vert 0.0
Step 949/1000 best energy 452.0 ant 0 missing vert 0.0
Step 950/1000 best energy 452.0 ant 0 missing vert 0.0
Step 951/1000 best energy 452.0 ant 0 missing vert 0.0
Step 952/1000 best energy 452.0 ant 0 missing vert 0.0
Step 953/1000 best energy 452.0 ant 0 missing vert 0.0
Step 954/1000 best energy 452.0 ant 0 missing vert 0.0
Step 955/1000 best energy 452.0 ant 0 missing vert 0.0
Step 956/1000 best energy 452.0 ant 0 missing vert 0.0
Step 957/1000 best energy 452.0 ant 0 missing vert 0.0
Step 958/1000 best energy 452.0 ant 0 missing vert 0.0
Step 959/1000 best energy 452.0 ant 0 missing vert 0.0
Step 960/1000 best energy 452.0 ant 0 missing vert 0.0
Step 961/1000 best energy 452.0 ant 0 missing vert 0.0
Step 962/1000 best energy 452.0 ant 0 missing vert 0.0
Step 963/1000 best energy 452.0 ant 0 missing vert 0.0
Step 964/1000 best energy 452.0 ant 0 missing vert 0.0
Step 965/1000 best energy 452.0 ant 0 missing vert 0.0
Step 966/1000 best energy 452.0 ant 0 missing vert 0.0
Step 967/1000 best energy 452.0 ant 0 missing vert 0.0
Step 968/1000 best energy 452.0 ant 0 missing vert 0.0
Step 969/1000 best energy 452.0 ant 0 missing vert 0.0
Step 970/1000 best energy 452.0 ant 0 missing vert 0.0
Step 971/1000 best energy 452.0 ant 0 missing vert 0.0
Step 972/1000 best energy 452.0 ant 0 missing vert 0.0
Step 973/1000 best energy 452.0 ant 0 missing vert 0.0
Step 974/1000 best energy 452.0 ant 0 missing vert 0.0
Step 975/1000 best energy 452.0 ant 0 missing vert 0.0
Step 976/1000 best energy 452.0 ant 0 missing vert 0.0
Step 977/1000 best energy 452.0 ant 0 missing vert 0.0
Step 978/1000 best energy 452.0 ant 0 missing vert 0.0
Step 979/1000 best energy 452.0 ant 0 missing vert 0.0
Step 980/1000 best energy 452.0 ant 0 missing vert 0.0
Step 981/1000 best energy 452.0 ant 0 missing vert 0.0
Step 982/1000 best energy 452.0 ant 0 missing vert 0.0
Step 983/1000 best energy 452.0 ant 0 missing vert 0.0
Step 984/1000 best energy 452.0 ant 0 missing vert 0.0
Step 985/1000 best energy 452.0 ant 0 missing vert 0.0
Step 986/1000 best energy 452.0 ant 0 missing vert 0.0
Step 987/1000 best energy 452.0 ant 0 missing vert 0.0
Step 988/1000 best energy 452.0 ant 0 missing vert 0.0
Step 989/1000 best energy 452.0 ant 0 missing vert 0.0
Step 990/1000 best energy 452.0 ant 0 missing vert 0.0
Step 991/1000 best energy 452.0 ant 0 missing vert 0.0
Step 992/1000 best energy 452.0 ant 0 missing vert 0.0
Step 993/1000 best energy 452.0 ant 0 missing vert 0.0
Step 994/1000 best energy 452.0 ant 0 missing vert 0.0
Step 995/1000 best energy 452.0 ant 0 missing vert 0.0
Step 996/1000 best energy 452.0 ant 0 missing vert 0.0
Step 997/1000 best energy 452.0 ant 0 missing vert 0.0
Step 998/1000 best energy 452.0 ant 0 missing vert 0.0
Step 999/1000 best energy 452.0 ant 0 missing vert 0.0
Step 1000/1000 best energy 452.0 ant 0 missing vert 0.0
Writing output...
ACO Done ... overall best energy 452.0
