5922.0
5382.0
5118.0
4993.0
4019.0
4346.0
3737.0
3633.0
3399.0
3002.0
2772.0
2686.0
2691.0
2396.0
2307.0
2008.0
2061.0
1847.0
1695.0
1645.0
1615.0
1477.0
1564.0
1418.0
1308.0
1386.0
1270.0
1137.0
1267.0
1109.0
1178.0
1146.0
1091.0
973.0
1021.0
1020.0
1018.0
1010.0
1006.0
917.0
859.0
871.0
915.0
824.0
822.0
866.0
903.0
918.0
829.0
845.0
877.0
890.0
825.0
805.0
842.0
755.0
802.0
844.0
743.0
799.0
756.0
753.0
895.0
863.0
864.0
803.0
818.0
740.0
780.0
837.0
744.0
818.0
834.0
746.0
785.0
791.0
798.0
677.0
791.0
750.0
775.0
809.0
754.0
781.0
784.0
815.0
681.0
754.0
743.0
763.0
811.0
751.0
812.0
722.0
748.0
795.0
643.0
753.0
737.0
824.0
723.0
724.0
781.0
773.0
740.0
676.0
699.0
704.0
704.0
680.0
746.0
751.0
753.0
728.0
673.0
701.0
721.0
775.0
647.0
739.0
724.0
746.0
702.0
754.0
709.0
732.0
726.0
723.0
699.0
766.0
725.0
746.0
749.0
696.0
699.0
720.0
735.0
700.0
715.0
679.0
692.0
635.0
769.0
773.0
698.0
700.0
634.0
727.0
656.0
760.0
685.0
657.0
722.0
702.0
654.0
653.0
668.0
662.0
673.0
736.0
687.0
728.0
726.0
717.0
645.0
754.0
712.0
727.0
742.0
718.0
748.0
735.0
710.0
699.0
679.0
702.0
720.0
689.0
716.0
703.0
716.0
755.0
698.0
686.0
725.0
715.0
640.0
718.0
743.0
691.0
730.0
754.0
681.0
667.0
688.0
668.0
716.0
732.0
646.0
631.0
718.0
736.0
670.0
669.0
669.0
674.0
712.0
738.0
718.0
689.0
679.0
681.0
707.0
740.0
758.0
723.0
704.0
761.0
739.0
728.0
715.0
707.0
701.0
758.0
756.0
677.0
705.0
694.0
720.0
703.0
806.0
713.0
716.0
762.0
748.0
699.0
762.0
633.0
679.0
712.0
691.0
748.0
679.0
674.0
775.0
669.0
721.0
715.0
697.0
716.0
652.0
767.0
710.0
698.0
714.0
683.0
704.0
709.0
661.0
730.0
727.0
713.0
670.0
693.0
640.0
660.0
678.0
685.0
639.0
686.0
672.0
626.0
683.0
687.0
715.0
715.0
673.0
679.0
703.0
666.0
631.0
740.0
758.0
711.0
698.0
672.0
641.0
579.0
673.0
702.0
660.0
689.0
700.0
646.0
658.0
651.0
604.0
668.0
687.0
695.0
673.0
719.0
638.0
715.0
700.0
703.0
630.0
708.0
713.0
689.0
677.0
689.0
712.0
663.0
741.0
665.0
712.0
688.0
598.0
661.0
721.0
739.0
656.0
663.0
701.0
723.0
658.0
647.0
712.0
691.0
645.0
637.0
686.0
696.0
634.0
617.0
640.0
710.0
646.0
703.0
682.0
714.0
659.0
643.0
644.0
673.0
704.0
677.0
703.0
631.0
651.0
719.0
671.0
651.0
661.0
690.0
672.0
691.0
711.0
644.0
655.0
590.0
713.0
649.0
709.0
611.0
687.0
663.0
679.0
658.0
706.0
684.0
673.0
710.0
665.0
688.0
672.0
622.0
697.0
678.0
673.0
657.0
661.0
608.0
671.0
725.0
682.0
674.0
724.0
649.0
645.0
670.0
686.0
581.0
651.0
713.0
637.0
634.0
678.0
663.0
601.0
736.0
633.0
686.0
704.0
609.0
593.0
675.0
609.0
617.0
619.0
664.0
665.0
654.0
610.0
635.0
664.0
672.0
647.0
647.0
626.0
616.0
625.0
615.0
621.0
684.0
588.0
672.0
623.0
624.0
696.0
584.0
601.0
657.0
634.0
630.0
643.0
636.0
615.0
608.0
622.0
585.0
622.0
635.0
662.0
609.0
572.0
590.0
649.0
608.0
621.0
636.0
619.0
608.0
640.0
629.0
617.0
633.0
577.0
613.0
635.0
573.0
608.0
579.0
569.0
595.0
624.0
593.0
611.0
666.0
581.0
652.0
593.0
615.0
575.0
593.0
597.0
563.0
611.0
543.0
590.0
601.0
609.0
551.0
641.0
652.0
570.0
632.0
564.0
605.0
600.0
590.0
625.0
591.0
608.0
618.0
514.0
575.0
552.0
578.0
544.0
544.0
579.0
494.0
544.0
540.0
526.0
458.0
550.0
521.0
506.0
522.0
514.0
562.0
570.0
516.0
542.0
500.0
486.0
514.0
553.0
548.0
520.0
534.0
538.0
532.0
472.0
488.0
530.0
484.0
480.0
486.0
516.0
462.0
484.0
500.0
484.0
476.0
482.0
470.0
472.0
476.0
468.0
500.0
474.0
480.0
470.0
468.0
506.0
464.0
478.0
490.0
482.0
498.0
470.0
488.0
458.0
462.0
464.0
466.0
482.0
466.0
462.0
468.0
464.0
460.0
466.0
470.0
462.0
460.0
460.0
456.0
468.0
466.0
466.0
482.0
458.0
460.0
460.0
458.0
460.0
464.0
460.0
460.0
464.0
466.0
460.0
466.0
460.0
458.0
464.0
456.0
460.0
458.0
456.0
456.0
460.0
454.0
456.0
456.0
460.0
456.0
454.0
456.0
456.0
456.0
460.0
458.0
456.0
460.0
456.0
458.0
456.0
454.0
454.0
452.0
456.0
454.0
452.0
452.0
452.0
454.0
452.0
452.0
452.0
452.0
452.0
452.0
452.0
452.0
452.0
452.0
452.0
452.0
452.0
452.0
452.0
452.0
452.0
452.0
452.0
452.0
452.0
452.0
452.0
452.0
452.0
452.0
452.0
452.0
452.0
452.0
452.0
452.0
452.0
452.0
452.0
452.0
452.0
452.0
452.0
452.0
452.0
452.0
452.0
452.0
452.0
452.0
452.0
452.0
452.0
452.0
452.0
452.0
452.0
452.0
452.0
452.0
452.0
452.0
452.0
452.0
452.0
452.0
452.0
452.0
452.0
452.0
452.0
452.0
452.0
452.0
452.0
452.0
452.0
452.0
452.0
452.0
452.0
452.0
452.0
452.0
452.0
452.0
452.0
452.0
452.0
452.0
452.0
452.0
452.0
452.0
452.0
452.0
452.0
452.0
452.0
452.0
452.0
452.0
452.0
452.0
452.0
452.0
452.0
452.0
452.0
452.0
452.0
452.0
452.0
452.0
452.0
452.0
452.0
452.0
452.0
452.0
452.0
452.0
452.0
452.0
452.0
452.0
452.0
452.0
452.0
452.0
452.0
452.0
452.0
452.0
452.0
452.0
452.0
452.0
452.0
452.0
452.0
452.0
452.0
452.0
452.0
452.0
452.0
452.0
452.0
452.0
452.0
452.0
452.0
452.0
452.0
452.0
452.0
452.0
452.0
452.0
452.0
452.0
452.0
452.0
452.0
452.0
452.0
452.0
452.0
452.0
452.0
452.0
452.0
452.0
452.0
452.0
452.0
452.0
452.0
452.0
452.0
452.0
452.0
452.0
452.0
452.0
452.0
452.0
452.0
452.0
452.0
452.0
452.0
452.0
452.0
452.0
452.0
452.0
452.0
452.0
452.0
452.0
452.0
452.0
452.0
452.0
452.0
452.0
452.0
452.0
452.0
452.0
452.0
452.0
452.0
452.0
452.0
452.0
452.0
452.0
452.0
452.0
452.0
452.0
452.0
452.0
452.0
452.0
452.0
452.0
452.0
452.0
452.0
452.0
452.0
452.0
452.0
452.0
452.0
452.0
452.0
452.0
452.0
452.0
452.0
452.0
452.0
452.0
452.0
452.0
452.0
452.0
452.0
452.0
452.0
452.0
452.0
452.0
452.0
452.0
452.0
452.0
452.0
452.0
452.0
452.0
452.0
452.0
452.0
452.0
452.0
452.0
452.0
452.0
452.0
452.0
452.0
452.0
452.0
452.0
452.0
452.0
452.0
452.0
452.0
452.0
452.0
452.0
452.0
452.0
452.0
452.0
452.0
452.0
452.0
452.0
452.0
452.0
452.0
452.0
452.0
452.0
452.0
452.0
452.0
452.0
452.0
452.0
452.0
452.0
452.0
452.0
452.0
452.0
452.0
452.0
452.0
452.0
452.0
452.0
452.0
452.0
452.0
452.0
452.0
452.0
452.0
452.0
452.0
452.0
452.0
452.0
452.0
452.0
452.0
452.0
452.0
452.0
452.0
452.0
452.0
452.0
452.0
452.0
452.0
452.0
452.0
452.0
452.0
452.0
452.0
452.0
452.0
452.0
452.0
452.0
452.0
452.0
452.0
452.0
452.0
452.0
452.0
452.0
452.0
452.0
452.0
452.0
452.0
452.0
452.0
452.0
452.0
452.0
452.0
452.0
452.0
452.0
452.0
452.0
452.0
452.0
