Reading in data from ../common/sheared.input
Number of particles: 192
Number of vertices: 3
Found 192 particles with maximum number of 3 vertices
Created simulation cell 0.0 by 0.0


Starting ACO with 128 ants 2 threads  alpha=1.0 beta=3.0 evap=0.9 dynQ: true
Using Scaled Preprocessor
Step 1/10000 best energy 1399.3954000000026 ant 44 missing vert 0.0
Step 2/10000 best energy 1424.8006000000028 ant 40 missing vert 0.0
Step 3/10000 best energy 1281.5000000000018 ant 18 missing vert 0.0
Step 4/10000 best energy 1281.858200000003 ant 114 missing vert 0.0
Step 5/10000 best energy 1424.9116000000026 ant 73 missing vert 0.0
Step 6/10000 best energy 1272.5996000000023 ant 44 missing vert 0.0
Step 7/10000 best energy 1206.2394000000024 ant 118 missing vert 0.0
Step 8/10000 best energy 1181.8582000000035 ant 76 missing vert 0.0
Step 9/10000 best energy 1307.861600000004 ant 27 missing vert 0.0
Step 10/10000 best energy 1244.2054000000023 ant 98 missing vert 0.0
Step 11/10000 best energy 1160.8090000000043 ant 116 missing vert 0.0
Step 12/10000 best energy 1123.6622000000027 ant 99 missing vert 0.0
Step 13/10000 best energy 1087.6180000000018 ant 24 missing vert 0.0
Step 14/10000 best energy 1189.0458000000028 ant 15 missing vert 0.0
Step 15/10000 best energy 1102.7162000000021 ant 44 missing vert 0.0
Step 16/10000 best energy 1182.9140000000016 ant 8 missing vert 0.0
Step 17/10000 best energy 1159.8220000000022 ant 52 missing vert 0.0
Step 18/10000 best energy 1086.5072000000025 ant 70 missing vert 0.0
Step 19/10000 best energy 1094.856400000004 ant 119 missing vert 0.0
Step 20/10000 best energy 1159.8548000000035 ant 0 missing vert 0.0
Step 21/10000 best energy 985.7854000000024 ant 79 missing vert 0.0
Step 22/10000 best energy 995.8528000000024 ant 124 missing vert 0.0
Step 23/10000 best energy 1017.139200000003 ant 127 missing vert 0.0
Step 24/10000 best energy 1028.1844000000024 ant 34 missing vert 0.0
Step 25/10000 best energy 932.338000000002 ant 15 missing vert 0.0
Step 26/10000 best energy 984.1278000000023 ant 59 missing vert 0.0
Step 27/10000 best energy 1001.6058000000028 ant 46 missing vert 0.0
Step 28/10000 best energy 1058.6384000000028 ant 116 missing vert 0.0
Step 29/10000 best energy 935.4088000000024 ant 116 missing vert 0.0
Step 30/10000 best energy 978.1344000000024 ant 98 missing vert 0.0
Step 31/10000 best energy 984.5210000000029 ant 76 missing vert 0.0
Step 32/10000 best energy 959.6042000000032 ant 32 missing vert 0.0
Step 33/10000 best energy 935.908600000002 ant 118 missing vert 0.0
Step 34/10000 best energy 974.5346000000021 ant 45 missing vert 0.0
Step 35/10000 best energy 829.6456000000017 ant 111 missing vert 0.0
Step 36/10000 best energy 926.9026000000022 ant 94 missing vert 0.0
Step 37/10000 best energy 870.3550000000006 ant 10 missing vert 0.0
Step 38/10000 best energy 870.8080000000023 ant 95 missing vert 0.0
Step 39/10000 best energy 818.5602000000003 ant 70 missing vert 0.0
Step 40/10000 best energy 814.4662000000028 ant 61 missing vert 0.0
Step 41/10000 best energy 769.8370000000014 ant 99 missing vert 0.0
Step 42/10000 best energy 819.9424000000001 ant 91 missing vert 0.0
Step 43/10000 best energy 713.8524000000002 ant 17 missing vert 0.0
Step 44/10000 best energy 769.9506000000013 ant 66 missing vert 0.0
Step 45/10000 best energy 773.2122000000006 ant 59 missing vert 0.0
Step 46/10000 best energy 847.1728000000013 ant 66 missing vert 0.0
Step 47/10000 best energy 750.4322000000009 ant 93 missing vert 0.0
Step 48/10000 best energy 802.985000000001 ant 6 missing vert 0.0
Step 49/10000 best energy 728.6164000000003 ant 111 missing vert 0.0
Step 50/10000 best energy 773.8638000000011 ant 29 missing vert 0.0
Step 51/10000 best energy 718.9939999999999 ant 3 missing vert 0.0
Step 52/10000 best energy 758.7992000000007 ant 95 missing vert 0.0
Step 53/10000 best energy 767.9390000000009 ant 42 missing vert 0.0
Step 54/10000 best energy 733.0498000000007 ant 37 missing vert 0.0
Step 55/10000 best energy 756.0844000000003 ant 27 missing vert 0.0
Step 56/10000 best energy 726.0561999999998 ant 35 missing vert 0.0
Step 57/10000 best energy 679.1676 ant 68 missing vert 0.0
Step 58/10000 best energy 732.1078000000011 ant 78 missing vert 0.0
Step 59/10000 best energy 731.4930000000004 ant 102 missing vert 0.0
Step 60/10000 best energy 718.1326000000006 ant 85 missing vert 0.0
Step 61/10000 best energy 703.9419999999998 ant 83 missing vert 0.0
Step 62/10000 best energy 672.7491999999997 ant 51 missing vert 0.0
Step 63/10000 best energy 643.1065999999996 ant 45 missing vert 0.0
Step 64/10000 best energy 673.6767999999994 ant 68 missing vert 0.0
Step 65/10000 best energy 664.1131999999998 ant 8 missing vert 0.0
Step 66/10000 best energy 631.0033999999991 ant 121 missing vert 0.0
Step 67/10000 best energy 662.6599999999999 ant 5 missing vert 0.0
Step 68/10000 best energy 639.6133999999995 ant 28 missing vert 0.0
Step 69/10000 best energy 638.0631999999994 ant 115 missing vert 0.0
Step 70/10000 best energy 644.7301999999995 ant 109 missing vert 0.0
Step 71/10000 best energy 634.5699999999993 ant 14 missing vert 0.0
Step 72/10000 best energy 634.5699999999993 ant 31 missing vert 0.0
Step 73/10000 best energy 643.1065999999994 ant 64 missing vert 0.0
Step 74/10000 best energy 635.1119999999994 ant 98 missing vert 0.0
Step 75/10000 best energy 629.453199999999 ant 102 missing vert 0.0
Step 76/10000 best energy 634.6245999999994 ant 33 missing vert 0.0
Step 77/10000 best energy 639.0713999999994 ant 107 missing vert 0.0
Step 78/10000 best energy 629.453199999999 ant 83 missing vert 0.0
Step 79/10000 best energy 630.5371999999995 ant 59 missing vert 0.0
Step 80/10000 best energy 629.453199999999 ant 14 missing vert 0.0
Step 81/10000 best energy 629.453199999999 ant 20 missing vert 0.0
Step 82/10000 best energy 629.453199999999 ant 24 missing vert 0.0
Step 83/10000 best energy 629.453199999999 ant 92 missing vert 0.0
Step 84/10000 best energy 629.453199999999 ant 113 missing vert 0.0
Step 85/10000 best energy 629.453199999999 ant 36 missing vert 0.0
Step 86/10000 best energy 629.453199999999 ant 26 missing vert 0.0
Step 87/10000 best energy 629.453199999999 ant 26 missing vert 0.0
Step 88/10000 best energy 629.453199999999 ant 1 missing vert 0.0
Step 89/10000 best energy 629.453199999999 ant 7 missing vert 0.0
Step 90/10000 best energy 629.453199999999 ant 3 missing vert 0.0
Step 91/10000 best energy 629.453199999999 ant 3 missing vert 0.0
Step 92/10000 best energy 629.453199999999 ant 2 missing vert 0.0
Step 93/10000 best energy 629.453199999999 ant 2 missing vert 0.0
Step 94/10000 best energy 629.453199999999 ant 4 missing vert 0.0
Step 95/10000 best energy 629.453199999999 ant 9 missing vert 0.0
Step 96/10000 best energy 629.453199999999 ant 0 missing vert 0.0
Step 97/10000 best energy 629.453199999999 ant 6 missing vert 0.0
Step 98/10000 best energy 629.453199999999 ant 7 missing vert 0.0
Step 99/10000 best energy 629.453199999999 ant 1 missing vert 0.0
Step 100/10000 best energy 629.453199999999 ant 1 missing vert 0.0
Step 101/10000 best energy 629.453199999999 ant 0 missing vert 0.0
Step 102/10000 best energy 629.453199999999 ant 0 missing vert 0.0
Step 103/10000 best energy 629.453199999999 ant 1 missing vert 0.0
Step 104/10000 best energy 629.453199999999 ant 2 missing vert 0.0
Step 105/10000 best energy 629.453199999999 ant 1 missing vert 0.0
Step 106/10000 best energy 629.453199999999 ant 0 missing vert 0.0
Step 107/10000 best energy 629.453199999999 ant 0 missing vert 0.0
Step 108/10000 best energy 629.453199999999 ant 1 missing vert 0.0
Step 109/10000 best energy 629.453199999999 ant 2 missing vert 0.0
Step 110/10000 best energy 629.453199999999 ant 1 missing vert 0.0
Step 111/10000 best energy 629.453199999999 ant 0 missing vert 0.0
Step 112/10000 best energy 629.453199999999 ant 1 missing vert 0.0
Step 113/10000 best energy 629.453199999999 ant 1 missing vert 0.0
Step 114/10000 best energy 629.453199999999 ant 0 missing vert 0.0
Step 115/10000 best energy 629.453199999999 ant 0 missing vert 0.0
Step 116/10000 best energy 629.453199999999 ant 0 missing vert 0.0
Step 117/10000 best energy 629.453199999999 ant 0 missing vert 0.0
Step 118/10000 best energy 629.453199999999 ant 0 missing vert 0.0
Step 119/10000 best energy 629.453199999999 ant 0 missing vert 0.0
Step 120/10000 best energy 629.453199999999 ant 0 missing vert 0.0
Step 121/10000 best energy 629.453199999999 ant 0 missing vert 0.0
Step 122/10000 best energy 629.453199999999 ant 1 missing vert 0.0
Step 123/10000 best energy 629.453199999999 ant 0 missing vert 0.0
Step 124/10000 best energy 629.453199999999 ant 0 missing vert 0.0
Step 125/10000 best energy 629.453199999999 ant 0 missing vert 0.0
Step 126/10000 best energy 629.453199999999 ant 0 missing vert 0.0
Step 127/10000 best energy 629.453199999999 ant 0 missing vert 0.0
Step 128/10000 best energy 629.453199999999 ant 0 missing vert 0.0
Step 129/10000 best energy 629.453199999999 ant 0 missing vert 0.0
Step 130/10000 best energy 629.453199999999 ant 1 missing vert 0.0
Step 131/10000 best energy 629.453199999999 ant 0 missing vert 0.0
Step 132/10000 best energy 629.453199999999 ant 0 missing vert 0.0
Step 133/10000 best energy 629.453199999999 ant 0 missing vert 0.0
Step 134/10000 best energy 629.453199999999 ant 0 missing vert 0.0
Step 135/10000 best energy 629.453199999999 ant 0 missing vert 0.0
Step 136/10000 best energy 629.453199999999 ant 0 missing vert 0.0
Step 137/10000 best energy 629.453199999999 ant 0 missing vert 0.0
Step 138/10000 best energy 629.453199999999 ant 0 missing vert 0.0
Step 139/10000 best energy 629.453199999999 ant 0 missing vert 0.0
Step 140/10000 best energy 629.453199999999 ant 0 missing vert 0.0
Step 141/10000 best energy 629.453199999999 ant 0 missing vert 0.0
Step 142/10000 best energy 629.453199999999 ant 0 missing vert 0.0
Step 143/10000 best energy 629.453199999999 ant 0 missing vert 0.0
Step 144/10000 best energy 629.453199999999 ant 0 missing vert 0.0
Step 145/10000 best energy 629.453199999999 ant 0 missing vert 0.0
Step 146/10000 best energy 629.453199999999 ant 0 missing vert 0.0
Step 147/10000 best energy 629.453199999999 ant 0 missing vert 0.0
Step 148/10000 best energy 629.453199999999 ant 0 missing vert 0.0
Step 149/10000 best energy 629.453199999999 ant 0 missing vert 0.0
Step 150/10000 best energy 629.453199999999 ant 0 missing vert 0.0
Step 151/10000 best energy 629.453199999999 ant 0 missing vert 0.0
Step 152/10000 best energy 629.453199999999 ant 0 missing vert 0.0
Step 153/10000 best energy 629.453199999999 ant 0 missing vert 0.0
Step 154/10000 best energy 629.453199999999 ant 0 missing vert 0.0
Step 155/10000 best energy 629.453199999999 ant 0 missing vert 0.0
Step 156/10000 best energy 629.453199999999 ant 0 missing vert 0.0
Step 157/10000 best energy 629.453199999999 ant 0 missing vert 0.0
Step 158/10000 best energy 629.453199999999 ant 0 missing vert 0.0
Step 159/10000 best energy 629.453199999999 ant 0 missing vert 0.0
Step 160/10000 best energy 629.453199999999 ant 0 missing vert 0.0
Step 161/10000 best energy 629.453199999999 ant 0 missing vert 0.0
Step 162/10000 best energy 629.453199999999 ant 0 missing vert 0.0
Step 163/10000 best energy 629.453199999999 ant 0 missing vert 0.0
Step 164/10000 best energy 629.453199999999 ant 0 missing vert 0.0
Step 165/10000 best energy 629.453199999999 ant 0 missing vert 0.0
Step 166/10000 best energy 629.453199999999 ant 0 missing vert 0.0
Step 167/10000 best energy 629.453199999999 ant 0 missing vert 0.0
Step 168/10000 best energy 629.453199999999 ant 0 missing vert 0.0
Step 169/10000 best energy 629.453199999999 ant 0 missing vert 0.0
Step 170/10000 best energy 629.453199999999 ant 0 missing vert 0.0
Step 171/10000 best energy 629.453199999999 ant 0 missing vert 0.0
Step 172/10000 best energy 629.453199999999 ant 0 missing vert 0.0
Step 173/10000 best energy 629.453199999999 ant 0 missing vert 0.0
Step 174/10000 best energy 629.453199999999 ant 0 missing vert 0.0
Step 175/10000 best energy 629.453199999999 ant 0 missing vert 0.0
Step 176/10000 best energy 629.453199999999 ant 0 missing vert 0.0
Step 177/10000 best energy 629.453199999999 ant 0 missing vert 0.0
Step 178/10000 best energy 629.453199999999 ant 0 missing vert 0.0
Step 179/10000 best energy 629.453199999999 ant 0 missing vert 0.0
Step 180/10000 best energy 629.453199999999 ant 0 missing vert 0.0
Energy constant for 100 iterations ... solution converged
Run finished in 149110 ms
Writing output...
ACO Done ... overall best energy 629.453199999999
