1399.3954000000026
1424.8006000000028
1281.5000000000018
1281.858200000003
1424.9116000000026
1272.5996000000023
1206.2394000000024
1181.8582000000035
1307.861600000004
1244.2054000000023
1160.8090000000043
1123.6622000000027
1087.6180000000018
1189.0458000000028
1102.7162000000021
1182.9140000000016
1159.8220000000022
1086.5072000000025
1094.856400000004
1159.8548000000035
985.7854000000024
995.8528000000024
1017.139200000003
1028.1844000000024
932.338000000002
984.1278000000023
1001.6058000000028
1058.6384000000028
935.4088000000024
978.1344000000024
984.5210000000029
959.6042000000032
935.908600000002
974.5346000000021
829.6456000000017
926.9026000000022
870.3550000000006
870.8080000000023
818.5602000000003
814.4662000000028
769.8370000000014
819.9424000000001
713.8524000000002
769.9506000000013
773.2122000000006
847.1728000000013
750.4322000000009
802.985000000001
728.6164000000003
773.8638000000011
718.9939999999999
758.7992000000007
767.9390000000009
733.0498000000007
756.0844000000003
726.0561999999998
679.1676
732.1078000000011
731.4930000000004
718.1326000000006
703.9419999999998
672.7491999999997
643.1065999999996
673.6767999999994
664.1131999999998
631.0033999999991
662.6599999999999
639.6133999999995
638.0631999999994
644.7301999999995
634.5699999999993
634.5699999999993
643.1065999999994
635.1119999999994
629.453199999999
634.6245999999994
639.0713999999994
629.453199999999
630.5371999999995
629.453199999999
629.453199999999
629.453199999999
629.453199999999
629.453199999999
629.453199999999
629.453199999999
629.453199999999
629.453199999999
629.453199999999
629.453199999999
629.453199999999
629.453199999999
629.453199999999
629.453199999999
629.453199999999
629.453199999999
629.453199999999
629.453199999999
629.453199999999
629.453199999999
629.453199999999
629.453199999999
629.453199999999
629.453199999999
629.453199999999
629.453199999999
629.453199999999
629.453199999999
629.453199999999
629.453199999999
629.453199999999
629.453199999999
629.453199999999
629.453199999999
629.453199999999
629.453199999999
629.453199999999
629.453199999999
629.453199999999
629.453199999999
629.453199999999
629.453199999999
629.453199999999
629.453199999999
629.453199999999
629.453199999999
629.453199999999
629.453199999999
629.453199999999
629.453199999999
629.453199999999
629.453199999999
629.453199999999
629.453199999999
629.453199999999
629.453199999999
629.453199999999
629.453199999999
629.453199999999
629.453199999999
629.453199999999
629.453199999999
629.453199999999
629.453199999999
629.453199999999
629.453199999999
629.453199999999
629.453199999999
629.453199999999
629.453199999999
629.453199999999
629.453199999999
629.453199999999
629.453199999999
629.453199999999
629.453199999999
629.453199999999
629.453199999999
629.453199999999
629.453199999999
629.453199999999
629.453199999999
629.453199999999
629.453199999999
629.453199999999
629.453199999999
629.453199999999
629.453199999999
629.453199999999
629.453199999999
629.453199999999
629.453199999999
629.453199999999
629.453199999999
629.453199999999
629.453199999999
629.453199999999
629.453199999999
629.453199999999
629.453199999999
