Reading in data from ../common/honeycomb.input
Number of particles: 192
Number of vertices: 3
xmin -10.455 xmax 9.225
ymin -13.58 ymax 9.7
Found 192 particles with maximum number of 3 vertices
Created simulation cell 19.68 by 23.28


Starting ACO with 32 ants 8 threads  alpha=1.0 beta=2.0 evap=0.9
Using Scaled Preprocessor
Step 1/200 best energy 2639.6748000000025 ant 10 missing vert 0.0
Step 2/200 best energy 1998.835800000002 ant 15 missing vert 0.0
Step 3/200 best energy 1606.8270000000034 ant 7 missing vert 0.0
Step 4/200 best energy 1356.6902000000025 ant 1 missing vert 0.0
Step 5/200 best energy 1183.487600000003 ant 12 missing vert 0.0
Step 6/200 best energy 1190.9926000000032 ant 31 missing vert 0.0
Step 7/200 best energy 1186.6404000000039 ant 2 missing vert 0.0
Step 8/200 best energy 1099.5040000000035 ant 3 missing vert 0.0
Step 9/200 best energy 1090.3520000000042 ant 20 missing vert 0.0
Step 10/200 best energy 1254.9074000000032 ant 23 missing vert 0.0
Step 11/200 best energy 983.125000000003 ant 18 missing vert 0.0
Step 12/200 best energy 1007.7194000000037 ant 17 missing vert 0.0
Step 13/200 best energy 1086.7030000000032 ant 9 missing vert 0.0
Step 14/200 best energy 943.9400000000023 ant 12 missing vert 0.0
Step 15/200 best energy 898.6728000000036 ant 25 missing vert 0.0
Step 16/200 best energy 879.6800000000023 ant 7 missing vert 0.0
Step 17/200 best energy 847.0838000000028 ant 14 missing vert 0.0
Step 18/200 best energy 906.5044000000037 ant 4 missing vert 0.0
Step 19/200 best energy 905.0986000000031 ant 24 missing vert 0.0
Step 20/200 best energy 798.9694000000023 ant 9 missing vert 0.0
Step 21/200 best energy 810.2112000000023 ant 14 missing vert 0.0
Step 22/200 best energy 902.9702000000028 ant 16 missing vert 0.0
Step 23/200 best energy 896.9686000000017 ant 9 missing vert 0.0
Step 24/200 best energy 961.3044000000025 ant 28 missing vert 0.0
Step 25/200 best energy 739.7552000000012 ant 3 missing vert 0.0
Step 26/200 best energy 710.0392000000011 ant 6 missing vert 0.0
Step 27/200 best energy 887.8094000000037 ant 1 missing vert 0.0
Step 28/200 best energy 852.7402000000031 ant 31 missing vert 0.0
Step 29/200 best energy 770.1672000000015 ant 2 missing vert 0.0
Step 30/200 best energy 817.7420000000018 ant 31 missing vert 0.0
Step 31/200 best energy 840.6184000000022 ant 8 missing vert 0.0
Step 32/200 best energy 736.8064000000015 ant 14 missing vert 0.0
Step 33/200 best energy 646.3260000000009 ant 20 missing vert 0.0
Step 34/200 best energy 820.8400000000015 ant 26 missing vert 0.0
Step 35/200 best energy 729.6636000000011 ant 3 missing vert 0.0
Step 36/200 best energy 719.6550000000015 ant 31 missing vert 0.0
Step 37/200 best energy 847.9952000000028 ant 21 missing vert 0.0
Step 38/200 best energy 812.6938000000014 ant 5 missing vert 0.0
Step 39/200 best energy 695.3800000000012 ant 11 missing vert 0.0
Step 40/200 best energy 746.5948000000014 ant 11 missing vert 0.0
Step 41/200 best energy 682.1694000000001 ant 14 missing vert 0.0
Step 42/200 best energy 729.8200000000011 ant 12 missing vert 0.0
Step 43/200 best energy 717.4708000000015 ant 31 missing vert 0.0
Step 44/200 best energy 782.8810000000014 ant 29 missing vert 0.0
Step 45/200 best energy 768.394400000002 ant 10 missing vert 0.0
Step 46/200 best energy 745.7996000000012 ant 13 missing vert 0.0
Step 47/200 best energy 799.7364000000019 ant 9 missing vert 0.0
Step 48/200 best energy 628.7108000000003 ant 7 missing vert 0.0
Step 49/200 best energy 803.0594000000032 ant 27 missing vert 0.0
Step 50/200 best energy 689.5486000000012 ant 18 missing vert 0.0
Step 51/200 best energy 745.3358000000017 ant 15 missing vert 0.0
Step 52/200 best energy 768.0726000000021 ant 28 missing vert 0.0
Step 53/200 best energy 765.5828000000017 ant 23 missing vert 0.0
Step 54/200 best energy 696.0712000000012 ant 29 missing vert 0.0
Step 55/200 best energy 757.4438000000019 ant 31 missing vert 0.0
Step 56/200 best energy 731.8130000000016 ant 8 missing vert 0.0
Step 57/200 best energy 719.6622000000015 ant 24 missing vert 0.0
Step 58/200 best energy 731.9856000000013 ant 7 missing vert 0.0
Step 59/200 best energy 745.7858000000024 ant 21 missing vert 0.0
Step 60/200 best energy 715.2294000000003 ant 22 missing vert 0.0
Step 61/200 best energy 701.6470000000013 ant 11 missing vert 0.0
Step 62/200 best energy 723.6926000000012 ant 2 missing vert 0.0
Step 63/200 best energy 648.3448000000008 ant 3 missing vert 0.0
Step 64/200 best energy 693.1862000000008 ant 4 missing vert 0.0
Step 65/200 best energy 735.0812000000022 ant 17 missing vert 0.0
Step 66/200 best energy 740.6852000000011 ant 28 missing vert 0.0
Step 67/200 best energy 616.2196000000001 ant 27 missing vert 0.0
Step 68/200 best energy 628.3156000000002 ant 8 missing vert 0.0
Step 69/200 best energy 750.5308000000022 ant 30 missing vert 0.0
Step 70/200 best energy 731.2896000000019 ant 4 missing vert 0.0
Step 71/200 best energy 718.3984000000013 ant 2 missing vert 0.0
Step 72/200 best energy 644.4564000000005 ant 13 missing vert 0.0
Step 73/200 best energy 684.3536000000012 ant 11 missing vert 0.0
Step 74/200 best energy 641.9004000000004 ant 2 missing vert 0.0
Step 75/200 best energy 641.4318000000005 ant 25 missing vert 0.0
Step 76/200 best energy 611.8626 ant 14 missing vert 0.0
Step 77/200 best energy 732.4470000000011 ant 11 missing vert 0.0
Step 78/200 best energy 748.9854000000017 ant 0 missing vert 0.0
Step 79/200 best energy 572.5259999999997 ant 28 missing vert 0.0
Step 80/200 best energy 604.2608 ant 6 missing vert 0.0
Step 81/200 best energy 647.873800000001 ant 29 missing vert 0.0
Step 82/200 best energy 612.3287999999999 ant 10 missing vert 0.0
Step 83/200 best energy 627.8494000000003 ant 10 missing vert 0.0
Step 84/200 best energy 691.0230000000005 ant 11 missing vert 0.0
Step 85/200 best energy 679.757800000001 ant 5 missing vert 0.0
Step 86/200 best energy 602.7082000000001 ant 20 missing vert 0.0
Step 87/200 best energy 572.5993999999993 ant 15 missing vert 0.0
Step 88/200 best energy 570.0409999999995 ant 10 missing vert 0.0
Step 89/200 best energy 643.3724000000005 ant 30 missing vert 0.0
Step 90/200 best energy 724.4596000000015 ant 22 missing vert 0.0
Step 91/200 best energy 549.9407999999992 ant 26 missing vert 0.0
Step 92/200 best energy 624.9716000000001 ant 16 missing vert 0.0
Step 93/200 best energy 643.8362000000006 ant 12 missing vert 0.0
Step 94/200 best energy 653.6842000000001 ant 4 missing vert 0.0
Step 95/200 best energy 794.5938000000016 ant 25 missing vert 0.0
Step 96/200 best energy 643.3747999999998 ant 12 missing vert 0.0
Step 97/200 best energy 599.2174000000001 ant 0 missing vert 0.0
Step 98/200 best energy 584.0161999999997 ant 22 missing vert 0.0
Step 99/200 best energy 575.5481999999996 ant 3 missing vert 0.0
Step 100/200 best energy 670.8284000000014 ant 1 missing vert 0.0
Step 101/200 best energy 602.7106000000001 ant 31 missing vert 0.0
Step 102/200 best energy 673.6304000000014 ant 20 missing vert 0.0
Step 103/200 best energy 583.5427999999997 ant 25 missing vert 0.0
Step 104/200 best energy 676.2670000000006 ant 19 missing vert 0.0
Step 105/200 best energy 581.5263999999997 ant 7 missing vert 0.0
Step 106/200 best energy 611.3182000000003 ant 13 missing vert 0.0
Step 107/200 best energy 753.4062000000029 ant 21 missing vert 0.0
Step 108/200 best energy 542.4881999999991 ant 16 missing vert 0.0
Step 109/200 best energy 555.9947999999993 ant 28 missing vert 0.0
Step 110/200 best energy 690.9238000000012 ant 20 missing vert 0.0
Step 111/200 best energy 555.9947999999993 ant 13 missing vert 0.0
Step 112/200 best energy 605.1908 ant 22 missing vert 0.0
Step 113/200 best energy 535.967999999999 ant 5 missing vert 0.0
Step 114/200 best energy 535.967999999999 ant 10 missing vert 0.0
Step 115/200 best energy 583.5451999999998 ant 27 missing vert 0.0
Step 116/200 best energy 560.5695999999994 ant 2 missing vert 0.0
Step 117/200 best energy 669.202400000001 ant 28 missing vert 0.0
Step 118/200 best energy 663.6146000000006 ant 10 missing vert 0.0
Step 119/200 best energy 672.0778000000005 ant 4 missing vert 0.0
Step 120/200 best energy 623.6674000000004 ant 9 missing vert 0.0
Step 121/200 best energy 546.9895999999992 ant 28 missing vert 0.0
Step 122/200 best energy 669.7468000000014 ant 1 missing vert 0.0
Step 123/200 best energy 615.2824 ant 0 missing vert 0.0
Step 124/200 best energy 578.0355999999996 ant 10 missing vert 0.0
Step 125/200 best energy 581.2093999999997 ant 25 missing vert 0.0
Step 126/200 best energy 608.7597999999998 ant 27 missing vert 0.0
Step 127/200 best energy 639.1646000000005 ant 22 missing vert 0.0
Step 128/200 best energy 568.0245999999995 ant 19 missing vert 0.0
Step 129/200 best energy 542.9543999999992 ant 28 missing vert 0.0
Step 130/200 best energy 625.8330000000001 ant 28 missing vert 0.0
Step 131/200 best energy 659.6552000000008 ant 18 missing vert 0.0
Step 132/200 best energy 554.0493999999992 ant 5 missing vert 0.0
Step 133/200 best energy 707.4550000000017 ant 13 missing vert 0.0
Step 134/200 best energy 542.4881999999991 ant 11 missing vert 0.0
Step 135/200 best energy 564.5313999999994 ant 11 missing vert 0.0
Step 136/200 best energy 604.185 ant 4 missing vert 0.0
Step 137/200 best energy 550.0165999999991 ant 14 missing vert 0.0
Step 138/200 best energy 601.7048000000001 ant 24 missing vert 0.0
Step 139/200 best energy 550.4827999999991 ant 14 missing vert 0.0
Step 140/200 best energy 553.0411999999991 ant 6 missing vert 0.0
Step 141/200 best energy 542.9543999999992 ant 6 missing vert 0.0
Step 142/200 best energy 586.1011999999997 ant 28 missing vert 0.0
Step 143/200 best energy 555.5995999999991 ant 20 missing vert 0.0
Step 144/200 best energy 560.6429999999992 ant 20 missing vert 0.0
Step 145/200 best energy 625.4402000000005 ant 2 missing vert 0.0
Step 146/200 best energy 550.4827999999991 ant 16 missing vert 0.0
Step 147/200 best energy 543.4963999999991 ant 27 missing vert 0.0
Step 148/200 best energy 556.4609999999991 ant 23 missing vert 0.0
Step 149/200 best energy 631.8846000000001 ant 18 missing vert 0.0
Step 150/200 best energy 535.967999999999 ant 15 missing vert 0.0
Step 151/200 best energy 552.0329999999991 ant 20 missing vert 0.0
Step 152/200 best energy 572.6727999999996 ant 26 missing vert 0.0
Step 153/200 best energy 614.2694000000002 ant 21 missing vert 0.0
Step 154/200 best energy 596.1146 ant 6 missing vert 0.0
Step 155/200 best energy 535.967999999999 ant 5 missing vert 0.0
Step 156/200 best energy 535.967999999999 ant 31 missing vert 0.0
Step 157/200 best energy 542.954399999999 ant 15 missing vert 0.0
Step 158/200 best energy 550.4827999999991 ant 18 missing vert 0.0
Step 159/200 best energy 554.1227999999992 ant 1 missing vert 0.0
Step 160/200 best energy 550.4827999999992 ant 19 missing vert 0.0
Step 161/200 best energy 555.0599999999993 ant 29 missing vert 0.0
Step 162/200 best energy 542.9543999999992 ant 30 missing vert 0.0
Step 163/200 best energy 535.967999999999 ant 26 missing vert 0.0
Step 164/200 best energy 542.954399999999 ant 19 missing vert 0.0
Step 165/200 best energy 535.967999999999 ant 8 missing vert 0.0
Step 166/200 best energy 543.4963999999992 ant 8 missing vert 0.0
Step 167/200 best energy 535.967999999999 ant 19 missing vert 0.0
Step 168/200 best energy 573.6075999999996 ant 22 missing vert 0.0
Step 169/200 best energy 535.967999999999 ant 28 missing vert 0.0
Step 170/200 best energy 542.954399999999 ant 1 missing vert 0.0
Step 171/200 best energy 550.0165999999992 ant 21 missing vert 0.0
Step 172/200 best energy 535.967999999999 ant 25 missing vert 0.0
Step 173/200 best energy 535.967999999999 ant 15 missing vert 0.0
Step 174/200 best energy 542.9543999999992 ant 26 missing vert 0.0
Step 175/200 best energy 543.4963999999991 ant 20 missing vert 0.0
Step 176/200 best energy 535.967999999999 ant 4 missing vert 0.0
Step 177/200 best energy 543.4963999999992 ant 7 missing vert 0.0
Step 178/200 best energy 542.9543999999992 ant 30 missing vert 0.0
Step 179/200 best energy 535.967999999999 ant 9 missing vert 0.0
Step 180/200 best energy 535.967999999999 ant 14 missing vert 0.0
Step 181/200 best energy 535.967999999999 ant 13 missing vert 0.0
Step 182/200 best energy 535.967999999999 ant 0 missing vert 0.0
Step 183/200 best energy 535.967999999999 ant 16 missing vert 0.0
Step 184/200 best energy 535.967999999999 ant 31 missing vert 0.0
Step 185/200 best energy 535.967999999999 ant 11 missing vert 0.0
Step 186/200 best energy 535.967999999999 ant 21 missing vert 0.0
Step 187/200 best energy 535.967999999999 ant 14 missing vert 0.0
Step 188/200 best energy 535.967999999999 ant 6 missing vert 0.0
Step 189/200 best energy 535.967999999999 ant 1 missing vert 0.0
Step 190/200 best energy 535.967999999999 ant 2 missing vert 0.0
Step 191/200 best energy 542.4881999999991 ant 1 missing vert 0.0
Step 192/200 best energy 535.967999999999 ant 8 missing vert 0.0
Step 193/200 best energy 535.967999999999 ant 31 missing vert 0.0
Step 194/200 best energy 535.967999999999 ant 11 missing vert 0.0
Step 195/200 best energy 535.967999999999 ant 13 missing vert 0.0
Step 196/200 best energy 535.967999999999 ant 8 missing vert 0.0
Step 197/200 best energy 535.967999999999 ant 4 missing vert 0.0
Step 198/200 best energy 542.9543999999989 ant 8 missing vert 0.0
Step 199/200 best energy 535.967999999999 ant 3 missing vert 0.0
Step 200/200 best energy 535.967999999999 ant 9 missing vert 0.0
Writing output...
ACO Done ... overall best energy 535.967999999999
