7545.0594000000065
6928.054400000005
5985.348600000006
6020.405400000005
5733.908000000003
5624.046400000002
4860.0542000000005
4435.053400000003
4146.638800000001
4166.403399999999
3965.8554
3632.1398000000004
3726.7392
2918.1920000000023
3086.8030000000012
2712.848000000003
2722.6760000000027
2536.9782000000027
2188.7002000000025
2275.3132000000014
2033.446000000003
2099.5402000000036
1879.112800000004
1658.3120000000038
1778.1432000000038
1698.2140000000031
1655.301200000003
1612.205400000002
1348.9448000000034
1395.6058000000044
1388.9936000000039
1177.015000000004
1388.7920000000029
1195.8868000000036
1244.4988000000035
1125.1066000000037
1037.1232000000034
1059.9262000000037
1119.5122000000047
978.8156000000027
1064.2712000000033
1111.1362000000058
1061.4006000000027
1005.2844000000022
1041.2084000000043
1011.3336000000029
995.0322000000024
952.9098000000024
985.8020000000035
851.7110000000024
880.8898000000027
956.0884000000028
963.4676000000036
879.7300000000039
967.3512000000019
917.5898000000017
958.8880000000024
799.4122000000023
830.9768000000022
798.1814000000022
692.4264000000014
829.4500000000022
888.356200000002
849.6350000000025
849.4696000000035
783.8158000000018
874.606000000003
870.2586000000017
769.3010000000024
839.9724000000032
687.6718000000012
799.8050000000019
706.5984000000019
739.1922000000017
712.0532000000012
757.6616000000018
600.3013999999998
701.4792000000016
622.8060000000005
650.0394000000007
595.2556
665.0204000000014
557.0029999999994
606.6700000000003
708.4656000000011
641.5052000000005
669.9856000000011
608.8356000000005
573.6075999999997
549.4745999999993
558.5531999999994
562.0463999999995
549.4745999999993
569.1061999999997
542.4881999999992
542.4881999999992
542.4881999999992
542.4881999999992
549.4745999999993
542.4881999999992
542.4881999999992
542.4881999999992
542.4881999999992
542.4881999999992
542.4881999999992
542.4881999999992
542.4881999999992
542.4881999999992
542.4881999999992
542.4881999999992
542.4881999999992
542.4881999999992
542.4881999999992
542.4881999999992
542.4881999999992
542.4881999999992
542.4881999999992
542.4881999999992
542.4881999999992
542.4881999999992
542.4881999999992
542.4881999999992
542.4881999999992
542.4881999999992
542.4881999999992
542.4881999999992
542.4881999999992
542.4881999999992
542.4881999999992
542.4881999999992
542.4881999999992
542.4881999999992
542.4881999999992
542.4881999999992
542.4881999999992
542.4881999999992
542.4881999999992
542.4881999999992
542.4881999999992
542.4881999999992
542.4881999999992
542.4881999999992
542.4881999999992
542.4881999999992
542.4881999999992
542.4881999999992
542.4881999999992
542.4881999999992
542.4881999999992
542.4881999999992
542.4881999999992
542.4881999999992
542.4881999999992
542.4881999999992
542.4881999999992
542.4881999999992
542.4881999999992
542.4881999999992
542.4881999999992
542.4881999999992
542.4881999999992
542.4881999999992
542.4881999999992
542.4881999999992
542.4881999999992
542.4881999999992
542.4881999999992
542.4881999999992
542.4881999999992
542.4881999999992
542.4881999999992
542.4881999999992
542.4881999999992
542.4881999999992
542.4881999999992
542.4881999999992
542.4881999999992
542.4881999999992
542.4881999999992
542.4881999999992
542.4881999999992
542.4881999999992
542.4881999999992
542.4881999999992
542.4881999999992
542.4881999999992
542.4881999999992
542.4881999999992
542.4881999999992
542.4881999999992
542.4881999999992
542.4881999999992
542.4881999999992
542.4881999999992
542.4881999999992
542.4881999999992
542.4881999999992
542.4881999999992
542.4881999999992
542.4881999999992
