6146.0
2700.0
1857.0
1499.0
1356.0
1150.0
1072.0
1069.0
966.0
922.0
997.0
882.0
933.0
837.0
803.0
831.0
750.0
816.0
712.0
801.0
745.0
733.0
761.0
828.0
730.0
786.0
778.0
704.0
741.0
715.0
769.0
699.0
778.0
680.0
730.0
716.0
661.0
664.0
730.0
740.0
672.0
685.0
687.0
705.0
738.0
757.0
688.0
735.0
681.0
682.0
677.0
719.0
701.0
657.0
684.0
677.0
721.0
700.0
681.0
645.0
684.0
703.0
687.0
646.0
666.0
676.0
643.0
710.0
674.0
637.0
649.0
696.0
635.0
700.0
685.0
709.0
685.0
747.0
648.0
693.0
648.0
666.0
744.0
700.0
693.0
659.0
681.0
700.0
694.0
749.0
673.0
664.0
671.0
687.0
680.0
705.0
697.0
688.0
694.0
677.0
651.0
673.0
714.0
698.0
660.0
679.0
636.0
717.0
681.0
708.0
707.0
639.0
711.0
660.0
680.0
687.0
690.0
704.0
600.0
673.0
677.0
664.0
679.0
664.0
674.0
667.0
672.0
674.0
650.0
656.0
696.0
682.0
636.0
708.0
718.0
682.0
721.0
699.0
694.0
640.0
708.0
696.0
636.0
703.0
675.0
723.0
682.0
693.0
750.0
693.0
692.0
667.0
695.0
653.0
697.0
627.0
704.0
691.0
733.0
694.0
700.0
716.0
646.0
687.0
629.0
672.0
682.0
654.0
729.0
689.0
726.0
710.0
684.0000000000001
694.0
712.0
720.0
685.0
703.0
675.0
688.0
604.0
651.0
742.0
723.0
645.0
687.0
688.0
665.0
741.0
682.0
679.0
684.0
672.0
649.0
687.0
657.0
721.0
671.0
661.0
715.0
722.0
695.0
661.0
691.0
680.0
624.0
673.0
681.0
689.0
685.0
690.0
652.0
678.0
619.0
726.0
683.0
671.0
688.0
722.0
721.0
646.0
664.0
677.0
691.0
729.0
727.0
667.0
699.0
669.0
665.0
680.0
731.0
692.0
679.0
688.0
699.0
693.0
703.0
692.0
665.0
727.0
678.0
694.0
685.0
692.0000000000001
671.0
642.0
705.0
691.0
620.0
688.0
719.0
675.0
728.0
684.0
731.0
696.0
725.0
681.0
713.0
644.0
680.0
714.0
674.0
664.0
708.0
722.0
700.0
700.0
652.0
729.0
684.0
704.0
690.0
665.0
670.0
693.0
665.0
676.0
704.0
687.0
706.0
685.0
666.0
683.0
655.0
688.0
628.0
692.0
670.0
691.0
684.0
673.0
717.0
701.0
657.0
702.0
667.0
742.0
584.0
666.0
680.0
693.0
692.0
698.0
703.0
635.0
587.0
707.0
713.0
649.0
643.0
704.0
708.0
668.0
685.0
731.0
719.0
662.0
691.0
658.0
660.0
703.0
704.0
694.0
705.0
685.0
712.0
690.0
675.0
715.0
639.0
676.0
671.0
662.0
692.0
745.0
693.0
693.0
693.0
696.0
737.0
640.0
679.0
720.0
695.0
718.0
740.0
732.0
664.0
743.0
690.0
725.0
713.0
657.0
697.0
713.0
667.0
706.0
690.0
752.0
684.0
677.0
705.0
713.0
668.0
732.0
719.0
694.0
666.0
687.0
613.0
678.0
725.0
708.0
738.0
730.0
716.0
673.0
697.0
670.0
678.0
721.0
689.0
661.0
708.0
626.0
744.0
736.0
715.0
696.0
701.0
692.0
669.0
647.0
686.0
690.0
672.0
688.0
671.0
709.0
760.0
679.0
705.0
698.0
669.0
730.0
656.0
691.0
735.0
655.0
683.0
707.0
654.0
712.0
749.0
679.0
713.0
706.0
704.0
630.0
714.0
696.0
682.0
719.0
665.0
686.0
700.0
661.0
705.0
699.0
678.0
693.0
687.0
634.0
665.0
694.0
694.0
723.0
669.0
713.0
694.0
711.0
686.0
739.0
679.0
666.0
727.0
712.0
739.0
718.0
697.0
670.0
705.0
632.0
730.0
735.0
691.0
734.0
636.0
737.0
696.0
651.0
695.0
699.0
707.0
686.0
683.0
719.0
703.0
718.0
691.0
648.0
707.0
687.0
656.0
660.0
678.0
660.0
668.0
642.0
626.0
770.0
697.0
687.0
704.0
724.0
715.0
704.0
672.0
690.0
645.0
733.0
664.0
725.0
641.0
663.0
660.0
702.0
711.0
665.0
705.0
674.0
663.0
655.0
651.0
685.0
687.0
657.0
654.0
704.0
725.0
618.0
722.0
712.0
674.0
654.0
707.0
691.0
701.0
736.0
738.0
693.0
678.0
640.0
708.0
690.0
760.0
709.0
750.0
724.0
707.0
722.0
694.0
652.0
646.0
704.0
732.0
681.0
692.0
689.0
708.0
669.0
651.0
730.0
665.0
674.0
735.0
668.0
713.0
746.0
710.0
727.0
623.0
713.0
691.0
694.0
702.0
700.0
656.0
715.0
713.0
657.0
743.0
717.0
641.0
746.0
658.0
711.0
726.0
640.0
711.0
686.0
756.0
655.0
651.0
726.0
687.0
707.0
689.0
673.0
748.0
721.0
700.0
654.0
680.0
710.0
704.0
696.0
687.0
758.0
696.0
689.0
710.0
679.0
703.0
754.0
683.0
663.0
692.0
739.0
669.0
700.0
686.0
739.0
703.0
705.0
695.0
633.0
773.0
691.0
710.0
614.0
752.0
736.0
743.0
740.0
695.0
735.0
725.0
728.0
684.0
721.0
682.0
689.0
685.0
648.0
737.0
735.0
676.0
647.0
741.0
692.0
709.0
722.0
697.0
680.0
728.0
746.0
737.0
707.0
727.0
675.0
679.0
712.0
672.0
716.0
688.0
672.0
746.0
621.0
751.0
638.0
669.0
717.0
696.0
726.0
719.0
726.0
635.0
739.0
692.0
681.0
744.0
700.0
663.0
640.0
709.0
680.0
662.0
748.0
686.0
679.0
697.0
706.0
654.0
709.0
713.0
706.0
724.0
716.0
765.0
735.0
709.0
715.0
725.0
697.0
647.0
709.0
751.0
694.0
670.0
743.0
694.0
699.0
720.0
701.0
686.0
754.0
637.0
694.0
663.0
699.0
703.0
673.0
738.0
737.0
733.0
683.0
724.0
688.0
757.0
652.0
671.0
682.0
709.0
702.0
714.0
782.0
741.0
703.0
723.0
663.0
714.0
683.0
687.0
722.0
685.0
680.0
694.0
705.0
728.0
699.0
751.0
747.0
715.0
694.0
678.0
666.0
705.0
689.0
696.0
738.0
680.0
667.0
685.0
674.0
671.0
692.0
694.0
709.0
706.0
718.0
755.0
701.0
692.0
694.0
660.0
692.0
665.0
679.0
699.0
729.0
712.0
708.0
692.0
649.0
709.0
689.0
704.0
674.0
799.0
717.0
734.0
659.0
724.0
733.0
715.0
698.0
697.0
717.0
685.0
686.0
664.0
716.0
674.0
722.0
739.0
713.0
630.0
729.0
686.0
703.0
653.0
750.0
705.0
671.0
757.0
642.0
662.0
687.0
691.0
663.0
724.0
649.0
706.0
727.0
745.0
709.0
691.0
648.0
669.0
718.0
730.0
746.0
751.0
726.0
737.0
712.0
658.0
660.0
717.0
747.0
730.0
646.0
651.0
713.0
672.0
704.0
662.0
658.0
712.0
775.0
699.0
662.0
698.0
702.0
699.0
695.0
690.0
701.0
690.0
761.0
755.0
678.0
768.0
703.0
671.0
683.0
676.0
739.0
658.0
638.0
746.0
709.0
753.0
707.0
731.0
703.0
691.0
718.0
689.0
726.0
716.0
738.0
747.0
668.0
663.0
683.0
706.0
644.0
701.0
761.0
685.0
711.0
744.0
699.0
703.0
750.0
680.0
705.0
707.0
729.0
688.0
736.0
736.0
746.0
687.0
686.0
725.0
663.0
660.0
727.0
723.0
743.0
732.0
702.0
703.0
684.0
694.0
704.0
663.0
720.0
706.0
679.0
733.0
705.0
668.0
659.0
667.0
718.0
717.0
653.0
682.0
703.0
648.0
712.0
720.0
690.0
682.0
697.0
706.0
723.0
672.0
642.0
736.0
682.0
737.0
724.0
717.0
752.0
700.0
678.0
706.0
670.0
709.0
714.0
749.0
725.0
650.0
716.0
664.0
720.0
673.0
753.0
734.0
720.0
716.0
705.0
701.0
733.0
721.0
692.0
644.0
716.0
690.0
650.0
738.0
726.0
681.0
745.0
723.0
711.0
695.0
723.0
718.0
694.0
715.0
735.0
688.0
728.0
732.0
710.0
665.0
688.0
733.0
734.0
616.0
729.0
636.0
722.0
759.0
701.0
729.0
653.0
708.0
639.0
706.0
685.0
656.0
696.0
710.0
759.0
662.0
727.0
712.0
779.0
728.0
709.0
712.0
707.0
657.0
700.0
701.0
688.0
719.0
686.0
617.0
713.0
712.0
750.0
719.0
708.0
704.0
764.0
737.0
670.0
683.0
673.0
666.0
714.0
679.0
698.0
764.0
754.0
723.0
660.0
739.0
724.0
702.0
694.0
704.0
695.0
696.0
699.0
725.0
729.0
717.0
737.0
687.0
613.0
644.0
700.0
728.0
718.0
756.0
769.0
709.0
664.0
718.0
722.0
692.0
743.0
744.0
767.0
697.0
742.0
730.0
710.0
741.0
718.0
668.0
646.0
704.0
717.0
700.0
665.0
690.0
714.0
717.0
668.0
721.0
706.0
701.0
736.0
694.0
681.0
723.0
708.0
644.0
688.0
703.0
655.0
653.0
699.0
717.0
762.0
695.0
673.0
671.0
700.0
724.0
724.0
746.0
675.0
643.0
681.0
723.0
698.0
725.0
711.0
716.0
729.0
689.0000000000001
723.0
730.0
688.0
644.0
653.0
689.0
681.0
623.0
650.0
712.0
666.0
695.0
720.0
714.0
658.0
699.0
726.0
722.0
724.0
735.0
682.0
589.0
740.0
722.0
689.0
712.0
726.0
683.0
719.0
772.0
697.0
755.0
716.0
720.0
724.0
696.0
682.0
699.0
683.0
698.0
662.0
741.0
707.0
675.0
714.0
684.0
738.0
710.0
688.0
692.0
715.0
747.0
670.0
669.0
763.0
701.0
698.0
682.0
718.0
691.0
669.0
761.0
663.0
728.0
713.0
742.0
695.0
665.0
683.0
709.0
730.0
696.0
692.0
679.0
715.0
722.0
713.0
740.0
760.0
682.0
719.0
717.0
727.0
690.0
737.0
761.0
722.0
716.0
681.0
704.0
693.0
698.0
731.0
625.0
725.0
697.0
643.0
692.0
689.0
682.0
686.0
708.0
633.0
670.0
755.0
678.0
726.0
684.0
703.0
617.0
729.0
674.0
708.0
649.0
677.0
719.0
724.0
722.0
709.0
706.0
701.0
706.0
762.0
762.0
711.0
663.0
712.0
715.0
733.0
721.0
667.0
717.0
653.0
685.0
638.0
676.0
694.0
688.0
755.0
707.0
665.0
673.0
688.0
747.0
684.0
684.0
739.0
706.0
719.0
712.0
714.0
713.0
715.0
688.0
685.0
678.0
724.0
700.0
736.0
670.0
659.0
641.0
674.0
712.0
683.0
706.0
723.0
751.0
701.0
728.0
731.0
702.0
742.0
672.0
746.0
687.0
716.0
661.0
726.0
686.0
691.0
686.0
728.0
727.0
712.0
736.0
693.0
749.0
690.0
675.0
621.0
675.0
682.0
713.0
694.0
719.0
731.0
731.0
728.0
672.0
693.0
705.0
668.0
706.0
714.0
674.0
711.0
626.0
785.0
728.0
714.0
710.0
695.0
710.0
695.0
688.0
663.0
655.0
690.0
689.0
713.0
686.0
658.0
732.0
706.0
724.0
672.0
703.0
626.0
725.0
696.0
735.0
733.0
689.0
673.0
663.0
701.0
750.0
678.0
659.0
698.0
732.0
712.0
669.0
693.0
724.0
727.0
693.0
716.0
708.0
740.0
713.0
702.0
695.0
697.0
719.0
681.0
711.0
670.0
698.0
753.0
701.0
694.0
688.0
737.0
716.0
761.0
721.0
721.0
738.0
664.0
724.0
697.0
730.0
644.0
691.0
695.0
674.0
666.0
697.0
678.0
740.0
693.0
691.0
702.0
708.0
670.0
714.0
658.0
673.0
695.0
641.0
703.0
731.0
736.0
708.0
711.0
721.0
735.0
682.0
672.0
708.0
698.0
720.0
694.0
713.0
682.0
658.0
726.0
741.0
727.0
752.0
690.0
711.0
672.0
689.0
641.0
691.0
702.0
668.0
741.0
697.0
714.0
770.0
676.0
722.0
736.0
704.0
631.0
748.0
711.0
691.0
662.0
704.0
648.0
731.0
691.0
703.0
697.0
670.0
635.0
681.0
669.0
663.0
703.0
705.0
715.0
686.0
698.0
682.0
718.0
772.0
673.0
740.0
702.0
722.0
710.0
719.0
703.0
684.0
680.0
688.0
718.0
725.0
735.0
712.0
746.0
711.0
713.0
673.0
748.0
724.0
730.0
684.0
735.0
699.0
662.0
678.0
717.0
720.0
682.0
701.0
674.0
740.0
658.0
654.0
688.0
709.0
707.0
717.0
647.0
706.0
642.0
692.0
679.0
689.0
756.0
687.0
693.0
725.0
716.0
649.0
671.0
707.0
642.0
762.0
732.0
746.0
698.0
725.0
734.0
738.0
663.0
683.0
668.0
682.0
723.0
703.0
691.0
696.0
726.0
706.0
758.0
706.0
720.0
661.0
719.0
774.0
727.0
751.0
715.0
748.0
681.0
641.0
730.0
714.0
676.0
705.0
695.0
679.0
715.0
689.0
699.0
682.0
721.0
709.0
691.0
684.0
708.0
687.0
708.0
668.0
747.0
688.0
750.0
704.0
696.0
693.0
660.0
719.0
646.0
683.0
724.0
675.0
684.0
719.0
709.0
722.0
659.0
729.0
705.0
740.0
686.0
711.0
678.0
691.0
699.0
668.0
683.0
657.0
741.0
678.0
642.0
736.0
702.0
710.0
705.0
680.0
729.0
730.0
734.0
716.0
685.0
691.0
640.0
718.0
721.0
765.0
735.0
715.0
706.0
676.0
674.0
702.0
697.0
733.0
705.0
676.0
707.0
718.0
765.0
736.0
699.0
721.0
727.0
652.0
716.0
706.0
652.0
694.0
698.0
706.0
757.0
734.0
699.0
670.0
713.0
711.0
695.0
656.0
675.0
735.0
671.0
701.0
698.0
744.0
717.0
725.0
712.0
723.0
696.0
669.0
661.0
718.0
616.0
710.0
758.0
711.0
668.0
674.0
631.0
728.0
761.0
753.0
685.0
712.0
674.0
737.0
745.0
760.0
674.0
717.0
745.0
743.0
708.0
728.0
677.0
649.0
727.0
693.0
710.0
707.0
701.0
704.0
682.0
715.0
741.0
690.0
713.0
676.0
706.0
716.0
707.0
749.0
721.0
730.0
677.0
702.0
693.0
743.0
686.0
724.0
679.0
713.0
698.0
715.0
669.0
680.0
669.0
716.0
684.0
696.0
729.0
698.0
668.0
664.0
707.0
689.0
640.0
715.0
701.0
741.0
680.0
723.0
707.0
715.0
730.0
710.0
742.0
746.0
675.0
705.0
701.0
739.0
720.0
669.0
673.0
703.0
724.0
626.0
756.0
689.0
698.0
753.0
713.0
674.0
701.0
755.0
638.0
743.0
708.0
689.0
716.0
659.0
665.0
674.0
684.0
735.0
714.0
693.0
705.0
726.0
690.0
726.0
700.0
697.0
702.0
698.0
686.0
674.0
692.0
722.0
699.0
662.0
658.0
663.0
658.0
704.0
625.0
695.0
734.0
720.0
709.0
739.0
698.0
673.0
722.0
673.0
681.0
710.0
693.0
697.0
722.0
670.0
735.0
718.0
715.0
702.0
678.0
718.0
685.0
722.0
774.0
695.0
708.0
715.0
676.0
669.0
728.0
718.0
677.0
699.0
716.0
711.0
748.0
704.0
730.0
748.0
756.0
698.0
710.0
695.0
681.0
720.0
704.0
710.0
705.0
695.0
685.0
742.0
732.0
642.0
676.0
681.0
703.0
704.0
711.0
697.0
685.0
656.0
708.0
696.0
722.0
707.0
653.0
730.0
691.0
704.0
665.0
733.0
716.0
728.0
670.0
694.0
689.0
664.0
695.0
706.0
702.0
718.0
689.0
712.0
633.0
678.0
705.0
696.0
711.0
703.0
669.0
701.0
670.0
711.0
678.0
726.0
730.0
637.0
673.0
644.0
766.0
721.0
675.0
676.0
697.0
706.0
701.0
691.0
746.0
709.0
625.0
734.0
705.0
747.0
707.0
731.0
734.0
700.0
733.0
703.0
754.0
750.0
650.0
670.0
689.0
751.0
645.0
759.0
740.0
745.0
728.0
739.0
678.0
694.0
715.0
724.0
692.0
721.0
723.0
734.0
669.0
708.0
651.0
769.0
715.0
691.0
685.0
717.0
746.0
713.0
698.0
658.0
705.0
694.0
700.0
632.0
698.0
772.0
756.0
690.0
703.0
682.0
705.0
762.0
737.0
739.0
695.0
666.0
729.0
691.0
693.0
755.0
700.0
718.0
723.0
722.0
754.0
686.0
673.0
740.0
731.0
700.0
791.0
753.0
697.0
716.0
711.0
676.0
643.0
653.0
703.0
712.0
684.0
730.0
682.0
682.0
692.0
722.0
714.0
713.0
733.0
737.0
767.0
724.0
701.0
719.0
735.0
718.0
696.0
726.0
692.0
702.0
745.0
731.0
737.0
686.0
749.0
682.0
679.0
733.0
713.0
657.0
734.0
674.0
649.0
770.0
727.0
740.0
705.0
678.0
702.0
695.0
698.0
731.0
703.0
687.0
670.0
670.0
701.0
694.0
680.0
647.0
621.0
715.0
688.0
737.0
709.0
736.0
731.0
674.0
674.0
684.0
709.0
699.0
707.0
672.0
644.0
725.0
681.0
673.0
721.0
705.0
677.0
717.0
686.0
761.0
726.0
659.0
742.0
701.0
683.0
690.0
653.0
690.0
727.0
712.0
688.0
693.0
684.0
709.0
691.0
693.0
710.0
682.0
692.0
674.0
661.0
718.0
679.0
694.0
746.0
729.0
680.0
703.0
667.0
690.0
700.0
725.0
707.0
678.0
683.0
710.0
764.0
688.0
700.0
718.0
709.0
734.0
699.0
729.0
736.0
733.0
704.0
726.0
699.0
693.0
674.0
682.0
716.0
739.0
704.0
702.0
723.0
659.0
727.0
627.0
682.0
687.0
724.0
709.0
719.0
707.0
718.0
665.0
683.0
688.0
682.0
693.0
702.0
728.0
721.0
714.0
687.0
734.0
725.0
731.0
709.0
717.0
729.0
699.0
697.0
724.0
665.0
673.0
716.0
691.0
734.0
756.0
658.0
728.0
684.0
718.0
769.0
730.0
731.0
733.0
675.0
629.0
755.0
774.0
655.0
744.0
758.0
707.0
745.0
695.0
711.0
708.0
626.0
719.0
690.0
734.0
671.0
686.0
680.0
735.0
659.0
713.0
699.0
666.0
686.0
662.0
668.0
725.0
738.0
743.0
659.0
703.0
739.0
706.0
691.0
696.0
666.0
716.0
704.0
669.0
671.0
738.0
719.0
677.0
662.0
696.0
683.0
754.0
715.0
669.0
684.0
680.0
693.0
731.0
702.0
679.0
714.0
692.0
684.0
718.0
691.0
701.0
692.0
716.0
695.0
648.0
686.0
733.0
675.0
661.0
672.0
709.0
753.0
718.0
687.0
711.0
663.0
663.0
687.0
677.0
723.0
751.0
704.0
737.0
690.0
710.0
714.0
708.0
729.0
725.0
694.0
705.0
706.0
694.0
661.0
675.0
693.0
660.0
767.0
677.0
673.0
674.0
702.0
695.0
687.0
701.0
701.0
682.0
723.0
721.0
688.0
711.0
677.0
683.0
685.0
726.0
669.0
703.0
634.0
672.0
665.0
682.0
688.0
714.0
677.0
714.0
714.0
665.0
664.0
700.0
777.0
647.0
719.0
677.0
660.0
693.0
697.0
748.0
681.0
628.0
742.0
732.0
703.0
744.0
662.0
723.0
757.0
730.0
781.0
709.0
710.0
696.0
673.0
655.0
672.0
701.0
665.0
641.0
698.0
758.0
739.0
656.0
732.0
698.0
784.0
650.0
682.0
665.0
761.0
749.0
670.0
742.0
710.0
744.0
701.0
671.0
643.0
653.0
681.0
702.0
707.0
727.0
678.0
737.0
683.0
685.0
666.0
693.0
718.0
685.0
721.0
704.0
698.0
758.0
693.0
699.0
712.0
669.0
705.0
678.0
719.0
680.0
685.0
723.0
711.0
721.0
682.0
720.0
688.0
739.0
765.0
713.0
724.0
710.0
681.0
677.0
687.0
717.0
698.0
668.0
677.0
693.0
702.0
709.0
664.0
691.0
713.0
648.0
734.0
709.0
740.0
710.0
669.0
725.0
700.0
720.0
745.0
719.0
703.0
715.0
721.0
696.0
694.0
741.0
698.0
692.0
731.0
673.0
695.0
673.0
717.0
699.0
731.0
716.0
703.0
726.0
653.0
709.0
744.0
710.0
707.0
658.0
718.0
663.0
653.0
679.0
682.0
721.0
711.0
706.0
717.0
661.0
737.0
659.0
707.0
693.0
660.0
768.0
705.0
740.0
760.0
706.0
684.0
694.0
672.0
660.0
680.0
698.0
667.0
671.0
715.0
713.0
712.0
685.0
670.0
729.0
717.0
674.0
712.0
738.0
698.0
683.0
631.0
701.0
703.0
672.0
708.0
679.0
676.0
718.0
705.0
645.0
775.0
714.0
694.0
682.0
767.0
646.0
706.0
689.0
671.0
669.0
700.0
662.0
701.0
753.0
663.0
682.0
727.0
708.0
643.0
710.0
714.0
698.0
682.0
746.0
665.0
658.0
693.0
703.0
756.0
675.0
701.0
671.0
653.0
661.0
715.0
714.0
689.0
710.0
697.0
711.0
763.0
677.0
750.0
678.0
757.0
659.0
759.0
685.0
699.0
744.0
721.0
691.0
736.0
715.0
644.0
694.0
721.0
690.0
654.0
714.0
592.0
738.0
709.0
686.0
689.0
684.0
706.0
720.0
768.0
692.0
680.0
785.0
736.0
722.0
681.0
689.0
643.0
734.0
741.0
708.0
685.0
736.0
673.0
654.0
675.0
702.0
708.0
711.0
649.0
689.0
678.0
716.0
682.0
693.0
704.0
697.0
722.0
754.0
688.0
740.0
696.0
725.0
696.0
693.0
733.0
732.0
718.0
686.0
727.0
702.0
678.0
701.0
684.0
703.0
675.0
642.0
732.0
711.0
696.0
678.0
649.0
638.0
661.0
646.0
699.0
716.0
733.0
697.0
663.0
651.0
707.0
665.0
688.0
648.0
711.0
701.0
694.0
665.0
690.0
693.0
720.0
702.0
720.0
703.0
658.0
735.0
730.0
715.0
709.0
711.0
697.0
708.0
699.0
669.0
695.0
717.0
672.0
673.0
709.0
690.0
768.0
635.0
702.0
660.0
716.0
669.0
724.0
721.0
708.0
742.0
689.0
671.0
671.0
728.0
728.0
728.0
671.0
699.0
740.0
741.0
710.0
723.0
708.0
704.0
760.0
685.0
691.0
704.0
678.0
625.0
746.0
767.0
694.0
666.0
657.0
711.0
702.0
748.0
680.0
714.0
684.0
678.0
660.0
760.0
695.0
687.0
675.0
669.0
731.0
689.0
702.0
726.0
675.0
732.0
733.0
636.0
710.0
718.0
691.0
688.0
694.0
709.0
668.0
754.0
728.0
701.0
764.0
766.0
684.0
739.0
695.0
687.0
702.0
699.0
646.0
695.0
620.0
672.0
705.0
795.0
692.0
710.0
709.0
652.0
678.0
698.0
686.0
740.0
719.0
686.0
711.0
684.0
672.0
650.0
658.0
688.0
747.0
719.0
690.0
717.0
672.0
725.0
719.0
711.0
688.0
646.0
695.0
703.0
766.0
722.0
620.0
705.0
659.0
713.0
652.0
713.0
681.0
696.0
678.0
743.0
723.0
692.0
750.0
690.0
713.0
688.0
685.0
692.0
723.0
717.0
678.0
709.0
689.0
702.0
622.0
664.0
705.0
628.0
748.0
668.0
683.0
779.0
700.0
658.0
664.0
716.0
714.0
720.0
656.0
737.0
699.0
692.0
754.0
715.0
689.0
704.0
719.0
706.0
716.0
681.0
707.0
730.0
742.0
682.0
715.0
670.0
678.0
702.0
724.0
692.0
628.0
729.0
736.0
700.0
702.0
698.0
617.0
710.0
760.0
721.0
636.0
670.0
740.0
700.0
769.0
699.0
738.0
719.0
666.0
689.0
714.0
734.0
713.0
672.0
703.0
667.0
689.0
731.0
699.0
688.0
692.0
756.0
721.0
683.0
709.0
742.0
717.0
721.0
705.0
733.0
655.0
702.0
694.0
735.0
682.0
709.0
688.0
686.0
688.0
711.0
718.0
697.0
690.0
731.0
703.0
698.0
689.0
704.0
728.0
744.0
676.0
640.0
650.0
705.0
687.0
688.0
724.0
708.0
736.0
667.0
657.0
671.0
722.0
717.0
687.0
735.0
737.0
713.0
781.0
678.0
715.0
637.0
727.0
729.0
685.0
681.0
734.0
718.0
682.0
720.0
715.0
711.0
674.0
687.0
725.0
728.0
676.0
722.0
671.0
733.0
646.0
714.0
676.0
648.0
728.0
684.0
691.0
683.0
735.0
697.0
614.0
736.0
683.0
662.0
706.0
723.0
746.0
700.0
670.0
711.0
697.0
645.0
737.0
721.0
712.0
690.0
682.0
654.0
656.0
716.0
711.0
742.0
675.0
706.0
662.0
733.0
694.0
708.0
694.0
719.0
682.0
710.0
692.0
717.0
711.0
707.0
684.0
702.0
700.0
705.0
676.0
682.0
782.0
723.0
721.0
683.0
692.0
676.0
707.0
754.0
750.0
698.0
712.0
698.0
686.0
705.0
682.0
692.0
662.0
663.0
746.0
726.0
747.0
727.0
685.0
680.0
753.0
708.0
698.0
717.0
747.0
702.0
690.0
719.0
648.0
637.0
680.0
679.0
664.0
752.0
710.0
677.0
732.0
701.0
628.0
690.0
739.0
715.0
679.0
658.0
666.0
710.0
690.0
727.0
748.0
674.0
696.0
718.0
750.0
710.0
636.0
665.0
717.0
730.0
722.0
715.0
666.0
679.0
683.0
699.0
721.0
713.0
732.0
656.0
744.0
709.0
743.0
649.0
714.0
697.0
726.0
692.0
700.0
722.0
666.0
681.0
682.0
711.0
664.0
710.0
710.0
700.0
711.0
731.0
716.0
756.0
775.0
741.0
714.0
669.0
735.0
665.0
656.0
714.0
708.0
723.0
725.0
703.0
749.0
695.0
748.0
737.0
619.0
692.0
690.0
651.0
676.0
674.0
733.0
660.0
765.0
650.0
714.0
700.0
712.0
726.0
690.0
735.0
655.0
715.0
718.0
722.0
695.0
686.0
642.0
687.0
652.0
753.0
731.0
654.0
687.0
697.0
676.0
721.0
712.0
697.0
694.0
662.0
749.0
746.0
667.0
703.0
760.0
720.0
706.0
740.0
710.0
716.0
705.0
643.0
655.0
692.0
675.0
728.0
740.0
676.0
738.0
704.0
683.0
734.0
725.0
686.0
656.0
671.0
651.0
721.0
676.0
649.0
664.0
735.0
683.0
754.0
710.0
687.0
653.0
695.0
698.0
650.0
702.0
675.0
681.0
706.0
734.0
715.0
685.0
674.0
737.0
707.0
698.0
706.0
644.0
700.0
682.0
699.0
675.0
709.0
678.0
751.0
707.0
684.0
720.0
729.0
746.0
673.0
742.0
694.0
755.0
728.0
720.0
679.0
712.0
705.0
697.0
694.0
723.0
668.0
731.0
765.0
703.0
693.0
650.0
731.0
770.0
736.0
662.0
662.0
723.0
671.0
701.0
665.0
716.0
665.0
663.0
675.0
681.0
721.0
698.0
716.0
702.0
694.0
687.0
688.0
725.0
674.0
652.0
702.0
680.0
767.0
714.0
692.0
721.0
711.0
745.0
724.0
700.0
733.0
732.0
686.0
703.0
649.0
686.0
700.0
641.0
699.0
738.0
724.0
673.0
725.0
642.0
679.0
649.0
737.0
738.0
693.0
703.0
692.0
745.0
585.0
709.0
702.0
644.0
736.0
736.0
716.0
709.0
669.0
698.0
688.0
690.0
750.0
692.0
745.0
655.0
711.0
658.0
674.0
674.0
689.0
695.0
654.0
746.0
726.0
706.0
727.0
723.0
681.0
716.0
704.0
688.0
712.0
715.0
686.0
674.0
671.0
668.0
688.0
690.0
727.0
710.0
676.0
731.0
718.0
697.0
741.0
671.0
761.0
706.0
727.0
720.0
716.0
684.0
665.0
671.0
659.0
760.0
750.0
677.0
681.0
719.0
669.0
706.0
689.0
734.0
694.0
726.0
680.0
678.0
673.0
719.0
689.0
675.0
659.0
675.0
698.0
704.0
697.0
703.0
664.0
683.0
662.0
691.0
727.0
734.0
698.0
674.0
622.0
703.0
627.0
727.0
686.0
676.0
692.0
653.0
710.0
706.0
712.0
692.0
670.0
716.0
675.0
724.0
692.0
729.0
744.0
663.0
743.0
671.0
680.0
744.0
692.0
692.0
686.0
710.0
705.0
689.0
694.0
726.0
740.0
727.0
676.0
628.0
633.0
709.0
675.0
678.0
723.0
719.0
677.0
674.0
704.0
618.0
731.0
733.0
706.0
722.0
748.0
643.0
726.0
737.0
697.0
742.0
690.0
691.0
672.0
716.0
705.0
662.0
736.0
624.0
720.0
744.0
719.0
757.0
652.0
710.0
736.0
684.0
708.0
691.0
687.0
698.0
729.0
647.0
640.0
697.0
685.0
694.0
696.0
672.0
673.0
694.0
686.0
709.0
669.0
689.0
688.0
711.0
650.0
727.0
683.0
747.0
742.0
679.0
724.0
654.0
692.0
691.0
696.0
697.0
665.0
663.0
652.0
705.0
696.0
648.0
680.0
706.0
729.0
703.0
695.0
749.0
694.0
677.0
727.0
677.0
719.0
734.0
711.0
727.0
718.0
756.0
673.0
679.0
716.0
664.0
683.0
684.0
692.0
705.0
682.0
652.0
734.0
701.0
663.0
741.0
740.0
699.0
683.0
683.0
720.0
713.0
693.0
691.0
693.0
691.0
706.0
705.0
689.0
664.0
703.0
711.0
670.0
708.0
704.0
721.0
691.0
737.0
711.0
714.0
697.0
607.0
778.0
710.0
653.0
643.0
661.0
698.0
704.0
738.0
755.0
734.0
694.0
673.0
759.0
700.0
675.0
732.0
737.0
695.0
733.0
733.0
751.0
721.0
664.0
690.0
659.0
675.0
630.0
749.0
753.0
699.0
669.0
676.0
749.0
723.0
696.0
733.0
716.0
690.0
673.0
644.0
690.0
711.0
725.0
704.0
663.0
721.0
676.0
739.0
675.0
680.0
678.0
702.0
702.0
703.0
739.0
786.0
692.0
710.0
744.0
679.0
693.0
670.0
668.0
711.0
706.0
722.0
678.0
669.0
657.0
670.0
678.0
691.0
739.0
683.0
743.0
693.0
683.0
737.0
694.0
674.0
711.0
685.0
689.0
632.0
740.0
735.0
724.0
645.0
688.0
711.0
682.0
693.0
726.0
660.0
695.0
703.0
738.0
713.0
724.0
612.0
693.0
697.0
690.0
681.0
644.0
720.0
720.0
669.0
702.0
712.0
705.0
709.0
728.0
701.0
701.0
677.0
691.0
666.0
682.0
692.0
677.0
681.0
747.0
696.0
754.0
727.0
714.0
740.0
678.0
758.0
653.0
690.0
641.0
744.0
655.0
739.0
652.0
702.0
643.0
722.0
743.0
755.0
733.0
739.0
683.0
774.0
729.0
690.0
648.0
714.0
700.0
780.0
735.0
686.0
693.0
698.0
617.0
748.0
680.0
782.0
706.0
711.0
647.0
666.0
679.0
699.0
714.0
681.0
744.0
700.0
720.0
706.0
737.0
673.0
700.0
715.0
660.0
739.0
730.0
707.0
717.0
753.0
697.0
755.0
743.0
719.0
695.0
709.0
687.0
730.0
706.0
670.0
768.0
718.0
725.0
717.0
700.0
693.0
714.0
621.0
691.0
733.0
683.0
737.0
683.0
663.0
662.0
699.0
708.0
702.0
705.0
747.0
671.0
707.0
657.0
658.0
693.0
662.0
698.0
699.0
700.0
675.0
701.0
665.0
655.0
705.0
721.0
714.0
731.0
708.0
799.0
676.0
725.0
740.0
654.0
667.0
694.0
653.0
710.0
717.0
672.0
732.0
683.0
720.0
732.0
674.0
711.0
698.0
738.0
720.0
688.0
696.0
721.0
699.0
699.0
695.0
686.0
732.0
684.0
741.0
695.0
694.0
752.0
700.0
747.0
716.0
679.0
693.0
691.0
723.0
727.0
702.0
715.0
689.0
726.0
696.0
681.0
655.0
685.0
704.0
716.0
736.0
649.0
687.0
708.0
683.0
654.0
669.0
685.0
660.0
716.0
778.0
716.0
684.0
768.0
760.0
663.0
683.0
698.0
761.0
672.0
663.0
723.0
693.0
702.0
664.0
684.0
697.0
664.0
715.0
731.0
700.0
711.0
671.0
640.0
688.0
681.0
679.0
723.0
693.0
713.0
724.0
712.0
700.0
699.0
681.0
721.0
702.0
733.0
716.0
695.0
681.0
661.0
717.0
685.0
701.0
717.0
690.0
730.0
724.0
698.0
724.0
691.0
708.0
658.0
669.0
695.0
748.0
650.0
735.0
693.0
682.0
701.0
725.0
707.0
703.0
688.0
687.0
724.0
727.0
699.0
679.0
705.0
670.0
719.0
713.0
666.0
730.0
640.0
729.0
700.0
684.0
683.0
690.0
723.0
676.0
646.0
689.0
711.0
679.0
741.0
678.0
707.0
662.0
668.0
736.0
690.0
656.0
686.0
751.0
700.0
693.0
678.0
715.0
674.0
670.0
680.0
689.0
709.0
701.0
694.0
694.0
705.0
724.0
668.0
736.0
683.0
705.0
691.0
720.0
725.0
719.0
703.0
668.0
624.0
726.0
696.0
659.0
674.0
711.0
711.0
698.0
676.0
716.0
705.0
708.0
707.0
624.0
723.0
695.0
706.0
712.0
734.0
613.0
656.0
713.0
659.0
674.0
696.0
670.0
705.0
733.0
695.0
650.0
692.0
666.0
718.0
708.0
701.0
711.0
698.0
733.0
738.0
690.0
731.0
762.0
726.0
647.0
712.0
684.0
678.0
682.0
684.0
674.0
737.0
692.0
706.0
723.0
717.0
717.0
711.0
750.0
684.0
689.0
755.0
706.0
717.0
728.0
729.0
695.0
714.0
706.0
748.0
676.0
706.0
701.0
731.0
712.0
724.0
750.0
698.0
696.0
730.0
698.0
662.0
701.0
697.0
690.0
743.0
692.0000000000001
736.0
715.0
780.0
693.0
709.0
666.0
678.0
693.0
696.0
761.0
753.0
740.0
723.0
691.0
697.0
748.0
694.0
712.0
694.0
699.0
690.0
699.0
718.0
674.0
703.0
703.0
696.0
737.0
661.0
653.0
682.0
730.0
740.0
716.0
656.0
712.0
665.0
719.0
675.0
747.0
677.0
712.0
730.0
731.0
715.0
758.0
714.0
754.0
696.0
647.0
698.0
698.0
648.0
686.0
707.0
686.0
685.0
718.0
599.0
693.0
698.0
703.0
761.0
707.0
719.0
738.0
717.0
657.0
756.0
660.0
715.0
751.0
674.0
630.0
685.0
711.0
658.0
668.0
682.0
720.0
718.0
720.0
711.0
713.0
684.0
702.0
654.0
636.0
667.0
757.0
664.0
736.0
692.0
708.0
681.0
656.0
679.0
629.0
711.0
662.0
683.0
700.0
682.0
736.0
675.0
711.0
697.0
705.0
683.0
662.0
623.0
722.0
704.0
682.0
653.0
666.0
705.0
688.0
670.0
683.0
695.0
682.0
656.0
697.0
723.0
675.0
760.0
705.0
691.0
693.0
666.0
682.0
679.0
730.0
662.0
747.0
732.0
683.0
662.0
671.0
657.0
722.0
721.0
729.0
686.0
688.0
698.0
700.0
734.0
708.0
719.0
677.0
692.0
674.0
703.0
695.0
741.0
684.0
726.0
736.0
734.0
670.0
696.0
716.0
736.0
664.0
798.0
696.0
677.0
729.0
707.0
678.0
693.0
715.0
631.0
665.0
707.0
700.0
673.0
682.0
643.0
721.0
681.0
685.0
705.0
727.0
720.0
743.0
720.0
712.0
645.0
665.0
648.0
728.0
702.0
707.0
674.0
690.0
730.0
753.0
709.0
664.0
679.0
678.0
665.0
726.0
725.0
756.0
740.0
726.0
674.0
709.0
740.0
692.0
683.0
698.0
758.0
767.0
735.0
737.0
690.0
744.0
714.0
740.0
703.0
743.0
646.0
705.0
733.0
651.0
732.0
733.0
743.0
711.0
696.0
689.0
669.0
665.0
679.0
689.0
683.0
666.0
716.0
729.0
658.0
664.0
730.0
719.0
715.0
670.0
738.0
695.0
699.0
746.0
749.0
681.0
701.0
696.0
673.0
693.0
716.0
707.0
721.0
672.0
714.0
706.0
678.0
718.0
742.0
682.0
706.0
703.0
697.0
705.0
673.0
651.0
688.0
692.0
699.0
670.0
682.0
754.0
712.0
648.0
668.0
640.0
713.0
686.0
694.0
635.0
742.0
704.0
706.0
729.0
722.0
684.0
705.0
739.0
680.0
667.0
702.0
743.0
656.0
735.0
680.0
687.0
696.0
700.0
739.0
718.0
647.0
732.0
694.0
725.0
727.0
735.0
721.0
746.0
741.0
648.0
719.0
689.0
734.0
689.0
740.0
673.0
692.0
710.0
681.0
651.0
696.0
669.0
694.0
771.0
690.0
687.0
736.0
685.0
745.0
728.0
734.0
767.0
679.0
627.0
708.0
695.0
669.0
750.0
713.0
635.0
665.0
716.0
656.0
714.0
707.0
703.0
733.0
721.0
660.0
746.0
687.0
715.0
670.0
697.0
679.0
795.0
690.0
704.0
682.0
749.0
691.0
675.0
704.0
735.0
714.0
696.0
699.0
647.0
708.0
759.0
695.0
715.0
712.0
636.0
729.0
767.0
672.0
701.0
673.0
649.0
664.0
694.0
643.0
690.0
678.0
709.0
656.0
725.0
661.0
668.0
702.0
646.0
718.0
690.0
702.0
777.0
767.0
685.0
684.0
714.0
706.0
774.0
679.0
716.0
713.0
664.0
727.0
662.0
649.0
699.0
695.0
670.0
701.0
728.0
675.0
670.0
645.0
708.0
713.0
686.0
686.0
686.0
729.0
729.0
666.0
694.0
742.0
699.0
709.0
714.0
640.0
746.0
719.0
719.0
657.0
673.0
716.0
702.0
713.0
713.0
677.0
705.0
720.0
580.0
711.0
716.0
717.0
719.0
704.0
672.0
697.0
689.0
710.0
745.0
714.0
727.0
657.0
686.0
761.0
678.0
669.0
701.0
721.0
674.0
725.0
661.0
668.0
622.0
706.0
726.0
655.0
715.0
730.0
698.0
673.0
682.0
683.0
651.0
641.0
651.0
705.0
737.0
649.0
763.0
729.0
691.0
715.0
673.0
653.0
704.0
678.0
655.0
687.0
725.0
735.0
664.0
689.0
677.0
693.0
722.0
679.0
720.0
745.0
713.0
721.0
692.0
677.0
746.0
738.0
676.0
654.0
706.0
754.0
708.0
725.0
734.0
663.0
703.0
739.0
689.0
683.0
705.0
666.0
733.0
660.0
726.0
721.0
708.0
678.0
714.0
709.0
721.0
743.0
680.0
684.0
647.0
716.0
652.0
755.0
708.0
664.0
709.0
764.0
727.0
686.0
679.0
714.0
736.0
718.0
709.0
676.0
682.0
659.0
732.0
668.0
709.0
739.0
667.0
721.0
735.0
709.0
636.0
719.0
687.0
654.0
684.0
735.0
719.0
688.0
689.0
733.0
722.0
687.0
734.0
724.0
750.0
713.0
710.0
668.0
695.0
720.0
695.0
711.0
693.0
741.0
645.0
687.0
693.0
672.0
697.0
741.0
723.0
661.0
707.0
692.0
711.0
741.0
712.0
719.0
685.0
698.0
726.0
701.0
740.0
672.0
694.0
679.0
723.0
731.0
641.0
740.0
747.0
692.0
697.0
707.0
744.0
779.0
696.0
707.0
686.0
738.0
656.0
702.0
677.0
709.0
682.0
722.0
621.0
677.0
727.0
693.0
724.0
719.0
693.0
698.0
707.0
691.0
736.0
677.0
706.0
710.0
719.0
712.0
658.0
718.0
724.0
707.0
686.0
711.0
740.0
707.0
639.0
718.0
699.0
667.0
692.0
702.0
724.0
722.0
738.0
663.0
777.0
693.0
669.0
724.0
716.0
724.0
733.0
671.0
725.0
699.0
618.0
659.0
729.0
730.0
729.0
706.0
717.0
734.0
695.0
683.0
695.0
737.0
713.0
730.0
732.0
732.0
691.0
695.0
713.0
655.0
657.0
699.0
736.0
689.0
719.0
697.0
739.0
743.0
689.0
693.0
717.0
663.0
751.0
675.0
644.0
713.0
722.0
703.0
701.0
699.0
689.0
661.0
694.0
690.0
735.0
659.0
674.0
775.0
693.0
714.0
720.0
697.0
680.0
690.0
768.0
671.0
722.0
734.0
669.0
682.0
682.0
716.0
676.0
663.0
676.0
668.0
692.0
718.0
744.0
710.0
704.0
704.0
720.0
729.0
679.0
661.0
687.0
711.0
723.0
689.0
756.0
736.0
612.0
694.0
687.0
655.0
684.0
729.0
713.0
660.0
710.0
707.0
757.0
706.0
684.0
669.0
676.0
625.0
704.0
702.0
727.0
715.0
687.0
690.0
707.0
734.0
719.0
724.0
681.0
663.0
661.0
693.0
704.0
707.0
659.0
689.0
655.0
726.0
664.0
690.0
664.0
764.0
713.0
718.0
718.0
762.0
738.0
697.0
680.0
694.0
729.0
688.0
735.0
656.0
683.0
658.0
615.0
696.0
755.0
729.0
743.0
716.0
685.0
646.0
649.0
712.0
727.0
716.0
635.0
707.0
678.0
671.0
685.0
696.0
684.0
750.0
733.0
723.0
693.0
775.0
731.0
691.0
713.0
732.0
666.0
749.0
645.0
706.0
688.0
685.0
740.0
738.0
635.0
761.0
684.0
707.0
721.0
663.0
655.0
630.0
713.0
727.0
697.0
696.0
726.0
654.0
740.0
690.0
689.0
695.0
676.0
724.0
667.0
686.0
665.0
741.0
717.0
698.0
674.0
772.0
669.0
704.0
738.0
672.0
699.0
667.0
660.0
657.0
719.0
715.0
685.0
732.0
709.0
700.0
721.0
709.0
686.0
703.0
700.0
701.0
707.0
650.0
677.0
727.0
706.0
673.0
754.0
700.0
662.0
683.0
735.0
708.0
679.0
699.0
710.0
699.0
685.0
698.0
679.0
729.0
705.0
663.0
747.0
698.0
739.0
706.0
741.0
700.0
646.0
749.0
671.0
667.0
772.0
735.0
701.0
700.0
695.0
708.0
705.0
676.0
737.0
653.0
714.0
714.0
768.0
759.0
744.0
738.0
672.0
707.0
693.0
649.0
733.0
732.0
671.0
703.0
706.0
739.0
709.0
688.0
641.0
707.0
684.0
727.0
662.0
679.0
638.0
730.0
759.0
653.0
670.0
739.0
699.0
721.0
715.0
677.0
696.0
645.0
748.0
688.0
721.0
716.0
696.0
703.0
759.0
682.0
761.0
684.0
751.0
733.0
705.0
734.0
717.0
684.0
747.0
706.0
669.0
691.0
704.0
736.0
693.0
693.0
775.0
722.0
701.0
733.0
657.0
659.0
725.0
737.0
681.0
695.0
747.0
693.0
700.0
678.0
694.0
705.0
711.0
721.0
704.0
659.0
716.0
763.0
698.0
694.0
684.0
676.0
669.0
696.0
717.0
698.0
713.0
740.0
712.0
719.0
654.0
677.0
697.0
682.0
686.0
665.0
727.0
655.0
720.0
700.0
725.0
693.0
670.0
711.0
738.0
694.0
642.0
659.0
700.0
738.0
714.0
680.0
745.0
742.0
686.0
749.0
644.0
756.0
694.0
736.0
660.0
669.0
707.0
715.0
717.0
648.0
649.0
694.0
718.0
707.0
639.0
718.0
694.0
704.0
719.0
631.0
682.0
682.0
703.0
648.0
758.0
758.0
648.0
735.0
693.0
703.0
709.0
684.0
721.0
710.0
715.0
750.0
675.0
696.0
687.0
719.0
741.0
679.0
683.0
705.0
681.0
713.0
678.0
700.0
732.0
713.0
666.0
685.0
651.0
736.0
740.0
670.0
621.0
734.0
670.0
644.0
677.0
705.0
736.0
683.0
733.0
723.0
719.0
693.0
717.0
679.0
658.0
711.0
691.0
685.0
687.0
717.0
665.0
733.0
712.0
678.0
687.0
714.0
724.0
695.0
714.0
690.0
691.0
704.0
664.0
691.0
722.0
715.0
670.0
698.0
751.0
706.0
730.0
646.0
736.0
709.0
764.0
693.0
696.0
676.0
623.0
684.0
737.0
698.0
646.0
696.0
729.0
682.0
662.0
720.0
681.0
720.0
688.0
653.0
724.0
722.0
677.0
731.0
714.0
711.0
704.0
720.0
679.0
772.0
715.0
691.0
743.0
685.0
709.0
716.0
664.0
667.0
660.0
697.0
736.0
698.0
702.0
702.0
660.0
703.0
721.0
747.0
704.0
740.0
691.0
668.0
696.0
656.0
741.0
664.0
750.0
710.0
678.0
741.0
701.0
739.0
700.0
735.0
741.0
698.0
756.0
722.0
744.0
729.0
679.0
698.0
684.0
720.0
759.0
725.0
714.0
705.0
664.0
661.0
638.0
690.0
735.0
664.0
739.0
691.0
722.0
665.0
676.0
753.0
645.0
662.0
705.0
680.0
758.0
690.0
694.0
672.0
670.0
736.0
706.0
737.0
692.0
671.0
707.0
781.0
688.0
696.0
735.0
686.0
735.0
738.0
714.0
689.0
661.0
706.0
741.0
708.0
723.0
773.0
717.0
728.0
672.0
675.0
711.0
707.0
723.0
680.0
717.0
740.0
751.0
691.0
697.0
749.0
701.0
734.0
687.0
686.0
711.0
732.0
697.0
710.0
710.0
720.0
688.0
711.0
687.0
672.0
665.0
673.0
724.0
734.0
685.0
716.0
673.0
652.0
734.0
740.0
773.0
736.0
625.0
696.0
713.0
725.0
702.0
705.0
742.0
745.0
689.0
703.0
715.0
742.0
675.0
706.0
711.0
729.0
622.0
717.0
714.0
670.0
713.0
748.0
696.0
701.0
695.0
709.0
646.0
706.0
704.0
664.0
747.0
713.0
707.0
719.0
743.0
709.0
658.0
739.0
696.0
650.0
743.0
705.0
711.0
747.0
707.0
722.0
689.0
672.0
735.0
678.0
724.0
714.0
714.0
710.0
650.0
681.0
710.0
714.0
713.0
703.0
716.0
684.0
683.0
700.0
692.0
684.0
691.0
712.0
690.0
668.0
727.0
648.0
741.0
685.0
663.0
719.0
704.0
744.0
718.0
682.0
692.0
719.0
699.0
642.0
686.0
622.0
732.0
794.0
708.0
709.0
688.0
727.0
713.0
760.0
721.0
663.0
755.0
740.0
719.0
749.0
662.0
661.0
721.0
730.0
646.0
686.0
641.0
640.0
763.0
693.0
709.0
742.0
648.0
715.0
698.0
754.0
714.0
739.0
662.0
696.0
669.0
615.0
693.0
699.0
708.0
689.0
688.0
742.0
721.0
727.0
650.0
760.0
696.0
755.0
713.0
730.0
696.0
671.0
687.0
715.0
705.0
711.0
759.0
724.0
708.0
653.0
722.0
666.0
742.0
675.0
725.0
624.0
649.0
661.0
643.0
727.0
676.0
680.0
732.0
738.0
695.0
729.0
684.0
618.0
689.0
716.0
699.0
710.0
678.0
704.0
609.0
677.0
690.0
694.0
640.0
644.0
685.0
658.0
618.0
754.0
687.0
756.0
717.0
716.0
710.0
758.0
703.0
705.0
731.0
698.0
734.0
686.0
730.0
717.0
705.0
732.0
659.0
598.0
682.0
717.0
754.0
683.0
684.0
762.0
725.0
711.0
688.0
717.0
671.0
695.0
688.0
745.0
767.0
631.0
733.0
699.0
714.0
709.0
734.0
677.0
735.0
709.0
676.0
711.0
752.0
710.0
658.0
727.0
713.0
664.0
677.0
609.0
699.0
721.0
705.0
739.0
689.0
763.0
704.0
728.0
750.0
680.0
716.0
737.0
782.0
756.0
734.0
751.0
671.0
741.0
681.0
687.0
734.0
700.0
717.0
668.0
709.0
660.0
681.0
725.0
712.0
766.0
736.0
756.0
668.0
675.0
687.0
736.0
646.0
641.0
711.0
694.0
665.0
706.0
716.0
718.0
653.0
742.0
672.0
734.0
703.0
796.0
678.0
682.0
692.0
686.0
695.0
738.0
743.0
702.0
706.0
699.0
735.0
716.0
733.0
772.0
637.0
698.0
691.0
756.0
736.0
690.0
716.0
710.0
704.0
649.0
680.0
716.0
685.0
719.0
684.0
740.0
659.0
711.0
691.0
631.0
728.0
704.0
705.0
693.0
723.0
735.0
762.0
751.0
732.0
746.0
748.0
646.0
683.0
699.0
651.0
678.0
690.0
717.0
694.0
680.0
732.0
711.0
718.0
663.0
679.0
685.0
678.0
673.0
716.0
681.0
665.0
704.0
704.0
750.0
693.0
688.0
681.0
688.0
731.0
676.0
704.0
666.0
697.0
746.0
733.0
674.0
744.0
706.0
702.0
680.0
652.0
636.0
704.0
686.0
735.0
713.0
707.0
713.0
728.0
684.0
731.0
659.0
775.0
770.0
691.0
744.0
647.0
725.0
758.0
751.0
724.0
697.0
692.0
707.0
704.0
695.0
719.0
691.0
673.0
694.0
710.0
769.0
676.0
693.0
737.0
651.0
715.0
716.0
661.0
653.0
636.0
695.0
711.0
662.0
717.0
688.0
737.0
641.0
697.0
721.0
684.0
687.0
700.0
746.0
666.0
680.0
766.0
693.0
676.0
721.0
656.0
689.0
729.0
693.0
740.0
637.0
717.0
715.0
692.0
686.0
721.0
763.0
721.0
731.0
754.0
710.0
684.0
678.0
662.0
708.0
697.0
715.0
684.0
718.0
700.0
717.0
742.0
676.0
701.0
752.0
721.0
682.0
689.0
735.0
784.0
706.0
722.0
676.0
665.0
698.0
692.0
713.0
685.0
721.0
667.0
730.0
702.0
754.0
710.0
683.0
712.0
725.0
708.0
775.0
650.0
633.0
730.0
691.0
711.0
757.0
700.0
676.0
688.0
677.0
680.0
729.0
620.0
761.0
652.0
681.0
679.0
677.0
682.0
723.0
757.0
745.0
712.0
668.0
700.0
707.0
693.0
713.0
667.0
602.0
660.0
649.0
705.0
679.0
726.0
723.0
644.0
730.0
690.0
722.0
683.0
644.0
732.0
700.0
695.0
739.0
691.0
681.0
686.0
727.0
664.0
677.0
700.0
696.0
643.0
739.0
706.0
670.0
657.0
702.0
721.0
747.0
696.0
700.0
711.0
730.0
715.0000000000001
704.0
722.0
683.0
661.0
685.0
752.0
719.0
696.0
722.0
713.0
720.0
707.0
694.0
665.0
701.0
732.0
708.0
691.0
748.0
702.0
698.0
695.0
703.0
730.0
749.0
732.0
689.0
741.0
800.0
698.0
642.0
692.0
660.0
654.0
727.0
655.0
681.0
739.0
715.0
777.0
718.0
721.0
674.0
768.0
697.0
709.0
672.0
699.0
711.0
716.0
725.0
685.0
676.0
678.0
717.0
669.0
713.0
722.0
693.0
720.0
727.0
683.0
654.0
674.0
692.0
692.0
696.0
651.0
676.0
729.0
741.0
704.0
710.0
677.0
723.0
687.0
649.0
749.0
789.0
696.0
730.0
692.0
714.0
709.0
765.0
729.0
740.0
757.0
760.0
724.0
699.0
668.0
652.0
713.0
680.0
697.0
707.0
717.0
710.0
666.0
705.0
720.0
677.0
722.0
719.0
659.0
719.0
688.0
729.0
742.0
719.0
683.0
711.0
702.0
718.0
690.0
710.0
648.0
661.0
712.0
697.0
695.0
697.0
664.0
685.0
683.0
665.0
710.0
731.0
668.0
756.0
721.0
710.0
738.0
707.0
688.0
722.0
685.0
700.0
721.0
698.0
715.0
707.0
683.0
713.0
668.0
681.0
671.0
680.0
645.0
712.0
669.0
708.0
695.0
711.0
653.0
720.0
631.0
735.0
691.0
706.0
700.0
710.0
605.0
706.0
725.0
652.0
666.0
745.0
759.0
763.0
725.0
722.0
744.0
657.0
721.0
648.0
752.0
707.0
733.0
671.0
769.0
721.0
697.0
739.0
761.0
690.0
729.0
708.0
721.0
706.0
712.0
712.0
724.0
732.0
695.0
739.0
724.0
735.0
728.0
713.0
701.0
702.0
672.0
654.0
698.0
683.0
771.0
685.0
682.0
728.0
707.0
703.0
682.0
704.0
758.0
717.0
651.0
768.0
668.0
705.0
625.0
737.0
712.0
708.0
715.0
657.0
697.0
718.0
715.0
715.0
738.0
685.0
655.0
672.0
674.0
680.0
744.0
703.0
711.0
744.0
704.0
677.0
674.0
687.0
688.0
663.0
686.0
687.0
720.0
708.0
678.0
756.0
690.0
730.0
679.0
693.0
718.0
701.0
707.0
679.0
666.0
697.0
683.0
668.0
735.0
738.0
690.0
681.0
717.0
657.0
682.0
716.0
702.0
700.0
644.0
740.0
764.0
654.0
729.0
692.0
699.0
731.0
724.0
745.0
699.0
656.0
713.0
679.0
750.0
704.0
712.0
696.0
683.0
720.0
757.0
726.0
715.0
704.0
693.0
661.0
703.0
695.0
720.0
721.0
636.0
694.0
699.0
720.0
708.0
692.0
709.0
737.0
736.0
698.0
762.0
693.0
668.0
691.0
695.0
636.0
763.0
718.0
720.0
679.0
766.0
757.0
741.0
705.0
695.0
654.0
740.0
756.0
698.0
718.0
703.0
723.0
688.0
695.0
730.0
730.0
729.0
709.0
712.0
739.0
722.0
700.0
738.0
691.0
716.0
779.0
723.0
675.0
641.0
699.0
718.0
703.0
651.0
659.0
731.0
667.0
720.0
741.0
743.0
742.0
742.0
705.0
642.0
746.0
673.0
668.0
715.0
689.0
788.0
729.0
688.0
665.0
703.0
667.0
739.0
716.0
769.0
711.0
735.0
721.0
754.0
722.0
619.0
637.0
686.0
735.0
738.0
700.0
703.0
742.0
718.0
686.0
702.0
688.0
659.0
709.0
669.0
692.0
691.0
705.0
655.0
739.0
703.0
741.0
723.0
727.0
697.0
717.0
664.0
683.0
617.0
687.0
669.0
651.0
744.0
721.0
686.0
669.0
691.0
653.0
716.0
663.0
683.0
692.0
739.0
664.0
660.0
682.0
747.0
671.0
728.0
715.0
727.0
715.0
634.0
708.0
639.0
687.0
704.0
714.0
734.0
706.0
674.0
718.0
700.0
676.0
726.0
760.0
690.0
678.0
695.0
701.0
697.0
653.0
658.0
755.0
679.0
717.0
645.0
680.0
709.0
693.0
772.0
661.0
724.0
674.0
694.0
715.0
758.0
654.0
651.0
745.0
668.0
758.0
667.0
731.0
696.0
666.0
666.0
725.0
696.0
710.0
656.0
702.0
726.0
633.0
728.0
671.0
730.0
695.0
713.0
648.0
697.0
713.0
711.0
646.0
696.0
629.0
701.0
676.0
722.0
748.0
680.0
674.0
704.0
708.0
751.0
684.0
666.0
669.0
701.0
723.0
688.0
708.0
715.0
726.0
716.0
685.0
726.0
741.0
691.0
754.0
713.0
722.0
733.0
679.0
713.0
758.0
685.0
666.0
708.0
711.0
714.0
679.0
715.0
717.0
693.0
715.0
730.0
722.0
749.0
705.0
698.0
735.0
730.0
604.0
692.0
690.0
734.0
693.0
720.0
720.0
687.0
710.0
764.0
715.0
731.0
705.0
649.0
700.0
699.0
739.0
708.0
689.0
735.0
721.0
663.0
702.0
687.0
707.0
703.0
736.0
734.0
698.0
670.0
697.0
693.0
690.0
701.0
727.0
709.0
672.0
739.0
692.0
718.0
739.0
716.0
712.0
701.0
658.0
709.0
721.0
683.0
718.0
752.0
709.0
698.0
692.0
676.0
711.0
678.0
712.0
691.0
720.0
643.0
712.0
655.0
676.0
675.0
723.0
732.0
656.0
734.0
639.0
721.0
676.0
648.0
724.0
698.0
736.0
701.0
723.0
707.0
704.0
652.0
654.0
748.0
679.0
698.0
760.0
717.0
689.0
658.0
693.0
747.0
690.0
640.0
717.0
744.0
732.0
778.0
705.0
676.0
731.0
690.0
731.0
698.0
692.0
633.0
726.0
691.0
684.0
702.0
704.0
613.0
723.0
696.0
708.0
703.0
651.0
768.0
661.0
681.0
664.0
740.0
675.0
692.0
709.0
695.0
736.0
760.0
637.0
750.0
720.0
723.0
745.0
665.0
721.0
727.0
672.0
726.0
759.0
730.0
707.0
671.0
754.0
729.0
673.0
729.0
666.0
732.0
743.0
724.0
710.0
781.0
656.0
680.0
630.0
717.0
724.0
654.0
779.0
719.0
662.0
747.0
720.0
611.0
717.0
743.0
728.0
677.0
710.0
729.0
636.0
727.0
629.0
711.0
744.0
750.0
753.0
686.0
695.0
770.0
708.0
649.0
700.0
731.0
744.0
741.0
754.0
708.0
654.0
714.0
741.0
732.0
731.0
686.0
687.0
699.0
725.0
709.0
689.0
691.0
704.0
722.0
667.0
706.0
697.0
696.0
747.0
702.0
750.0
689.0
720.0
696.0
769.0
716.0
651.0
680.0
690.0
714.0
659.0
675.0
701.0
736.0
653.0
714.0
708.0
678.0
688.0
656.0
703.0
647.0
728.0
734.0
700.0
687.0
723.0
625.0
724.0
664.0
688.0
652.0
703.0
728.0
761.0
684.0
668.0
659.0
655.0
690.0
721.0
730.0
710.0
659.0
727.0
711.0
699.0
683.0
710.0
751.0
661.0
644.0
754.0
703.0
669.0
733.0
708.0
726.0
660.0
699.0
683.0
719.0
682.0
742.0
703.0
728.0
689.0
714.0
702.0
706.0
697.0
720.0
719.0
695.0
729.0
733.0
747.0
739.0
743.0
698.0
649.0
704.0
652.0
734.0
761.0
697.0
704.0
693.0
689.0
751.0
686.0
692.0
702.0
685.0
715.0
702.0
702.0
692.0
711.0
648.0
658.0
679.0
683.0
692.0
705.0
710.0
740.0
726.0
708.0
662.0
684.0
723.0
672.0
708.0
676.0
660.0
757.0
709.0
681.0
670.0
679.0
675.0
661.0
724.0
674.0
705.0
694.0
654.0
787.0
699.0
740.0
686.0
729.0
634.0
723.0
716.0
664.0
738.0
677.0
657.0
780.0
657.0
667.0
724.0
703.0
691.0
670.0
716.0
737.0
652.0
727.0
737.0
688.0
706.0
744.0
755.0
697.0
743.0
699.0
731.0
730.0
740.0
705.0
761.0
713.0
697.0
711.0
696.0
760.0
656.0
690.0
653.0
654.0
735.0
741.0
714.0
733.0
727.0
705.0
734.0
648.0
737.0
678.0
714.0
678.0
690.0
688.0
695.0
704.0
704.0
730.0
697.0
713.0
721.0
698.0
700.0
673.0
670.0
716.0
700.0
679.0
698.0
715.0
746.0
725.0
635.0
723.0
708.0
696.0
681.0
640.0
686.0
646.0
685.0
716.0
687.0
695.0
723.0
626.0
682.0
729.0
655.0
766.0
696.0
711.0
673.0
677.0
665.0
693.0
691.0
686.0
718.0
691.0
668.0
712.0
692.0
717.0
714.0
673.0
686.0
685.0
671.0
722.0
695.0
694.0
707.0
696.0
668.0
708.0
704.0
719.0
679.0
730.0
755.0
687.0
687.0
708.0
696.0
705.0
687.0
714.0
688.0
704.0
755.0
725.0
673.0
687.0
678.0
756.0
679.0
715.0
709.0
625.0
705.0
697.0
700.0
685.0
677.0
741.0
715.0
755.0
756.0
692.0
718.0
713.0
739.0
670.0
669.0
694.0
693.0
747.0
644.0
759.0
714.0
753.0
642.0
721.0
659.0
736.0
705.0
755.0
737.0
714.0
697.0
687.0
683.0
682.0
693.0
631.0
712.0
684.0
710.0
702.0
737.0
738.0
730.0
678.0
644.0
655.0
683.0
705.0
672.0
668.0
666.0
716.0
707.0
692.0
665.0
692.0
695.0
724.0
743.0
726.0
772.0
636.0
708.0
693.0
733.0
746.0
682.0
748.0
719.0
652.0
702.0
715.0
684.0
725.0
731.0
706.0
700.0
668.0
702.0
691.0
713.0
704.0
699.0
657.0
690.0
640.0
699.0
706.0
681.0
689.0
676.0
717.0
654.0
718.0
738.0
665.0
668.0
734.0
694.0
714.0
708.0
713.0
719.0
713.0
671.0
732.0
715.0
715.0
710.0
708.0
723.0
716.0
663.0
735.0
756.0
766.0
712.0
755.0
743.0
715.0
732.0
668.0
710.0
734.0
693.0
706.0
691.0
734.0
685.0
698.0
686.0
706.0
680.0
688.0
722.0
647.0
697.0
679.0
674.0
739.0
692.0
718.0
711.0
647.0
651.0
692.0
706.0
669.0
704.0
651.0
740.0
678.0
693.0
696.0
702.0
728.0
648.0
737.0
737.0
710.0
703.0
667.0
705.0
662.0
713.0
718.0
691.0
682.0
693.0
706.0
668.0
755.0
696.0
634.0
714.0
686.0
723.0
694.0
734.0
725.0
712.0
696.0
661.0
696.0
636.0
702.0
686.0
704.0
717.0
720.0
706.0
698.0
736.0
639.0
732.0
730.0
683.0
693.0
666.0
723.0
689.0
712.0
759.0
717.0
696.0
699.0
697.0
730.0
701.0
703.0
692.0
715.0
744.0
717.0
697.0
683.0
671.0
665.0
690.0
728.0
689.0
669.0
696.0
721.0
735.0
722.0
646.0
713.0
648.0
642.0
733.0
691.0
726.0
741.0
671.0
712.0
704.0
741.0
672.0
668.0
653.0
712.0
674.0
709.0
716.0
714.0
698.0
689.0
732.0
696.0
684.0
696.0
694.0
690.0
709.0
707.0
678.0
747.0
717.0
684.0
704.0
704.0
604.0
666.0
722.0
631.0
725.0
704.0
735.0
685.0
644.0
639.0
696.0
650.0
693.0
690.0
704.0
727.0
667.0
715.0
726.0
698.0
687.0
683.0
680.0
702.0
696.0
664.0
685.0
614.0
648.0
733.0
654.0
710.0
680.0
707.0
717.0
718.0
704.0
651.0
716.0
691.0
698.0
702.0
658.0
724.0
679.0
723.0
729.0
734.0
698.0
679.0
721.0
698.0
667.0
724.0
714.0
726.0
711.0
716.0
660.0
707.0
695.0
658.0
725.0
696.0
678.0
703.0
749.0
701.0
703.0
622.0
672.0
730.0
681.0
697.0
695.0
772.0
701.0
670.0
622.0
712.0
698.0
710.0
657.0
735.0
722.0
740.0
731.0
696.0
644.0
749.0
719.0
641.0
689.0
659.0
672.0
717.0
677.0
710.0
682.0
698.0
740.0
704.0
666.0
697.0
731.0
717.0
699.0
729.0
679.0
714.0
722.0
725.0
734.0
736.0
673.0
745.0
698.0
713.0
706.0
721.0
720.0
700.0
719.0
647.0
700.0
667.0
715.0
695.0
714.0
655.0
715.0
743.0
660.0
734.0
696.0
720.0
738.0
686.0
723.0
716.0
670.0
677.0
711.0
674.0
673.0
677.0
708.0
716.0
671.0
691.0
674.0
663.0
692.0
660.0
703.0
683.0
685.0
699.0
709.0
705.0
702.0
704.0
676.0
720.0
702.0
638.0
693.0
666.0
688.0
709.0
726.0
723.0
723.0
650.0
671.0
712.0
709.0
682.0
716.0
674.0
697.0
695.0
700.0
711.0
717.0
697.0
696.0
627.0
708.0
664.0
700.0
713.0
691.0
725.0
708.0
744.0
716.0
742.0
702.0
694.0
696.0
653.0
675.0
712.0
689.0
637.0
752.0
697.0
757.0
719.0
701.0
692.0
716.0
743.0
673.0
708.0
735.0
660.0
715.0
719.0
676.0
696.0
732.0
686.0
672.0
681.0
684.0
674.0
702.0
687.0
726.0
711.0
671.0
733.0
667.0
693.0
764.0
705.0
660.0
708.0
640.0
615.0
709.0
675.0
683.0
678.0
727.0
675.0
715.0
682.0
699.0
698.0
689.0
729.0
704.0
680.0
738.0
701.0
676.0
659.0
704.0
709.0
674.0
734.0
710.0
728.0
674.0
656.0
692.0
691.0
747.0
718.0
673.0
694.0
725.0
729.0
668.0
731.0
728.0
686.0
643.0
662.0
710.0
696.0
703.0
713.0
662.0
715.0
673.0
661.0
707.0
691.0
680.0
711.0
719.0
677.0
737.0
676.0
691.0
703.0
725.0
638.0
652.0
712.0
683.0
758.0
690.0
684.0
652.0
701.0
699.0
708.0
670.0
676.0
691.0
668.0
705.0
689.0
725.0
688.0
655.0
701.0
738.0
696.0
705.0
754.0
704.0
680.0
656.0
732.0
734.0
674.0
693.0
753.0
687.0
722.0
716.0
658.0
747.0
703.0
704.0
679.0
739.0
676.0
637.0
701.0
675.0
719.0
670.0
713.0
686.0
702.0
741.0
692.0
721.0
676.0
694.0
686.0
671.0
704.0
645.0
688.0
715.0
806.0
730.0
658.0
675.0
683.0
731.0
676.0
711.0
692.0
713.0
612.0
707.0
733.0
674.0
661.0
660.0
749.0
749.0
744.0
749.0
705.0
677.0
693.0
731.0
719.0
640.0
723.0
743.0
627.0
730.0
696.0
705.0
696.0
725.0
683.0
713.0
683.0
721.0
711.0
710.0
646.0
757.0
709.0
724.0
707.0
681.0
683.0
708.0
663.0
676.0
662.0
681.0
739.0
634.0
718.0
705.0
660.0
706.0
712.0
637.0
739.0
699.0
735.0
701.0
723.0
653.0
652.0
666.0
730.0
714.0
701.0
677.0
696.0
726.0
788.0
725.0
692.0
712.0
706.0
732.0
691.0
694.0
672.0
776.0
670.0
687.0
628.0
655.0
760.0
699.0
709.0
694.0
752.0
665.0
692.0
677.0
704.0
725.0
618.0
745.0
683.0
714.0
709.0
694.0
729.0
701.0
712.0
695.0
727.0
700.0
712.0
737.0
729.0
695.0
672.0
679.0
742.0
652.0
691.0
723.0
702.0
684.0
692.0
726.0
659.0
701.0
695.0
788.0
725.0
707.0
752.0
708.0
719.0
707.0
713.0
678.0
710.0
711.0
655.0
755.0
664.0
658.0
645.0
718.0
709.0
737.0
769.0
670.0
646.0
685.0
648.0
701.0
730.0
723.0
696.0
675.0
627.0
756.0
727.0
726.0
719.0
738.0
697.0
759.0
732.0
673.0
679.0
738.0
706.0
686.0
725.0
726.0
726.0
699.0
669.0
713.0
736.0
682.0
701.0
719.0
714.0
718.0
612.0
669.0
716.0
693.0
709.0
697.0
697.0
623.0
642.0
703.0
694.0
720.0
685.0
691.0
716.0
685.0
746.0
740.0
743.0
692.0
686.0
630.0
673.0
727.0
698.0
721.0
708.0
728.0
760.0
703.0
728.0
727.0
704.0
675.0
696.0
712.0
722.0
720.0
612.0
701.0
623.0
714.0
754.0
716.0
687.0
725.0
657.0
699.0
702.0
708.0
641.0
669.0
692.0
639.0
706.0
684.0
716.0
701.0
735.0
686.0
722.0
735.0
714.0
706.0
700.0
717.0
750.0
715.0
712.0
707.0
738.0
622.0
688.0
729.0
669.0
720.0
703.0
675.0
687.0
643.0
754.0
711.0
655.0
721.0
755.0
674.0
717.0
694.0
691.0
717.0
717.0
728.0
675.0
693.0
673.0
715.0
683.0
702.0
657.0
653.0
734.0
710.0
726.0
706.0
706.0
625.0
700.0
673.0
664.0
720.0
677.0
687.0
756.0
753.0
721.0
691.0
721.0
692.0
721.0
707.0
715.0
655.0
708.0
670.0
671.0
653.0
716.0
732.0
733.0
689.0
711.0
739.0
717.0
732.0
709.0
729.0
700.0
727.0
650.0
702.0
763.0
708.0
678.0
739.0
670.0
706.0
638.0
670.0
719.0
729.0
703.0
734.0
714.0
657.0
705.0
691.0
716.0
698.0
706.0
731.0
652.0
721.0
624.0
694.0
719.0
717.0
702.0
745.0
706.0
687.0
678.0
644.0
663.0
684.0
675.0
724.0
687.0
651.0
737.0
729.0
682.0
673.0
617.0
658.0
701.0
662.0
629.0
719.0
706.0
743.0
720.0
702.0
663.0
720.0
703.0
732.0
745.0
678.0
680.0
695.0
749.0
725.0
719.0
755.0
674.0
748.0
740.0
670.0
730.0
752.0
671.0
728.0
762.0
689.0
707.0
681.0
664.0
684.0
666.0
748.0
674.0
668.0
745.0
692.0
645.0
670.0
741.0
734.0
724.0
712.0
697.0
670.0
763.0
746.0
686.0
761.0
752.0
732.0
676.0
709.0
686.0
691.0
730.0
736.0
705.0
653.0
671.0
717.0
688.0
726.0
712.0
741.0
721.0
703.0
747.0
707.0
678.0
749.0
742.0
757.0
656.0
746.0
729.0
739.0
705.0
707.0
684.0
724.0
765.0
687.0
720.0
697.0
708.0
748.0
682.0
664.0
743.0
715.0
641.0
698.0
662.0
693.0
743.0
684.0
708.0
602.0
682.0
738.0
791.0
683.0
734.0
679.0
715.0
698.0
793.0
735.0
668.0
646.0
689.0
702.0
753.0
720.0
727.0
704.0
690.0
701.0
710.0
673.0
691.0
658.0
682.0
668.0
752.0
719.0
666.0
712.0
755.0
694.0
670.0
658.0
750.0
675.0
672.0
660.0
699.0
726.0
663.0
679.0
730.0
730.0
680.0
670.0
653.0
740.0
698.0
715.0
620.0
683.0
699.0
686.0
707.0
713.0
729.0
709.0
668.0
701.0
659.0
709.0
741.0
689.0
695.0
719.0
742.0
666.0
717.0
710.0
717.0
669.0
700.0
682.0
727.0
670.0
713.0
698.0
687.0
667.0
722.0
693.0
602.0
726.0
633.0
681.0
629.0
715.0
686.0
744.0
714.0
684.0
691.0
700.0
692.0
657.0
706.0
745.0
708.0
684.0
742.0
696.0
647.0
683.0
699.0
655.0
722.0
683.0
718.0
627.0
678.0
700.0
768.0
759.0
715.0
704.0
765.0
674.0
693.0
741.0
681.0
688.0
721.0
703.0
626.0
712.0
703.0
698.0
743.0
755.0
667.0
697.0
731.0
688.0
706.0
674.0
701.0
697.0
664.0
651.0
682.0
736.0
761.0
683.0
665.0
654.0
692.0
700.0
763.0
690.0
686.0
719.0
721.0
709.0
686.0
717.0
595.0
702.0
701.0
713.0
674.0
681.0
677.0
716.0
698.0
725.0
690.0
728.0
652.0
678.0
691.0
699.0
711.0
689.0
683.0
710.0
690.0
697.0
688.0
625.0
699.0
742.0
684.0
728.0
690.0
711.0
686.0
653.0
689.0
659.0
700.0
678.0
721.0
750.0
690.0
725.0
693.0
661.0
700.0
788.0
733.0
765.0
696.0
760.0
702.0
697.0
695.0
679.0
651.0
689.0
637.0
680.0
692.0
656.0
708.0
637.0
718.0
723.0
696.0
729.0
735.0
720.0
590.0
718.0
707.0
723.0
696.0
787.0
697.0
754.0
706.0
727.0
686.0
732.0
720.0
674.0
666.0
713.0
754.0
676.0
718.0
737.0
709.0
694.0
670.0
694.0
713.0
656.0
672.0
749.0
712.0
702.0
707.0
682.0
711.0
762.0
730.0
737.0
702.0
656.0
679.0
691.0
717.0
733.0
734.0
701.0
710.0
694.0
659.0
736.0
670.0
674.0
703.0
666.0
739.0
686.0
666.0
706.0
714.0
717.0
727.0
728.0
694.0
699.0
687.0
648.0
679.0
630.0
717.0
682.0
725.0
730.0
719.0
701.0
723.0
694.0
693.0
658.0
687.0
699.0
665.0
709.0
708.0
725.0
760.0
668.0
675.0
702.0
752.0
742.0
726.0
632.0
710.0
671.0
680.0
671.0
709.0
683.0
716.0
709.0
672.0
686.0
698.0
693.0
676.0
712.0
647.0
752.0
710.0
694.0
717.0
687.0
742.0
706.0
655.0
674.0
712.0
675.0
708.0
706.0
689.0
683.0
731.0
711.0
678.0
700.0
695.0
723.0
679.0
703.0
703.0
719.0
753.0
740.0
689.0
700.0
677.0
686.0
706.0
730.0
737.0
703.0
722.0
711.0
711.0
624.0
636.0
713.0
680.0
764.0
756.0
691.0
689.0
723.0
704.0
695.0
730.0
736.0
708.0
691.0
707.0
693.0
737.0
695.0
714.0
716.0
662.0
751.0
677.0
695.0
704.0
673.0
696.0
696.0
675.0
681.0
717.0
706.0
663.0
700.0
702.0
739.0
728.0
704.0
707.0
689.0
715.0
643.0
640.0
750.0
699.0
674.0
742.0
673.0
724.0
716.0
698.0
746.0
689.0
650.0
685.0
755.0
723.0
707.0
714.0
684.0
694.0
676.0
716.0
748.0
703.0
679.0
674.0
646.0
706.0
724.0
716.0
737.0
707.0
637.0
678.0
691.0
691.0
690.0
675.0
672.0
713.0
684.0
693.0
694.0
655.0
679.0
704.0
737.0
734.0
698.0
677.0
710.0
737.0
732.0
655.0
669.0
748.0
669.0
734.0
702.0
737.0
681.0
719.0
740.0
715.0
670.0
672.0
680.0
710.0
748.0
705.0
627.0
702.0
669.0
690.0
710.0
761.0
693.0
749.0
690.0
695.0
670.0
714.0
645.0
694.0
710.0
722.0
682.0
679.0
719.0
737.0
676.0
737.0
682.0
715.0
751.0
696.0
717.0
735.0
755.0
674.0
731.0
703.0
727.0
726.0
706.0
730.0
694.0
619.0
723.0
710.0
687.0
726.0
698.0
737.0
674.0
706.0
728.0
725.0
706.0
684.0
695.0
712.0
702.0
709.0
786.0
699.0
703.0
677.0
713.0
713.0
614.0
679.0
711.0
662.0
683.0
708.0
656.0
706.0
741.0
716.0
713.0
695.0
670.0
661.0
654.0
698.0
652.0
748.0
769.0
682.0
685.0
728.0
745.0
715.0
673.0
688.0
748.0
682.0
692.0
679.0
676.0
749.0
737.0
679.0
738.0
655.0
717.0
698.0
657.0
699.0
710.0
665.0
694.0
711.0
655.0
682.0
753.0
681.0
702.0
727.0
736.0
670.0
646.0
691.0
714.0
726.0
704.0
684.0
735.0
735.0
661.0
698.0
716.0
671.0
747.0
650.0
688.0
726.0
738.0
729.0
685.0
697.0
674.0
658.0
708.0
658.0
661.0
736.0
675.0
715.0
707.0
654.0
736.0
721.0
675.0
675.0
678.0
739.0
744.0
741.0
665.0
684.0
681.0
643.0
649.0
679.0
661.0
673.0
717.0
715.0
696.0
687.0
663.0
700.0
718.0
749.0
700.0
712.0
720.0
687.0
750.0
683.0
685.0
664.0
699.0
676.0
685.0
702.0
680.0
738.0
706.0
664.0
712.0
704.0
721.0
737.0
697.0
694.0
703.0
730.0
685.0
671.0
767.0
603.0
661.0
727.0
687.0
705.0
671.0
700.0
705.0
667.0
684.0
667.0
746.0
741.0
717.0
745.0
689.0
659.0
636.0
725.0
713.0
661.0
693.0
633.0
725.0
663.0
717.0
650.0
703.0
704.0
701.0
676.0
669.0
652.0
662.0
658.0
661.0
703.0
714.0
655.0
686.0
676.0
702.0
674.0
720.0
690.0
704.0
731.0
658.0
705.0
685.0
706.0
726.0
644.0
695.0
705.0
714.0
724.0
662.0
703.0
743.0
650.0
736.0
698.0
757.0
697.0
711.0
695.0
724.0
715.0
757.0
705.0
752.0
719.0
691.0
699.0
676.0
697.0
706.0
689.0
738.0
674.0
705.0
652.0
692.0
668.0
714.0
739.0
663.0
693.0
719.0
717.0
701.0
697.0
694.0
692.0
683.0
658.0
724.0
713.0
732.0
698.0
653.0
651.0
661.0
678.0
688.0
651.0
661.0
650.0
696.0
703.0
710.0
684.0
711.0
692.0
706.0
704.0
722.0
757.0
731.0
726.0
693.0
718.0
707.0
740.0
678.0
685.0
655.0
706.0
683.0
782.0
687.0
707.0
692.0
684.0
698.0
703.0
729.0
710.0
704.0
690.0
726.0
673.0
713.0
692.0
715.0
713.0
646.0
695.0
684.0
680.0
674.0
674.0
627.0
690.0
687.0
707.0
640.0
611.0
726.0
717.0
736.0
719.0
706.0
687.0
718.0
718.0
740.0
692.0
695.0
690.0
694.0
667.0
715.0
705.0
664.0
638.0
692.0
735.0
694.0
680.0
663.0
738.0
708.0
713.0
671.0
725.0
715.0
754.0
735.0
685.0
645.0
685.0
694.0
706.0
692.0
722.0
711.0
717.0
678.0
750.0
697.0
702.0
704.0
727.0
677.0
706.0
709.0
738.0
725.0
664.0
662.0
679.0
702.0
701.0
737.0
670.0
706.0
723.0
705.0
761.0
705.0
734.0
730.0
719.0
729.0
751.0
707.0
731.0
726.0
728.0
651.0
593.0
732.0
730.0
742.0
714.0
668.0
694.0
719.0
662.0
674.0
671.0
682.0
719.0
612.0
650.0
655.0
702.0
719.0
714.0
651.0
694.0
718.0
725.0
673.0
743.0
665.0
681.0
691.0
677.0
736.0
725.0
671.0
703.0
757.0
686.0
706.0
731.0
684.0
679.0
645.0
673.0
686.0
692.0
669.0
678.0
722.0
714.0
754.0
694.0
711.0
685.0
701.0
663.0
687.0
662.0
704.0
682.0
732.0
747.0
728.0
690.0
676.0
682.0
699.0
704.0
672.0
697.0
727.0
682.0
667.0
743.0
721.0
725.0
663.0
739.0
658.0
702.0
727.0
702.0
676.0
736.0
667.0
705.0
702.0
656.0
718.0
693.0
687.0
718.0
722.0
699.0
748.0
715.0
736.0
694.0
633.0
637.0
691.0
708.0
717.0
707.0
735.0
766.0
741.0
744.0
698.0
706.0
608.0
691.0
689.0
711.0
729.0
708.0
731.0
729.0
701.0
672.0
745.0
648.0
710.0
715.0
712.0
704.0
690.0
672.0
689.0
725.0
746.0
602.0
692.0
720.0
679.0
726.0
690.0
718.0
731.0
678.0
673.0
723.0
715.0
695.0
648.0
687.0
702.0
678.0
724.0
712.0
741.0
732.0
708.0
710.0
622.0
687.0
682.0
705.0
697.0
710.0
772.0
723.0
745.0
690.0
663.0
650.0
689.0
744.0
725.0
707.0
723.0
690.0
666.0
668.0
703.0
713.0
708.0
697.0
729.0
696.0
767.0
717.0
737.0
707.0
740.0
723.0
685.0
749.0
702.0
693.0
722.0
697.0
698.0
657.0
733.0
706.0
707.0
724.0
688.0
755.0
666.0
730.0
708.0
639.0
759.0
660.0
715.0
723.0
716.0
677.0
760.0
751.0
736.0
738.0
648.0
735.0
753.0
694.0
717.0
701.0
745.0
708.0
679.0
763.0
703.0
681.0
677.0
698.0
701.0
719.0
750.0
692.0
683.0
737.0
702.0
707.0
686.0
646.0
696.0
722.0
694.0
727.0
724.0
703.0
698.0
740.0
720.0
685.0
705.0
638.0
709.0
659.0
711.0
615.0
635.0
730.0
700.0
715.0
709.0
731.0
684.0
665.0
697.0
739.0
691.0
724.0
696.0
736.0
724.0
716.0
699.0
704.0
663.0
716.0
690.0
715.0
726.0
681.0
706.0
669.0
677.0
688.0
697.0
722.0
701.0
730.0
689.0
730.0
706.0
737.0
705.0
736.0
658.0
696.0
726.0
738.0
719.0
749.0
727.0
709.0
685.0
761.0
684.0
706.0
733.0
667.0
699.0
687.0
674.0
713.0
736.0
697.0
725.0
680.0
709.0
726.0
689.0
698.0
701.0
686.0
714.0
662.0
660.0
745.0
698.0
717.0
689.0
679.0
733.0
676.0
698.0
641.0
742.0
735.0
729.0
643.0
693.0
670.0
691.0
722.0
703.0
689.0
720.0
683.0
713.0
696.0
697.0
674.0
696.0
713.0
664.0
731.0
696.0
724.0
700.0
729.0
720.0
714.0
697.0
719.0
694.0
744.0
712.0
769.0
693.0
637.0
731.0
654.0
667.0
704.0
652.0
760.0
724.0
743.0
662.0
718.0
747.0
713.0
697.0
676.0
659.0
676.0
672.0
675.0
740.0
713.0
746.0
759.0
692.0
724.0
677.0
704.0
741.0
715.0
705.0
706.0
697.0
699.0
715.0
699.0
737.0
672.0
663.0
732.0
693.0
703.0
708.0
726.0
722.0
702.0
689.0
771.0
662.0
706.0
725.0
682.0
693.0
679.0
715.0
702.0
718.0
682.0
711.0
681.0
697.0
636.0
725.0
714.0
725.0
662.0
735.0
740.0
712.0
709.0
698.0
637.0
732.0
639.0
738.0
724.0
711.0
679.0
702.0
710.0
700.0
761.0
653.0
710.0
734.0
694.0
675.0
739.0
729.0
654.0
723.0
740.0
733.0
676.0
736.0
715.0
713.0
754.0
668.0
705.0
712.0
661.0
667.0
680.0
736.0
708.0
665.0
646.0
675.0
696.0
680.0
684.0
703.0
674.0
662.0
660.0
672.0
713.0
679.0
725.0
737.0
747.0
756.0
753.0
713.0
711.0
696.0
738.0
688.0
649.0
749.0
688.0
712.0
698.0
682.0
670.0
673.0
688.0
711.0
696.0
647.0
709.0
687.0
729.0
697.0
691.0
769.0
726.0
686.0
681.0
690.0
713.0
637.0
663.0
726.0
730.0
694.0
679.0
714.0
627.0
718.0
715.0
699.0
697.0
691.0
663.0
723.0
678.0
714.0
670.0
734.0
661.0
708.0
694.0
649.0
651.0
682.0
679.0
724.0
746.0
777.0
698.0
711.0
710.0
645.0
707.0
679.0
652.0
725.0
720.0
738.0
742.0
693.0
657.0
718.0
713.0
680.0
653.0
750.0
673.0
755.0
733.0
742.0
695.0
678.0
698.0
660.0
687.0
657.0
684.0
720.0
702.0
687.0
690.0
693.0
695.0
714.0
711.0
735.0
708.0
717.0
739.0
711.0
711.0
698.0
712.0
710.0
758.0
714.0
752.0
733.0
679.0
685.0
733.0
716.0
748.0
710.0
685.0
734.0
695.0
761.0
743.0
688.0
730.0
629.0
758.0
658.0
705.0
601.0
728.0
733.0
686.0
728.0
693.0
673.0
705.0
713.0
709.0
744.0
709.0
700.0
693.0
683.0
706.0
661.0
666.0
724.0
760.0
687.0
675.0
725.0
769.0
733.0
736.0
643.0
708.0
760.0
666.0
694.0
666.0
712.0
675.0
689.0
719.0
708.0
670.0
681.0
655.0
716.0
727.0
724.0
689.0
707.0
719.0
706.0
653.0
682.0
712.0
702.0
674.0
659.0
670.0
716.0
687.0
660.0
703.0
700.0
691.0
697.0
637.0
671.0
765.0
733.0
727.0
717.0
700.0
672.0
719.0
697.0
764.0
714.0
756.0
700.0
744.0
718.0
691.0
662.0
676.0
733.0
671.0
666.0
716.0
712.0
693.0
705.0
732.0
680.0
716.0
715.0
726.0
709.0
745.0
720.0
698.0
724.0
710.0
717.0
689.0
653.0
709.0
678.0
708.0
727.0
606.0
752.0
721.0
717.0
730.0
677.0
665.0
701.0
691.0
705.0
708.0
709.0
724.0
682.0
671.0
745.0
703.0
689.0
761.0
686.0
767.0
668.0
704.0
721.0
738.0
697.0
690.0
660.0
708.0
708.0
748.0
718.0
762.0
747.0
640.0
673.0
753.0
693.0
695.0
653.0
711.0
639.0
737.0
745.0
703.0
737.0
745.0
734.0
696.0
732.0
708.0
724.0
678.0
698.0
652.0
655.0
721.0
693.0
717.0
724.0
638.0
671.0
684.0
727.0
704.0
658.0
722.0
760.0
714.0
644.0
709.0
774.0
685.0
709.0
716.0
614.0
717.0
718.0
763.0
671.0
718.0
754.0
674.0
607.0
759.0
608.0
748.0
708.0
662.0
774.0
711.0
732.0
658.0
671.0
684.0
719.0
705.0
706.0
723.0
679.0
644.0
721.0
700.0
735.0
711.0
693.0
694.0
723.0
744.0
701.0
727.0
702.0
683.0
726.0
720.0
650.0
674.0
713.0
734.0
674.0
760.0
735.0
665.0
752.0
657.0
707.0
710.0
677.0
716.0
699.0
736.0
709.0
751.0
691.0
667.0
658.0
641.0
761.0
719.0
694.0
658.0
730.0
690.0
685.0
764.0
699.0
668.0
650.0
756.0
653.0
742.0
656.0
702.0
677.0
699.0
723.0
688.0
676.0
694.0
719.0
713.0
616.0
664.0
684.0
694.0
718.0
735.0
726.0
700.0
659.0
738.0
755.0
709.0
696.0
736.0
732.0
653.0
703.0
688.0
722.0
754.0
702.0
659.0
730.0
730.0
710.0
705.0
749.0
726.0
722.0
709.0
717.0
741.0
655.0
719.0
742.0
630.0
694.0
674.0
740.0
662.0
697.0
752.0
776.0
734.0
684.0
684.0
642.0
749.0
772.0
711.0
694.0
668.0
676.0
722.0
686.0
740.0
723.0
713.0
745.0
673.0
672.0
688.0
684.0
686.0
701.0
723.0
661.0
722.0
750.0
706.0
712.0
705.0
702.0
659.0
734.0
779.0
706.0
731.0
702.0
698.0
687.0
664.0
719.0
721.0
715.0
710.0
620.0
658.0
721.0
693.0
664.0
698.0
703.0
720.0
727.0
717.0
648.0
722.0
694.0
730.0
740.0
710.0
700.0
755.0
671.0
737.0
705.0
672.0
729.0
696.0
727.0
783.0
688.0
673.0
652.0
703.0
680.0
712.0
759.0
698.0
743.0
730.0
689.0
708.0
724.0
658.0
712.0
666.0
711.0
701.0
713.0
697.0
700.0
745.0
743.0
611.0
677.0
760.0
701.0
705.0
684.0
689.0
673.0
714.0
729.0
709.0
727.0
690.0
724.0
702.0
660.0
700.0
654.0
689.0
664.0
680.0
770.0
656.0
688.0
704.0
754.0
781.0
697.0
759.0
706.0
662.0
746.0
699.0
729.0
679.0
704.0
750.0
693.0
723.0
716.0
684.0
653.0
674.0
691.0
697.0
694.0
672.0
639.0
672.0
732.0
757.0
708.0
704.0
716.0
658.0
730.0
767.0
692.0
706.0
664.0
743.0
689.0
655.0
700.0
726.0
704.0
723.0
672.0
704.0
661.0
696.0
684.0
672.0
701.0
683.0
669.0
658.0
690.0
701.0
670.0
740.0
747.0
705.0
611.0
699.0
689.0
729.0
677.0
696.0
730.0
676.0
646.0
687.0
705.0
760.0
692.0
667.0
675.0
698.0
662.0
616.0
695.0
730.0
699.0
675.0
733.0
717.0
674.0
627.0
730.0
716.0
717.0
658.0
672.0
723.0
688.0
776.0
700.0
757.0
751.0
714.0
724.0
721.0
730.0
708.0
665.0
732.0
