2639.6748000000025
1998.835800000002
1606.8270000000034
1356.6902000000025
1183.487600000003
1190.9926000000032
1186.6404000000039
1099.5040000000035
1090.3520000000042
1254.9074000000032
983.125000000003
1007.7194000000037
1086.7030000000032
943.9400000000023
898.6728000000036
879.6800000000023
847.0838000000028
906.5044000000037
905.0986000000031
798.9694000000023
810.2112000000023
902.9702000000028
896.9686000000017
961.3044000000025
739.7552000000012
710.0392000000011
887.8094000000037
852.7402000000031
770.1672000000015
817.7420000000018
840.6184000000022
736.8064000000015
646.3260000000009
820.8400000000015
729.6636000000011
719.6550000000015
847.9952000000028
812.6938000000014
695.3800000000012
746.5948000000014
682.1694000000001
729.8200000000011
717.4708000000015
782.8810000000014
768.394400000002
745.7996000000012
799.7364000000019
628.7108000000003
803.0594000000032
689.5486000000012
745.3358000000017
768.0726000000021
765.5828000000017
696.0712000000012
757.4438000000019
731.8130000000016
719.6622000000015
731.9856000000013
745.7858000000024
715.2294000000003
701.6470000000013
723.6926000000012
648.3448000000008
693.1862000000008
735.0812000000022
740.6852000000011
616.2196000000001
628.3156000000002
750.5308000000022
731.2896000000019
718.3984000000013
644.4564000000005
684.3536000000012
641.9004000000004
641.4318000000005
611.8626
732.4470000000011
748.9854000000017
572.5259999999997
604.2608
647.873800000001
612.3287999999999
627.8494000000003
691.0230000000005
679.757800000001
602.7082000000001
572.5993999999993
570.0409999999995
643.3724000000005
724.4596000000015
549.9407999999992
624.9716000000001
643.8362000000006
653.6842000000001
794.5938000000016
643.3747999999998
599.2174000000001
584.0161999999997
575.5481999999996
670.8284000000014
602.7106000000001
673.6304000000014
583.5427999999997
676.2670000000006
581.5263999999997
611.3182000000003
753.4062000000029
542.4881999999991
555.9947999999993
690.9238000000012
555.9947999999993
605.1908
535.967999999999
535.967999999999
583.5451999999998
560.5695999999994
669.202400000001
663.6146000000006
672.0778000000005
623.6674000000004
546.9895999999992
669.7468000000014
615.2824
578.0355999999996
581.2093999999997
608.7597999999998
639.1646000000005
568.0245999999995
542.9543999999992
625.8330000000001
659.6552000000008
554.0493999999992
707.4550000000017
542.4881999999991
564.5313999999994
604.185
550.0165999999991
601.7048000000001
550.4827999999991
553.0411999999991
542.9543999999992
586.1011999999997
555.5995999999991
560.6429999999992
625.4402000000005
550.4827999999991
543.4963999999991
556.4609999999991
631.8846000000001
535.967999999999
552.0329999999991
572.6727999999996
614.2694000000002
596.1146
535.967999999999
535.967999999999
542.954399999999
550.4827999999991
554.1227999999992
550.4827999999992
555.0599999999993
542.9543999999992
535.967999999999
542.954399999999
535.967999999999
543.4963999999992
535.967999999999
573.6075999999996
535.967999999999
542.954399999999
550.0165999999992
535.967999999999
535.967999999999
542.9543999999992
543.4963999999991
535.967999999999
543.4963999999992
542.9543999999992
535.967999999999
535.967999999999
535.967999999999
535.967999999999
535.967999999999
535.967999999999
535.967999999999
535.967999999999
535.967999999999
535.967999999999
535.967999999999
535.967999999999
542.4881999999991
535.967999999999
535.967999999999
535.967999999999
535.967999999999
535.967999999999
535.967999999999
542.9543999999989
535.967999999999
535.967999999999
