Reading in data from ../common/sheared.input
Number of particles: 192
Number of vertices: 3
Found 192 particles with maximum number of 3 vertices
Created simulation cell 0.0 by 0.0


Starting ACO with 32 ants 2 threads  alpha=1.0 beta=2.0 evap=0.95 dynQ: true
Step 1/10000 best energy 8774.90719999999 ant 9 missing vert 0.0
Step 2/10000 best energy 9512.441999999985 ant 1 missing vert 0.0
Step 3/10000 best energy 8590.730799999996 ant 31 missing vert 0.0
Step 4/10000 best energy 7068.265200000007 ant 18 missing vert 0.0
Step 5/10000 best energy 7866.375800000006 ant 6 missing vert 0.0
Step 6/10000 best energy 6742.677200000005 ant 8 missing vert 0.0
Step 7/10000 best energy 6682.96520000001 ant 2 missing vert 0.0
Step 8/10000 best energy 5230.111600000008 ant 16 missing vert 0.0
Step 9/10000 best energy 5000.248800000006 ant 29 missing vert 0.0
Step 10/10000 best energy 5130.039400000013 ant 2 missing vert 0.0
Step 11/10000 best energy 5388.238800000011 ant 17 missing vert 0.0
Step 12/10000 best energy 4859.404200000008 ant 8 missing vert 0.0
Step 13/10000 best energy 4669.574400000006 ant 24 missing vert 0.0
Step 14/10000 best energy 4043.0674 ant 9 missing vert 0.0
Step 15/10000 best energy 4164.885600000005 ant 15 missing vert 0.0
Step 16/10000 best energy 4005.167000000001 ant 12 missing vert 0.0
Step 17/10000 best energy 2963.5585999999994 ant 10 missing vert 0.0
Step 18/10000 best energy 3325.2420000000016 ant 23 missing vert 0.0
Step 19/10000 best energy 3528.3952000000027 ant 0 missing vert 0.0
Step 20/10000 best energy 3745.4164000000023 ant 30 missing vert 0.0
Step 21/10000 best energy 3253.6016000000013 ant 26 missing vert 0.0
Step 22/10000 best energy 3059.3104 ant 2 missing vert 0.0
Step 23/10000 best energy 3461.3850000000016 ant 9 missing vert 0.0
Step 24/10000 best energy 2581.391400000003 ant 13 missing vert 0.0
Step 25/10000 best energy 3026.760800000003 ant 13 missing vert 0.0
Step 26/10000 best energy 2591.0418000000022 ant 19 missing vert 0.0
Step 27/10000 best energy 2598.064200000002 ant 30 missing vert 0.0
Step 28/10000 best energy 2415.3248000000026 ant 0 missing vert 0.0
Step 29/10000 best energy 2815.475400000003 ant 10 missing vert 0.0
Step 30/10000 best energy 2530.6254000000035 ant 17 missing vert 0.0
Step 31/10000 best energy 2446.2408000000037 ant 0 missing vert 0.0
Step 32/10000 best energy 2090.559600000003 ant 3 missing vert 0.0
Step 33/10000 best energy 2281.837000000003 ant 22 missing vert 0.0
Step 34/10000 best energy 2513.8014000000026 ant 25 missing vert 0.0
Step 35/10000 best energy 2180.552000000002 ant 15 missing vert 0.0
Step 36/10000 best energy 1982.1044000000038 ant 12 missing vert 0.0
Step 37/10000 best energy 1904.2158000000022 ant 24 missing vert 0.0
Step 38/10000 best energy 2090.549800000004 ant 14 missing vert 0.0
Step 39/10000 best energy 1960.6146000000047 ant 21 missing vert 0.0
Step 40/10000 best energy 1947.457800000003 ant 23 missing vert 0.0
Step 41/10000 best energy 1801.329800000003 ant 1 missing vert 0.0
Step 42/10000 best energy 1803.687400000004 ant 11 missing vert 0.0
Step 43/10000 best energy 1833.956400000004 ant 5 missing vert 0.0
Step 44/10000 best energy 1875.217600000004 ant 27 missing vert 0.0
Step 45/10000 best energy 1962.8302000000047 ant 4 missing vert 0.0
Step 46/10000 best energy 1422.1604000000023 ant 14 missing vert 0.0
Step 47/10000 best energy 1693.155800000004 ant 3 missing vert 0.0
Step 48/10000 best energy 1862.9152000000026 ant 26 missing vert 0.0
Step 49/10000 best energy 1599.8720000000023 ant 12 missing vert 0.0
Step 50/10000 best energy 1762.503600000004 ant 19 missing vert 0.0
Step 51/10000 best energy 1584.8426000000031 ant 14 missing vert 0.0
Step 52/10000 best energy 1791.3618000000029 ant 3 missing vert 0.0
Step 53/10000 best energy 1574.199400000004 ant 17 missing vert 0.0
Step 54/10000 best energy 1485.256800000003 ant 27 missing vert 0.0
Step 55/10000 best energy 1680.5942000000034 ant 18 missing vert 0.0
Step 56/10000 best energy 1428.526000000004 ant 8 missing vert 0.0
Step 57/10000 best energy 1536.943800000004 ant 28 missing vert 0.0
Step 58/10000 best energy 1545.7068000000043 ant 11 missing vert 0.0
Step 59/10000 best energy 1611.6184000000042 ant 21 missing vert 0.0
Step 60/10000 best energy 1378.8424000000034 ant 30 missing vert 0.0
Step 61/10000 best energy 1293.3164000000031 ant 11 missing vert 0.0
Step 62/10000 best energy 1387.2274000000036 ant 31 missing vert 0.0
Step 63/10000 best energy 1419.8224000000037 ant 23 missing vert 0.0
Step 64/10000 best energy 1161.917400000003 ant 31 missing vert 0.0
Step 65/10000 best energy 1247.0004000000038 ant 14 missing vert 0.0
Step 66/10000 best energy 1310.370400000003 ant 0 missing vert 0.0
Step 67/10000 best energy 1218.5186000000022 ant 25 missing vert 0.0
Step 68/10000 best energy 1473.1470000000043 ant 17 missing vert 0.0
Step 69/10000 best energy 1358.133000000004 ant 28 missing vert 0.0
Step 70/10000 best energy 1487.8120000000033 ant 14 missing vert 0.0
Step 71/10000 best energy 1215.5684000000022 ant 20 missing vert 0.0
Step 72/10000 best energy 1295.7932000000026 ant 6 missing vert 0.0
Step 73/10000 best energy 1221.361000000004 ant 23 missing vert 0.0
Step 74/10000 best energy 1495.0064000000034 ant 14 missing vert 0.0
Step 75/10000 best energy 1331.8838000000032 ant 14 missing vert 0.0
Step 76/10000 best energy 1224.4358000000045 ant 13 missing vert 0.0
Step 77/10000 best energy 1380.8558000000032 ant 23 missing vert 0.0
Step 78/10000 best energy 1355.9152000000029 ant 8 missing vert 0.0
Step 79/10000 best energy 1178.4522000000031 ant 15 missing vert 0.0
Step 80/10000 best energy 1269.9764000000032 ant 1 missing vert 0.0
Step 81/10000 best energy 1253.8370000000034 ant 30 missing vert 0.0
Step 82/10000 best energy 1276.7298000000021 ant 27 missing vert 0.0
Step 83/10000 best energy 1213.9774000000039 ant 0 missing vert 0.0
Step 84/10000 best energy 1262.7894000000026 ant 21 missing vert 0.0
Step 85/10000 best energy 1337.2878000000046 ant 19 missing vert 0.0
Step 86/10000 best energy 1181.0816000000038 ant 20 missing vert 0.0
Step 87/10000 best energy 1247.561200000003 ant 4 missing vert 0.0
Step 88/10000 best energy 924.6292000000019 ant 31 missing vert 0.0
Step 89/10000 best energy 1033.0934000000027 ant 2 missing vert 0.0
Step 90/10000 best energy 987.659400000002 ant 7 missing vert 0.0
Step 91/10000 best energy 1270.7834000000037 ant 15 missing vert 0.0
Step 92/10000 best energy 1245.0082000000036 ant 24 missing vert 0.0
Step 93/10000 best energy 1187.3190000000036 ant 4 missing vert 0.0
Step 94/10000 best energy 1142.5532000000026 ant 10 missing vert 0.0
Step 95/10000 best energy 1066.5772000000022 ant 23 missing vert 0.0
Step 96/10000 best energy 981.4826000000023 ant 13 missing vert 0.0
Step 97/10000 best energy 1131.6834000000033 ant 3 missing vert 0.0
Step 98/10000 best energy 1223.0368000000037 ant 8 missing vert 0.0
Step 99/10000 best energy 1233.7776000000035 ant 8 missing vert 0.0
Step 100/10000 best energy 1140.596800000003 ant 7 missing vert 0.0
Step 101/10000 best energy 1128.075800000002 ant 8 missing vert 0.0
Step 102/10000 best energy 1048.5328000000038 ant 20 missing vert 0.0
Step 103/10000 best energy 1078.9276000000034 ant 27 missing vert 0.0
Step 104/10000 best energy 1104.005400000004 ant 29 missing vert 0.0
Step 105/10000 best energy 1101.8270000000025 ant 20 missing vert 0.0
Step 106/10000 best energy 1176.2734000000041 ant 5 missing vert 0.0
Step 107/10000 best energy 1080.3100000000031 ant 21 missing vert 0.0
Step 108/10000 best energy 985.7404000000024 ant 7 missing vert 0.0
Step 109/10000 best energy 1098.7176000000027 ant 11 missing vert 0.0
Step 110/10000 best energy 1141.718400000004 ant 27 missing vert 0.0
Step 111/10000 best energy 1024.0922000000032 ant 9 missing vert 0.0
Step 112/10000 best energy 1148.820600000003 ant 27 missing vert 0.0
Step 113/10000 best energy 1101.5652000000032 ant 18 missing vert 0.0
Step 114/10000 best energy 970.0732000000027 ant 19 missing vert 0.0
Step 115/10000 best energy 1086.5920000000026 ant 22 missing vert 0.0
Step 116/10000 best energy 1006.859400000003 ant 26 missing vert 0.0
Step 117/10000 best energy 991.5132000000033 ant 30 missing vert 0.0
Step 118/10000 best energy 1081.774200000003 ant 27 missing vert 0.0
Step 119/10000 best energy 1058.3674000000021 ant 16 missing vert 0.0
Step 120/10000 best energy 1148.8908000000013 ant 21 missing vert 0.0
Step 121/10000 best energy 1180.2702000000036 ant 16 missing vert 0.0
Step 122/10000 best energy 1004.6592000000029 ant 31 missing vert 0.0
Step 123/10000 best energy 996.5064000000036 ant 0 missing vert 0.0
Step 124/10000 best energy 981.5894000000028 ant 25 missing vert 0.0
Step 125/10000 best energy 1003.4064000000023 ant 10 missing vert 0.0
Step 126/10000 best energy 776.7652000000008 ant 2 missing vert 0.0
Step 127/10000 best energy 1072.9116000000029 ant 11 missing vert 0.0
Step 128/10000 best energy 1127.9392000000034 ant 25 missing vert 0.0
Step 129/10000 best energy 1165.4842000000026 ant 19 missing vert 0.0
Step 130/10000 best energy 1040.7668000000028 ant 31 missing vert 0.0
Step 131/10000 best energy 919.9004000000023 ant 11 missing vert 0.0
Step 132/10000 best energy 1011.0640000000014 ant 9 missing vert 0.0
Step 133/10000 best energy 1029.9106000000024 ant 21 missing vert 0.0
Step 134/10000 best energy 1223.8174000000033 ant 26 missing vert 0.0
Step 135/10000 best energy 831.4508000000009 ant 24 missing vert 0.0
Step 136/10000 best energy 1036.2618000000027 ant 7 missing vert 0.0
Step 137/10000 best energy 1021.4942000000024 ant 16 missing vert 0.0
Step 138/10000 best energy 931.033600000003 ant 19 missing vert 0.0
Step 139/10000 best energy 1119.0304000000028 ant 12 missing vert 0.0
Step 140/10000 best energy 944.6438000000032 ant 14 missing vert 0.0
Step 141/10000 best energy 1000.0942000000027 ant 10 missing vert 0.0
Step 142/10000 best energy 980.1902000000033 ant 3 missing vert 0.0
Step 143/10000 best energy 885.9292000000013 ant 27 missing vert 0.0
Step 144/10000 best energy 1064.5852000000036 ant 17 missing vert 0.0
Step 145/10000 best energy 771.3474000000001 ant 14 missing vert 0.0
Step 146/10000 best energy 1000.5078000000033 ant 20 missing vert 0.0
Step 147/10000 best energy 1131.9262000000033 ant 3 missing vert 0.0
Step 148/10000 best energy 1007.5188000000014 ant 27 missing vert 0.0
Step 149/10000 best energy 863.536200000002 ant 18 missing vert 0.0
Step 150/10000 best energy 1080.6298000000031 ant 23 missing vert 0.0
Step 151/10000 best energy 916.7316000000025 ant 21 missing vert 0.0
Step 152/10000 best energy 981.1790000000019 ant 13 missing vert 0.0
Step 153/10000 best energy 930.7936000000025 ant 1 missing vert 0.0
Step 154/10000 best energy 951.6310000000014 ant 4 missing vert 0.0
Step 155/10000 best energy 949.8420000000019 ant 22 missing vert 0.0
Step 156/10000 best energy 1240.3580000000031 ant 12 missing vert 0.0
Step 157/10000 best energy 937.821800000002 ant 10 missing vert 0.0
Step 158/10000 best energy 1022.5392000000015 ant 16 missing vert 0.0
Step 159/10000 best energy 953.4074000000028 ant 28 missing vert 0.0
Step 160/10000 best energy 1022.8346000000021 ant 6 missing vert 0.0
Step 161/10000 best energy 1097.8306000000034 ant 29 missing vert 0.0
Step 162/10000 best energy 984.6640000000027 ant 26 missing vert 0.0
Step 163/10000 best energy 855.4992000000022 ant 1 missing vert 0.0
Step 164/10000 best energy 1068.6854000000037 ant 27 missing vert 0.0
Step 165/10000 best energy 861.4178000000014 ant 5 missing vert 0.0
Step 166/10000 best energy 867.9304000000017 ant 27 missing vert 0.0
Step 167/10000 best energy 978.183000000002 ant 14 missing vert 0.0
Step 168/10000 best energy 905.366800000002 ant 8 missing vert 0.0
Step 169/10000 best energy 1018.8910000000036 ant 15 missing vert 0.0
Step 170/10000 best energy 931.9722000000025 ant 22 missing vert 0.0
Step 171/10000 best energy 948.6870000000018 ant 2 missing vert 0.0
Step 172/10000 best energy 994.979200000004 ant 27 missing vert 0.0
Step 173/10000 best energy 950.1474000000007 ant 9 missing vert 0.0
Step 174/10000 best energy 753.2768000000003 ant 12 missing vert 0.0
Step 175/10000 best energy 905.7512000000025 ant 18 missing vert 0.0
Step 176/10000 best energy 960.1602000000028 ant 24 missing vert 0.0
Step 177/10000 best energy 968.0808000000029 ant 5 missing vert 0.0
Step 178/10000 best energy 935.0860000000025 ant 1 missing vert 0.0
Step 179/10000 best energy 963.3702000000021 ant 16 missing vert 0.0
Step 180/10000 best energy 1040.9202000000025 ant 25 missing vert 0.0
Step 181/10000 best energy 890.1680000000015 ant 1 missing vert 0.0
Step 182/10000 best energy 1034.475800000003 ant 6 missing vert 0.0
Step 183/10000 best energy 1042.7632000000026 ant 16 missing vert 0.0
Step 184/10000 best energy 1025.3298000000048 ant 19 missing vert 0.0
Step 185/10000 best energy 1047.6150000000027 ant 18 missing vert 0.0
Step 186/10000 best energy 1009.2358000000027 ant 21 missing vert 0.0
Step 187/10000 best energy 968.387800000002 ant 0 missing vert 0.0
Step 188/10000 best energy 1010.8544000000024 ant 30 missing vert 0.0
Step 189/10000 best energy 917.0640000000014 ant 10 missing vert 0.0
Step 190/10000 best energy 1005.1366000000038 ant 24 missing vert 0.0
Step 191/10000 best energy 1007.5742000000027 ant 31 missing vert 0.0
Step 192/10000 best energy 804.4576000000009 ant 21 missing vert 0.0
Step 193/10000 best energy 907.4302000000029 ant 20 missing vert 0.0
Step 194/10000 best energy 961.3178000000021 ant 27 missing vert 0.0
Step 195/10000 best energy 847.2056000000018 ant 24 missing vert 0.0
Step 196/10000 best energy 886.9914000000026 ant 10 missing vert 0.0
Step 197/10000 best energy 801.7968000000023 ant 26 missing vert 0.0
Step 198/10000 best energy 896.4496000000022 ant 17 missing vert 0.0
Step 199/10000 best energy 898.5628000000016 ant 14 missing vert 0.0
Step 200/10000 best energy 970.699200000004 ant 27 missing vert 0.0
Step 201/10000 best energy 887.9712000000018 ant 12 missing vert 0.0
Step 202/10000 best energy 847.345600000001 ant 0 missing vert 0.0
Step 203/10000 best energy 992.9760000000035 ant 29 missing vert 0.0
Step 204/10000 best energy 950.3260000000023 ant 1 missing vert 0.0
Step 205/10000 best energy 1027.4918000000014 ant 8 missing vert 0.0
Step 206/10000 best energy 888.8248000000021 ant 8 missing vert 0.0
Step 207/10000 best energy 1030.1652000000022 ant 31 missing vert 0.0
Step 208/10000 best energy 972.652800000003 ant 14 missing vert 0.0
Step 209/10000 best energy 950.9332000000022 ant 2 missing vert 0.0
Step 210/10000 best energy 829.5824000000014 ant 15 missing vert 0.0
Step 211/10000 best energy 928.5700000000018 ant 6 missing vert 0.0
Step 212/10000 best energy 992.231000000003 ant 11 missing vert 0.0
Step 213/10000 best energy 1022.1360000000033 ant 5 missing vert 0.0
Step 214/10000 best energy 830.7230000000029 ant 13 missing vert 0.0
Step 215/10000 best energy 1027.9448000000025 ant 29 missing vert 0.0
Step 216/10000 best energy 957.7396000000031 ant 4 missing vert 0.0
Step 217/10000 best energy 743.7472000000009 ant 11 missing vert 0.0
Step 218/10000 best energy 791.5300000000009 ant 31 missing vert 0.0
Step 219/10000 best energy 780.6084000000012 ant 3 missing vert 0.0
Step 220/10000 best energy 944.2306000000019 ant 3 missing vert 0.0
Step 221/10000 best energy 868.4402000000024 ant 25 missing vert 0.0
Step 222/10000 best energy 928.1784000000027 ant 20 missing vert 0.0
Step 223/10000 best energy 848.7244000000021 ant 17 missing vert 0.0
Step 224/10000 best energy 961.2298000000019 ant 31 missing vert 0.0
Step 225/10000 best energy 979.053800000002 ant 14 missing vert 0.0
Step 226/10000 best energy 977.7240000000018 ant 13 missing vert 0.0
Step 227/10000 best energy 995.7710000000025 ant 23 missing vert 0.0
Step 228/10000 best energy 922.7330000000023 ant 24 missing vert 0.0
Step 229/10000 best energy 864.9948000000024 ant 30 missing vert 0.0
Step 230/10000 best energy 898.411000000002 ant 1 missing vert 0.0
Step 231/10000 best energy 881.7916000000027 ant 21 missing vert 0.0
Step 232/10000 best energy 952.4276000000024 ant 5 missing vert 0.0
Step 233/10000 best energy 926.3910000000024 ant 19 missing vert 0.0
Step 234/10000 best energy 813.4770000000017 ant 23 missing vert 0.0
Step 235/10000 best energy 905.0934000000029 ant 28 missing vert 0.0
Step 236/10000 best energy 721.6378 ant 1 missing vert 0.0
Step 237/10000 best energy 866.2360000000023 ant 17 missing vert 0.0
Step 238/10000 best energy 916.7910000000031 ant 12 missing vert 0.0
Step 239/10000 best energy 1029.616600000002 ant 5 missing vert 0.0
Step 240/10000 best energy 1011.8888000000024 ant 8 missing vert 0.0
Step 241/10000 best energy 953.4030000000023 ant 31 missing vert 0.0
Step 242/10000 best energy 1022.235200000004 ant 17 missing vert 0.0
Step 243/10000 best energy 883.1980000000015 ant 7 missing vert 0.0
Step 244/10000 best energy 1027.016600000002 ant 9 missing vert 0.0
Step 245/10000 best energy 847.2560000000024 ant 6 missing vert 0.0
Step 246/10000 best energy 980.3564000000028 ant 19 missing vert 0.0
Step 247/10000 best energy 994.1100000000025 ant 25 missing vert 0.0
Step 248/10000 best energy 981.3348000000033 ant 5 missing vert 0.0
Step 249/10000 best energy 990.3058000000046 ant 21 missing vert 0.0
Step 250/10000 best energy 866.9984000000029 ant 3 missing vert 0.0
Step 251/10000 best energy 765.6244000000003 ant 22 missing vert 0.0
Step 252/10000 best energy 896.3360000000026 ant 5 missing vert 0.0
Step 253/10000 best energy 875.0452000000023 ant 4 missing vert 0.0
Step 254/10000 best energy 894.6840000000007 ant 0 missing vert 0.0
Step 255/10000 best energy 883.9372000000019 ant 0 missing vert 0.0
Step 256/10000 best energy 1138.8700000000053 ant 25 missing vert 0.0
Step 257/10000 best energy 870.6742000000027 ant 5 missing vert 0.0
Step 258/10000 best energy 1040.486200000005 ant 21 missing vert 0.0
Step 259/10000 best energy 1023.4622000000031 ant 21 missing vert 0.0
Step 260/10000 best energy 881.1792000000034 ant 9 missing vert 0.0
Step 261/10000 best energy 803.9600000000012 ant 8 missing vert 0.0
Step 262/10000 best energy 790.3132000000006 ant 28 missing vert 0.0
Step 263/10000 best energy 741.1130000000005 ant 24 missing vert 0.0
Step 264/10000 best energy 843.0326000000023 ant 18 missing vert 0.0
Step 265/10000 best energy 864.8164000000002 ant 1 missing vert 0.0
Step 266/10000 best energy 920.473000000003 ant 19 missing vert 0.0
Step 267/10000 best energy 881.0252000000024 ant 26 missing vert 0.0
Step 268/10000 best energy 819.568400000001 ant 7 missing vert 0.0
Step 269/10000 best energy 872.8118000000009 ant 0 missing vert 0.0
Step 270/10000 best energy 907.617200000001 ant 18 missing vert 0.0
Step 271/10000 best energy 952.6060000000031 ant 10 missing vert 0.0
Step 272/10000 best energy 823.965000000001 ant 14 missing vert 0.0
Step 273/10000 best energy 1032.7850000000024 ant 18 missing vert 0.0
Step 274/10000 best energy 973.7788000000028 ant 19 missing vert 0.0
Step 275/10000 best energy 899.380600000002 ant 14 missing vert 0.0
Step 276/10000 best energy 899.7468000000007 ant 6 missing vert 0.0
Step 277/10000 best energy 833.6574000000023 ant 19 missing vert 0.0
Step 278/10000 best energy 858.8802000000007 ant 12 missing vert 0.0
Step 279/10000 best energy 862.3152000000032 ant 27 missing vert 0.0
Step 280/10000 best energy 837.8440000000012 ant 14 missing vert 0.0
Step 281/10000 best energy 863.7926000000025 ant 9 missing vert 0.0
Step 282/10000 best energy 935.5836000000033 ant 15 missing vert 0.0
Step 283/10000 best energy 886.9438000000026 ant 12 missing vert 0.0
Step 284/10000 best energy 841.6730000000019 ant 17 missing vert 0.0
Step 285/10000 best energy 887.9676000000018 ant 0 missing vert 0.0
Step 286/10000 best energy 852.6982000000033 ant 10 missing vert 0.0
Step 287/10000 best energy 968.246600000003 ant 29 missing vert 0.0
Step 288/10000 best energy 837.2100000000022 ant 27 missing vert 0.0
Step 289/10000 best energy 844.2078000000006 ant 0 missing vert 0.0
Step 290/10000 best energy 996.7094000000031 ant 12 missing vert 0.0
Step 291/10000 best energy 849.6410000000013 ant 4 missing vert 0.0
Step 292/10000 best energy 930.2928000000029 ant 15 missing vert 0.0
Step 293/10000 best energy 888.7394000000031 ant 30 missing vert 0.0
Step 294/10000 best energy 795.1918000000012 ant 8 missing vert 0.0
Step 295/10000 best energy 874.9894000000021 ant 28 missing vert 0.0
Step 296/10000 best energy 767.2012000000004 ant 2 missing vert 0.0
Step 297/10000 best energy 800.9258000000023 ant 18 missing vert 0.0
Step 298/10000 best energy 837.3748000000007 ant 20 missing vert 0.0
Step 299/10000 best energy 791.6986000000015 ant 19 missing vert 0.0
Step 300/10000 best energy 765.8686000000005 ant 17 missing vert 0.0
Step 301/10000 best energy 793.8126000000011 ant 25 missing vert 0.0
Step 302/10000 best energy 829.5584000000018 ant 28 missing vert 0.0
Step 303/10000 best energy 835.3400000000013 ant 22 missing vert 0.0
Step 304/10000 best energy 719.1220000000003 ant 2 missing vert 0.0
Step 305/10000 best energy 780.4714000000013 ant 23 missing vert 0.0
Step 306/10000 best energy 821.9584000000015 ant 14 missing vert 0.0
Step 307/10000 best energy 903.1244000000034 ant 10 missing vert 0.0
Step 308/10000 best energy 887.0914000000021 ant 4 missing vert 0.0
Step 309/10000 best energy 829.7304000000008 ant 19 missing vert 0.0
Step 310/10000 best energy 772.3010000000013 ant 13 missing vert 0.0
Step 311/10000 best energy 909.4208000000015 ant 7 missing vert 0.0
Step 312/10000 best energy 748.8350000000014 ant 2 missing vert 0.0
Step 313/10000 best energy 795.8138000000015 ant 5 missing vert 0.0
Step 314/10000 best energy 757.8334000000002 ant 27 missing vert 0.0
Step 315/10000 best energy 832.1524000000011 ant 27 missing vert 0.0
Step 316/10000 best energy 823.2256000000025 ant 4 missing vert 0.0
Step 317/10000 best energy 862.8476000000012 ant 4 missing vert 0.0
Step 318/10000 best energy 763.114000000001 ant 9 missing vert 0.0
Step 319/10000 best energy 830.9974000000012 ant 16 missing vert 0.0
Step 320/10000 best energy 764.1524000000011 ant 21 missing vert 0.0
Step 321/10000 best energy 810.3032000000007 ant 4 missing vert 0.0
Step 322/10000 best energy 745.7400000000004 ant 5 missing vert 0.0
Step 323/10000 best energy 829.9482000000012 ant 2 missing vert 0.0
Step 324/10000 best energy 810.0146000000008 ant 19 missing vert 0.0
Step 325/10000 best energy 758.391800000001 ant 13 missing vert 0.0
Step 326/10000 best energy 803.6076 ant 21 missing vert 0.0
Step 327/10000 best energy 788.1514000000011 ant 9 missing vert 0.0
Step 328/10000 best energy 902.7588000000026 ant 7 missing vert 0.0
Step 329/10000 best energy 877.3484000000017 ant 16 missing vert 0.0
Step 330/10000 best energy 749.077400000001 ant 14 missing vert 0.0
Step 331/10000 best energy 747.7066000000011 ant 22 missing vert 0.0
Step 332/10000 best energy 831.719000000001 ant 20 missing vert 0.0
Step 333/10000 best energy 760.7712000000009 ant 20 missing vert 0.0
Step 334/10000 best energy 823.5430000000013 ant 27 missing vert 0.0
Step 335/10000 best energy 778.6630000000001 ant 13 missing vert 0.0
Step 336/10000 best energy 732.1812000000006 ant 14 missing vert 0.0
Step 337/10000 best energy 799.0614000000002 ant 19 missing vert 0.0
Step 338/10000 best energy 838.3428000000013 ant 13 missing vert 0.0
Step 339/10000 best energy 871.5598000000016 ant 0 missing vert 0.0
Step 340/10000 best energy 853.8142000000012 ant 0 missing vert 0.0
Step 341/10000 best energy 847.1548000000016 ant 13 missing vert 0.0
Step 342/10000 best energy 793.7762000000007 ant 21 missing vert 0.0
Step 343/10000 best energy 802.4644000000003 ant 30 missing vert 0.0
Step 344/10000 best energy 794.2120000000004 ant 3 missing vert 0.0
Step 345/10000 best energy 824.1124000000018 ant 18 missing vert 0.0
Step 346/10000 best energy 772.5830000000012 ant 25 missing vert 0.0
Step 347/10000 best energy 809.9104000000007 ant 10 missing vert 0.0
Step 348/10000 best energy 781.7900000000011 ant 16 missing vert 0.0
Step 349/10000 best energy 859.2688000000021 ant 7 missing vert 0.0
Step 350/10000 best energy 722.149 ant 21 missing vert 0.0
Step 351/10000 best energy 916.3866 ant 28 missing vert 0.0
Step 352/10000 best energy 793.2778000000022 ant 2 missing vert 0.0
Step 353/10000 best energy 758.4634000000017 ant 25 missing vert 0.0
Step 354/10000 best energy 693.4436000000003 ant 28 missing vert 0.0
Step 355/10000 best energy 667.8362000000002 ant 7 missing vert 0.0
Step 356/10000 best energy 801.8140000000012 ant 22 missing vert 0.0
Step 357/10000 best energy 784.658200000001 ant 31 missing vert 0.0
Step 358/10000 best energy 775.714200000001 ant 21 missing vert 0.0
Step 359/10000 best energy 719.0510000000006 ant 2 missing vert 0.0
Step 360/10000 best energy 800.3940000000014 ant 6 missing vert 0.0
Step 361/10000 best energy 738.3182 ant 9 missing vert 0.0
Step 362/10000 best energy 735.3664000000005 ant 22 missing vert 0.0
Step 363/10000 best energy 899.4262000000019 ant 26 missing vert 0.0
Step 364/10000 best energy 820.2856000000003 ant 17 missing vert 0.0
Step 365/10000 best energy 718.5448000000006 ant 1 missing vert 0.0
Step 366/10000 best energy 749.6284000000005 ant 24 missing vert 0.0
Step 367/10000 best energy 772.1688000000005 ant 15 missing vert 0.0
Step 368/10000 best energy 758.2692000000004 ant 19 missing vert 0.0
Step 369/10000 best energy 654.8716 ant 5 missing vert 0.0
Step 370/10000 best energy 672.9837999999996 ant 7 missing vert 0.0
Step 371/10000 best energy 779.3443999999998 ant 26 missing vert 0.0
Step 372/10000 best energy 780.3526000000003 ant 6 missing vert 0.0
Step 373/10000 best energy 677.5585999999998 ant 17 missing vert 0.0
Step 374/10000 best energy 714.3914000000002 ant 21 missing vert 0.0
Step 375/10000 best energy 782.8352000000001 ant 19 missing vert 0.0
Step 376/10000 best energy 749.3186 ant 15 missing vert 0.0
Step 377/10000 best energy 796.1716000000007 ant 12 missing vert 0.0
Step 378/10000 best energy 716.0998 ant 26 missing vert 0.0
Step 379/10000 best energy 737.8272000000003 ant 12 missing vert 0.0
Step 380/10000 best energy 780.3550000000007 ant 5 missing vert 0.0
Step 381/10000 best energy 699.5235999999996 ant 20 missing vert 0.0
Step 382/10000 best energy 727.5846000000001 ant 17 missing vert 0.0
Step 383/10000 best energy 700.8913999999999 ant 1 missing vert 0.0
Step 384/10000 best energy 720.0591999999999 ant 10 missing vert 0.0
Step 385/10000 best energy 648.3537999999996 ant 22 missing vert 0.0
Step 386/10000 best energy 732.3424000000002 ant 0 missing vert 0.0
Step 387/10000 best energy 710.9830000000002 ant 26 missing vert 0.0
Step 388/10000 best energy 662.7903999999995 ant 6 missing vert 0.0
Step 389/10000 best energy 781.5171999999998 ant 5 missing vert 0.0
Step 390/10000 best energy 814.4758 ant 22 missing vert 0.0
Step 391/10000 best energy 767.025400000001 ant 19 missing vert 0.0
Step 392/10000 best energy 725.2518 ant 27 missing vert 0.0
Step 393/10000 best energy 758.5154000000001 ant 18 missing vert 0.0
Step 394/10000 best energy 682.5262 ant 29 missing vert 0.0
Step 395/10000 best energy 812.6980000000005 ant 30 missing vert 0.0
Step 396/10000 best energy 720.9939999999995 ant 22 missing vert 0.0
Step 397/10000 best energy 711.1605999999999 ant 15 missing vert 0.0
Step 398/10000 best energy 696.4682000000004 ant 8 missing vert 0.0
Step 399/10000 best energy 631.6733999999994 ant 10 missing vert 0.0
Step 400/10000 best energy 680.5831999999998 ant 3 missing vert 0.0
Step 401/10000 best energy 678.337 ant 16 missing vert 0.0
Step 402/10000 best energy 678.9814000000001 ant 13 missing vert 0.0
Step 403/10000 best energy 679.8072000000002 ant 22 missing vert 0.0
Step 404/10000 best energy 741.359800000001 ant 6 missing vert 0.0
Step 405/10000 best energy 681.4113999999998 ant 12 missing vert 0.0
Step 406/10000 best energy 702.2288000000004 ant 23 missing vert 0.0
Step 407/10000 best energy 706.4767999999997 ant 18 missing vert 0.0
Step 408/10000 best energy 745.1956000000002 ant 9 missing vert 0.0
Step 409/10000 best energy 692.5822000000001 ant 26 missing vert 0.0
Step 410/10000 best energy 660.0451999999998 ant 24 missing vert 0.0
Step 411/10000 best energy 737.8994000000006 ant 15 missing vert 0.0
Step 412/10000 best energy 651.0987999999996 ant 22 missing vert 0.0
Step 413/10000 best energy 641.6843999999994 ant 18 missing vert 0.0
Step 414/10000 best energy 647.0659999999993 ant 24 missing vert 0.0
Step 415/10000 best energy 634.5723999999996 ant 25 missing vert 0.0
Step 416/10000 best energy 641.6843999999994 ant 6 missing vert 0.0
Step 417/10000 best energy 651.2267999999996 ant 30 missing vert 0.0
Step 418/10000 best energy 637.5235999999995 ant 5 missing vert 0.0
Step 419/10000 best energy 628.0521999999994 ant 13 missing vert 0.0
Step 420/10000 best energy 638.0655999999994 ant 23 missing vert 0.0
Step 421/10000 best energy 647.6055999999995 ant 24 missing vert 0.0
Step 422/10000 best energy 641.6843999999994 ant 15 missing vert 0.0
Step 423/10000 best energy 642.1529999999998 ant 18 missing vert 0.0
Step 424/10000 best energy 628.0521999999994 ant 19 missing vert 0.0
Step 425/10000 best energy 661.7797999999999 ant 25 missing vert 0.0
Step 426/10000 best energy 631.6733999999994 ant 21 missing vert 0.0
Step 427/10000 best energy 628.0521999999994 ant 15 missing vert 0.0
Step 428/10000 best energy 652.2585999999994 ant 8 missing vert 0.0
Step 429/10000 best energy 640.0819999999992 ant 27 missing vert 0.0
Step 430/10000 best energy 631.6733999999994 ant 28 missing vert 0.0
Step 431/10000 best energy 650.6349999999993 ant 0 missing vert 0.0
Step 432/10000 best energy 645.0495999999996 ant 12 missing vert 0.0
Step 433/10000 best energy 633.0955999999994 ant 0 missing vert 0.0
Step 434/10000 best energy 662.2483999999997 ant 17 missing vert 0.0
Step 435/10000 best energy 643.6485999999995 ant 11 missing vert 0.0
Step 436/10000 best energy 644.1147999999996 ant 27 missing vert 0.0
Step 437/10000 best energy 635.5805999999995 ant 22 missing vert 0.0
Step 438/10000 best energy 628.0521999999994 ant 15 missing vert 0.0
Step 439/10000 best energy 628.0521999999994 ant 13 missing vert 0.0
Step 440/10000 best energy 628.0521999999994 ant 29 missing vert 0.0
Step 441/10000 best energy 631.5453999999995 ant 30 missing vert 0.0
Step 442/10000 best energy 628.0521999999994 ant 0 missing vert 0.0
Step 443/10000 best energy 628.0521999999994 ant 8 missing vert 0.0
Step 444/10000 best energy 635.5805999999993 ant 15 missing vert 0.0
Step 445/10000 best energy 628.0521999999994 ant 9 missing vert 0.0
Step 446/10000 best energy 628.0521999999994 ant 5 missing vert 0.0
Step 447/10000 best energy 628.0521999999994 ant 7 missing vert 0.0
Step 448/10000 best energy 628.0521999999994 ant 9 missing vert 0.0
Step 449/10000 best energy 628.0521999999994 ant 5 missing vert 0.0
Step 450/10000 best energy 628.0521999999994 ant 0 missing vert 0.0
Step 451/10000 best energy 628.0521999999994 ant 3 missing vert 0.0
Step 452/10000 best energy 628.0521999999994 ant 1 missing vert 0.0
Step 453/10000 best energy 628.0521999999994 ant 17 missing vert 0.0
Step 454/10000 best energy 628.0521999999994 ant 1 missing vert 0.0
Step 455/10000 best energy 628.0521999999994 ant 2 missing vert 0.0
Step 456/10000 best energy 628.0521999999994 ant 0 missing vert 0.0
Step 457/10000 best energy 628.0521999999994 ant 13 missing vert 0.0
Step 458/10000 best energy 628.0521999999994 ant 5 missing vert 0.0
Step 459/10000 best energy 628.0521999999994 ant 10 missing vert 0.0
Step 460/10000 best energy 628.0521999999994 ant 0 missing vert 0.0
Step 461/10000 best energy 628.0521999999994 ant 1 missing vert 0.0
Step 462/10000 best energy 628.0521999999994 ant 2 missing vert 0.0
Step 463/10000 best energy 628.0521999999994 ant 2 missing vert 0.0
Step 464/10000 best energy 628.0521999999994 ant 0 missing vert 0.0
Step 465/10000 best energy 628.0521999999994 ant 1 missing vert 0.0
Step 466/10000 best energy 628.0521999999994 ant 2 missing vert 0.0
Step 467/10000 best energy 628.0521999999994 ant 10 missing vert 0.0
Step 468/10000 best energy 628.0521999999994 ant 4 missing vert 0.0
Step 469/10000 best energy 628.0521999999994 ant 1 missing vert 0.0
Step 470/10000 best energy 628.0521999999994 ant 2 missing vert 0.0
Step 471/10000 best energy 628.0521999999994 ant 1 missing vert 0.0
Step 472/10000 best energy 628.0521999999994 ant 0 missing vert 0.0
Step 473/10000 best energy 628.0521999999994 ant 0 missing vert 0.0
Step 474/10000 best energy 628.0521999999994 ant 3 missing vert 0.0
Step 475/10000 best energy 628.0521999999994 ant 1 missing vert 0.0
Energy constant for 30 iterations ... solution converged
Run finished in 40510 ms
Writing output...
ACO Done ... overall best energy 628.0521999999994
