8774.90719999999
9512.441999999985
8590.730799999996
7068.265200000007
7866.375800000006
6742.677200000005
6682.96520000001
5230.111600000008
5000.248800000006
5130.039400000013
5388.238800000011
4859.404200000008
4669.574400000006
4043.0674
4164.885600000005
4005.167000000001
2963.5585999999994
3325.2420000000016
3528.3952000000027
3745.4164000000023
3253.6016000000013
3059.3104
3461.3850000000016
2581.391400000003
3026.760800000003
2591.0418000000022
2598.064200000002
2415.3248000000026
2815.475400000003
2530.6254000000035
2446.2408000000037
2090.559600000003
2281.837000000003
2513.8014000000026
2180.552000000002
1982.1044000000038
1904.2158000000022
2090.549800000004
1960.6146000000047
1947.457800000003
1801.329800000003
1803.687400000004
1833.956400000004
1875.217600000004
1962.8302000000047
1422.1604000000023
1693.155800000004
1862.9152000000026
1599.8720000000023
1762.503600000004
1584.8426000000031
1791.3618000000029
1574.199400000004
1485.256800000003
1680.5942000000034
1428.526000000004
1536.943800000004
1545.7068000000043
1611.6184000000042
1378.8424000000034
1293.3164000000031
1387.2274000000036
1419.8224000000037
1161.917400000003
1247.0004000000038
1310.370400000003
1218.5186000000022
1473.1470000000043
1358.133000000004
1487.8120000000033
1215.5684000000022
1295.7932000000026
1221.361000000004
1495.0064000000034
1331.8838000000032
1224.4358000000045
1380.8558000000032
1355.9152000000029
1178.4522000000031
1269.9764000000032
1253.8370000000034
1276.7298000000021
1213.9774000000039
1262.7894000000026
1337.2878000000046
1181.0816000000038
1247.561200000003
924.6292000000019
1033.0934000000027
987.659400000002
1270.7834000000037
1245.0082000000036
1187.3190000000036
1142.5532000000026
1066.5772000000022
981.4826000000023
1131.6834000000033
1223.0368000000037
1233.7776000000035
1140.596800000003
1128.075800000002
1048.5328000000038
1078.9276000000034
1104.005400000004
1101.8270000000025
1176.2734000000041
1080.3100000000031
985.7404000000024
1098.7176000000027
1141.718400000004
1024.0922000000032
1148.820600000003
1101.5652000000032
970.0732000000027
1086.5920000000026
1006.859400000003
991.5132000000033
1081.774200000003
1058.3674000000021
1148.8908000000013
1180.2702000000036
1004.6592000000029
996.5064000000036
981.5894000000028
1003.4064000000023
776.7652000000008
1072.9116000000029
1127.9392000000034
1165.4842000000026
1040.7668000000028
919.9004000000023
1011.0640000000014
1029.9106000000024
1223.8174000000033
831.4508000000009
1036.2618000000027
1021.4942000000024
931.033600000003
1119.0304000000028
944.6438000000032
1000.0942000000027
980.1902000000033
885.9292000000013
1064.5852000000036
771.3474000000001
1000.5078000000033
1131.9262000000033
1007.5188000000014
863.536200000002
1080.6298000000031
916.7316000000025
981.1790000000019
930.7936000000025
951.6310000000014
949.8420000000019
1240.3580000000031
937.821800000002
1022.5392000000015
953.4074000000028
1022.8346000000021
1097.8306000000034
984.6640000000027
855.4992000000022
1068.6854000000037
861.4178000000014
867.9304000000017
978.183000000002
905.366800000002
1018.8910000000036
931.9722000000025
948.6870000000018
994.979200000004
950.1474000000007
753.2768000000003
905.7512000000025
960.1602000000028
968.0808000000029
935.0860000000025
963.3702000000021
1040.9202000000025
890.1680000000015
1034.475800000003
1042.7632000000026
1025.3298000000048
1047.6150000000027
1009.2358000000027
968.387800000002
1010.8544000000024
917.0640000000014
1005.1366000000038
1007.5742000000027
804.4576000000009
907.4302000000029
961.3178000000021
847.2056000000018
886.9914000000026
801.7968000000023
896.4496000000022
898.5628000000016
970.699200000004
887.9712000000018
847.345600000001
992.9760000000035
950.3260000000023
1027.4918000000014
888.8248000000021
1030.1652000000022
972.652800000003
950.9332000000022
829.5824000000014
928.5700000000018
992.231000000003
1022.1360000000033
830.7230000000029
1027.9448000000025
957.7396000000031
743.7472000000009
791.5300000000009
780.6084000000012
944.2306000000019
868.4402000000024
928.1784000000027
848.7244000000021
961.2298000000019
979.053800000002
977.7240000000018
995.7710000000025
922.7330000000023
864.9948000000024
898.411000000002
881.7916000000027
952.4276000000024
926.3910000000024
813.4770000000017
905.0934000000029
721.6378
866.2360000000023
916.7910000000031
1029.616600000002
1011.8888000000024
953.4030000000023
1022.235200000004
883.1980000000015
1027.016600000002
847.2560000000024
980.3564000000028
994.1100000000025
981.3348000000033
990.3058000000046
866.9984000000029
765.6244000000003
896.3360000000026
875.0452000000023
894.6840000000007
883.9372000000019
1138.8700000000053
870.6742000000027
1040.486200000005
1023.4622000000031
881.1792000000034
803.9600000000012
790.3132000000006
741.1130000000005
843.0326000000023
864.8164000000002
920.473000000003
881.0252000000024
819.568400000001
872.8118000000009
907.617200000001
952.6060000000031
823.965000000001
1032.7850000000024
973.7788000000028
899.380600000002
899.7468000000007
833.6574000000023
858.8802000000007
862.3152000000032
837.8440000000012
863.7926000000025
935.5836000000033
886.9438000000026
841.6730000000019
887.9676000000018
852.6982000000033
968.246600000003
837.2100000000022
844.2078000000006
996.7094000000031
849.6410000000013
930.2928000000029
888.7394000000031
795.1918000000012
874.9894000000021
767.2012000000004
800.9258000000023
837.3748000000007
791.6986000000015
765.8686000000005
793.8126000000011
829.5584000000018
835.3400000000013
719.1220000000003
780.4714000000013
821.9584000000015
903.1244000000034
887.0914000000021
829.7304000000008
772.3010000000013
909.4208000000015
748.8350000000014
795.8138000000015
757.8334000000002
832.1524000000011
823.2256000000025
862.8476000000012
763.114000000001
830.9974000000012
764.1524000000011
810.3032000000007
745.7400000000004
829.9482000000012
810.0146000000008
758.391800000001
803.6076
788.1514000000011
902.7588000000026
877.3484000000017
749.077400000001
747.7066000000011
831.719000000001
760.7712000000009
823.5430000000013
778.6630000000001
732.1812000000006
799.0614000000002
838.3428000000013
871.5598000000016
853.8142000000012
847.1548000000016
793.7762000000007
802.4644000000003
794.2120000000004
824.1124000000018
772.5830000000012
809.9104000000007
781.7900000000011
859.2688000000021
722.149
916.3866
793.2778000000022
758.4634000000017
693.4436000000003
667.8362000000002
801.8140000000012
784.658200000001
775.714200000001
719.0510000000006
800.3940000000014
738.3182
735.3664000000005
899.4262000000019
820.2856000000003
718.5448000000006
749.6284000000005
772.1688000000005
758.2692000000004
654.8716
672.9837999999996
779.3443999999998
780.3526000000003
677.5585999999998
714.3914000000002
782.8352000000001
749.3186
796.1716000000007
716.0998
737.8272000000003
780.3550000000007
699.5235999999996
727.5846000000001
700.8913999999999
720.0591999999999
648.3537999999996
732.3424000000002
710.9830000000002
662.7903999999995
781.5171999999998
814.4758
767.025400000001
725.2518
758.5154000000001
682.5262
812.6980000000005
720.9939999999995
711.1605999999999
696.4682000000004
631.6733999999994
680.5831999999998
678.337
678.9814000000001
679.8072000000002
741.359800000001
681.4113999999998
702.2288000000004
706.4767999999997
745.1956000000002
692.5822000000001
660.0451999999998
737.8994000000006
651.0987999999996
641.6843999999994
647.0659999999993
634.5723999999996
641.6843999999994
651.2267999999996
637.5235999999995
628.0521999999994
638.0655999999994
647.6055999999995
641.6843999999994
642.1529999999998
628.0521999999994
661.7797999999999
631.6733999999994
628.0521999999994
652.2585999999994
640.0819999999992
631.6733999999994
650.6349999999993
645.0495999999996
633.0955999999994
662.2483999999997
643.6485999999995
644.1147999999996
635.5805999999995
628.0521999999994
628.0521999999994
628.0521999999994
631.5453999999995
628.0521999999994
628.0521999999994
635.5805999999993
628.0521999999994
628.0521999999994
628.0521999999994
628.0521999999994
628.0521999999994
628.0521999999994
628.0521999999994
628.0521999999994
628.0521999999994
628.0521999999994
628.0521999999994
628.0521999999994
628.0521999999994
628.0521999999994
628.0521999999994
628.0521999999994
628.0521999999994
628.0521999999994
628.0521999999994
628.0521999999994
628.0521999999994
628.0521999999994
628.0521999999994
628.0521999999994
628.0521999999994
628.0521999999994
628.0521999999994
628.0521999999994
628.0521999999994
628.0521999999994
628.0521999999994
