891.4443394062445
1006.4948091532032
862.6930143830941
834.7604793429543
911.5181331477656
932.9156948441913
896.9681228698596
843.9062415552388
952.2961389283868
824.0595274994747
781.878927219204
910.5819088430662
802.8859426759715
850.322841681355
802.5927189229541
834.3663930723089
846.0975264728241
744.1475134307088
787.5588379409928
750.8684421851407
826.9902287664864
784.0295737038988
784.6956897357164
723.3130627254226
754.5381713354019
732.6002048080185
720.3929360238226
717.6453878976433
697.7653518602505
742.4180961551145
693.2899690238572
702.9146444991675
737.2925280506233
671.6419649775826
702.7523912492958
690.8302703608578
695.0337890361722
714.4560709974108
675.2611431927961
740.4690972318555
692.5447345960474
703.6862807793872
664.2505775036055
643.8658218700045
713.7199091060293
636.3606974890055
620.4704855935677
660.0091569057755
672.1377780782559
645.1322940559672
653.6739206805582
704.3355019618832
693.2579786249977
681.2375619589255
647.1500653723027
688.7814266276852
673.0195968598395
625.5303435217068
576.904346428986
639.9730630144948
662.8585678084594
676.3586330023486
639.7396253020881
639.015954137547
607.7738878978308
662.3126128471231
659.1084201508648
638.3032830052086
580.5344535455808
598.4901372973595
652.283683727574
688.4904778634308
667.2842719083932
609.3118467364518
612.2290837728085
698.359686673433
614.2943552319526
640.9046407201282
670.6832193309375
584.6026073036136
639.2056963924799
669.6790860773608
653.1341941446625
625.7360468310845
611.9357126740998
657.8169721532086
573.5443949850471
627.0831386968099
595.9375318604242
647.6853270438542
601.4144215129602
650.6641372239728
674.4485934406114
667.6848596294393
687.6049642728966
640.811500394518
622.269289631744
655.2415951680903
655.4529159216523
673.8297176526596
657.4259968322526
623.7195588877108
607.5625477831132
647.9622998990966
628.2941878701171
639.5741189305128
658.4799977085813
616.7962001603532
612.0605744971701
654.8199393155421
620.8094351479654
617.0263183388105
643.2221213533345
593.1101934938629
651.3700415436498
613.5459720030892
692.6490530215132
638.3569743974695
656.1624336620715
664.467820308595
644.9694673195314
656.7453919132428
627.8427643966654
627.247209202243
604.4024948790203
674.5939707047538
637.7974319136532
650.0113180153182
647.9914382033267
590.1699795424807
637.7759573300982
624.1684325970377
590.8980362347841
623.9614802151792
651.2637374324913
663.281613110121
691.3774388459312
628.5262687884633
688.9615955529227
639.5840080453243
635.062573312973
665.6139574478951
645.1743874046895
654.4919543562015
632.2722763935226
634.0518612056634
598.3053179803517
651.3283673423737
637.0764166947694
608.9397428946921
637.3049117319426
631.9775213895327
634.6998360871376
602.0884961755029
667.7320734290881
636.1594329204937
681.7932458072415
633.1185503889643
660.9674639930979
698.6875249302809
611.7910757538771
628.0188600646778
650.5155774773674
673.7005432238784
646.4453203377192
666.1654836874678
628.0653335696062
701.3787339619338
650.2609332891537
621.8297970994125
698.0144712259006
632.8742927114848
619.947942647226
647.5020564157265
687.5323466576524
625.1370142961482
652.6297362081039
661.1354744473571
662.544382468314
620.237677198605
638.8290425527817
604.2761209833976
587.9637749065903
667.5976544044757
638.2187997692729
645.9085675696866
654.7489874278897
643.9488916959633
630.9889630263376
647.6517674581465
651.7174609775062
633.9302587044021
639.4525390177137
619.2295282974827
617.4321959806919
628.1260520684345
652.8510215600527
676.8618126360686
628.8627480267493
630.029029053395
682.2712935511287
666.3134252566892
659.7803553116775
654.4727133807735
618.39371525142
638.1120885792099
648.1652426151173
618.0677986571409
602.9701887478756
653.0955197707112
625.8141482494192
675.6513381010407
665.0140760735857
654.4778593689036
653.9775946507248
644.9312585966425
595.0901170634546
658.9108519732886
649.2531087183
677.5901858585923
691.1621775622219
627.0224924964278
616.1339863156954
660.815292193301
638.1746468631143
607.0357779579097
671.7178245555488
659.4644924553309
707.9908534350673
646.4428386397002
686.7544404605511
610.4043352626369
631.6657472259001
671.065248299675
647.7468080352925
634.699064514326
599.4100455617144
656.8841692965244
639.5679307922163
661.540991070145
607.2218626155977
602.4461962931778
655.9118047908615
631.2812463264869
717.3693463633699
633.8440421119369
672.9199600979105
632.4417759056272
609.5748182647159
645.0149747722764
647.8219315410043
646.2322770802282
605.2998972969223
652.9451093947905
621.8606001390797
641.3384814804222
668.0931378430741
640.074858420738
650.5197276263129
673.3464397108611
613.5430272215589
566.4302599051705
633.7078094964927
649.2654944130375
595.1611882880073
609.2609892501284
656.045587404625
632.4123377705904
688.6437299652207
654.7942724463118
650.6060949229084
617.7963366471442
621.3629183539265
612.5596074620698
628.1354716852303
657.1784718878341
695.7030608638546
626.4613063759183
625.650814212696
630.7572535447648
601.2803434074175
682.6697130572848
663.0960728318823
623.2344448404684
691.3249106126266
672.7927581376862
662.5522616940823
641.8418034748279
616.2759239324369
604.280245889639
666.8876153030985
675.4035035386287
635.7114829037716
643.1218223801669
717.4027948892001
652.3264412757137
674.171971621652
719.6766094358946
692.5607456370246
658.7175541790689
680.769753349787
649.5934157951482
621.154537112657
648.9435005183309
693.408774396145
614.5054229303541
689.4714253645279
638.3162406420253
682.2897719082102
672.1551396964414
669.006304214688
580.9043765373947
616.0552894810276
638.0619951744127
711.3505341625868
639.4893299262116
710.0785089933303
655.0157369903453
649.0533326636037
675.2192088333495
611.7660061998193
646.5025705520129
680.0617869424393
639.6597338437158
596.2405883904635
640.7840799711562
657.5546888065868
649.6493923906058
688.3824659934364
614.3008431884591
665.8029232332995
650.6184667579494
625.4905746984657
675.2163663765331
667.6485861949833
604.0270403886914
661.9931381495512
695.3183915888113
614.8894070436525
674.0651402596244
670.5130742761992
565.7430441788938
628.0110890492545
646.787050517157
666.8287005906382
625.1996282621852
652.667819785723
594.7045475673067
642.6367072847753
589.8469567726304
639.1097047108198
617.5315464715047
622.2197678115772
595.7458053074076
673.5705954210923
655.7850324726188
621.5777826077385
650.8535831807127
653.3417410309834
641.0369119780673
623.1850921773224
653.2446049810173
627.6037888282071
644.453427064728
658.4202363644872
602.601139962583
648.5951286397826
621.2110140554915
666.897538791673
622.0134457717787
668.2867920042041
605.0959040261446
663.2006997573554
660.2785033772284
610.5631575670989
635.5198154254487
652.3665321265638
666.8760216696807
620.3460609916226
598.88095738975
667.4993450258829
622.7314750210326
677.85623768012
666.7884477220863
662.7461843576194
617.2144086728608
644.7587964398657
651.1416910662354
694.086230023806
646.1906061915239
633.4818735403671
654.3864472020856
632.0189373650958
586.476533883561
649.5736876609466
624.342517626533
657.3438003035377
618.8815640869261
633.4919671452084
678.6444087466895
649.4201782978224
644.6459336860502
655.1764954886331
634.0212256969722
700.2164722901081
603.731512273315
643.9538270106339
650.6992759116829
660.6066086997732
661.2689637451431
686.7598844085444
651.7148328120494
620.5581689933995
667.0508790476557
695.0024036468843
687.5177813484685
619.3037504370393
607.4972644896465
611.1674803987197
708.2981756003801
644.8535066827964
698.4567621239421
681.8810260691306
684.4489052695016
647.2383947211075
628.3726951698196
608.4605980549759
612.1417944974858
619.3255066849339
687.6885186199409
616.0909119868732
639.9132219999859
675.6021970542433
616.1421653115416
616.0942459240327
645.4527218572646
668.2528636463276
621.0333729490557
670.6585720798262
605.2563347235899
677.5275925746802
626.3599005256567
664.2035848472917
590.9436928967815
647.4467623492641
610.2780566739677
610.7417549375931
638.4752681800832
650.9644195527544
646.2781400309559
644.6986267656512
626.4352331154258
635.055303612522
635.7329361935695
606.0994180640112
641.7330637714634
635.5957820224515
597.0186354946077
680.7578005843276
621.541702457
654.5567260410654
654.6793851135981
678.4082406228308
645.5913228941148
660.2848854306739
650.8037082308067
641.8326878601558
648.5280903034411
611.1257167729406
699.7935146334738
658.0930436720321
642.2403280380431
647.684962790894
670.2473776525248
677.5127765929674
606.4183946247472
658.2249981293518
637.9125495606454
631.8423115225332
652.171789096645
633.8941198806805
682.5213237148198
683.0659512363934
632.895171441682
611.0358219542952
663.182365444495
641.9792727091507
647.1699799017758
682.9084331185476
614.6098311768449
671.7440769670864
607.0771156420614
605.2108663014841
675.5452251042842
694.1890059770642
671.0426321795456
696.1037966042902
710.2240682336538
692.7232450957699
674.210515904147
707.3392738017309
682.1026575111263
641.5778512780024
670.7110490820426
570.8995848400833
636.5298534545738
632.0133603622163
659.0195357465375
659.1092644396311
691.586923220377
668.3385364430411
655.7995778373834
629.057503577824
663.8601010907228
685.791132361028
637.1132634247446
624.9429947406951
674.9256817851272
638.7934290371401
603.265163928695
669.4352303852104
670.5982309440332
629.9972007818687
643.4685427507515
615.0633307962818
677.6161124302104
649.9395042542532
656.8138896748245
599.910576090372
646.6664271907432
702.7726763909449
655.7396355029822
643.9727332769297
690.7009268216086
644.3289861964164
653.3534181214252
635.8241109494926
660.5124935423398
629.2553434693162
617.4578061333317
616.5106169811061
638.4601852182814
615.4068271476425
585.8278432224101
640.4741350638263
669.2407118821708
662.5463180479386
634.3001928028215
611.4715243654942
645.1331675567997
625.4966455153736
575.8534075117254
659.9090765209472
661.7722728663296
665.3211359301462
631.737936179217
616.0281690564486
604.2894987683152
663.1913364473024
620.1371227103261
667.00759209284
631.6619028456012
627.9459353443827
608.719283165044
610.444825715055
569.9142407927222
642.8329968332646
605.1656110977704
613.089789837087
661.5065413610305
608.6036981273813
643.2918850324809
636.8735282538079
644.6226388909453
637.0799680266205
717.5172063401202
658.9015254018077
619.161230327953
642.9895605675309
616.821345715018
628.1235729557668
616.4133571001305
633.6402162631167
661.3324095478653
624.5311893374405
631.1781038245524
634.9806839516967
660.9409383187967
657.7240165999139
602.2078628250408
627.9977542863774
564.8845004360024
613.0424421720357
608.2606626420247
607.296928239068
641.5105890378065
592.1581227475541
649.4391122978476
628.5653908369735
634.3698026929461
629.4156954999717
625.4217882099776
627.8356311485388
650.5162102107615
683.0601081178974
675.9055364590307
621.4598691098638
684.109044549631
623.1131208400442
619.2791635076736
670.9751443586588
622.1226085495043
687.9761273336059
605.2907781553912
611.8837751187115
651.8451947215954
636.1814318070627
644.2665906306197
661.9874993311059
647.1861863851383
590.5549708116141
657.0310331693419
658.0246669219065
646.0642542010492
639.8355797023848
653.6139529647007
637.9032569060086
664.9385540416769
662.3085272451822
638.8165169348749
695.2670724081988
583.9834041793433
611.5533849497099
656.4977531221256
650.8160248263673
604.5540393355777
631.4112910429267
644.2940911982644
667.6930240176754
653.1269613266578
607.492521549989
640.0455023604549
652.6952502825648
594.5655475304804
681.5306797216147
624.122254116166
683.6006099824212
618.2720463785055
670.7752586451752
666.2613476524837
662.7462641345882
624.9150929630671
688.3518638359354
621.9692600400076
653.8497503048276
649.4842092907892
640.4221402082994
693.3249119065964
633.4273120764811
663.5229099013117
607.4653814450076
618.3542780498307
669.3278018110526
620.6608496936942
638.1056135336889
663.3504988694626
639.1122567791575
607.4309348424928
662.107029470663
640.4759101705641
622.4884226305763
657.8534765274511
619.3172084173291
626.7371597556861
619.1503270440379
640.5117786132765
680.6477206842704
674.623651625128
661.4467897890507
672.0869048428983
631.5424622550075
615.0410897468878
629.4462950219406
641.3625874801827
649.1779174598558
644.750784100517
653.3140944945602
626.3025787723059
611.3017980595279
636.9439448519414
685.3320806836008
653.1825755070272
585.7091694577881
636.9282804070541
613.4609550062941
660.3844358558506
639.4331992461534
651.5523189876207
645.5366518219448
628.4187261534983
633.5779258907202
638.7494830930099
646.0663707751887
643.2444140901194
609.1835064478296
644.1464589482075
671.8286468613514
666.7443457675593
637.8292866523989
664.6487250879355
679.6992571741876
658.9159031913197
646.4187382767653
628.6951836693788
631.4798703498775
640.713426958245
677.1265055662793
643.7834565656914
661.1841315912399
616.085832505327
670.3166122667262
632.8747045626947
657.4348511110751
671.6311161807515
620.4680434049457
658.5104398273633
614.1652244564274
626.1868180529344
626.3355721934464
635.7361715246913
685.8841391409965
652.2646568702502
602.337310979111
700.0865233612986
625.609008322881
639.9818451489043
664.3196020281662
653.3399323384532
597.626752381634
597.2000349482864
667.8957723127465
644.4068880511334
648.1000094973289
629.3342115441619
652.8123969339648
601.620330913217
658.7550610071268
636.4644369730714
655.8592151019153
598.3270880972269
658.9839504595444
645.2443968195138
605.8954209156799
603.1227616866604
650.2906063807297
586.8939550298508
620.9636471065605
676.751238213357
640.991113251344
643.2409368633917
592.7351880765116
655.2585256762508
647.941199596317
629.0448665363185
675.0864213925933
612.1956767741758
608.2651381526531
649.9120362673868
624.2415655238508
600.5650872337711
694.0254905868163
680.2043844870867
645.5276014049552
648.1682809264278
660.9953806645375
639.2109018845017
606.8332187353021
599.4798750819964
661.5963199404936
636.2510368687132
585.9195749186786
688.2781789302644
636.4592356974982
676.4445214852608
572.4753700283926
651.483951958116
657.0546615906658
660.3985624168167
666.5060515097096
638.1442677601957
630.5965666211872
643.0623053866918
605.1311318370497
651.10313158298
677.6816855611388
620.6046711354305
653.3087764916403
650.9313463887222
606.279871587209
592.2946521311055
634.3575103113773
620.2150915001433
608.7050604338687
612.1121363057603
603.0018618792017
621.306588688693
648.965354638286
607.1485272300376
621.3768686247333
582.4032773610643
620.7830937986558
569.4485081866443
589.60079551529
633.4110221824143
635.9943994352208
647.5821185908693
600.8335827916827
651.1728106357492
629.3332115413021
633.812394883643
604.9584176182258
677.1341786411057
586.5146065066418
571.8036991602443
663.164810362584
679.0955624625838
607.0600261076876
568.8638718009112
626.3695104521196
691.5815974603586
619.8691754949034
630.8247560592229
588.1762575937611
648.0295327241739
625.2342660265759
671.1051787051318
630.7440409844108
630.852872405031
672.3167187668884
637.5363553624952
667.8787145782488
644.3809907157532
605.8465159271225
613.7586864850132
683.3889293747175
635.537617308333
628.4061783923264
647.0322757346162
652.1040099617509
611.7220954723083
650.0516728994627
611.8775720927326
566.955601606912
623.7590288195073
650.4645941813487
569.3833231726877
676.862608724934
642.9657450455667
651.3464716293487
579.062262301212
615.550807693078
638.3820454170763
612.695727234498
633.203222441141
679.3868881062215
689.0192867533588
633.2264301462765
668.8032383992268
632.5845524118887
656.3172122713424
647.8103473367993
666.7885776775075
675.4588598740579
654.3485536267968
665.769894214582
645.4055889181501
667.8990211636208
625.4840951792175
654.4824969648562
639.1166689133363
636.2448410552182
589.49582416818
643.1984622127771
654.7303601835803
624.633839171208
630.397108629579
609.0381587457647
638.1025813351667
623.0863773146534
622.0682901270574
654.4304024417485
681.7224439312644
616.929550347063
664.6731984393062
638.7539048062661
668.5588393171588
679.2279861607468
631.6134962179771
619.3342918825502
637.9950619178366
659.5277635325098
628.1383297910213
622.366368885995
646.4167070289602
658.6906423960238
670.8705880225508
598.191804372686
657.0967735401964
608.8375796538738
705.1384471543375
672.8750272452385
631.6870692889028
645.3964981664005
624.072226652572
620.4818367575598
635.3025378340222
608.1274767041972
651.1376634958974
629.5469871683043
680.8949766430128
652.4870875902769
655.3597297116962
642.3497927840966
663.1565564236298
684.6481049665323
655.2147765737237
604.9211110510068
671.5524220686099
591.4687117609842
623.7966273861879
667.432826462041
630.0691846247962
654.6433541072423
666.0028776675183
647.3465027371642
701.4072323386392
673.872036038282
676.8554970350856
592.1381818121631
611.0326233675505
563.0739565174924
633.9438730081524
629.066673209889
597.4409401075916
624.9162624471128
584.6893810167528
640.3891782704347
654.6896224851723
620.3832170562102
610.4136586215849
591.1530537040815
588.9747353848651
592.0858426344022
639.553891315602
596.9365640925896
608.5812452320718
614.303748316191
612.7919058729583
655.3960714310214
637.3825085341008
620.5154689251144
595.1924721205364
597.6335391365217
638.5181253319287
592.5444765617902
624.5457125329801
627.7867887788944
614.363729101029
642.8111923543423
614.0072330198979
632.1413162264133
640.393348572182
580.3675854657927
633.1649987430784
674.544750524191
588.4433987562821
597.8417903908954
665.9418361553211
636.2378600997961
620.6593210567302
635.588981107138
671.6982882591062
571.0747337584389
665.75222976083
680.5988644835616
642.6193308159774
621.98354688682
567.8778970630406
601.7748585897251
645.6153295302666
637.4796582473092
629.6119048220879
612.3833337782435
612.5159460810274
584.3694820876564
601.0297199545845
646.0393689574514
630.4337987596724
624.427005743411
620.007461932809
627.2864567761966
612.8199919140009
583.6626105695912
636.7026623197958
648.0465419882125
596.1806042181938
576.1799358715062
636.0628896578874
594.9149249376893
638.2343673680348
589.5194112940236
604.122132032515
666.0685191440512
565.631139628784
626.2359261062172
611.5338496257227
604.1297678805381
585.7822805055989
596.880739229241
678.5456908710916
576.9497595023863
626.2875809205609
622.1183583491746
606.2475772180987
613.4381411943745
558.1501817039536
628.7056142347373
604.8596830273127
617.8871207998038
655.0421729648565
622.5609378679669
577.8035609207885
613.0130869905332
644.1116655166827
637.6118001971789
656.6277724345051
640.4094536453149
609.4179390771172
649.7828311615768
620.9356772445668
633.3890332769278
635.4711905086093
679.8045535510022
656.0819301089623
651.8962806965698
621.5071782264476
556.7627062363761
613.5291406356561
599.8663595216162
605.3717766248726
672.3660275240487
602.9916095893333
603.4518347899353
614.0857467319514
638.3152999675677
623.8458391595236
600.3106162198532
607.802114859957
573.957335352673
603.3224501256972
634.5325240665252
614.426864998327
586.5225556939854
559.0655080739123
599.3388054183519
648.658809626635
621.911551788121
629.2378114811181
616.7493155937084
618.448043191627
582.8067792948634
598.0029394505395
578.1136940100578
625.668604583922
660.4835314436936
558.6853386219307
592.6426650516102
607.9496029961854
577.9378880071974
668.9659900123162
671.3949571214331
628.4180767408424
649.0104450318051
589.5785108483157
664.0204160645959
635.3566147081984
648.5437848417105
597.1047506024503
579.7253357313876
571.4333409211941
619.1105907441801
672.0813864594801
628.3033677788495
642.2273746535749
605.773998040326
639.6513295667934
583.3294595272118
621.0946899397246
615.46318137691
606.5693527003149
607.6331512702618
573.4003446091625
615.9502302941094
659.1488663393997
649.6572381882944
591.4989064889087
637.87715283895
657.8920162737253
610.2528638088173
623.1642963472681
693.382820262064
613.4448987955086
616.3848837240606
673.0977360347581
659.4620283739562
648.8701434195522
670.8213009379307
655.38531128147
598.2399411483738
573.7300153096934
604.0064976185331
672.1714990178092
676.2033619985552
629.1914362719979
612.1125979822357
640.912503814292
653.4790087121994
641.3419163363201
623.8419133434586
649.6797875055449
638.8957787509985
651.6208473966556
608.8929895685003
584.0051928562174
626.2694694863127
612.2676576329122
615.5851526428091
646.6844410848631
580.5814380573114
621.2199512173111
630.2415209073683
614.1965863608624
629.105135304813
642.5339225250003
610.2564687857919
613.1368603057081
603.3369107361359
592.0589263523673
638.5836125554861
639.6026013734977
625.6758563270578
613.8067898142662
627.7273294032886
608.0595957748033
587.0776334245322
651.5349837841355
615.65991018576
608.0854152912467
624.433034721182
569.5979355535071
607.2485564010273
599.9702028115612
607.2213024767482
562.369766516193
640.4782061479918
596.2178925060285
608.545076221719
613.7403362421823
586.2911656814314
655.5167519032233
605.6283542642932
632.7287233745668
618.457771192919
594.3189666465934
618.6486556093381
616.8610684948045
605.8114663906753
573.3816120394921
591.0469556367854
634.633946061238
624.900442630103
620.38207310979
564.0548701562021
601.2232205567218
570.6915439303594
635.7853041039937
560.4248005290293
513.6212461465245
627.55808313648
616.127866919482
555.3365164072236
585.9596877324473
618.6168711087491
667.3521524182887
590.0254975445932
619.5607257610471
637.7357657685234
596.6094470127673
603.5092322271336
610.5112136821134
632.8964530059395
613.4061026026704
645.2345109029194
647.3523776855963
621.1350334609552
678.9495799943855
609.8308170725265
603.5165214392712
556.7531315903857
656.7297639037077
561.1584724742384
626.3638680307763
586.0091139468209
587.4517137043254
619.9952137227978
592.0074802910608
676.4379044924909
636.977294249757
601.7120223404613
576.539227963033
642.3580316238739
650.10984707224
639.9070119736624
614.9900834190835
593.3273976612277
651.6720233851353
649.8883154749391
630.9077808076131
630.2609501001414
623.7741423216601
621.8673719509236
632.541829866747
604.3410538042029
602.0743860673733
570.7533542739054
596.2514416324162
618.1573511184738
600.8018686691205
594.7366744278944
638.1869571728171
603.1646921862056
630.1877432379866
630.1388182220694
651.3075237747961
592.6774894358613
622.4895766492394
582.4705135587577
603.2187641682002
573.946786584938
608.6387871117851
603.2178691498235
634.6413171371113
627.9512794830745
618.8999082708423
642.2114716931418
592.812526222184
625.2900599173164
567.8650601046414
597.1327070546038
627.965279832325
578.2683266137051
614.4015295174588
578.9277016727273
619.2938170070328
635.5235760348146
612.3114010665446
583.8288316024676
572.7315623123427
624.6127069536892
597.0718262982468
639.6279666280237
610.596959326733
641.3406876546477
646.9576072189868
614.0670190879875
604.6557632753041
605.4859140171922
633.2458398733248
681.0523942093438
593.713507722746
608.7760325109083
622.2037416405005
616.0673964627464
601.6259725376848
588.8967685470348
642.1932227757275
624.5592773580785
628.8720748472999
659.3289205358598
634.6023263235015
559.4739552125538
623.7157830938353
652.6773369311322
630.801858796062
639.3596782688737
578.7025768757068
599.4082297898215
615.5441053038899
637.7996840363463
639.1358013670291
655.7638413841589
628.5332526666864
638.1874483881767
619.5308151006564
628.0776678679165
604.0186646735621
599.1446913858216
607.9447125249604
569.9986397926242
639.1676839255666
620.1396361258973
620.1987548803055
626.1986409964957
609.4745226063799
581.5589353305246
590.5605249108119
664.5806875360178
636.6175940024648
630.1244936385981
627.3135032372995
637.9599457424459
584.5718592619866
606.6496412400048
621.350185187066
603.1595666901441
621.4847663121656
583.4065846101662
595.6977864017814
562.6707876366148
621.6600224696239
621.258297136941
611.919976184277
623.3922467197777
619.5222570996682
603.5308228425708
626.1946021823957
586.6095455403956
604.7013629071524
518.8966091425507
600.3505977280739
561.7601240677917
561.4311337072292
597.8904342485497
562.207228065727
633.2536582053118
581.7656993683447
596.2790243701463
621.0902499452948
537.3871575225585
612.8935980437309
615.3540933395575
563.7547980297509
622.409540671246
582.1628324044498
594.412192691812
614.4866519207757
670.9006746352271
570.1526872259253
604.2668852206259
667.0963527661297
616.6627968944797
621.8970417039899
594.4689092770924
641.7975587511424
551.1291801870847
604.0697270988957
558.2894264679063
606.4289801490933
617.0721434207005
559.3803396773374
651.3020780945711
608.6336720046643
600.3696641333484
590.7791537133496
608.4932791589295
634.1566212375407
648.8712401112236
635.2114011759435
617.7171660683852
534.2921678240145
574.8133167588815
567.1412760801618
582.8455684272122
597.8884804974479
650.8573630294403
588.568466282873
591.9436807636577
636.6954623921839
635.0151799461714
590.9876575389985
607.5604581668141
576.1654986832948
629.6462750963432
607.1450687785812
590.2661751183788
616.2418742162182
585.8829925472544
596.9930357775652
591.4426690368233
534.0609319580711
600.0066692058788
605.6591967881501
618.788577239168
601.0764943702421
598.4917177532906
592.2247208813872
615.1194750249781
589.4999069181619
640.7202475567632
604.802135639822
619.0995202052404
625.7850933279157
579.948279950632
661.898774026214
628.5256741049753
562.6372481848189
571.9581908912766
591.4849451050877
580.494425755843
578.3140366121677
564.7368737879553
598.3244684584694
572.530952883665
613.6303732461693
597.8622946250006
616.8056741325339
585.4896625172173
599.7634337724921
640.7695124281491
621.5641364320215
648.2502623202757
640.9382249844738
610.0750829868764
557.5121565712569
588.3901631426635
579.426958667611
594.2983905650906
648.6497555595823
639.946936195647
659.6083853627193
618.168764770385
638.5162328750451
610.6532684650386
606.2148838194371
608.9583761922983
603.5152119693341
632.8242958663486
622.2144709109883
649.4002632798912
631.9054978694606
667.1242434823309
644.1042644617445
578.952135657337
585.423894787508
537.1686119189683
581.8438673407787
609.2926448935024
572.5416076410975
583.6030338298885
611.1520883693512
651.3347971009578
588.270122313653
637.434599137836
581.0619116016688
628.4469870295184
612.2946160610938
612.3220418304173
631.8615346498374
620.5280948600578
650.2215546390613
585.5743949201125
596.9964431363185
623.6417581618465
607.5782802944174
565.4876623116324
618.4154843569636
586.0948082396674
569.839336081973
585.224419439928
578.4657276289092
640.1557173502138
599.8257708468038
640.2910175588289
571.9836728114599
595.6590207445099
587.5836430026652
647.1375981619742
582.7304498291281
602.349606100325
621.8145901114735
571.566205711867
598.8613481989375
640.9579256832131
609.0076659430704
587.2502584278368
609.7887847512409
575.1953242995651
577.4654996578256
583.390366032775
585.7676346111558
628.6701390273345
571.1158376973333
601.6012496066246
588.8043781158977
625.8273779228049
541.9914808138547
561.5668583925775
562.8282670638821
600.4307513048259
596.7740028601312
587.7631633712261
622.5923731939749
602.2325954840911
618.6634228007084
620.7744245998737
616.2909911115684
543.1369382364763
589.9402752762749
594.1795331374519
618.1211289795946
610.4886126134224
674.1471037411329
639.4339579083311
619.0254220598406
630.4767348926272
616.3450359572348
619.5677667212148
572.3345200922249
641.1341152324419
633.3725050457164
576.7571057278084
626.4894960534303
650.7908593930689
602.55310263898
614.2347675508223
614.6572457938981
592.3482635015158
641.8041335752677
669.6129371790976
602.6469746533853
646.1899943726902
622.9661606331017
620.1840154145185
653.1129394842866
587.6190207858466
626.1753437049664
556.902353794088
598.7275326719947
619.1732895647872
612.5832685404292
605.8280636991597
664.7857814449646
614.4516148765057
600.214621245585
594.9357609476033
640.0868962964402
567.0204542068925
673.5084452754706
589.8065254810299
629.3363661448083
650.861460028737
615.2638988533282
596.935647235997
614.0993201401777
575.2914919746454
604.6370229854867
609.252881506491
606.1246900318405
604.9629537192309
560.953665152107
610.6047179166347
631.9460723950444
534.6595139587561
619.7746804871053
602.824091042222
620.6246706452304
575.8777077017654
639.031969086581
573.4583785609134
627.2305107888366
631.6896061944842
627.4143379484641
642.2292740433824
589.5563524985724
553.7067498033205
631.0113834812661
576.5447746669847
616.2158606138909
584.1656709533254
566.5248737519892
579.5678915539422
611.9972549317515
584.7237458586676
640.8664021101564
599.4698415402114
613.1895432584183
610.0391162485781
605.0078575222968
629.327982959249
606.5679760070949
637.1063300796484
617.0982195389212
618.241927857992
598.8114195879666
613.6344532569349
617.6804000086366
603.0856873339401
590.4599585018982
636.9714760274543
585.306730753121
596.9656199252432
636.2051417374907
588.613401169318
623.8007901592864
589.9553225206332
586.2188217770034
611.5647252594124
579.8643516857728
593.9152998318681
648.5262935309051
647.5305648231816
608.3563570080825
585.2661502163685
623.7564557492842
616.8736829621612
634.9072993199402
609.0009934980842
563.7823826790378
626.5999591938721
610.16494397311
605.3680952127609
617.216859846592
607.5599958968265
667.7298481988878
572.9622216654338
614.5057479275121
563.9467873854846
628.7177716266635
572.2630696397838
692.4778022981412
588.8021095547462
606.0558541692666
600.5668388776512
603.7135861668319
600.3458948301122
622.8067393690887
596.5489873871495
624.3937439934965
608.583898708904
561.0408326188933
583.5986278059607
604.0593713126644
580.0113006005248
594.5917410369052
575.3272882770729
572.1674476366985
618.3893708947002
603.480253377285
619.6194000557833
626.888011879854
625.1495302571589
615.5815250007603
590.4317068164888
589.8036850942053
589.5782204657788
639.7275353328961
634.3004838799269
623.7746295415319
603.901381181575
596.4958183934554
584.3272416922381
644.3469084211238
583.0848972856093
614.2265377350883
603.729236514951
527.5485070679423
546.7436215776687
599.4533476827697
604.6446152524449
563.54895279789
577.5086029316404
616.1771404420184
628.368418506407
638.4194655128
602.2223796509352
583.186852341821
634.6066995822891
663.6986222548411
604.7367676869851
551.4941447297426
604.4967842217975
616.2817449803284
630.028679614471
579.754773049523
626.5050074632526
554.53285535271
601.3655669379664
605.5201666220352
590.9899392701734
600.6763167770356
643.5578042922032
593.2916979201582
606.891424141266
581.1803023821539
600.5125441386059
602.7056099000326
591.7798758089194
586.2849236293687
628.5631339663419
604.6762572009011
599.3785090807315
626.739379499103
612.1488984277161
622.2083151798088
653.3876178581334
637.5242906665541
626.1985632481329
639.2157787678142
628.8652969272105
642.3435417968569
636.1017649938889
660.5578017516344
621.246768300664
638.1681598832937
649.4165528760337
647.665092345329
650.4292701117805
613.4392585806332
618.3912411043837
641.780565197986
557.8649239934724
642.5174358253532
629.3894979585746
603.447463207095
650.4113036861103
604.0640105058122
563.2743854419805
652.018303931837
607.560260738596
612.9592434773215
607.3833549884572
610.5688314505479
590.6112070349106
614.1810294103682
635.5458088350696
607.5418174388791
616.8612200212716
615.1183016563137
657.6854583848484
571.3802567631573
591.1042992683002
609.9098265049057
633.3570530797992
588.0176745730926
644.6912623635109
637.9325949260815
615.2387870820459
574.6153780895519
644.392692120422
651.7455874312814
631.684132770719
590.1954860333375
589.4238400111485
636.618197511123
630.0778124635749
561.3748620934988
579.9751008992941
637.2884161502008
641.9820038101989
646.2670596430761
577.9889554610446
527.8622793240141
599.5359134372385
631.5510966476882
629.1726336005
602.6007264426922
633.297497513154
611.2550188643045
557.0431921274127
601.5900140985511
642.4281066334399
564.7318724631224
582.6118620480271
607.9388008609199
642.5166101041942
625.2518908381181
610.4084686784604
604.8770802294347
585.677200584234
626.0406672254851
620.1958004431305
568.7941107182463
621.9688538257764
616.9771781493632
597.2667051142847
628.1578869563364
603.7859562224039
629.1423924338652
598.4732898480901
685.8073809483706
605.6222521019971
621.8512744365314
620.5671744886284
579.091175424191
586.1375148160132
618.4425745057387
620.6827908782723
633.4382799465332
653.8512818973772
600.4072785567148
566.9360877595208
601.7234493114267
611.1152162220624
629.0084401547088
592.6679849773559
641.0960708923868
616.4636751880162
599.4602619341475
596.7988449839601
592.6493500546393
666.4306758517646
602.002109440903
532.8022590668459
650.5558547347603
571.4735285215103
629.0063829330186
592.5515407827897
605.2845710594439
645.1985416826589
608.0510665697775
657.4098160346516
626.3127261160955
625.0360737977563
572.5724626662667
579.2446388835832
587.4549191662102
591.982171497659
602.8983606567382
565.6830961525214
650.7753830326425
614.1673313373198
582.580424176164
616.3151754404848
648.8183428670835
602.0916663507264
540.2078849314428
610.8603420771275
580.9483024893985
602.8998019570654
592.8228674678993
642.2828892215857
597.5843323547326
611.9002787799828
613.6801095062326
602.2908436913922
631.0598448823407
603.7268028775201
618.4113313032572
620.5323908418221
611.4529340383683
644.5403323410779
578.308936613034
605.7119937621263
572.4122271318595
584.26222459714
610.9601297494884
560.355659794156
621.5270526794252
574.9336361940793
527.5479627100672
610.9506145055503
602.7425674259154
564.3334232213759
636.3482614624675
614.6213090481741
561.0639459484532
598.1352190614866
572.9053064623544
548.6522917607238
608.173781088281
604.5819664162985
602.8144632244005
630.5090234046091
631.2862820634746
613.7152580410229
606.5978138581597
651.8931757838778
617.2618059639451
574.3294275515353
571.5346472623218
556.8320654073193
607.912367950201
566.8290351176474
603.8178663382851
567.514736289968
622.3307318703806
584.992249894189
572.8300666531676
642.7772735868409
598.1527553772022
590.1545225891874
619.632292631574
604.6710801923392
607.7049479538101
575.7437724110712
588.9050881999434
610.8613145600219
613.7618703530552
611.1218338286624
598.8799031320812
577.6618423090665
605.1568061457743
579.5524750893447
589.3231837738459
616.7194068864964
582.8514683246926
578.8127126887744
606.837437448815
653.4955863211447
655.9782771665258
582.6615481590682
634.1743689022271
623.1627308913269
601.3224827518154
584.1912378469945
591.3648873746043
632.0277312359124
639.7180262322303
618.6233813595553
629.1251006581704
619.1988008566464
575.0236142073344
600.7780603480047
576.6447910055196
535.0823443428961
587.8767648836113
611.2330260298336
613.4599239437609
578.5737784746067
606.0970305700775
562.1607704733666
596.9635551771652
532.8620451902261
570.9551499231721
644.4770431101075
578.3453018270724
614.5365807967904
618.9640001209129
614.7792444301342
567.1001924370091
592.0688797029901
608.1451744317638
607.4101359718146
581.7487373834724
573.318387883995
552.9004387187098
631.3599335770363
609.9202336714949
562.8896364023175
607.5094807871401
579.4146835581101
607.3304083352366
564.8059175531761
580.4322844157875
584.0972536278846
597.0907408754517
598.7627144784979
577.5442080908438
577.1724107725048
594.1608287658673
620.8130520845633
575.5610171841073
617.2362222552302
625.8659200763639
638.5789790186608
580.082774888152
589.7549463265451
537.6376874709332
574.3905535360533
570.1529144223541
617.2934154055336
587.3473017260894
571.9652175703553
625.1288446552157
561.5233150249354
570.5434445276253
608.4144241117697
604.3298293661271
588.4631465165442
579.9935458228384
565.8805525526623
570.3718888799758
597.8806195995513
621.7494527134234
588.4360025549914
563.3009573625776
574.2585585797468
602.7631393247879
595.8041833371544
531.5030001290118
592.1504918058852
588.931967663186
541.8307889752995
568.8046491689129
582.1180265563
557.6108118266052
568.2195274037598
602.5094663519354
536.6394564505144
579.747348838732
638.212612840726
602.986254956073
625.1750684952941
598.8277024830979
573.5383026310117
675.8511248010544
570.0690173754587
563.2556487560157
607.9873042206996
601.4685198682512
564.6186850354153
611.9474214888882
601.8666704087192
602.425426691649
580.8325091837664
628.8747305938153
586.894752972265
569.4789439238608
579.1272244460464
640.7015131524511
597.4837465968104
524.948309217638
587.6633442880773
573.5222656673429
595.4849684484128
581.4503752105339
634.6523492380189
604.4122660796738
599.0001759057734
568.7604626678846
590.2963433144103
609.4133155041816
586.76068454082
607.625497431817
610.2285564192888
661.6342499342983
639.8484727713077
585.9298769069395
618.1327915771889
611.6425141956694
635.8962793118462
603.673749661015
601.4254802017273
599.928452267173
569.2075752163196
580.703169041035
597.5258447390806
612.4538344356864
594.4237705865156
647.7562863234311
615.8706640137875
611.6767956542775
596.1275197867632
592.9775296685764
606.5677572649083
585.49342586794
568.6192296092446
621.4539511573812
604.9916099026148
535.1167698078153
624.2038099364728
586.7129665110405
599.4296999002914
629.3210642113476
606.5051184797907
608.1504943926489
573.9580511147568
587.3189743253748
574.6089205981607
553.8377679010346
579.2936192321789
591.8547129655032
592.1827387997697
607.4719501602748
594.8051012176288
556.0889832664969
605.3154631359989
572.7293440613558
558.1608521914322
601.4032783286245
602.5960604811412
547.9245509468467
598.4324398743616
593.2105872481944
564.0757200211192
544.5408427759805
604.4267151964939
601.0125496337753
613.9338421877727
606.2686008652106
620.2569173025512
604.3393658314029
600.3762642201514
594.896498445845
572.7662939546807
621.5812000817318
581.0666804491344
562.0361781245564
601.1410550359877
583.2822396758932
608.390265641937
576.9881539120366
622.99999043086
581.3100061013697
592.5259565815196
593.1802695057402
559.1550572256987
608.3627474362661
598.631077915318
606.9586533079702
581.3772382773622
573.2791763713918
576.2297652662841
590.150177725392
568.8058911988003
587.9355958534671
605.5810773034785
586.7181036095908
609.174718287737
551.5819876791004
546.3251944006191
606.1055645766918
580.8909971771644
574.9487434021629
570.1978305136099
618.8484984426238
588.850537521806
552.9784477330816
566.1763216690277
550.8505297699631
585.2007927310113
589.8753912044981
616.2284514498417
577.0326570152544
551.998249845824
598.3159048601623
598.4599467745604
585.4277994312746
572.1566285232001
576.0479638956593
581.1357947371353
620.0550838556645
577.1445245163461
606.8928463196108
594.1746225178282
551.196749326003
547.9289460249648
636.9632234386177
606.5356458926943
565.163431557842
552.4920249113377
595.1249519140814
540.0638703486802
569.7605596891964
558.2006005630585
603.5812752261197
564.8995057773066
603.859752878269
568.1274993851517
623.7345699394634
556.9651721577923
621.1806760622837
550.8657327378495
590.5409779805105
591.9619487208157
537.1606708772366
622.22660039479
574.5678457447017
581.538597381045
559.3310719319273
605.4935550190266
532.1146822637276
566.9968067452854
528.0706635351381
592.7654287533952
617.8837438814624
558.8967354146819
595.3335106551024
633.0643418410477
519.0980223956632
568.4809673339412
577.0434278759784
570.6967759601284
562.6996981671625
562.1354097215533
584.6103729520526
564.4942271614707
572.4466265118236
526.6290358490685
564.9899127056458
553.359436224503
616.3315878099806
545.2911977205091
566.8165760162673
570.0473569152983
608.0762686738394
553.9548415434226
519.1620925046456
615.6275205624552
543.3826653027446
566.1455509803494
593.0490033994818
621.9115976046121
551.0922816501197
558.7510208859826
557.7208726533838
573.3728585224212
528.1311491965977
537.5507425181945
564.4289143186245
592.5850714416267
577.2468600937424
562.2045881795018
573.9566034291842
562.1310754964278
570.9934844401125
563.7297161563736
585.8665578564467
590.7674400347383
559.4494035967074
558.8963120285089
571.956689824093
520.504052909336
570.3876498996649
559.4931103294188
568.4489778856494
586.6719396092769
566.6917106672425
541.7831116483886
561.5181959269414
599.2740085877912
591.8450183960467
542.9909015505899
533.9937023983389
548.2671749633557
543.1044351102448
622.5932417020308
561.5897332400566
592.6842046640646
583.8526101070215
595.914904802187
564.4911328691886
551.3307875415163
558.1663035916413
555.3738255910879
582.1290588584033
598.3704071230284
582.4625029997694
531.6280004722568
538.5043068755608
610.5838140974637
596.1494060264828
601.0191529806195
583.5158009088822
569.8050566537765
558.8280547629496
571.470667520654
552.9634973869843
561.9209177578232
584.7041733846272
569.355062812553
524.1052275621735
591.6592112946529
585.4214410266869
563.9588804898387
534.5888130485947
604.729052832586
618.7407302489167
562.0233185078588
585.2588927611436
599.5847955397015
585.5911397275921
516.8012926387008
528.6668900329117
561.5718161224495
591.1934655661527
560.3537081214578
549.8353656208114
579.3032323305046
577.0222151111135
581.2479353613857
596.0651786907721
599.559331964601
557.6963515984123
601.1155383547657
557.0346569196921
562.2613314343325
598.0522592576532
527.7571359294375
511.2926962576698
575.6061945767358
570.8320117032332
612.5017230845658
567.3304364019732
499.18544962736877
558.3347354091289
590.2311584623496
614.0390063623145
596.2887085374418
594.0917047021595
573.2697210902344
569.4962127385434
603.6689895215321
622.6129775799982
528.42960660693
579.0924014797157
561.6827978556902
545.281628478914
532.3847130919208
600.8423571867768
611.6658892977674
564.4086161816134
564.3316891896682
543.0559882877333
606.7934076848424
546.4304527451409
566.8209128280307
574.422186551588
551.19246236492
534.3820767182193
569.6999249413943
568.1248999152223
564.7686467064563
566.6867383211771
549.8470293862778
588.0930297473432
564.4317414070342
565.2566688140879
585.223940796679
568.1562666006691
566.4614280430554
570.2374255212223
560.236423674423
593.8163986504045
557.4947661040031
581.011314610778
622.4378985514587
598.5200330359396
587.029534488751
605.772516037373
603.8892180979011
566.3885434845141
565.5376336205611
546.9916010886957
616.5120158649589
568.3186599384389
540.0344102749833
605.6826245203658
588.6113518713266
530.197494028991
565.289023776782
573.4064327894104
560.1299376581424
508.662708360134
597.2140956315093
608.8871465385613
572.029806902772
572.810697362126
597.8074687979135
582.3205343053669
549.682871893975
555.5948164228467
538.0767048648295
582.6457118482514
598.4723370034653
598.6474840925174
579.8667885978989
564.8841626245176
594.8038345304359
580.715622511066
606.7146013911524
563.2954732339394
561.6342617536056
581.8281608742495
584.3104718257907
573.701695115147
562.6099963769457
607.9586099255499
562.9127644597468
577.8633041188594
556.926918526829
578.1190042354526
576.0358893748687
612.3181068794639
597.1810356525335
590.1248190203667
562.3655103884379
571.3695107271725
586.1751767968748
537.4233141931348
588.0586004056249
553.2737153881932
575.6702416780803
567.2649793668627
565.6822056047012
589.9395596248826
560.2291429019989
570.7641564409248
627.5817568098894
583.6364702630505
549.1671373717144
579.6290309327075
552.3280065791408
583.5551179385119
557.8888536153322
613.357250363583
561.3696763430486
590.6088587718209
596.0756076484457
569.9543974836243
591.6906422616129
593.6231214267552
573.7314259751303
572.0680275460974
547.4088018758763
505.9098464056966
580.8325826725792
569.6852970884884
534.8630239849242
574.5032005401433
549.3580355064985
564.762583121885
569.9555894804163
605.1279401775283
573.1711126412273
528.0394635710926
577.5445847126314
582.5761204084673
573.7019456040185
588.8350167070445
612.9596349052944
526.2156117606332
528.5399182355238
568.9969379855074
571.4566719155792
555.1932222323827
557.0194843515812
562.3497574435427
621.8022574008645
547.7952387567494
581.1881617979792
563.7073315351844
598.2282168651072
614.2103916839711
605.8567180838123
576.8276254149024
569.341981490345
535.4324360594125
539.4026770743734
587.2695980771838
574.5040691364417
551.610285922848
598.4129411894154
571.0625780274636
510.7156499072341
514.849228712663
558.6170212554455
529.0075535906801
529.519689600753
589.9656784719537
597.1706179835809
553.3320403602797
589.5675677290587
548.101474541232
573.1315744058961
593.7862738167529
580.479228512423
566.2862229279028
581.7607298886985
566.6543532682999
563.7557182110407
554.0687673930987
580.9995120876018
581.384019990365
552.2511120482238
560.9752969998596
571.1536806057402
545.8304942041817
597.8996171759231
613.0647633145046
570.0530511132116
577.1520823112298
598.8627431090903
566.7897531596996
604.4376444926942
614.986950833088
600.5202661883196
601.2557458536071
619.7959301684149
600.0914660471884
556.0166925763593
600.3728342618243
592.1568142015856
574.5801507221489
632.8268001389794
570.2058856919915
567.2652979036557
544.1071785059623
559.0920270291393
559.7433152266523
529.2042743794752
534.1805365576303
599.3659170127487
566.1004762513048
543.9105194734401
603.1952432364899
580.0410910318258
567.1347089967483
562.0615652599238
569.0093958186291
593.1991780744785
543.9437797673348
576.3409757234202
558.1553604888406
577.4508771242263
557.560475377421
581.311519900841
596.8886935786272
577.6453895113201
543.6923205322634
571.5866294348597
573.1809246188337
577.0798285861783
548.5864480945266
539.4447668129566
597.3175964390946
598.170913878834
543.5926526377943
599.1318825506925
548.4016420767476
603.7853325843046
593.781846513613
555.3118523851748
576.0071250312387
571.6962860957011
616.77910590086
570.6931409213032
559.9131720407134
538.958760717442
554.7166171515888
561.699158329763
564.0550416348644
561.593285844144
541.3259790470817
575.9781595565973
532.0430038660924
590.3795063722616
550.1419270785882
586.5840552369557
532.5422102197242
556.638334779294
557.0497125742181
553.3604911792789
566.9743157794699
553.284261424751
581.1527999750431
556.8490529492085
566.6432178443997
532.5291773816584
557.8619731090057
545.0063534434239
549.8604534407891
568.3866144547663
552.3977666993517
588.014489333135
570.5259351919776
552.86407047665
567.6014365022189
557.6698344292149
584.7170905260543
559.7336318861418
546.0242409447171
559.094821173896
581.1385913269839
584.8579070413978
594.7300677736949
580.9825865323184
529.3343671122453
591.8926472763528
585.5179411666214
584.4531385561276
610.8517568576002
563.985281060939
564.550103126069
553.3034759452052
600.8878776867795
575.184540801085
602.8225683625789
550.0808829525779
537.9010257156575
522.0935549610591
535.023980257136
565.3723172430093
588.179207525398
562.7297039720977
537.5159733067056
542.7805920437551
534.4926096398472
545.7803121336881
558.7725731238677
568.1737465266997
575.4562014765759
552.6905740867877
579.8072382376931
550.5793997729704
541.7373313617164
562.7759658290221
569.2352890931285
582.7586530331477
577.3541075470542
569.0117414694746
573.3982996733689
546.4885221800807
616.0024674330251
618.6230903122387
545.5812805144926
549.6734793763018
578.2370791863904
558.7200708997192
588.7857829175738
599.3469532307672
573.5112138020469
546.7693893168292
543.0585980266565
579.7403503884058
561.7517619663286
564.8691902757473
552.1937782193155
562.7334673030464
574.7225622130712
550.4092878281855
551.5603382795182
554.3171766570094
541.6106228972823
533.2586425933093
549.1818339525903
587.3971613687632
608.962575477553
578.8575933758401
538.4840673742881
603.0395948563463
570.0298461699327
560.9730223645794
537.8516386335565
542.292194452934
575.323933842393
592.6573236111783
553.2761164786407
574.88333143817
595.5031171446531
517.7925709521204
565.2083199674088
627.3290602580155
567.6994634179786
562.5082359481439
573.9614375843346
589.3855915409765
537.4698223361797
591.6422716640127
601.8713312855023
601.7286699838334
554.4834504226321
586.0839225997952
589.1104435937323
572.473999725792
569.7963075237207
547.1572810814469
557.6190977934885
586.7757492929584
565.6485700280806
574.1875645881366
604.8887371348371
612.8961701673326
533.0055170121714
558.7777920729848
582.2932972969129
592.9806497020799
569.7689233195373
566.087389032751
541.6342792932633
595.0363011624885
549.5172565638101
606.5453926154361
600.3588458379561
562.3118056338944
571.1084848696753
539.3000999229187
559.3464528388561
591.7623435393015
575.7258980722768
592.073174649041
548.6610129381113
551.11316748426
596.4529158794791
561.4388390447314
586.7679703481953
533.6028812325104
585.1087408981903
567.7431924873453
545.3149744907593
570.6166991505562
562.0572319374199
554.3005307987869
554.0896085725332
557.9317191167753
587.2093036019206
603.6819975255362
546.4837712279618
559.9612653542952
591.9023204046789
575.56558305147
579.0537841923255
559.687943970556
578.0593076632041
567.9367505269821
576.0771458337824
592.221410152375
576.2348706327547
599.7996482298482
580.8260879431922
568.9890576269379
568.5156538604815
576.7542507093921
577.1676881806919
570.9428799748166
547.997992112565
590.7260869366178
562.8059018929932
574.4594097068633
572.0674815701328
602.4781024627104
600.1721866779486
563.9730969105336
556.9141823173039
549.8188815412352
582.1299100142004
560.2764663494547
579.4554592024851
541.2495643549491
545.2304051438107
563.308471189308
591.2203354451948
599.371163508591
590.0601128966128
578.3548500377055
537.7421064845959
559.467881565267
573.4172103306909
574.3716374483287
539.2568159316264
543.3254402393715
544.083265728385
544.2078541795344
573.2086454596058
560.2815301547237
545.6101572872661
589.485125338565
582.4379670269233
557.7980601167849
579.3004248128159
552.7848809433464
549.4366611437575
581.6904456398901
556.6433129985127
549.9997693004253
554.9658901839546
599.2983822776754
539.7492074509535
538.1882520985429
588.6772370723284
529.8203794681552
611.2234673234248
554.0901017572658
591.0392279671124
554.8600065731707
553.130303272919
557.4367312852538
557.4285230095888
586.4032503404661
553.7927213336694
572.3795279935252
589.2185743502191
607.4075857038273
571.8188433631727
526.4456903504501
522.2423183456114
520.081409583612
552.0883874905169
553.3035595184691
568.0739140865312
533.1084305740552
540.3266664080013
539.5187719668912
598.8568506755563
552.8707178405898
579.2077323128991
544.5589891503565
591.2160518501219
568.6048149811476
529.2370627062455
578.4686613483423
547.7252588287461
578.7702160586811
571.9426994861992
536.3427589477158
571.9904501474459
578.4111622149471
565.8265882840418
558.1917979028437
553.3160313647242
547.1059832779943
564.2221233125765
550.7283377212874
556.4455731160309
556.1278654807904
563.799596268339
567.0623367309424
552.4639245797293
590.4654691081358
566.1378023895525
529.569197403453
534.5014287280404
568.1008696337351
569.3926234836233
544.7853002375532
574.1046252722394
569.8104493016396
525.4184136184167
570.8490992924957
552.4513651040603
567.8043946609233
547.4864639603882
529.8890920306319
516.2671841655447
580.9813660756151
543.4145628266762
556.56015054445
577.4185246917676
560.7554645589441
536.1346389955758
519.7037234401231
566.8447451533102
559.5952242854253
527.17490654246
574.8979561413078
552.2688517172734
536.7366075031309
598.5417790812476
571.2158771164474
517.6103168851176
549.6166101521684
564.6022834032553
567.7445010753735
568.8592710163489
578.5802130165189
564.3855312415301
573.7277230905802
607.1937220246701
582.642911972021
531.962527821817
566.157374394325
563.4547859848392
551.2118852689325
552.7479776280073
573.5017571151054
553.979709629325
603.141366438351
556.4734252207085
597.6071221593496
564.0294569994593
562.1402471083967
567.6177220175844
607.5268506376036
571.1473740417982
542.9154459308456
560.3271169761055
562.0433714724683
537.746607659096
599.9923713167387
595.0184412457293
578.7330789443117
581.4504270677978
565.1830680320011
571.8649779339939
522.4541514160536
585.7302051671787
588.6150742365498
549.2300647668033
593.4407387987047
588.7232604692186
543.7770554896484
536.054203093931
620.5083490466405
563.0905240007544
537.6136337100234
577.9069261649021
562.5235120165268
559.9755638980776
513.8276604359427
537.6988554993784
525.209761116807
540.639319634659
519.3745800199183
565.3465955913794
552.2608068396213
566.963627535314
586.1239966358963
550.4934895126465
534.8353282905583
575.7435803580465
561.1964505345002
578.9668161502715
565.890576080547
532.5353213670351
562.3170087806025
518.8545857769427
567.8873199135497
542.4003303019455
559.1066430241681
518.4929774667224
533.7387167407469
570.7926811808027
556.0386128353731
514.6544885365558
536.3690195432036
564.3302383588547
526.2249400855638
535.3932144979491
606.1868797153533
555.1630763688594
559.3931782125536
524.2405418938748
582.8985440346141
516.9746182476964
535.7255961000801
531.8810645258043
559.5039240585187
523.4744196712552
546.1048576927369
498.5273912459648
545.1327679225751
528.7328640377036
527.7917578958221
549.7092673227747
555.3067553927192
542.5960057068944
546.4460639976411
572.5214523414016
513.6200693762714
573.0433201274561
512.577309970765
561.4311664222882
548.3707371264286
541.0133933031324
568.534237825683
581.4251786405214
551.3263131759694
546.541552860289
556.0027509874803
535.6760156350807
537.0632935400125
553.4125895735662
514.4324245813455
510.16759207545397
566.2257254305534
509.96648277589986
550.8697471202839
507.8303381334722
581.3364295708187
557.5413319940695
533.6503242349405
533.1192841730978
573.115483466273
567.2149648557146
544.7373753625976
564.7396444194887
568.6371942813158
543.0690786825044
572.4125032030558
544.1814618567712
512.3240405188129
542.1102140261509
495.7892891933029
511.87027485657086
531.31550077617
548.1372570227624
545.0241028098508
544.5716202579813
537.25551608149
557.309601905626
533.9354384184946
575.4629430966341
532.3836484469022
556.3684269534251
594.4143023440672
545.7521031906394
507.51916513907605
534.5875267200245
543.6516193206206
526.178919065666
550.2454055540984
523.5282908347342
527.6407812279813
572.1347051168563
546.3938802659457
544.9832689577659
558.7098109315594
528.3865877349393
560.4809135111699
584.6631185191264
514.9825059795252
500.31018177769283
542.6183711098396
542.5986948854843
547.3781085125207
557.1096149352343
535.4066284061581
543.44559074319
502.2788806594013
548.8236176056715
549.9782393965224
553.2371638314681
558.4152401339394
521.1797295122542
523.8916037610852
545.6442940160854
508.02619283249646
509.9897744342131
541.0176095667003
525.9426240805151
518.3958828050507
493.5249290691562
522.7821455245626
529.7506842437667
549.9764319246328
505.4531471810059
566.1467655766496
548.5200145137417
543.1387365456773
533.5229687325614
577.1841486809384
545.6772945925312
542.8364267960013
524.4756006959652
499.57508561622785
562.4003427045432
554.2334669277578
540.7635396081034
510.18745633092266
546.9417438262917
539.8093562236065
539.1457356662743
574.7718824235335
504.7779207766845
535.1697186088986
533.5702044298288
523.5997306549847
526.5243999562689
565.2860369183138
496.5448358235196
542.4771482264257
553.6320286126421
532.3660339856095
541.2596652512709
513.7328425824327
525.0049960830434
540.1086310946819
556.8472574883139
540.7553604188021
584.0902443725113
541.2108657067093
495.64387069119294
543.9771683539091
505.537468372634
526.1532708113848
547.4747686685238
556.2305879227735
547.6015048677532
545.4693662220963
545.9618524908
512.4826231938996
560.1613417302906
568.9803070267353
491.0123241782498
548.6726237647076
555.8573053275737
525.3634635594137
517.9679828841535
527.5830373240175
521.6480819526981
533.6505538967814
514.8017877063232
520.4817535136425
512.2289521831406
575.74491129297
507.26524585423664
556.9197100365049
553.2187651836701
565.281961156312
547.3477337352692
503.4647901580225
535.1059613633025
507.355148820027
545.0689429415835
537.5576663784057
524.3693159190099
575.891911401956
531.9487426685081
531.7946679064577
537.3545361633446
575.778257157043
577.9879193332897
535.1295497960282
546.8296021312109
578.0769142949352
525.2332679689462
526.5596366611858
539.9990789764096
534.6117639417971
516.0594852882303
553.525667065989
530.7680773254257
522.8814570280095
530.9866953917705
530.4062493599015
556.2317389379554
528.6693378495121
544.7191085834122
556.4099728272514
554.4128659158412
510.93704123892843
548.840829965557
499.66767235753224
509.28663777791473
556.0931012602554
547.6934136135167
533.9860549623686
546.0924470780399
512.2135146445532
527.8015857929335
519.8795867509237
565.1438074878336
530.9046356461937
538.3403219566101
515.0420301280989
583.9805260848426
522.6868326819474
510.07284197510546
517.5429635783187
513.5222146578857
502.3240389850158
558.8923763695175
501.7196570166556
520.2433166668044
536.4011269662408
551.8531034637134
521.0988890608494
490.97341463443513
530.4598854216376
525.2433897990098
529.0920297781506
541.2618688537224
510.40058728370263
553.412681809526
525.6686395253281
515.2799379927624
536.768674697266
537.8235754584634
537.3548615056923
549.2597382392088
510.58275456748714
539.0335452969485
569.6047587230228
513.5643955465248
523.0406189855572
530.7391014685659
529.0308110491951
567.6507592334792
551.7409826831471
533.5032514100808
528.5123741630867
537.2881966239522
511.32290677399106
538.3651781265789
542.7650489501362
503.4899415495927
560.7104675971786
541.9560995855719
528.4065357183323
537.8262164631145
550.3430956286414
539.6325761196508
524.3265474527344
584.3303609573471
538.6588211038498
521.5584636930599
553.989867083973
512.8523771360426
539.0100807140419
516.4173988471049
513.6156197481655
500.02057348858983
538.4784709410504
511.9719615842893
515.8210243345752
548.4872863593788
530.641562473849
538.4406762718696
562.5078868316602
559.5895471502132
543.2693933742016
543.8429725119875
549.7023710644781
517.6963019556943
562.369748152722
531.0655513536651
519.1494429279495
539.5130996287331
543.1223156251388
493.6164601612272
552.5444396089072
539.0071244637401
530.4760740312183
576.8321096305451
517.4147430999219
507.14113056252813
527.8283905074896
556.7992797392975
534.0399379226809
579.2020470594091
564.1140758433994
533.2529497556659
557.9273923284322
557.5095561375812
502.34059842479155
527.0747790134465
553.5942191869046
553.9780954905666
540.3961539871605
563.4723392855965
565.921445429452
531.5267332846963
508.6504895637685
497.9340110620908
566.1010472835593
536.7940616797073
566.688185438177
560.0237231868601
533.5047833678782
538.0531397191697
499.74748864943575
569.1073155104895
561.0565097837424
513.5952824603007
508.8700685053852
505.9519369241561
539.5867323891617
529.3216742900247
486.8721741221235
516.6126850413111
498.13569918724403
540.355608705906
504.6124380578066
520.5649018891614
517.2680293183578
528.9267849411845
493.16208840247
515.717926929494
539.5321740489333
515.6332603947781
506.9198208942844
529.3254917141849
518.6944392688484
514.5094041617772
509.51301300921205
522.2266158817135
543.5786788134168
522.724873115581
526.9919279412285
507.99113511227364
527.1362957829751
531.0634751354135
539.790764131963
529.2362607660342
521.1742037683147
555.6136385681544
528.3452805202949
532.0671516177954
521.7912369767955
489.26069698991284
534.0085718993311
531.4695114821684
501.0376073030685
512.1550412064504
521.6784502001374
525.5965445552794
530.9096305405471
553.6574805360782
524.0065347678196
536.4582954237193
560.9708378544316
518.889409059343
536.3445446970705
548.8969172824392
538.9876807061396
510.20743749345775
502.03050002102754
507.5177913960164
493.52500752885203
533.7996164044382
529.9496307814547
516.363091234838
548.5521863758111
534.28017005406
562.507690643852
515.914632232126
509.0901694694843
520.3347832214149
535.262513791191
494.15446852276534
520.520360340176
553.4342712514009
508.0352793380661
533.7802068331366
504.0874753329758
516.9560074779168
569.9996066999655
523.455662426944
496.62466661369837
541.0814502007324
524.3398333053087
509.42835185889845
516.0206529107095
541.2507911108358
546.3566009546821
535.3476601824723
538.4411095226016
517.839310561312
518.0368163926454
521.3952462381142
518.8805705301452
494.5681335935622
513.7279298176842
504.95216162096193
522.202928733722
542.6785094673321
538.6742016831685
542.3255599177446
517.7582732514722
538.3129501886334
499.5300812109544
509.3497338500148
523.2408993957082
522.7802473347912
533.2905302980809
520.4139042658959
539.9537347909327
530.2480572273796
504.4102944555096
518.1182859877337
523.6689651678462
549.0309097966982
537.2298343311282
555.629338946741
554.5378730680766
489.8403877836889
535.1745636112096
510.6597231017294
546.2397059796556
502.5419685566029
527.2958017619534
563.3765472162083
502.42143861301207
533.5178876360703
546.8009341180147
532.6845157853862
524.8656522916506
510.94337257574955
505.05435842532995
516.6080739467253
526.8483652529875
496.85678061949193
531.5754709451144
521.4906031288893
538.0886765194831
521.2238057840872
497.0968249486067
506.11578773167497
529.5392953620136
528.0551813278004
538.2415853610476
532.9906089776848
536.6345020797136
527.4842083179514
553.0037828792338
530.7711573679816
540.6323573229786
530.5713672732443
528.2286004741973
497.2808870279578
522.2920618257994
505.946672716096
511.38860740082987
540.6546328821272
517.1133729274401
523.0286488475911
517.2884675503634
542.9384676563886
489.09125119280463
526.8623851197277
488.56955797336565
521.3965939452943
545.8014015623428
539.0166298241804
500.15855693290683
570.5564895804891
510.740652495455
545.1676196675902
554.8673862115965
515.7353474353536
547.9662491716093
591.9093691106482
538.964557486204
526.3642466708542
544.0861427704701
525.3310489819813
526.2481921801051
524.6390124909467
544.3548734450716
557.509298713671
495.60655852996416
517.721066052037
517.922069102055
523.3945159924084
547.9803939066803
540.8496179058894
561.601656701417
542.2589369914989
547.5629333235091
544.4638597966056
507.00039343827524
497.0116800120883
571.1849566276818
532.7813741334664
482.230283484544
520.0284507928199
523.667107389848
508.20323736779613
510.32736998870377
552.0626813612621
524.5545525064028
535.4238017313028
507.56634832593915
532.6094807848693
514.7148436472104
549.4331867977613
552.5434304190883
514.6704460680395
528.7314002348224
502.4690426533317
524.3313965414798
547.128268272637
547.5340204685232
531.5730749379692
555.9031347956621
521.6817244430921
561.4410409288163
550.6711788508836
563.1845836392479
526.4255127630273
548.7431795941347
524.9771426109963
531.8351222446307
539.1149773389928
510.4609666305489
552.682966491283
535.6189813988667
542.5988190416621
523.4004718692081
502.5683575678816
507.8869609183535
510.8919425556204
503.75687798372786
537.8671118221348
517.2252516811103
525.5276006271134
518.8325223498636
529.868446946894
503.73481594059416
551.9773976695583
503.8335528783379
511.4667820179358
548.1234834126261
507.41925995220396
514.5927442727442
515.939914448973
542.5993292244972
515.4151975945783
521.7790710698367
530.4584682448019
507.19508417209033
540.7112702287434
543.1940335229535
531.565860306837
492.653030941514
569.1882361432997
499.63379101651907
548.3355402109815
493.35247511875804
530.0109703676472
535.7357218879483
551.4850877931533
549.7762152323811
528.0830999619939
515.9479197108154
525.6350595160887
541.9994006727019
556.4869319807342
529.4224471253209
544.1467392874875
524.0846224756808
531.3113138907137
546.2215934637425
541.2502253125558
529.0683109066035
526.1592246522667
532.1093488231696
524.5889684419673
555.312203181716
540.2061817974343
517.5371876828457
521.2560860618316
524.3580564202355
527.6563065042212
550.1458985881623
510.473943845382
555.9777542929002
544.2373344689115
518.9579583022481
534.8737984744387
555.5069361923001
552.9539827683994
569.3082051783597
542.1486816233821
527.9284370873096
554.0234403327084
509.08452819786385
532.2216160831388
483.5423124415585
564.8463892625196
555.8042999858295
540.2048265576424
526.539012688805
514.1881736198516
541.9550548870332
501.33569461791967
527.9401470046981
550.9167196024785
555.0542682011651
534.4575026612125
531.0508461457025
549.9442482037008
531.6262862566876
549.0338081313496
539.7426451935668
500.1773925982836
525.5107940388889
519.7327449028019
525.300478046039
528.4636244129606
517.6508680445681
542.691724642515
524.5738943750791
542.8650688630548
503.3846182575895
527.9479357369313
496.636495925776
524.5348974056777
503.03334673889646
525.3895895048731
529.4484766159733
514.4134728148471
529.0418803633734
525.095375978659
516.0783748107768
535.040975053075
548.3733369533464
519.8631392859019
509.0373065749234
518.448291363076
525.5748095187746
527.3654477663339
536.8832512490919
535.5894488175038
559.5111154284973
522.761105053739
533.9518266803871
483.95877855532905
541.4324971685369
544.2027898337058
523.2172247998901
518.5007710093594
563.2877724050024
542.0665331926726
532.5173057360845
537.3691609801282
529.0828039096652
517.7191393589468
526.2403045872096
503.41903739969786
523.4943301487401
513.5769352616422
549.1347816234692
556.3285296309554
539.5221791352958
543.9529000074984
498.52203435970017
563.9814550385313
512.5716406928796
529.7707737768981
519.8641542515292
536.1999840801266
555.1436157220721
507.62664699071513
516.7422258369531
509.08743478387544
510.9322813779086
550.3957086806995
539.7855772384352
534.8109194600148
535.6894448655207
550.4261648588166
533.8097546747272
527.8660719155617
515.5045359111134
522.7179826493433
538.834407023267
528.6961514236928
542.5757492423672
529.4907373866678
531.0243165624915
498.86966503515316
527.1202619930104
513.1014586923608
519.6769207449044
501.9879766624927
560.0835021754139
526.7650885547395
508.1183205542057
500.94129628313067
540.0281051269756
516.1820760404894
540.3335797595785
590.3503577278806
544.0764085677778
552.4402072369911
522.8425140230225
553.8812649210162
533.7544819712349
558.632574776392
490.03814308566245
529.9672800531929
530.5261022128894
561.9604578911103
507.04894854854655
515.4133082328727
525.8520940464853
518.3604043622369
562.3149480748245
520.9098293887195
549.898911298613
527.6543629356852
550.1438608148653
548.4051227898564
497.7511077660559
559.3540494187899
521.1229317680904
524.586187791793
536.9168771723632
528.5170120006766
571.7950239792771
507.2067323168542
521.8059556407823
563.9035329044187
513.8446903373834
552.7660469978865
523.0289409132268
537.1443653581109
519.5353691675988
527.8701034033834
543.0761467722739
526.2546422174258
542.1302419929008
494.27126244543456
561.5892843965129
518.0433140007643
503.60597990344536
509.29339298356865
489.3025661360159
542.5940637329778
521.2943808978349
525.7765151260004
532.5177073012879
548.6607773208469
490.62762789007814
536.9494019873248
572.9168890778767
510.39095989161433
544.3146701177608
585.5054866116459
521.9417633236488
563.524476741612
547.9539109050919
526.1266840622399
539.9543346532513
514.8675578141092
521.6255033863022
537.395379104986
541.4424614748656
534.2788428232483
523.7442334930247
545.9716649828674
526.438949158956
501.43563347152826
499.5481717882243
536.8776626828683
547.1004820691097
519.2995417432114
523.4565561563329
530.970418669292
496.91632012310885
518.8140048081185
545.5473625079146
516.669773464462
502.4616974646302
506.85528931825
559.7585527025936
543.9445645888445
501.26196206095113
556.8940885080606
515.3658055606527
513.1450457352072
507.60988459826604
535.3985137751928
501.1238946930006
549.4575640141602
549.7399395342134
550.9615081799249
542.0446087056606
509.8304854021316
496.97299254293273
541.4668630324458
549.2506941522937
512.8109436701847
527.3325930341657
520.6135083902502
525.8872594644838
535.6756638563235
510.3496975928551
519.0460120500575
484.1411505818209
493.019231475417
559.1363173362759
514.5554736072172
478.5382714822948
492.2980179130157
539.7824586670671
533.247383048095
492.58588544451027
491.48940053095964
497.39395019016956
533.9417725391443
537.4896840656615
523.0601822843463
533.3465106534297
520.9842184307063
547.1103472361472
527.0394378971608
533.9302122677229
500.7549904975659
517.3531169399082
505.97475293195566
513.2819062264076
498.2591906833106
514.4388480071034
567.591785336736
507.77673237257727
522.8752994225229
498.8718494853228
513.9770684252214
503.8713207355395
496.4035771230722
524.7698311378157
514.4879711251161
512.3859263876615
500.01456064056833
503.5850986355794
494.927687086643
504.5661876902071
504.5423919731647
534.0436630095629
536.8860160613658
517.0916066822452
511.5007612336307
508.18308618050384
550.580716024262
524.1380501336882
543.0752282300249
530.2545557920494
519.4859004592224
527.4188716789724
531.228545722108
491.8165809413933
520.7616523825501
536.3235622387294
538.591993432309
520.5709560957721
502.7695323616422
530.8617889882383
510.299220630614
498.39553756002914
543.5402241900889
520.135067725906
533.9663325474307
527.0649112493928
494.8191839340328
499.5002858814045
518.8179426823882
500.90126780608006
484.49433151905623
508.94189442186234
518.234725916182
508.71625976410365
529.0567140742372
542.1430475268405
526.4629802137598
485.42147165145
541.35161530911
550.9286426891532
524.6827659841276
514.6744682578378
587.0223441802451
529.2675243613772
535.7806662090153
526.3049498396325
538.3454171259897
557.6114199685625
503.08557977561225
485.7540725029233
527.7878501277698
512.7338827890628
505.1171061580129
535.433948557948
482.16951319365
486.03050909669486
517.3592696879466
511.35723440291974
540.4764396465217
503.40730005770587
507.9918546334433
526.7504501587672
527.6743745618635
500.8765850674425
490.84683769100053
506.4344614627153
527.1789836963391
521.6491850270002
528.6746064733177
523.9324717772867
528.4881625032566
512.8399148155235
510.6788157020976
506.2054076372352
532.7413878712861
517.9904390537293
541.8740176419869
522.8798168408773
558.1123461725982
530.5232150695768
517.2771392829976
520.6834042069903
500.9687005572966
529.0295290642919
513.9966336754212
540.0147525985557
500.7492576028056
554.5703913746004
540.9172465438346
529.2455880767129
532.8871491128075
512.2874555707365
541.8754191226309
553.4597488249236
531.0560360052266
541.2632377383687
534.9836143888954
533.9286144317532
535.0198050130523
532.0539575183394
552.2956758794933
525.7289209669892
511.7339566112228
560.134708676133
506.874252542817
570.1288112490648
533.0817746446769
541.2800610476493
495.4859951614804
537.081319551565
536.378465471079
517.8071445378399
519.6897285466371
526.6944259038709
520.6889221021769
507.81649238410785
515.7527749688473
529.1616798886943
537.6032131709899
507.10310005738677
488.5308185509379
505.96079401204224
532.7975101819894
543.3479731704463
515.9177203488421
528.2464582648926
540.5553874521464
529.25168646073
506.24358281986355
533.3560314609251
520.0801977623323
505.57300368256375
536.6848517673794
510.68812149636585
515.1536544496512
540.3322795273905
520.7409685507323
504.1571064737264
522.6975236299626
547.4807957324613
508.67656664536906
517.2200139638082
504.0076250298277
526.8600519610619
494.26950410816636
514.199873244584
536.1205567558844
512.6564192334673
475.2586352151469
503.07125750632866
535.1261045960018
506.6341727736399
514.206701274827
557.6394738464386
513.4926157726794
505.9516885742657
516.3445600744836
510.2446361983176
502.2791454628304
508.9669211736536
519.266365493008
493.10533346333244
539.4390307170102
533.9912592807667
551.442903107111
538.7069419493794
519.9791037897992
547.242125505886
532.6099036723731
535.9931062383457
518.4249455627555
524.4337894251892
543.6045523411276
524.9983778375135
518.3300448861652
506.5348477116601
493.09001352168997
523.9116160024535
535.7783083337094
489.06465611904974
528.7006099966455
486.3471777595128
482.5898230565015
523.0103817107066
528.7615421284921
526.8647343223731
482.2570074376916
567.0314330285923
500.17343016685265
560.0019869388753
533.9598864991794
533.2826482966412
539.195776359513
521.3992849361589
499.17346763469027
523.3855090612317
513.5879650847372
480.7144353818433
520.2946054902969
520.7590476599659
539.4645546259852
502.54007003131
505.50640321722045
508.62947403544126
541.8774906129069
507.18868016497254
545.2298807873171
538.2513957041527
530.2676575511628
521.557735265273
492.01792037197754
499.1643064756314
509.333672245996
527.6645362657694
500.3933138649828
502.09113965104694
532.8169577004081
548.463770947835
512.695417283838
551.2430309753088
501.027129263682
527.1533469059726
531.2578084731903
506.1136874313989
505.5875594808077
490.861715100787
503.9968015771041
503.02200899344126
525.1702687731141
503.99050936695494
521.870099468105
511.86492585181674
513.6873402981595
499.2410898853971
527.8519300555504
484.19652022767144
518.6431815754013
543.0687447848526
498.14438393350497
512.30549504678
507.6056707561402
502.4822494690837
487.1417666102871
486.77715484277593
482.3789925333601
516.2962976425216
495.4955205783913
491.737799579274
494.5314172724731
519.4017010415653
492.5801802574797
486.04136619826687
519.03104044414
515.0056420170313
493.1669971651481
514.4924824314014
501.0204358123648
523.6183018806689
485.1015403273678
515.4087960983269
518.1409410317733
475.2543519561066
478.9827396259937
496.4830633447116
486.70816319027875
473.0765167425696
504.88814796751467
518.1681223575715
492.6188655780424
519.245194360306
482.67715005193264
485.2238683727074
496.43601192677187
516.8522913413026
497.4507348752621
498.56691066403636
501.57029658185695
479.398719976347
519.0543936192837
502.1930332179781
478.3741695931516
493.79591282156457
536.6840049720751
496.1944636814503
485.649343873582
493.0543510735252
491.5733376649161
498.2190526472794
505.5513546210313
476.67485397811356
507.07997822045934
505.38915535926975
498.7810953859816
487.2511777846209
525.3521786869773
507.1227844643856
481.66691139150066
501.465557800774
513.3760335581644
482.7480901442199
492.0923175308662
491.51748617369674
498.5074480054592
499.4427457399409
532.0344769347607
495.5345141316533
487.87913188229254
517.0514841614946
491.00782494112207
499.98134854116256
519.1886331489396
501.91167858911984
493.38885034126497
530.7642136583607
505.36340548879645
501.11173132884136
484.43862033782807
522.1032444866406
521.4314480225315
507.6102677415786
512.1790414546673
516.2577948022525
524.0850971306243
500.02136911132635
507.5803299793477
501.4294201309122
490.7216997636428
476.81046609765826
508.8422324037648
494.50385642358555
514.6692075457042
496.0392431271915
486.11719839689226
507.22869922298827
509.38159239242566
504.2353577264467
506.3388331686744
493.3586287655366
519.6607143340597
508.32840402740675
483.9303823675879
491.0239088729472
504.5720289944596
526.6678801667996
495.13005750353415
509.0645914822381
526.0620121980689
491.84935880266164
502.9024212353102
537.5994631760934
504.51202024336294
498.6335821312829
495.228972149199
486.52893885882185
486.22584732198624
515.5857219732247
500.2308867450187
551.1485185410672
500.3480964967577
530.2702508343438
502.97136210211175
494.01588793578463
514.2245961621771
525.5210677525075
514.5038360518313
500.99138020985646
524.6064613141269
494.72617908038535
476.3027091130737
505.63639126533286
509.1621767638337
497.7264860238438
520.7647271437916
527.8034895868722
518.8480831814596
496.0765518350879
483.8605583004076
496.4043136824556
545.3726219826214
477.54908765369225
494.2296591108075
492.4639736749432
485.9719227713206
500.45810844147593
517.9836295784467
504.58419578951066
508.0319759899738
504.1979897629933
507.7436248094163
513.5635990252094
499.1797456341733
508.92313585897165
508.3028672006236
496.11546168486717
495.3701183548543
500.6539848850972
495.78023828328986
499.7456971811496
513.9971710061981
525.1207830014648
509.47721367123876
505.204163042521
508.17498947415936
529.2358870863471
508.4002393529182
481.52884690183095
509.03928597078055
520.9774366508851
484.9519897023891
535.3611496787267
496.97372753556107
480.00501744926794
503.1853769444347
524.6791405005542
524.1775631643853
498.8089667575747
513.8882883663472
496.41519065304965
506.64483482721494
495.05068177217447
504.20806035928246
504.49332122596235
488.90392985914934
497.6457574920199
502.1677439487371
511.4150019495793
490.91145930758137
510.7248265941448
527.0819548136559
490.14830284907157
514.1101760274702
514.554180282593
496.16896851386343
491.26356127574525
512.1803413532805
481.83685183954344
519.1206742851167
509.4642528657028
507.45876264114577
489.2566620051942
517.4061583162926
498.21990878354734
520.9330905166228
508.6869099487008
508.2020798386126
513.1491089849859
502.71841408833643
495.9838378878137
499.3128783849385
485.4426780107037
524.9610003303362
507.43977796215404
503.7790525923448
530.7726657841309
518.3119258429406
526.5169998997403
491.251549524237
515.2615107262625
504.00280916824954
536.0005588667939
503.11047157990373
536.2956097935058
491.9557990689012
499.4394697292217
516.0009471267954
491.4613244999868
503.94302640776453
508.6218510203832
516.5942275638664
526.317295644588
519.5396007501423
515.5325222230529
531.0650320321653
482.23861451889394
511.3416943047638
518.4255205098647
506.27461312898265
523.7533678230398
518.671817693024
522.9819749694792
510.097329766287
522.048592682958
509.7594196345539
489.49781176867333
472.2404508646951
527.4873224553934
524.0209618746863
508.7323420140665
524.6950389133583
516.9734477282765
505.23662720892406
517.2341197716925
537.9969904417932
511.78396394763735
497.6899905326732
511.8046699651576
495.64683793375605
486.1132868125362
524.9630256870207
490.33367736692844
515.1137236776154
530.212505668189
493.508407969586
519.5952824179526
487.30534454484945
533.1562444727226
508.725548818164
523.8600668830632
515.5355810959735
490.9652833862958
489.05707801358085
520.3680646338951
520.522793194841
496.56081715155057
521.4817658421745
490.88366186994904
515.6887666499551
511.0958178895327
503.45448346572925
516.0938934573395
535.8522673798258
513.5905521280399
528.0006105644046
530.8264203451246
520.8552205539097
523.0252088109511
503.6416621585728
578.79565668662
527.5724312928049
520.3733460227347
507.38562619547173
522.8830280509527
489.89289457156104
537.0254234233788
513.004805083592
514.3212100937409
524.4940179606864
491.13538126762023
525.934759530272
520.8427650651644
537.7949093642735
516.520108958512
512.0422077051105
529.5215757579432
549.3088218390905
498.93406886089286
500.93892944637764
514.2983393628907
503.9043837029651
500.62968116042117
519.7024493714666
521.4296540110645
501.9857631623559
498.80795321412506
515.4997652901044
528.19727015112
495.79364629386816
495.6736915042219
478.8151204213642
505.40394205481914
537.7660720161779
515.7942942239856
494.3011623984943
495.6873988412227
511.67256013939294
551.56715619827
513.8692150767629
495.91650312486274
527.8287447983752
495.50416363430503
509.0427188336935
501.8349062623114
519.6443306955111
495.5659816136231
510.1084850007311
485.2640706971093
499.10084747472854
526.6876687043442
518.3141602900987
528.5408975780165
509.8007683189531
506.63753794629145
517.9570567737278
529.2893993994913
521.7861318571528
533.5277068127018
492.66639468269665
500.03592431013965
511.37784105377847
489.8919450360075
534.3180849331759
531.0787821231853
541.611318396714
503.27398178295135
510.66651586334586
508.77842071437425
523.7325379818378
505.28025752693105
528.974159239289
511.042395985325
503.7979432011669
498.6352804297593
505.3513790606598
508.5886280164393
524.752446707243
523.2452130217184
508.32497427368287
509.8589669977825
521.724302838768
513.7065190328927
562.6097725523906
494.3204441915127
517.3052247931425
485.45817476815614
483.2760305391651
527.0296928514007
526.1571900270787
494.45496022649036
503.13767679551086
517.1727646854836
504.49560993593474
503.4312213141782
479.2801854217368
496.242324259238
474.13503934182876
522.969111180495
485.8288224493002
492.5269195374624
508.5605315406701
493.98275801972966
518.3080686131833
504.0688358323102
493.2407196087043
498.7731316323834
501.6000771881317
484.6748050227131
488.4419331728358
497.61436935819717
501.75079126546126
507.89474246590095
505.6700221978421
482.533492583432
525.1501413729361
504.2359242532409
506.00879502048565
472.22678848123934
509.2631101689644
491.6555099788195
510.22101073627954
512.7538465653065
560.6208671589352
525.9156301406924
510.98865725977765
490.02561130632597
515.1818947966233
518.5809394488281
489.96359835557837
502.8796655028597
503.43053699158907
514.2968076856827
488.6092929833217
494.10571130528035
501.6695351473286
511.2202783661239
486.93793515532064
524.6855646815804
501.7174014129297
523.7853275823247
512.0864885722033
474.6814833230573
493.73323478475925
502.9325227351923
486.6077633983682
491.21409480855306
521.2079534784573
480.49469488180245
490.5427664180429
490.3771546186621
510.8310888955263
491.4890795148787
485.79112229277075
506.31013995885246
503.1321370814949
488.11093681732495
490.360012603365
488.1613889689432
486.754536541638
473.0971611753954
518.9065637755855
495.2764655846481
486.35146160015586
487.6094092011992
508.6278368233038
495.3794885778255
492.92244202611266
498.40668206814615
497.02176465868723
503.90338349531424
507.3292126546197
500.218378356292
512.2183333638077
495.47803700770174
522.5917163299333
488.68663748521135
519.4525559896153
491.9922654900399
487.44726084376066
521.5847926222978
483.10058672771146
495.291608118114
498.68618485724676
489.5344356510611
483.1842734096142
490.0819393211199
474.40457684020606
488.3577652145833
486.6210960336351
472.36778306734783
472.97565674239394
470.46650467565865
493.93981132479706
479.7662930478457
467.2463593868888
474.5340116252889
488.5849830878783
470.8247952865101
473.989269854496
475.78081763363724
484.2363844879412
470.8822798952008
482.17000121052564
488.485388354702
473.8085876323286
472.7024281700907
468.2199321510513
472.2485402602615
471.6996120895306
471.5903035705482
473.3290761008714
477.64993057700724
466.58828756492073
470.4868187386886
471.91160782364824
468.1543205559693
473.8960614326611
464.1240818699231
468.04460438811026
465.8876872494036
476.0024861396737
472.2545663350763
465.89831226059476
467.3313903461622
470.2205850793384
470.99234878363507
464.3505606800369
466.6483613687019
463.97716472775096
466.5405377918068
469.57347324066103
468.0314929836551
466.0282367958866
464.0734128973351
465.5924186469773
469.34354572688113
463.545445327041
466.95963264578967
465.8646559799006
466.03148841709407
469.6416393634095
468.16525021248657
465.8848825277731
469.71155090599336
470.1346465659203
474.24039912411354
468.24455094632225
463.7923658582006
464.87381998696924
465.3712351148273
463.34632926695326
464.0251607256005
465.2154621340078
467.7658178771553
464.92910953893
463.80887330604025
463.8628317403863
463.60989326022894
468.65978630603786
465.0270155251589
464.1240818699231
463.1627157995669
464.2697722724936
463.3774806537753
465.4372371790945
463.3411699716745
464.26273262733287
465.14822092634057
464.0322003707612
465.50602154179677
463.3629727290694
464.83558825400047
463.6150525555077
464.8340505248885
464.46678196082337
463.3411699716745
463.1627157995669
464.69514316484276
464.5487627431209
463.10875736522087
464.0322003707612
466.18329496628076
463.60989326022894
463.3774806537753
465.2757101393299
463.3629727290694
464.6334532269987
463.6150525555077
464.0322003707612
464.2646129772148
463.3629727290694
463.3629727290694
463.6150525555077
463.3629727290694
463.3629727290694
463.3629727290694
463.3629727290694
463.3629727290694
463.3629727290694
463.3629727290694
463.3629727290694
463.3629727290694
463.3629727290694
463.3629727290694
463.3629727290694
463.3629727290694
463.3629727290694
463.22586581531897
463.22586581531897
463.20922235320285
463.22586581531897
463.3629727290694
463.3629727290694
463.22586581531897
463.22586581531897
463.22586581531897
463.22586581531897
463.22586581531897
463.22586581531897
463.22586581531897
463.22586581531897
463.22586581531897
463.22586581531897
463.22586581531897
463.22586581531897
463.22586581531897
463.22586581531897
463.22586581531897
463.22586581531897
463.22586581531897
463.22586581531897
463.22586581531897
463.22586581531897
463.22586581531897
463.22586581531897
463.22586581531897
463.22586581531897
463.22586581531897
463.22586581531897
463.22586581531897
463.22586581531897
463.22586581531897
463.22586581531897
463.22586581531897
463.22586581531897
463.22586581531897
463.22586581531897
463.22586581531897
463.22586581531897
463.22586581531897
463.22586581531897
463.22586581531897
463.22586581531897
463.22586581531897
463.22586581531897
463.22586581531897
463.22586581531897
463.22586581531897
463.22586581531897
463.22586581531897
463.22586581531897
463.22586581531897
463.22586581531897
463.22586581531897
463.22586581531897
463.22586581531897
463.22586581531897
463.22586581531897
463.22586581531897
463.22586581531897
463.22586581531897
463.22586581531897
463.22586581531897
463.22586581531897
463.22586581531897
463.22586581531897
463.22586581531897
463.22586581531897
463.22586581531897
463.22586581531897
463.22586581531897
463.22586581531897
463.22586581531897
463.22586581531897
463.22586581531897
463.22586581531897
463.22586581531897
463.22586581531897
463.22586581531897
463.22586581531897
463.22586581531897
463.22586581531897
463.22586581531897
463.22586581531897
463.22586581531897
463.22586581531897
463.22586581531897
463.22586581531897
463.22586581531897
463.22586581531897
463.22586581531897
463.22586581531897
463.22586581531897
463.22586581531897
463.22586581531897
463.22586581531897
463.22586581531897
463.22586581531897
463.22586581531897
463.22586581531897
463.22586581531897
463.22586581531897
463.22586581531897
463.22586581531897
