Reading in data from ../common/square.input
Number of particles: 225
Number of vertices: 4
xmin -7.5 xmax 7.5
ymin -7.5 ymax 7.5
Found 225 particles with maximum number of 4 vertices
Created simulation cell 15.0 by 15.0


Starting ACO with 32 ants 2 threads  alpha=1.0 beta=3.0 evap=0.9 dynQ: true
Step 1/1000 best energy 2760.0 ant 20 missing vert 0.0
Step 2/1000 best energy 2252.0 ant 0 missing vert 0.0
Step 3/1000 best energy 2143.0 ant 0 missing vert 0.0
Step 4/1000 best energy 1839.0 ant 22 missing vert 0.0
Step 5/1000 best energy 1779.0 ant 0 missing vert 0.0
Step 6/1000 best energy 1633.0 ant 14 missing vert 0.0
Step 7/1000 best energy 1317.0 ant 18 missing vert 0.0
Step 8/1000 best energy 1464.0 ant 3 missing vert 0.0
Step 9/1000 best energy 1264.0 ant 9 missing vert 0.0
Step 10/1000 best energy 1197.0 ant 18 missing vert 0.0
Step 11/1000 best energy 1099.0 ant 23 missing vert 0.0
Step 12/1000 best energy 1094.0 ant 13 missing vert 0.0
Step 13/1000 best energy 933.0 ant 23 missing vert 0.0
Step 14/1000 best energy 934.0 ant 6 missing vert 0.0
Step 15/1000 best energy 977.0 ant 13 missing vert 0.0
Step 16/1000 best energy 1007.0 ant 22 missing vert 0.0
Step 17/1000 best energy 878.0 ant 25 missing vert 0.0
Step 18/1000 best energy 896.0 ant 7 missing vert 0.0
Step 19/1000 best energy 878.0 ant 29 missing vert 0.0
Step 20/1000 best energy 773.0 ant 18 missing vert 0.0
Step 21/1000 best energy 839.0 ant 28 missing vert 0.0
Step 22/1000 best energy 779.0 ant 6 missing vert 0.0
Step 23/1000 best energy 791.0 ant 28 missing vert 0.0
Step 24/1000 best energy 732.0 ant 3 missing vert 0.0
Step 25/1000 best energy 726.0 ant 2 missing vert 0.0
Step 26/1000 best energy 723.0 ant 2 missing vert 0.0
Step 27/1000 best energy 720.0 ant 11 missing vert 0.0
Step 28/1000 best energy 713.0 ant 23 missing vert 0.0
Step 29/1000 best energy 727.0 ant 2 missing vert 0.0
Step 30/1000 best energy 750.0 ant 6 missing vert 0.0
Step 31/1000 best energy 664.0 ant 31 missing vert 0.0
Step 32/1000 best energy 704.0 ant 10 missing vert 0.0
Step 33/1000 best energy 695.0 ant 21 missing vert 0.0
Step 34/1000 best energy 649.0 ant 24 missing vert 0.0
Step 35/1000 best energy 701.0 ant 4 missing vert 0.0
Step 36/1000 best energy 657.0 ant 7 missing vert 0.0
Step 37/1000 best energy 680.0 ant 2 missing vert 0.0
Step 38/1000 best energy 607.0 ant 1 missing vert 0.0
Step 39/1000 best energy 652.0 ant 6 missing vert 0.0
Step 40/1000 best energy 590.0 ant 13 missing vert 0.0
Step 41/1000 best energy 622.0 ant 8 missing vert 0.0
Step 42/1000 best energy 655.0 ant 11 missing vert 0.0
Step 43/1000 best energy 629.0 ant 14 missing vert 0.0
Step 44/1000 best energy 617.0 ant 22 missing vert 0.0
Step 45/1000 best energy 650.0 ant 15 missing vert 0.0
Step 46/1000 best energy 608.0 ant 14 missing vert 0.0
Step 47/1000 best energy 633.0 ant 24 missing vert 0.0
Step 48/1000 best energy 550.0 ant 22 missing vert 0.0
Step 49/1000 best energy 617.0 ant 10 missing vert 0.0
Step 50/1000 best energy 653.0 ant 29 missing vert 0.0
Step 51/1000 best energy 620.0 ant 25 missing vert 0.0
Step 52/1000 best energy 602.0 ant 1 missing vert 0.0
Step 53/1000 best energy 642.0 ant 8 missing vert 0.0
Step 54/1000 best energy 612.0 ant 21 missing vert 0.0
Step 55/1000 best energy 576.0 ant 9 missing vert 0.0
Step 56/1000 best energy 604.0 ant 17 missing vert 0.0
Step 57/1000 best energy 629.0 ant 8 missing vert 0.0
Step 58/1000 best energy 619.0 ant 7 missing vert 0.0
Step 59/1000 best energy 623.0 ant 6 missing vert 0.0
Step 60/1000 best energy 571.0 ant 10 missing vert 0.0
Step 61/1000 best energy 576.0 ant 31 missing vert 0.0
Step 62/1000 best energy 561.0 ant 0 missing vert 0.0
Step 63/1000 best energy 536.0 ant 26 missing vert 0.0
Step 64/1000 best energy 611.0 ant 2 missing vert 0.0
Step 65/1000 best energy 583.0 ant 27 missing vert 0.0
Step 66/1000 best energy 597.0 ant 11 missing vert 0.0
Step 67/1000 best energy 587.0 ant 10 missing vert 0.0
Step 68/1000 best energy 522.0 ant 11 missing vert 0.0
Step 69/1000 best energy 554.0 ant 10 missing vert 0.0
Step 70/1000 best energy 558.0 ant 19 missing vert 0.0
Step 71/1000 best energy 536.0 ant 26 missing vert 0.0
Step 72/1000 best energy 571.0 ant 23 missing vert 0.0
Step 73/1000 best energy 554.0 ant 15 missing vert 0.0
Step 74/1000 best energy 552.0 ant 23 missing vert 0.0
Step 75/1000 best energy 554.0 ant 11 missing vert 0.0
Step 76/1000 best energy 522.0 ant 28 missing vert 0.0
Step 77/1000 best energy 488.0 ant 26 missing vert 0.0
Step 78/1000 best energy 539.0 ant 29 missing vert 0.0
Step 79/1000 best energy 527.0 ant 17 missing vert 0.0
Step 80/1000 best energy 539.0 ant 7 missing vert 0.0
Step 81/1000 best energy 531.0 ant 4 missing vert 0.0
Step 82/1000 best energy 552.0 ant 31 missing vert 0.0
Step 83/1000 best energy 558.0 ant 8 missing vert 0.0
Step 84/1000 best energy 503.0 ant 23 missing vert 0.0
Step 85/1000 best energy 565.0 ant 22 missing vert 0.0
Step 86/1000 best energy 557.0 ant 29 missing vert 0.0
Step 87/1000 best energy 510.0 ant 15 missing vert 0.0
Step 88/1000 best energy 566.0 ant 23 missing vert 0.0
Step 89/1000 best energy 472.0 ant 27 missing vert 0.0
Step 90/1000 best energy 565.0 ant 28 missing vert 0.0
Step 91/1000 best energy 524.0 ant 31 missing vert 0.0
Step 92/1000 best energy 535.0 ant 29 missing vert 0.0
Step 93/1000 best energy 508.0 ant 20 missing vert 0.0
Step 94/1000 best energy 480.0 ant 6 missing vert 0.0
Step 95/1000 best energy 462.0 ant 27 missing vert 0.0
Step 96/1000 best energy 466.0 ant 2 missing vert 0.0
Step 97/1000 best energy 488.0 ant 26 missing vert 0.0
Step 98/1000 best energy 506.0 ant 25 missing vert 0.0
Step 99/1000 best energy 500.0 ant 8 missing vert 0.0
Step 100/1000 best energy 476.0 ant 1 missing vert 0.0
Step 101/1000 best energy 466.0 ant 26 missing vert 0.0
Step 102/1000 best energy 476.0 ant 7 missing vert 0.0
Step 103/1000 best energy 502.0 ant 2 missing vert 0.0
Step 104/1000 best energy 466.0 ant 22 missing vert 0.0
Step 105/1000 best energy 492.0 ant 4 missing vert 0.0
Step 106/1000 best energy 456.0 ant 22 missing vert 0.0
Step 107/1000 best energy 454.0 ant 29 missing vert 0.0
Step 108/1000 best energy 460.0 ant 9 missing vert 0.0
Step 109/1000 best energy 458.0 ant 0 missing vert 0.0
Step 110/1000 best energy 460.0 ant 0 missing vert 0.0
Step 111/1000 best energy 474.0 ant 24 missing vert 0.0
Step 112/1000 best energy 456.0 ant 23 missing vert 0.0
Step 113/1000 best energy 464.0 ant 8 missing vert 0.0
Step 114/1000 best energy 466.0 ant 0 missing vert 0.0
Step 115/1000 best energy 462.0 ant 5 missing vert 0.0
Step 116/1000 best energy 458.0 ant 7 missing vert 0.0
Step 117/1000 best energy 454.0 ant 27 missing vert 0.0
Step 118/1000 best energy 452.0 ant 21 missing vert 0.0
Step 119/1000 best energy 452.0 ant 2 missing vert 0.0
Step 120/1000 best energy 452.0 ant 2 missing vert 0.0
Step 121/1000 best energy 452.0 ant 2 missing vert 0.0
Step 122/1000 best energy 456.0 ant 10 missing vert 0.0
Step 123/1000 best energy 452.0 ant 23 missing vert 0.0
Step 124/1000 best energy 452.0 ant 0 missing vert 0.0
Step 125/1000 best energy 452.0 ant 10 missing vert 0.0
Step 126/1000 best energy 450.0 ant 11 missing vert 0.0
Step 127/1000 best energy 450.0 ant 0 missing vert 0.0
Step 128/1000 best energy 450.0 ant 2 missing vert 0.0
Step 129/1000 best energy 450.0 ant 8 missing vert 0.0
Step 130/1000 best energy 450.0 ant 8 missing vert 0.0
Step 131/1000 best energy 450.0 ant 1 missing vert 0.0
Step 132/1000 best energy 450.0 ant 2 missing vert 0.0
Step 133/1000 best energy 450.0 ant 0 missing vert 0.0
Step 134/1000 best energy 450.0 ant 0 missing vert 0.0
Step 135/1000 best energy 450.0 ant 3 missing vert 0.0
Step 136/1000 best energy 450.0 ant 3 missing vert 0.0
Step 137/1000 best energy 450.0 ant 0 missing vert 0.0
Step 138/1000 best energy 450.0 ant 0 missing vert 0.0
Step 139/1000 best energy 450.0 ant 0 missing vert 0.0
Step 140/1000 best energy 450.0 ant 0 missing vert 0.0
Step 141/1000 best energy 450.0 ant 0 missing vert 0.0
Step 142/1000 best energy 450.0 ant 0 missing vert 0.0
Step 143/1000 best energy 450.0 ant 0 missing vert 0.0
Step 144/1000 best energy 450.0 ant 2 missing vert 0.0
Step 145/1000 best energy 450.0 ant 0 missing vert 0.0
Step 146/1000 best energy 450.0 ant 2 missing vert 0.0
Energy constant for 20 iterations ... solution converged
Run finished in 77625 ms
Writing output...
ACO Done ... overall best energy 450.0
