2760.0
2252.0
2143.0
1839.0
1779.0
1633.0
1317.0
1464.0
1264.0
1197.0
1099.0
1094.0
933.0
934.0
977.0
1007.0
878.0
896.0
878.0
773.0
839.0
779.0
791.0
732.0
726.0
723.0
720.0
713.0
727.0
750.0
664.0
704.0
695.0
649.0
701.0
657.0
680.0
607.0
652.0
590.0
622.0
655.0
629.0
617.0
650.0
608.0
633.0
550.0
617.0
653.0
620.0
602.0
642.0
612.0
576.0
604.0
629.0
619.0
623.0
571.0
576.0
561.0
536.0
611.0
583.0
597.0
587.0
522.0
554.0
558.0
536.0
571.0
554.0
552.0
554.0
522.0
488.0
539.0
527.0
539.0
531.0
552.0
558.0
503.0
565.0
557.0
510.0
566.0
472.0
565.0
524.0
535.0
508.0
480.0
462.0
466.0
488.0
506.0
500.0
476.0
466.0
476.0
502.0
466.0
492.0
456.0
454.0
460.0
458.0
460.0
474.0
456.0
464.0
466.0
462.0
458.0
454.0
452.0
452.0
452.0
452.0
456.0
452.0
452.0
452.0
450.0
450.0
450.0
450.0
450.0
450.0
450.0
450.0
450.0
450.0
450.0
450.0
450.0
450.0
450.0
450.0
450.0
450.0
450.0
450.0
450.0
